<?xml version="1.0" encoding="UTF-8"?>
<!-- Generated by org.testng.reporters.JUnitXMLReporter -->
<testsuite ignored="6" hostname="Admins-MacBook-Pro.local" failures="1" tests="2" name="Landing page test" time="7.709" errors="0" timestamp="2024-10-01T16:45:14 IST">
  <testcase classname="com.ugapp.testcases.TC_01_LandingPageTest" name="ChooseOnline_MOL" time="3.103">
    <failure type="java.lang.IllegalArgumentException" message="Cannot find elements when the XPath is null.">
      <![CDATA[java.lang.IllegalArgumentException: Cannot find elements when the XPath is null.
at org.openqa.selenium.internal.Require$ArgumentChecker.nonNull(Require.java:214)
at org.openqa.selenium.By$ByXPath.<init>(By.java:286)
at org.openqa.selenium.By.xpath(By.java:89)
at com.ugapp.base.Page.click(Page.java:163)
at com.ugapp.pages.LandingPage.Online_MOL(LandingPage.java:181)
at com.ugapp.testcases.TC_01_LandingPageTest.ChooseOnline_MOL(TC_01_LandingPageTest.java:60)
at java.base/java.util.ArrayList.forEach(ArrayList.java:1511)
... Removed 27 stack frames]]>
    </failure>
  </testcase> <!-- ChooseOnline_MOL -->
  <testcase classname="com.ugapp.testcases.TC_01_LandingPageTest" name="CreateRandomAccTest" time="3.531"/>
  <testcase classname="com.ugapp.testcases.TC_01_LandingPageTest" name="verifyLandingPage" time="0.0">
    <ignored/>
  </testcase> <!-- verifyLandingPage -->
  <testcase classname="com.ugapp.testcases.TC_01_LandingPageTest" name="writeValidDetails" time="0.0">
    <ignored/>
  </testcase> <!-- writeValidDetails -->
  <testcase classname="com.ugapp.testcases.TC_01_LandingPageTest" name="ChooseRandom_MOL" time="0.0">
    <ignored/>
  </testcase> <!-- ChooseRandom_MOL -->
  <testcase classname="com.ugapp.testcases.TC_01_LandingPageTest" name="verifyFooter" time="0.0">
    <ignored/>
  </testcase> <!-- verifyFooter -->
  <testcase classname="com.ugapp.testcases.TC_01_LandingPageTest" name="ChooseInperson_MOL" time="0.0">
    <ignored/>
  </testcase> <!-- ChooseInperson_MOL -->
  <testcase classname="com.ugapp.testcases.TC_01_LandingPageTest" name="createAccountTest" time="0.0">
    <ignored/>
  </testcase> <!-- createAccountTest -->
</testsuite> <!-- Landing page test -->
