<?xml version="1.0" encoding="UTF-8"?>
<!-- Generated by org.testng.reporters.JUnitXMLReporter -->
<testsuite ignored="1" hostname="Admins-MacBook-Pro.local" failures="2" tests="4" name="TC_17_PreviewTest" time="52.134" errors="0" timestamp="2024-10-01T16:54:20 IST">
  <testcase classname="com.ugapp.testcases.TC_17_PreviewTest" name="preview" time="17.493"/>
  <testcase classname="com.ugapp.testcases.TC_17_PreviewTest" name="writePreviewToExcel" time="30.275"/>
  <testcase classname="com.ugapp.testcases.TC_17_PreviewTest" name="ComparePreviewWithReview" time="0.002">
    <failure type="java.io.FileNotFoundException" message="/Users/divyashree/git/undergrad/UAA/src/test/resources/com/ugapp/excel/testdata.xlsx (No such file or directory)">
      <![CDATA[java.io.FileNotFoundException: /Users/divyashree/git/undergrad/UAA/src/test/resources/com/ugapp/excel/testdata.xlsx (No such file or directory)
at java.base/java.io.FileInputStream.open0(Native Method)
at java.base/java.io.FileInputStream.open(FileInputStream.java:216)
at java.base/java.io.FileInputStream.<init>(FileInputStream.java:157)
at java.base/java.io.FileInputStream.<init>(FileInputStream.java:111)
at com.ugapp.base.Page.CompareAndWriteMismatches(Page.java:821)
at com.ugapp.pages.PreviewPage.compareReviewAndPreview(PreviewPage.java:344)
at com.ugapp.testcases.TC_17_PreviewTest.ComparePreviewWithReview(TC_17_PreviewTest.java:57)
at java.base/java.util.ArrayList.forEach(ArrayList.java:1511)
... Removed 27 stack frames]]>
    </failure>
  </testcase> <!-- ComparePreviewWithReview -->
  <testcase classname="com.ugapp.testcases.TC_17_PreviewTest" name="postPreview" time="3.726">
    <failure type="java.lang.IllegalArgumentException" message="Keys to send should be a not null CharSequence">
      <![CDATA[java.lang.IllegalArgumentException: Keys to send should be a not null CharSequence
at org.openqa.selenium.remote.RemoteWebElement.sendKeys(RemoteWebElement.java:96)
at com.ugapp.base.Page.type(Page.java:175)
at com.ugapp.pages.PreviewPage.login(PreviewPage.java:376)
at com.ugapp.testcases.TC_17_PreviewTest.postPreview(TC_17_PreviewTest.java:81)
at java.base/java.util.ArrayList.forEach(ArrayList.java:1511)
... Removed 27 stack frames]]>
    </failure>
  </testcase> <!-- postPreview -->
  <testcase classname="com.ugapp.testcases.TC_17_PreviewTest" name="ApplicationAffidavitCheck" time="0.0">
    <ignored/>
  </testcase> <!-- ApplicationAffidavitCheck -->
</testsuite> <!-- TC_17_PreviewTest -->
