<html>
<head>
<title>TestNG:  F4_24yr_NonUS_Res_RNBSN_AForNG_AZ</title>
<link href="../testng.css" rel="stylesheet" type="text/css" />
<link href="../my-testng.css" rel="stylesheet" type="text/css" />

<style type="text/css">
.log { display: none;} 
.stack-trace { display: none;} 
</style>
<script type="text/javascript">
<!--
function flip(e) {
  current = e.style.display;
  if (current == 'block') {
    e.style.display = 'none';
    return 0;
  }
  else {
    e.style.display = 'block';
    return 1;
  }
}

function toggleBox(szDivId, elem, msg1, msg2)
{
  var res = -1;  if (document.getElementById) {
    res = flip(document.getElementById(szDivId));
  }
  else if (document.all) {
    // this is the way old msie versions work
    res = flip(document.all[szDivId]);
  }
  if(elem) {
    if(res == 0) elem.innerHTML = msg1; else elem.innerHTML = msg2;
  }

}

function toggleAllBoxes() {
  if (document.getElementsByTagName) {
    d = document.getElementsByTagName('div');
    for (i = 0; i < d.length; i++) {
      if (d[i].className == 'log') {
        flip(d[i]);
      }
    }
  }
}

// -->
</script>

</head>
<body>
<h2 align='center'>F4_24yr_NonUS_Res_RNBSN_AForNG_AZ</h2><table border='1' align="center">
<tr>
<td>Tests passed/Failed/Skipped:</td><td>0/1/52</td>
</tr><tr>
<td>Started on:</td><td>Tue Jan 30 16:51:42 IST 2024</td>
</tr>
<tr><td>Total time:</td><td>4 seconds (4179 ms)</td>
</tr><tr>
<td>Included groups:</td><td></td>
</tr><tr>
<td>Excluded groups:</td><td></td>
</tr>
</table><p/>
<small><i>(Hover the method name to see the test class name)</i></small><p/>
<table width='100%' border='1' class='invocation-failed'>
<tr><td colspan='4' align='center'><b>FAILED CONFIGURATIONS</b></td></tr>
<tr><td><b>Test method</b></td>
<td width="30%"><b>Exception</b></td>
<td width="10%"><b>Time (seconds)</b></td>
<td><b>Instance</b></td>
</tr>
<tr>
<td title='com.ugapp.testcases.TC_01_LandingPageTest.colNum()'><b>colNum</b><br>Test class: com.ugapp.testcases.TC_01_LandingPageTest</td>
<td><div><pre>org.testng.TestNGException: 
Unsupported type parameter : class java.lang.ThreadLocal
	at java.base/java.util.concurrent.FutureTask.run(FutureTask.java:317)
	at java.base/java.util.concurrent.ThreadPoolExecutor.runWorker(ThreadPoolExecutor.java:1144)
	at java.base/java.util.concurrent.ThreadPoolExecutor$Worker.run(ThreadPoolExecutor.java:642)
	at java.base/java.lang.Thread.run(Thread.java:1623)
... Removed 12 stack frames</pre></div><a href='#' onClick='toggleBox("stack-trace369658739", this, "Click to show all stack frames", "Click to hide stack frames")'>Click to show all stack frames</a>
<div class='stack-trace' id='stack-trace369658739'><pre>org.testng.TestNGException: 
Unsupported type parameter : class java.lang.ThreadLocal
	at org.testng.internal.Parameters.convertType(Parameters.java:318)
	at org.testng.internal.Parameters.createParameters(Parameters.java:203)
	at org.testng.internal.Parameters.createParameters(Parameters.java:443)
	at org.testng.internal.Parameters.createConfigurationParameters(Parameters.java:118)
	at org.testng.internal.Invoker.invokeConfigurations(Invoker.java:203)
	at org.testng.internal.Invoker.invokeConfigurations(Invoker.java:144)
	at org.testng.TestRunner.beforeRun(TestRunner.java:634)
	at org.testng.TestRunner.run(TestRunner.java:602)
	at org.testng.SuiteRunner.runTest(SuiteRunner.java:387)
	at org.testng.SuiteRunner.access$000(SuiteRunner.java:39)
	at org.testng.SuiteRunner$SuiteWorker.run(SuiteRunner.java:421)
	at org.testng.internal.thread.ThreadUtil$2.call(ThreadUtil.java:64)
	at java.base/java.util.concurrent.FutureTask.run(FutureTask.java:317)
	at java.base/java.util.concurrent.ThreadPoolExecutor.runWorker(ThreadPoolExecutor.java:1144)
	at java.base/java.util.concurrent.ThreadPoolExecutor$Worker.run(ThreadPoolExecutor.java:642)
	at java.base/java.lang.Thread.run(Thread.java:1623)
</pre></div></td>
<td>0</td>
<td>null</td></tr>
</table><p>
<table width='100%' border='1' class='invocation-skipped'>
<tr><td colspan='4' align='center'><b>SKIPPED CONFIGURATIONS</b></td></tr>
<tr><td><b>Test method</b></td>
<td width="30%"><b>Exception</b></td>
<td width="10%"><b>Time (seconds)</b></td>
<td><b>Instance</b></td>
</tr>
<tr>
<td title='com.ugapp.testcases.TC_01_LandingPageTest.setup()'><b>setup</b><br>Test class: com.ugapp.testcases.TC_01_LandingPageTest</td>
<td></td>
<td>0</td>
<td>null</td></tr>
<tr>
<td title='com.ugapp.testcases.TC_01_LandingPageTest.tearDown()'><b>tearDown</b><br>Test class: com.ugapp.testcases.TC_01_LandingPageTest</td>
<td></td>
<td>0</td>
<td>null</td></tr>
</table><p>
<table width='100%' border='1' class='invocation-failed'>
<tr><td colspan='4' align='center'><b>FAILED TESTS</b></td></tr>
<tr><td><b>Test method</b></td>
<td width="30%"><b>Exception</b></td>
<td width="10%"><b>Time (seconds)</b></td>
<td><b>Instance</b></td>
</tr>
<tr>
<td title='com.ugapp.testcases.TC_07_LogInTest.login()'><b>login</b><br>Test class: com.ugapp.testcases.TC_07_LogInTest</td>
<td><div><pre>java.lang.NullPointerException: Cannot invoke &quot;org.openqa.selenium.WebDriver.findElement(org.openqa.selenium.By)&quot; because the return value of &quot;com.ugapp.base.Page.getDriver()&quot; is null
	at com.ugapp.base.Page.type(Page.java:185)
	at com.ugapp.pages.LogInPage.validLogIn(LogInPage.java:133)
	at com.ugapp.testcases.TC_07_LogInTest.login(TC_07_LogInTest.java:46)
	at java.base/java.util.concurrent.FutureTask.run(FutureTask.java:317)
	at java.base/java.util.concurrent.ThreadPoolExecutor.runWorker(ThreadPoolExecutor.java:1144)
	at java.base/java.util.concurrent.ThreadPoolExecutor$Worker.run(ThreadPoolExecutor.java:642)
	at java.base/java.lang.Thread.run(Thread.java:1623)
... Removed 14 stack frames</pre></div><a href='#' onClick='toggleBox("stack-trace1479014288", this, "Click to show all stack frames", "Click to hide stack frames")'>Click to show all stack frames</a>
<div class='stack-trace' id='stack-trace1479014288'><pre>java.lang.NullPointerException: Cannot invoke &quot;org.openqa.selenium.WebDriver.findElement(org.openqa.selenium.By)&quot; because the return value of &quot;com.ugapp.base.Page.getDriver()&quot; is null
	at com.ugapp.base.Page.type(Page.java:185)
	at com.ugapp.pages.LogInPage.validLogIn(LogInPage.java:133)
	at com.ugapp.testcases.TC_07_LogInTest.login(TC_07_LogInTest.java:46)
	at java.base/jdk.internal.reflect.DirectMethodHandleAccessor.invoke(DirectMethodHandleAccessor.java:104)
	at java.base/java.lang.reflect.Method.invoke(Method.java:578)
	at org.testng.internal.MethodInvocationHelper.invokeMethod(MethodInvocationHelper.java:104)
	at org.testng.internal.Invoker.invokeMethod(Invoker.java:645)
	at org.testng.internal.Invoker.invokeTestMethod(Invoker.java:851)
	at org.testng.internal.Invoker.invokeTestMethods(Invoker.java:1177)
	at org.testng.internal.TestMethodWorker.invokeTestMethods(TestMethodWorker.java:129)
	at org.testng.internal.TestMethodWorker.run(TestMethodWorker.java:112)
	at org.testng.TestRunner.privateRun(TestRunner.java:756)
	at org.testng.TestRunner.run(TestRunner.java:610)
	at org.testng.SuiteRunner.runTest(SuiteRunner.java:387)
	at org.testng.SuiteRunner.access$000(SuiteRunner.java:39)
	at org.testng.SuiteRunner$SuiteWorker.run(SuiteRunner.java:421)
	at org.testng.internal.thread.ThreadUtil$2.call(ThreadUtil.java:64)
	at java.base/java.util.concurrent.FutureTask.run(FutureTask.java:317)
	at java.base/java.util.concurrent.ThreadPoolExecutor.runWorker(ThreadPoolExecutor.java:1144)
	at java.base/java.util.concurrent.ThreadPoolExecutor$Worker.run(ThreadPoolExecutor.java:642)
	at java.base/java.lang.Thread.run(Thread.java:1623)
</pre></div></td>
<td>1</td>
<td>com.ugapp.testcases.TC_07_LogInTest@7e0aadd0</td></tr>
</table><p>
<table width='100%' border='1' class='invocation-skipped'>
<tr><td colspan='4' align='center'><b>SKIPPED TESTS</b></td></tr>
<tr><td><b>Test method</b></td>
<td width="30%"><b>Exception</b></td>
<td width="10%"><b>Time (seconds)</b></td>
<td><b>Instance</b></td>
</tr>
<tr>
<td title='com.ugapp.testcases.TC_09_MyInformationPageTest.ASU_affiliate_IDTest()'><b>ASU_affiliate_IDTest</b><br>Test class: com.ugapp.testcases.TC_09_MyInformationPageTest<br>Parameters: 8, 9</td>
<td><div><pre>org.testng.TestNGException: 
Unsupported type parameter : class java.lang.ThreadLocal
	at java.base/java.util.concurrent.FutureTask.run(FutureTask.java:317)
	at java.base/java.util.concurrent.ThreadPoolExecutor.runWorker(ThreadPoolExecutor.java:1144)
	at java.base/java.util.concurrent.ThreadPoolExecutor$Worker.run(ThreadPoolExecutor.java:642)
	at java.base/java.lang.Thread.run(Thread.java:1623)
... Removed 12 stack frames</pre></div><a href='#' onClick='toggleBox("stack-trace316486205", this, "Click to show all stack frames", "Click to hide stack frames")'>Click to show all stack frames</a>
<div class='stack-trace' id='stack-trace316486205'><pre>org.testng.TestNGException: 
Unsupported type parameter : class java.lang.ThreadLocal
	at org.testng.internal.Parameters.convertType(Parameters.java:318)
	at org.testng.internal.Parameters.createParameters(Parameters.java:203)
	at org.testng.internal.Parameters.createParameters(Parameters.java:443)
	at org.testng.internal.Parameters.createConfigurationParameters(Parameters.java:118)
	at org.testng.internal.Invoker.invokeConfigurations(Invoker.java:203)
	at org.testng.internal.Invoker.invokeConfigurations(Invoker.java:144)
	at org.testng.TestRunner.beforeRun(TestRunner.java:634)
	at org.testng.TestRunner.run(TestRunner.java:602)
	at org.testng.SuiteRunner.runTest(SuiteRunner.java:387)
	at org.testng.SuiteRunner.access$000(SuiteRunner.java:39)
	at org.testng.SuiteRunner$SuiteWorker.run(SuiteRunner.java:421)
	at org.testng.internal.thread.ThreadUtil$2.call(ThreadUtil.java:64)
	at java.base/java.util.concurrent.FutureTask.run(FutureTask.java:317)
	at java.base/java.util.concurrent.ThreadPoolExecutor.runWorker(ThreadPoolExecutor.java:1144)
	at java.base/java.util.concurrent.ThreadPoolExecutor$Worker.run(ThreadPoolExecutor.java:642)
	at java.base/java.lang.Thread.run(Thread.java:1623)
</pre></div></td>
<td>0</td>
<td>com.ugapp.testcases.TC_09_MyInformationPageTest@27eb3298</td></tr>
<tr>
<td title='com.ugapp.testcases.TC_13_AZresidencyPageTest.AmericanIndianOrAlaskaNAtiveTest()'><b>AmericanIndianOrAlaskaNAtiveTest</b><br>Test class: com.ugapp.testcases.TC_13_AZresidencyPageTest<br>Parameters: 8, 9</td>
<td><div><pre>org.testng.TestNGException: 
Unsupported type parameter : class java.lang.ThreadLocal
	at java.base/java.util.concurrent.FutureTask.run(FutureTask.java:317)
	at java.base/java.util.concurrent.ThreadPoolExecutor.runWorker(ThreadPoolExecutor.java:1144)
	at java.base/java.util.concurrent.ThreadPoolExecutor$Worker.run(ThreadPoolExecutor.java:642)
	at java.base/java.lang.Thread.run(Thread.java:1623)
... Removed 12 stack frames</pre></div><a href='#' onClick='toggleBox("stack-trace1899003531", this, "Click to show all stack frames", "Click to hide stack frames")'>Click to show all stack frames</a>
<div class='stack-trace' id='stack-trace1899003531'><pre>org.testng.TestNGException: 
Unsupported type parameter : class java.lang.ThreadLocal
	at org.testng.internal.Parameters.convertType(Parameters.java:318)
	at org.testng.internal.Parameters.createParameters(Parameters.java:203)
	at org.testng.internal.Parameters.createParameters(Parameters.java:443)
	at org.testng.internal.Parameters.createConfigurationParameters(Parameters.java:118)
	at org.testng.internal.Invoker.invokeConfigurations(Invoker.java:203)
	at org.testng.internal.Invoker.invokeConfigurations(Invoker.java:144)
	at org.testng.TestRunner.beforeRun(TestRunner.java:634)
	at org.testng.TestRunner.run(TestRunner.java:602)
	at org.testng.SuiteRunner.runTest(SuiteRunner.java:387)
	at org.testng.SuiteRunner.access$000(SuiteRunner.java:39)
	at org.testng.SuiteRunner$SuiteWorker.run(SuiteRunner.java:421)
	at org.testng.internal.thread.ThreadUtil$2.call(ThreadUtil.java:64)
	at java.base/java.util.concurrent.FutureTask.run(FutureTask.java:317)
	at java.base/java.util.concurrent.ThreadPoolExecutor.runWorker(ThreadPoolExecutor.java:1144)
	at java.base/java.util.concurrent.ThreadPoolExecutor$Worker.run(ThreadPoolExecutor.java:642)
	at java.base/java.lang.Thread.run(Thread.java:1623)
</pre></div></td>
<td>0</td>
<td>com.ugapp.testcases.TC_13_AZresidencyPageTest@655a5d9c</td></tr>
<tr>
<td title='com.ugapp.testcases.TC_09_MyInformationPageTest.ArmedForceReserveOrNationalGuardian_MilitaryTest()'><b>ArmedForceReserveOrNationalGuardian_MilitaryTest</b><br>Test class: com.ugapp.testcases.TC_09_MyInformationPageTest<br>Parameters: 8, 9</td>
<td><div><pre>org.testng.TestNGException: 
Unsupported type parameter : class java.lang.ThreadLocal
	at java.base/java.util.concurrent.FutureTask.run(FutureTask.java:317)
	at java.base/java.util.concurrent.ThreadPoolExecutor.runWorker(ThreadPoolExecutor.java:1144)
	at java.base/java.util.concurrent.ThreadPoolExecutor$Worker.run(ThreadPoolExecutor.java:642)
	at java.base/java.lang.Thread.run(Thread.java:1623)
... Removed 12 stack frames</pre></div><a href='#' onClick='toggleBox("stack-trace1588797460", this, "Click to show all stack frames", "Click to hide stack frames")'>Click to show all stack frames</a>
<div class='stack-trace' id='stack-trace1588797460'><pre>org.testng.TestNGException: 
Unsupported type parameter : class java.lang.ThreadLocal
	at org.testng.internal.Parameters.convertType(Parameters.java:318)
	at org.testng.internal.Parameters.createParameters(Parameters.java:203)
	at org.testng.internal.Parameters.createParameters(Parameters.java:443)
	at org.testng.internal.Parameters.createConfigurationParameters(Parameters.java:118)
	at org.testng.internal.Invoker.invokeConfigurations(Invoker.java:203)
	at org.testng.internal.Invoker.invokeConfigurations(Invoker.java:144)
	at org.testng.TestRunner.beforeRun(TestRunner.java:634)
	at org.testng.TestRunner.run(TestRunner.java:602)
	at org.testng.SuiteRunner.runTest(SuiteRunner.java:387)
	at org.testng.SuiteRunner.access$000(SuiteRunner.java:39)
	at org.testng.SuiteRunner$SuiteWorker.run(SuiteRunner.java:421)
	at org.testng.internal.thread.ThreadUtil$2.call(ThreadUtil.java:64)
	at java.base/java.util.concurrent.FutureTask.run(FutureTask.java:317)
	at java.base/java.util.concurrent.ThreadPoolExecutor.runWorker(ThreadPoolExecutor.java:1144)
	at java.base/java.util.concurrent.ThreadPoolExecutor$Worker.run(ThreadPoolExecutor.java:642)
	at java.base/java.lang.Thread.run(Thread.java:1623)
</pre></div></td>
<td>0</td>
<td>com.ugapp.testcases.TC_09_MyInformationPageTest@27eb3298</td></tr>
<tr>
<td title='com.ugapp.testcases.TC_13_AZresidencyPageTest.ArmedForcesReserveOrNationalGuradianflowTest()'><b>ArmedForcesReserveOrNationalGuradianflowTest</b><br>Test class: com.ugapp.testcases.TC_13_AZresidencyPageTest<br>Parameters: 8, 9</td>
<td><div><pre>org.testng.TestNGException: 
Unsupported type parameter : class java.lang.ThreadLocal
	at java.base/java.util.concurrent.FutureTask.run(FutureTask.java:317)
	at java.base/java.util.concurrent.ThreadPoolExecutor.runWorker(ThreadPoolExecutor.java:1144)
	at java.base/java.util.concurrent.ThreadPoolExecutor$Worker.run(ThreadPoolExecutor.java:642)
	at java.base/java.lang.Thread.run(Thread.java:1623)
... Removed 12 stack frames</pre></div><a href='#' onClick='toggleBox("stack-trace40448369", this, "Click to show all stack frames", "Click to hide stack frames")'>Click to show all stack frames</a>
<div class='stack-trace' id='stack-trace40448369'><pre>org.testng.TestNGException: 
Unsupported type parameter : class java.lang.ThreadLocal
	at org.testng.internal.Parameters.convertType(Parameters.java:318)
	at org.testng.internal.Parameters.createParameters(Parameters.java:203)
	at org.testng.internal.Parameters.createParameters(Parameters.java:443)
	at org.testng.internal.Parameters.createConfigurationParameters(Parameters.java:118)
	at org.testng.internal.Invoker.invokeConfigurations(Invoker.java:203)
	at org.testng.internal.Invoker.invokeConfigurations(Invoker.java:144)
	at org.testng.TestRunner.beforeRun(TestRunner.java:634)
	at org.testng.TestRunner.run(TestRunner.java:602)
	at org.testng.SuiteRunner.runTest(SuiteRunner.java:387)
	at org.testng.SuiteRunner.access$000(SuiteRunner.java:39)
	at org.testng.SuiteRunner$SuiteWorker.run(SuiteRunner.java:421)
	at org.testng.internal.thread.ThreadUtil$2.call(ThreadUtil.java:64)
	at java.base/java.util.concurrent.FutureTask.run(FutureTask.java:317)
	at java.base/java.util.concurrent.ThreadPoolExecutor.runWorker(ThreadPoolExecutor.java:1144)
	at java.base/java.util.concurrent.ThreadPoolExecutor$Worker.run(ThreadPoolExecutor.java:642)
	at java.base/java.lang.Thread.run(Thread.java:1623)
</pre></div></td>
<td>0</td>
<td>com.ugapp.testcases.TC_13_AZresidencyPageTest@655a5d9c</td></tr>
<tr>
<td title='com.ugapp.testcases.TC_08_PreAppDashboardTest.BirthdayAge_Btn18_24Test()'><b>BirthdayAge_Btn18_24Test</b><br>Test class: com.ugapp.testcases.TC_08_PreAppDashboardTest<br>Parameters: 8, 9</td>
<td><div><pre>org.testng.TestNGException: 
Unsupported type parameter : class java.lang.ThreadLocal
	at java.base/java.util.concurrent.FutureTask.run(FutureTask.java:317)
	at java.base/java.util.concurrent.ThreadPoolExecutor.runWorker(ThreadPoolExecutor.java:1144)
	at java.base/java.util.concurrent.ThreadPoolExecutor$Worker.run(ThreadPoolExecutor.java:642)
	at java.base/java.lang.Thread.run(Thread.java:1623)
... Removed 12 stack frames</pre></div><a href='#' onClick='toggleBox("stack-trace1089029663", this, "Click to show all stack frames", "Click to hide stack frames")'>Click to show all stack frames</a>
<div class='stack-trace' id='stack-trace1089029663'><pre>org.testng.TestNGException: 
Unsupported type parameter : class java.lang.ThreadLocal
	at org.testng.internal.Parameters.convertType(Parameters.java:318)
	at org.testng.internal.Parameters.createParameters(Parameters.java:203)
	at org.testng.internal.Parameters.createParameters(Parameters.java:443)
	at org.testng.internal.Parameters.createConfigurationParameters(Parameters.java:118)
	at org.testng.internal.Invoker.invokeConfigurations(Invoker.java:203)
	at org.testng.internal.Invoker.invokeConfigurations(Invoker.java:144)
	at org.testng.TestRunner.beforeRun(TestRunner.java:634)
	at org.testng.TestRunner.run(TestRunner.java:602)
	at org.testng.SuiteRunner.runTest(SuiteRunner.java:387)
	at org.testng.SuiteRunner.access$000(SuiteRunner.java:39)
	at org.testng.SuiteRunner$SuiteWorker.run(SuiteRunner.java:421)
	at org.testng.internal.thread.ThreadUtil$2.call(ThreadUtil.java:64)
	at java.base/java.util.concurrent.FutureTask.run(FutureTask.java:317)
	at java.base/java.util.concurrent.ThreadPoolExecutor.runWorker(ThreadPoolExecutor.java:1144)
	at java.base/java.util.concurrent.ThreadPoolExecutor$Worker.run(ThreadPoolExecutor.java:642)
	at java.base/java.lang.Thread.run(Thread.java:1623)
</pre></div></td>
<td>0</td>
<td>com.ugapp.testcases.TC_08_PreAppDashboardTest@21362712</td></tr>
<tr>
<td title='com.ugapp.testcases.TC_04_CreateAccountTest.CreateRandomAccTest()'><b>CreateRandomAccTest</b><br>Test class: com.ugapp.testcases.TC_04_CreateAccountTest<br>Parameters: 8, 9</td>
<td><div><pre>org.testng.TestNGException: 
Unsupported type parameter : class java.lang.ThreadLocal
	at java.base/java.util.concurrent.FutureTask.run(FutureTask.java:317)
	at java.base/java.util.concurrent.ThreadPoolExecutor.runWorker(ThreadPoolExecutor.java:1144)
	at java.base/java.util.concurrent.ThreadPoolExecutor$Worker.run(ThreadPoolExecutor.java:642)
	at java.base/java.lang.Thread.run(Thread.java:1623)
... Removed 12 stack frames</pre></div><a href='#' onClick='toggleBox("stack-trace654931571", this, "Click to show all stack frames", "Click to hide stack frames")'>Click to show all stack frames</a>
<div class='stack-trace' id='stack-trace654931571'><pre>org.testng.TestNGException: 
Unsupported type parameter : class java.lang.ThreadLocal
	at org.testng.internal.Parameters.convertType(Parameters.java:318)
	at org.testng.internal.Parameters.createParameters(Parameters.java:203)
	at org.testng.internal.Parameters.createParameters(Parameters.java:443)
	at org.testng.internal.Parameters.createConfigurationParameters(Parameters.java:118)
	at org.testng.internal.Invoker.invokeConfigurations(Invoker.java:203)
	at org.testng.internal.Invoker.invokeConfigurations(Invoker.java:144)
	at org.testng.TestRunner.beforeRun(TestRunner.java:634)
	at org.testng.TestRunner.run(TestRunner.java:602)
	at org.testng.SuiteRunner.runTest(SuiteRunner.java:387)
	at org.testng.SuiteRunner.access$000(SuiteRunner.java:39)
	at org.testng.SuiteRunner$SuiteWorker.run(SuiteRunner.java:421)
	at org.testng.internal.thread.ThreadUtil$2.call(ThreadUtil.java:64)
	at java.base/java.util.concurrent.FutureTask.run(FutureTask.java:317)
	at java.base/java.util.concurrent.ThreadPoolExecutor.runWorker(ThreadPoolExecutor.java:1144)
	at java.base/java.util.concurrent.ThreadPoolExecutor$Worker.run(ThreadPoolExecutor.java:642)
	at java.base/java.lang.Thread.run(Thread.java:1623)
</pre></div></td>
<td>0</td>
<td>com.ugapp.testcases.TC_04_CreateAccountTest@4108fa66</td></tr>
<tr>
<td title='com.ugapp.testcases.TC_13_AZresidencyPageTest.DependentOnParent_NoTest()'><b>DependentOnParent_NoTest</b><br>Test class: com.ugapp.testcases.TC_13_AZresidencyPageTest<br>Parameters: 8, 9</td>
<td><div><pre>org.testng.TestNGException: 
Unsupported type parameter : class java.lang.ThreadLocal
	at java.base/java.util.concurrent.FutureTask.run(FutureTask.java:317)
	at java.base/java.util.concurrent.ThreadPoolExecutor.runWorker(ThreadPoolExecutor.java:1144)
	at java.base/java.util.concurrent.ThreadPoolExecutor$Worker.run(ThreadPoolExecutor.java:642)
	at java.base/java.lang.Thread.run(Thread.java:1623)
... Removed 12 stack frames</pre></div><a href='#' onClick='toggleBox("stack-trace387885713", this, "Click to show all stack frames", "Click to hide stack frames")'>Click to show all stack frames</a>
<div class='stack-trace' id='stack-trace387885713'><pre>org.testng.TestNGException: 
Unsupported type parameter : class java.lang.ThreadLocal
	at org.testng.internal.Parameters.convertType(Parameters.java:318)
	at org.testng.internal.Parameters.createParameters(Parameters.java:203)
	at org.testng.internal.Parameters.createParameters(Parameters.java:443)
	at org.testng.internal.Parameters.createConfigurationParameters(Parameters.java:118)
	at org.testng.internal.Invoker.invokeConfigurations(Invoker.java:203)
	at org.testng.internal.Invoker.invokeConfigurations(Invoker.java:144)
	at org.testng.TestRunner.beforeRun(TestRunner.java:634)
	at org.testng.TestRunner.run(TestRunner.java:602)
	at org.testng.SuiteRunner.runTest(SuiteRunner.java:387)
	at org.testng.SuiteRunner.access$000(SuiteRunner.java:39)
	at org.testng.SuiteRunner$SuiteWorker.run(SuiteRunner.java:421)
	at org.testng.internal.thread.ThreadUtil$2.call(ThreadUtil.java:64)
	at java.base/java.util.concurrent.FutureTask.run(FutureTask.java:317)
	at java.base/java.util.concurrent.ThreadPoolExecutor.runWorker(ThreadPoolExecutor.java:1144)
	at java.base/java.util.concurrent.ThreadPoolExecutor$Worker.run(ThreadPoolExecutor.java:642)
	at java.base/java.lang.Thread.run(Thread.java:1623)
</pre></div></td>
<td>0</td>
<td>com.ugapp.testcases.TC_13_AZresidencyPageTest@655a5d9c</td></tr>
<tr>
<td title='com.ugapp.testcases.TC_13_AZresidencyPageTest.DriverLicense_NoTest()'><b>DriverLicense_NoTest</b><br>Test class: com.ugapp.testcases.TC_13_AZresidencyPageTest<br>Parameters: 8, 9</td>
<td><div><pre>org.testng.TestNGException: 
Unsupported type parameter : class java.lang.ThreadLocal
	at java.base/java.util.concurrent.FutureTask.run(FutureTask.java:317)
	at java.base/java.util.concurrent.ThreadPoolExecutor.runWorker(ThreadPoolExecutor.java:1144)
	at java.base/java.util.concurrent.ThreadPoolExecutor$Worker.run(ThreadPoolExecutor.java:642)
	at java.base/java.lang.Thread.run(Thread.java:1623)
... Removed 12 stack frames</pre></div><a href='#' onClick='toggleBox("stack-trace597908306", this, "Click to show all stack frames", "Click to hide stack frames")'>Click to show all stack frames</a>
<div class='stack-trace' id='stack-trace597908306'><pre>org.testng.TestNGException: 
Unsupported type parameter : class java.lang.ThreadLocal
	at org.testng.internal.Parameters.convertType(Parameters.java:318)
	at org.testng.internal.Parameters.createParameters(Parameters.java:203)
	at org.testng.internal.Parameters.createParameters(Parameters.java:443)
	at org.testng.internal.Parameters.createConfigurationParameters(Parameters.java:118)
	at org.testng.internal.Invoker.invokeConfigurations(Invoker.java:203)
	at org.testng.internal.Invoker.invokeConfigurations(Invoker.java:144)
	at org.testng.TestRunner.beforeRun(TestRunner.java:634)
	at org.testng.TestRunner.run(TestRunner.java:602)
	at org.testng.SuiteRunner.runTest(SuiteRunner.java:387)
	at org.testng.SuiteRunner.access$000(SuiteRunner.java:39)
	at org.testng.SuiteRunner$SuiteWorker.run(SuiteRunner.java:421)
	at org.testng.internal.thread.ThreadUtil$2.call(ThreadUtil.java:64)
	at java.base/java.util.concurrent.FutureTask.run(FutureTask.java:317)
	at java.base/java.util.concurrent.ThreadPoolExecutor.runWorker(ThreadPoolExecutor.java:1144)
	at java.base/java.util.concurrent.ThreadPoolExecutor$Worker.run(ThreadPoolExecutor.java:642)
	at java.base/java.lang.Thread.run(Thread.java:1623)
</pre></div></td>
<td>0</td>
<td>com.ugapp.testcases.TC_13_AZresidencyPageTest@655a5d9c</td></tr>
<tr>
<td title='com.ugapp.testcases.TC_13_AZresidencyPageTest.EmploymentDetails_NoTest()'><b>EmploymentDetails_NoTest</b><br>Test class: com.ugapp.testcases.TC_13_AZresidencyPageTest<br>Parameters: 8, 9</td>
<td><div><pre>org.testng.TestNGException: 
Unsupported type parameter : class java.lang.ThreadLocal
	at java.base/java.util.concurrent.FutureTask.run(FutureTask.java:317)
	at java.base/java.util.concurrent.ThreadPoolExecutor.runWorker(ThreadPoolExecutor.java:1144)
	at java.base/java.util.concurrent.ThreadPoolExecutor$Worker.run(ThreadPoolExecutor.java:642)
	at java.base/java.lang.Thread.run(Thread.java:1623)
... Removed 12 stack frames</pre></div><a href='#' onClick='toggleBox("stack-trace1305053714", this, "Click to show all stack frames", "Click to hide stack frames")'>Click to show all stack frames</a>
<div class='stack-trace' id='stack-trace1305053714'><pre>org.testng.TestNGException: 
Unsupported type parameter : class java.lang.ThreadLocal
	at org.testng.internal.Parameters.convertType(Parameters.java:318)
	at org.testng.internal.Parameters.createParameters(Parameters.java:203)
	at org.testng.internal.Parameters.createParameters(Parameters.java:443)
	at org.testng.internal.Parameters.createConfigurationParameters(Parameters.java:118)
	at org.testng.internal.Invoker.invokeConfigurations(Invoker.java:203)
	at org.testng.internal.Invoker.invokeConfigurations(Invoker.java:144)
	at org.testng.TestRunner.beforeRun(TestRunner.java:634)
	at org.testng.TestRunner.run(TestRunner.java:602)
	at org.testng.SuiteRunner.runTest(SuiteRunner.java:387)
	at org.testng.SuiteRunner.access$000(SuiteRunner.java:39)
	at org.testng.SuiteRunner$SuiteWorker.run(SuiteRunner.java:421)
	at org.testng.internal.thread.ThreadUtil$2.call(ThreadUtil.java:64)
	at java.base/java.util.concurrent.FutureTask.run(FutureTask.java:317)
	at java.base/java.util.concurrent.ThreadPoolExecutor.runWorker(ThreadPoolExecutor.java:1144)
	at java.base/java.util.concurrent.ThreadPoolExecutor$Worker.run(ThreadPoolExecutor.java:642)
	at java.base/java.lang.Thread.run(Thread.java:1623)
</pre></div></td>
<td>0</td>
<td>com.ugapp.testcases.TC_13_AZresidencyPageTest@655a5d9c</td></tr>
<tr>
<td title='com.ugapp.testcases.TC_13_AZresidencyPageTest.EnrolledAnotherCollOrUniversityYesTest()'><b>EnrolledAnotherCollOrUniversityYesTest</b><br>Test class: com.ugapp.testcases.TC_13_AZresidencyPageTest<br>Parameters: 8, 9</td>
<td><div><pre>org.testng.TestNGException: 
Unsupported type parameter : class java.lang.ThreadLocal
	at java.base/java.util.concurrent.FutureTask.run(FutureTask.java:317)
	at java.base/java.util.concurrent.ThreadPoolExecutor.runWorker(ThreadPoolExecutor.java:1144)
	at java.base/java.util.concurrent.ThreadPoolExecutor$Worker.run(ThreadPoolExecutor.java:642)
	at java.base/java.lang.Thread.run(Thread.java:1623)
... Removed 12 stack frames</pre></div><a href='#' onClick='toggleBox("stack-trace642189826", this, "Click to show all stack frames", "Click to hide stack frames")'>Click to show all stack frames</a>
<div class='stack-trace' id='stack-trace642189826'><pre>org.testng.TestNGException: 
Unsupported type parameter : class java.lang.ThreadLocal
	at org.testng.internal.Parameters.convertType(Parameters.java:318)
	at org.testng.internal.Parameters.createParameters(Parameters.java:203)
	at org.testng.internal.Parameters.createParameters(Parameters.java:443)
	at org.testng.internal.Parameters.createConfigurationParameters(Parameters.java:118)
	at org.testng.internal.Invoker.invokeConfigurations(Invoker.java:203)
	at org.testng.internal.Invoker.invokeConfigurations(Invoker.java:144)
	at org.testng.TestRunner.beforeRun(TestRunner.java:634)
	at org.testng.TestRunner.run(TestRunner.java:602)
	at org.testng.SuiteRunner.runTest(SuiteRunner.java:387)
	at org.testng.SuiteRunner.access$000(SuiteRunner.java:39)
	at org.testng.SuiteRunner$SuiteWorker.run(SuiteRunner.java:421)
	at org.testng.internal.thread.ThreadUtil$2.call(ThreadUtil.java:64)
	at java.base/java.util.concurrent.FutureTask.run(FutureTask.java:317)
	at java.base/java.util.concurrent.ThreadPoolExecutor.runWorker(ThreadPoolExecutor.java:1144)
	at java.base/java.util.concurrent.ThreadPoolExecutor$Worker.run(ThreadPoolExecutor.java:642)
	at java.base/java.lang.Thread.run(Thread.java:1623)
</pre></div></td>
<td>0</td>
<td>com.ugapp.testcases.TC_13_AZresidencyPageTest@655a5d9c</td></tr>
<tr>
<td title='com.ugapp.testcases.TC_13_AZresidencyPageTest.EnrolledAtASUTest()'><b>EnrolledAtASUTest</b><br>Test class: com.ugapp.testcases.TC_13_AZresidencyPageTest<br>Parameters: 8, 9</td>
<td><div><pre>org.testng.TestNGException: 
Unsupported type parameter : class java.lang.ThreadLocal
	at java.base/java.util.concurrent.FutureTask.run(FutureTask.java:317)
	at java.base/java.util.concurrent.ThreadPoolExecutor.runWorker(ThreadPoolExecutor.java:1144)
	at java.base/java.util.concurrent.ThreadPoolExecutor$Worker.run(ThreadPoolExecutor.java:642)
	at java.base/java.lang.Thread.run(Thread.java:1623)
... Removed 12 stack frames</pre></div><a href='#' onClick='toggleBox("stack-trace1853243493", this, "Click to show all stack frames", "Click to hide stack frames")'>Click to show all stack frames</a>
<div class='stack-trace' id='stack-trace1853243493'><pre>org.testng.TestNGException: 
Unsupported type parameter : class java.lang.ThreadLocal
	at org.testng.internal.Parameters.convertType(Parameters.java:318)
	at org.testng.internal.Parameters.createParameters(Parameters.java:203)
	at org.testng.internal.Parameters.createParameters(Parameters.java:443)
	at org.testng.internal.Parameters.createConfigurationParameters(Parameters.java:118)
	at org.testng.internal.Invoker.invokeConfigurations(Invoker.java:203)
	at org.testng.internal.Invoker.invokeConfigurations(Invoker.java:144)
	at org.testng.TestRunner.beforeRun(TestRunner.java:634)
	at org.testng.TestRunner.run(TestRunner.java:602)
	at org.testng.SuiteRunner.runTest(SuiteRunner.java:387)
	at org.testng.SuiteRunner.access$000(SuiteRunner.java:39)
	at org.testng.SuiteRunner$SuiteWorker.run(SuiteRunner.java:421)
	at org.testng.internal.thread.ThreadUtil$2.call(ThreadUtil.java:64)
	at java.base/java.util.concurrent.FutureTask.run(FutureTask.java:317)
	at java.base/java.util.concurrent.ThreadPoolExecutor.runWorker(ThreadPoolExecutor.java:1144)
	at java.base/java.util.concurrent.ThreadPoolExecutor$Worker.run(ThreadPoolExecutor.java:642)
	at java.base/java.lang.Thread.run(Thread.java:1623)
</pre></div></td>
<td>0</td>
<td>com.ugapp.testcases.TC_13_AZresidencyPageTest@655a5d9c</td></tr>
<tr>
<td title='com.ugapp.testcases.TC_09_MyInformationPageTest.EthnicityBackgroundTest()'><b>EthnicityBackgroundTest</b><br>Test class: com.ugapp.testcases.TC_09_MyInformationPageTest<br>Parameters: 8, 9</td>
<td><div><pre>org.testng.TestNGException: 
Unsupported type parameter : class java.lang.ThreadLocal
	at java.base/java.util.concurrent.FutureTask.run(FutureTask.java:317)
	at java.base/java.util.concurrent.ThreadPoolExecutor.runWorker(ThreadPoolExecutor.java:1144)
	at java.base/java.util.concurrent.ThreadPoolExecutor$Worker.run(ThreadPoolExecutor.java:642)
	at java.base/java.lang.Thread.run(Thread.java:1623)
... Removed 12 stack frames</pre></div><a href='#' onClick='toggleBox("stack-trace71988521", this, "Click to show all stack frames", "Click to hide stack frames")'>Click to show all stack frames</a>
<div class='stack-trace' id='stack-trace71988521'><pre>org.testng.TestNGException: 
Unsupported type parameter : class java.lang.ThreadLocal
	at org.testng.internal.Parameters.convertType(Parameters.java:318)
	at org.testng.internal.Parameters.createParameters(Parameters.java:203)
	at org.testng.internal.Parameters.createParameters(Parameters.java:443)
	at org.testng.internal.Parameters.createConfigurationParameters(Parameters.java:118)
	at org.testng.internal.Invoker.invokeConfigurations(Invoker.java:203)
	at org.testng.internal.Invoker.invokeConfigurations(Invoker.java:144)
	at org.testng.TestRunner.beforeRun(TestRunner.java:634)
	at org.testng.TestRunner.run(TestRunner.java:602)
	at org.testng.SuiteRunner.runTest(SuiteRunner.java:387)
	at org.testng.SuiteRunner.access$000(SuiteRunner.java:39)
	at org.testng.SuiteRunner$SuiteWorker.run(SuiteRunner.java:421)
	at org.testng.internal.thread.ThreadUtil$2.call(ThreadUtil.java:64)
	at java.base/java.util.concurrent.FutureTask.run(FutureTask.java:317)
	at java.base/java.util.concurrent.ThreadPoolExecutor.runWorker(ThreadPoolExecutor.java:1144)
	at java.base/java.util.concurrent.ThreadPoolExecutor$Worker.run(ThreadPoolExecutor.java:642)
	at java.base/java.lang.Thread.run(Thread.java:1623)
</pre></div></td>
<td>0</td>
<td>com.ugapp.testcases.TC_09_MyInformationPageTest@27eb3298</td></tr>
<tr>
<td title='com.ugapp.testcases.TC_13_AZresidencyPageTest.FinancialSupportTest()'><b>FinancialSupportTest</b><br>Test class: com.ugapp.testcases.TC_13_AZresidencyPageTest<br>Parameters: 8, 9</td>
<td><div><pre>org.testng.TestNGException: 
Unsupported type parameter : class java.lang.ThreadLocal
	at java.base/java.util.concurrent.FutureTask.run(FutureTask.java:317)
	at java.base/java.util.concurrent.ThreadPoolExecutor.runWorker(ThreadPoolExecutor.java:1144)
	at java.base/java.util.concurrent.ThreadPoolExecutor$Worker.run(ThreadPoolExecutor.java:642)
	at java.base/java.lang.Thread.run(Thread.java:1623)
... Removed 12 stack frames</pre></div><a href='#' onClick='toggleBox("stack-trace196291420", this, "Click to show all stack frames", "Click to hide stack frames")'>Click to show all stack frames</a>
<div class='stack-trace' id='stack-trace196291420'><pre>org.testng.TestNGException: 
Unsupported type parameter : class java.lang.ThreadLocal
	at org.testng.internal.Parameters.convertType(Parameters.java:318)
	at org.testng.internal.Parameters.createParameters(Parameters.java:203)
	at org.testng.internal.Parameters.createParameters(Parameters.java:443)
	at org.testng.internal.Parameters.createConfigurationParameters(Parameters.java:118)
	at org.testng.internal.Invoker.invokeConfigurations(Invoker.java:203)
	at org.testng.internal.Invoker.invokeConfigurations(Invoker.java:144)
	at org.testng.TestRunner.beforeRun(TestRunner.java:634)
	at org.testng.TestRunner.run(TestRunner.java:602)
	at org.testng.SuiteRunner.runTest(SuiteRunner.java:387)
	at org.testng.SuiteRunner.access$000(SuiteRunner.java:39)
	at org.testng.SuiteRunner$SuiteWorker.run(SuiteRunner.java:421)
	at org.testng.internal.thread.ThreadUtil$2.call(ThreadUtil.java:64)
	at java.base/java.util.concurrent.FutureTask.run(FutureTask.java:317)
	at java.base/java.util.concurrent.ThreadPoolExecutor.runWorker(ThreadPoolExecutor.java:1144)
	at java.base/java.util.concurrent.ThreadPoolExecutor$Worker.run(ThreadPoolExecutor.java:642)
	at java.base/java.lang.Thread.run(Thread.java:1623)
</pre></div></td>
<td>0</td>
<td>com.ugapp.testcases.TC_13_AZresidencyPageTest@655a5d9c</td></tr>
<tr>
<td title='com.ugapp.testcases.TC_11_MySchoolsPageTest.HaveAttendedOrAttendingCollegeAndUniversitiesNoTest()'><b>HaveAttendedOrAttendingCollegeAndUniversitiesNoTest</b><br>Test class: com.ugapp.testcases.TC_11_MySchoolsPageTest<br>Parameters: 8, 9</td>
<td><div><pre>org.testng.TestNGException: 
Unsupported type parameter : class java.lang.ThreadLocal
	at java.base/java.util.concurrent.FutureTask.run(FutureTask.java:317)
	at java.base/java.util.concurrent.ThreadPoolExecutor.runWorker(ThreadPoolExecutor.java:1144)
	at java.base/java.util.concurrent.ThreadPoolExecutor$Worker.run(ThreadPoolExecutor.java:642)
	at java.base/java.lang.Thread.run(Thread.java:1623)
... Removed 12 stack frames</pre></div><a href='#' onClick='toggleBox("stack-trace1402529367", this, "Click to show all stack frames", "Click to hide stack frames")'>Click to show all stack frames</a>
<div class='stack-trace' id='stack-trace1402529367'><pre>org.testng.TestNGException: 
Unsupported type parameter : class java.lang.ThreadLocal
	at org.testng.internal.Parameters.convertType(Parameters.java:318)
	at org.testng.internal.Parameters.createParameters(Parameters.java:203)
	at org.testng.internal.Parameters.createParameters(Parameters.java:443)
	at org.testng.internal.Parameters.createConfigurationParameters(Parameters.java:118)
	at org.testng.internal.Invoker.invokeConfigurations(Invoker.java:203)
	at org.testng.internal.Invoker.invokeConfigurations(Invoker.java:144)
	at org.testng.TestRunner.beforeRun(TestRunner.java:634)
	at org.testng.TestRunner.run(TestRunner.java:602)
	at org.testng.SuiteRunner.runTest(SuiteRunner.java:387)
	at org.testng.SuiteRunner.access$000(SuiteRunner.java:39)
	at org.testng.SuiteRunner$SuiteWorker.run(SuiteRunner.java:421)
	at org.testng.internal.thread.ThreadUtil$2.call(ThreadUtil.java:64)
	at java.base/java.util.concurrent.FutureTask.run(FutureTask.java:317)
	at java.base/java.util.concurrent.ThreadPoolExecutor.runWorker(ThreadPoolExecutor.java:1144)
	at java.base/java.util.concurrent.ThreadPoolExecutor$Worker.run(ThreadPoolExecutor.java:642)
	at java.base/java.lang.Thread.run(Thread.java:1623)
</pre></div></td>
<td>0</td>
<td>com.ugapp.testcases.TC_11_MySchoolsPageTest@bc57b40</td></tr>
<tr>
<td title='com.ugapp.testcases.TC_13_AZresidencyPageTest.LivingInAZForLast12monsTest()'><b>LivingInAZForLast12monsTest</b><br>Test class: com.ugapp.testcases.TC_13_AZresidencyPageTest<br>Parameters: 8, 9</td>
<td><div><pre>org.testng.TestNGException: 
Unsupported type parameter : class java.lang.ThreadLocal
	at java.base/java.util.concurrent.FutureTask.run(FutureTask.java:317)
	at java.base/java.util.concurrent.ThreadPoolExecutor.runWorker(ThreadPoolExecutor.java:1144)
	at java.base/java.util.concurrent.ThreadPoolExecutor$Worker.run(ThreadPoolExecutor.java:642)
	at java.base/java.lang.Thread.run(Thread.java:1623)
... Removed 12 stack frames</pre></div><a href='#' onClick='toggleBox("stack-trace783922359", this, "Click to show all stack frames", "Click to hide stack frames")'>Click to show all stack frames</a>
<div class='stack-trace' id='stack-trace783922359'><pre>org.testng.TestNGException: 
Unsupported type parameter : class java.lang.ThreadLocal
	at org.testng.internal.Parameters.convertType(Parameters.java:318)
	at org.testng.internal.Parameters.createParameters(Parameters.java:203)
	at org.testng.internal.Parameters.createParameters(Parameters.java:443)
	at org.testng.internal.Parameters.createConfigurationParameters(Parameters.java:118)
	at org.testng.internal.Invoker.invokeConfigurations(Invoker.java:203)
	at org.testng.internal.Invoker.invokeConfigurations(Invoker.java:144)
	at org.testng.TestRunner.beforeRun(TestRunner.java:634)
	at org.testng.TestRunner.run(TestRunner.java:602)
	at org.testng.SuiteRunner.runTest(SuiteRunner.java:387)
	at org.testng.SuiteRunner.access$000(SuiteRunner.java:39)
	at org.testng.SuiteRunner$SuiteWorker.run(SuiteRunner.java:421)
	at org.testng.internal.thread.ThreadUtil$2.call(ThreadUtil.java:64)
	at java.base/java.util.concurrent.FutureTask.run(FutureTask.java:317)
	at java.base/java.util.concurrent.ThreadPoolExecutor.runWorker(ThreadPoolExecutor.java:1144)
	at java.base/java.util.concurrent.ThreadPoolExecutor$Worker.run(ThreadPoolExecutor.java:642)
	at java.base/java.lang.Thread.run(Thread.java:1623)
</pre></div></td>
<td>0</td>
<td>com.ugapp.testcases.TC_13_AZresidencyPageTest@655a5d9c</td></tr>
<tr>
<td title='com.ugapp.testcases.TC_13_AZresidencyPageTest.MarriageQuestionTest()'><b>MarriageQuestionTest</b><br>Test class: com.ugapp.testcases.TC_13_AZresidencyPageTest<br>Parameters: 8, 9</td>
<td><div><pre>org.testng.TestNGException: 
Unsupported type parameter : class java.lang.ThreadLocal
	at java.base/java.util.concurrent.FutureTask.run(FutureTask.java:317)
	at java.base/java.util.concurrent.ThreadPoolExecutor.runWorker(ThreadPoolExecutor.java:1144)
	at java.base/java.util.concurrent.ThreadPoolExecutor$Worker.run(ThreadPoolExecutor.java:642)
	at java.base/java.lang.Thread.run(Thread.java:1623)
... Removed 12 stack frames</pre></div><a href='#' onClick='toggleBox("stack-trace1090041661", this, "Click to show all stack frames", "Click to hide stack frames")'>Click to show all stack frames</a>
<div class='stack-trace' id='stack-trace1090041661'><pre>org.testng.TestNGException: 
Unsupported type parameter : class java.lang.ThreadLocal
	at org.testng.internal.Parameters.convertType(Parameters.java:318)
	at org.testng.internal.Parameters.createParameters(Parameters.java:203)
	at org.testng.internal.Parameters.createParameters(Parameters.java:443)
	at org.testng.internal.Parameters.createConfigurationParameters(Parameters.java:118)
	at org.testng.internal.Invoker.invokeConfigurations(Invoker.java:203)
	at org.testng.internal.Invoker.invokeConfigurations(Invoker.java:144)
	at org.testng.TestRunner.beforeRun(TestRunner.java:634)
	at org.testng.TestRunner.run(TestRunner.java:602)
	at org.testng.SuiteRunner.runTest(SuiteRunner.java:387)
	at org.testng.SuiteRunner.access$000(SuiteRunner.java:39)
	at org.testng.SuiteRunner$SuiteWorker.run(SuiteRunner.java:421)
	at org.testng.internal.thread.ThreadUtil$2.call(ThreadUtil.java:64)
	at java.base/java.util.concurrent.FutureTask.run(FutureTask.java:317)
	at java.base/java.util.concurrent.ThreadPoolExecutor.runWorker(ThreadPoolExecutor.java:1144)
	at java.base/java.util.concurrent.ThreadPoolExecutor$Worker.run(ThreadPoolExecutor.java:642)
	at java.base/java.lang.Thread.run(Thread.java:1623)
</pre></div></td>
<td>0</td>
<td>com.ugapp.testcases.TC_13_AZresidencyPageTest@655a5d9c</td></tr>
<tr>
<td title='com.ugapp.testcases.TC_12_MyHighSchoolGradesTest.MyHighSchoolGrade()'><b>MyHighSchoolGrade</b><br>Test class: com.ugapp.testcases.TC_12_MyHighSchoolGradesTest</td>
<td><div><pre>org.testng.TestNGException: 
Unsupported type parameter : class java.lang.ThreadLocal
	at java.base/java.util.concurrent.FutureTask.run(FutureTask.java:317)
	at java.base/java.util.concurrent.ThreadPoolExecutor.runWorker(ThreadPoolExecutor.java:1144)
	at java.base/java.util.concurrent.ThreadPoolExecutor$Worker.run(ThreadPoolExecutor.java:642)
	at java.base/java.lang.Thread.run(Thread.java:1623)
... Removed 12 stack frames</pre></div><a href='#' onClick='toggleBox("stack-trace1393695423", this, "Click to show all stack frames", "Click to hide stack frames")'>Click to show all stack frames</a>
<div class='stack-trace' id='stack-trace1393695423'><pre>org.testng.TestNGException: 
Unsupported type parameter : class java.lang.ThreadLocal
	at org.testng.internal.Parameters.convertType(Parameters.java:318)
	at org.testng.internal.Parameters.createParameters(Parameters.java:203)
	at org.testng.internal.Parameters.createParameters(Parameters.java:443)
	at org.testng.internal.Parameters.createConfigurationParameters(Parameters.java:118)
	at org.testng.internal.Invoker.invokeConfigurations(Invoker.java:203)
	at org.testng.internal.Invoker.invokeConfigurations(Invoker.java:144)
	at org.testng.TestRunner.beforeRun(TestRunner.java:634)
	at org.testng.TestRunner.run(TestRunner.java:602)
	at org.testng.SuiteRunner.runTest(SuiteRunner.java:387)
	at org.testng.SuiteRunner.access$000(SuiteRunner.java:39)
	at org.testng.SuiteRunner$SuiteWorker.run(SuiteRunner.java:421)
	at org.testng.internal.thread.ThreadUtil$2.call(ThreadUtil.java:64)
	at java.base/java.util.concurrent.FutureTask.run(FutureTask.java:317)
	at java.base/java.util.concurrent.ThreadPoolExecutor.runWorker(ThreadPoolExecutor.java:1144)
	at java.base/java.util.concurrent.ThreadPoolExecutor$Worker.run(ThreadPoolExecutor.java:642)
	at java.base/java.lang.Thread.run(Thread.java:1623)
</pre></div></td>
<td>0</td>
<td>com.ugapp.testcases.TC_12_MyHighSchoolGradesTest@1b5bc39d</td></tr>
<tr>
<td title='com.ugapp.testcases.TC_09_MyInformationPageTest.Not_US_Citizenship()'><b>Not_US_Citizenship</b><br>Test class: com.ugapp.testcases.TC_09_MyInformationPageTest</td>
<td><div><pre>org.testng.TestNGException: 
Unsupported type parameter : class java.lang.ThreadLocal
	at java.base/java.util.concurrent.FutureTask.run(FutureTask.java:317)
	at java.base/java.util.concurrent.ThreadPoolExecutor.runWorker(ThreadPoolExecutor.java:1144)
	at java.base/java.util.concurrent.ThreadPoolExecutor$Worker.run(ThreadPoolExecutor.java:642)
	at java.base/java.lang.Thread.run(Thread.java:1623)
... Removed 12 stack frames</pre></div><a href='#' onClick='toggleBox("stack-trace1325310933", this, "Click to show all stack frames", "Click to hide stack frames")'>Click to show all stack frames</a>
<div class='stack-trace' id='stack-trace1325310933'><pre>org.testng.TestNGException: 
Unsupported type parameter : class java.lang.ThreadLocal
	at org.testng.internal.Parameters.convertType(Parameters.java:318)
	at org.testng.internal.Parameters.createParameters(Parameters.java:203)
	at org.testng.internal.Parameters.createParameters(Parameters.java:443)
	at org.testng.internal.Parameters.createConfigurationParameters(Parameters.java:118)
	at org.testng.internal.Invoker.invokeConfigurations(Invoker.java:203)
	at org.testng.internal.Invoker.invokeConfigurations(Invoker.java:144)
	at org.testng.TestRunner.beforeRun(TestRunner.java:634)
	at org.testng.TestRunner.run(TestRunner.java:602)
	at org.testng.SuiteRunner.runTest(SuiteRunner.java:387)
	at org.testng.SuiteRunner.access$000(SuiteRunner.java:39)
	at org.testng.SuiteRunner$SuiteWorker.run(SuiteRunner.java:421)
	at org.testng.internal.thread.ThreadUtil$2.call(ThreadUtil.java:64)
	at java.base/java.util.concurrent.FutureTask.run(FutureTask.java:317)
	at java.base/java.util.concurrent.ThreadPoolExecutor.runWorker(ThreadPoolExecutor.java:1144)
	at java.base/java.util.concurrent.ThreadPoolExecutor$Worker.run(ThreadPoolExecutor.java:642)
	at java.base/java.lang.Thread.run(Thread.java:1623)
</pre></div></td>
<td>0</td>
<td>com.ugapp.testcases.TC_09_MyInformationPageTest@27eb3298</td></tr>
<tr>
<td title='com.ugapp.testcases.TC_10_MyASUProgramPageTest.Nursing()'><b>Nursing</b><br>Test class: com.ugapp.testcases.TC_10_MyASUProgramPageTest</td>
<td><div><pre>org.testng.TestNGException: 
Unsupported type parameter : class java.lang.ThreadLocal
	at java.base/java.util.concurrent.FutureTask.run(FutureTask.java:317)
	at java.base/java.util.concurrent.ThreadPoolExecutor.runWorker(ThreadPoolExecutor.java:1144)
	at java.base/java.util.concurrent.ThreadPoolExecutor$Worker.run(ThreadPoolExecutor.java:642)
	at java.base/java.lang.Thread.run(Thread.java:1623)
... Removed 12 stack frames</pre></div><a href='#' onClick='toggleBox("stack-trace180089825", this, "Click to show all stack frames", "Click to hide stack frames")'>Click to show all stack frames</a>
<div class='stack-trace' id='stack-trace180089825'><pre>org.testng.TestNGException: 
Unsupported type parameter : class java.lang.ThreadLocal
	at org.testng.internal.Parameters.convertType(Parameters.java:318)
	at org.testng.internal.Parameters.createParameters(Parameters.java:203)
	at org.testng.internal.Parameters.createParameters(Parameters.java:443)
	at org.testng.internal.Parameters.createConfigurationParameters(Parameters.java:118)
	at org.testng.internal.Invoker.invokeConfigurations(Invoker.java:203)
	at org.testng.internal.Invoker.invokeConfigurations(Invoker.java:144)
	at org.testng.TestRunner.beforeRun(TestRunner.java:634)
	at org.testng.TestRunner.run(TestRunner.java:602)
	at org.testng.SuiteRunner.runTest(SuiteRunner.java:387)
	at org.testng.SuiteRunner.access$000(SuiteRunner.java:39)
	at org.testng.SuiteRunner$SuiteWorker.run(SuiteRunner.java:421)
	at org.testng.internal.thread.ThreadUtil$2.call(ThreadUtil.java:64)
	at java.base/java.util.concurrent.FutureTask.run(FutureTask.java:317)
	at java.base/java.util.concurrent.ThreadPoolExecutor.runWorker(ThreadPoolExecutor.java:1144)
	at java.base/java.util.concurrent.ThreadPoolExecutor$Worker.run(ThreadPoolExecutor.java:642)
	at java.base/java.lang.Thread.run(Thread.java:1623)
</pre></div></td>
<td>0</td>
<td>com.ugapp.testcases.TC_10_MyASUProgramPageTest@200a26bc</td></tr>
<tr>
<td title='com.ugapp.testcases.TC_13_AZresidencyPageTest.OtherFinancialSupportTest()'><b>OtherFinancialSupportTest</b><br>Test class: com.ugapp.testcases.TC_13_AZresidencyPageTest<br>Parameters: 8, 9</td>
<td><div><pre>org.testng.TestNGException: 
Unsupported type parameter : class java.lang.ThreadLocal
	at java.base/java.util.concurrent.FutureTask.run(FutureTask.java:317)
	at java.base/java.util.concurrent.ThreadPoolExecutor.runWorker(ThreadPoolExecutor.java:1144)
	at java.base/java.util.concurrent.ThreadPoolExecutor$Worker.run(ThreadPoolExecutor.java:642)
	at java.base/java.lang.Thread.run(Thread.java:1623)
... Removed 12 stack frames</pre></div><a href='#' onClick='toggleBox("stack-trace112605725", this, "Click to show all stack frames", "Click to hide stack frames")'>Click to show all stack frames</a>
<div class='stack-trace' id='stack-trace112605725'><pre>org.testng.TestNGException: 
Unsupported type parameter : class java.lang.ThreadLocal
	at org.testng.internal.Parameters.convertType(Parameters.java:318)
	at org.testng.internal.Parameters.createParameters(Parameters.java:203)
	at org.testng.internal.Parameters.createParameters(Parameters.java:443)
	at org.testng.internal.Parameters.createConfigurationParameters(Parameters.java:118)
	at org.testng.internal.Invoker.invokeConfigurations(Invoker.java:203)
	at org.testng.internal.Invoker.invokeConfigurations(Invoker.java:144)
	at org.testng.TestRunner.beforeRun(TestRunner.java:634)
	at org.testng.TestRunner.run(TestRunner.java:602)
	at org.testng.SuiteRunner.runTest(SuiteRunner.java:387)
	at org.testng.SuiteRunner.access$000(SuiteRunner.java:39)
	at org.testng.SuiteRunner$SuiteWorker.run(SuiteRunner.java:421)
	at org.testng.internal.thread.ThreadUtil$2.call(ThreadUtil.java:64)
	at java.base/java.util.concurrent.FutureTask.run(FutureTask.java:317)
	at java.base/java.util.concurrent.ThreadPoolExecutor.runWorker(ThreadPoolExecutor.java:1144)
	at java.base/java.util.concurrent.ThreadPoolExecutor$Worker.run(ThreadPoolExecutor.java:642)
	at java.base/java.lang.Thread.run(Thread.java:1623)
</pre></div></td>
<td>0</td>
<td>com.ugapp.testcases.TC_13_AZresidencyPageTest@655a5d9c</td></tr>
<tr>
<td title='com.ugapp.testcases.TC_13_AZresidencyPageTest.OwnVehicleDetails_NoTest()'><b>OwnVehicleDetails_NoTest</b><br>Test class: com.ugapp.testcases.TC_13_AZresidencyPageTest<br>Parameters: 8, 9</td>
<td><div><pre>org.testng.TestNGException: 
Unsupported type parameter : class java.lang.ThreadLocal
	at java.base/java.util.concurrent.FutureTask.run(FutureTask.java:317)
	at java.base/java.util.concurrent.ThreadPoolExecutor.runWorker(ThreadPoolExecutor.java:1144)
	at java.base/java.util.concurrent.ThreadPoolExecutor$Worker.run(ThreadPoolExecutor.java:642)
	at java.base/java.lang.Thread.run(Thread.java:1623)
... Removed 12 stack frames</pre></div><a href='#' onClick='toggleBox("stack-trace380060415", this, "Click to show all stack frames", "Click to hide stack frames")'>Click to show all stack frames</a>
<div class='stack-trace' id='stack-trace380060415'><pre>org.testng.TestNGException: 
Unsupported type parameter : class java.lang.ThreadLocal
	at org.testng.internal.Parameters.convertType(Parameters.java:318)
	at org.testng.internal.Parameters.createParameters(Parameters.java:203)
	at org.testng.internal.Parameters.createParameters(Parameters.java:443)
	at org.testng.internal.Parameters.createConfigurationParameters(Parameters.java:118)
	at org.testng.internal.Invoker.invokeConfigurations(Invoker.java:203)
	at org.testng.internal.Invoker.invokeConfigurations(Invoker.java:144)
	at org.testng.TestRunner.beforeRun(TestRunner.java:634)
	at org.testng.TestRunner.run(TestRunner.java:602)
	at org.testng.SuiteRunner.runTest(SuiteRunner.java:387)
	at org.testng.SuiteRunner.access$000(SuiteRunner.java:39)
	at org.testng.SuiteRunner$SuiteWorker.run(SuiteRunner.java:421)
	at org.testng.internal.thread.ThreadUtil$2.call(ThreadUtil.java:64)
	at java.base/java.util.concurrent.FutureTask.run(FutureTask.java:317)
	at java.base/java.util.concurrent.ThreadPoolExecutor.runWorker(ThreadPoolExecutor.java:1144)
	at java.base/java.util.concurrent.ThreadPoolExecutor$Worker.run(ThreadPoolExecutor.java:642)
	at java.base/java.lang.Thread.run(Thread.java:1623)
</pre></div></td>
<td>0</td>
<td>com.ugapp.testcases.TC_13_AZresidencyPageTest@655a5d9c</td></tr>
<tr>
<td title='com.ugapp.testcases.TC_13_AZresidencyPageTest.ParentLegalGuardianDetailsTest()'><b>ParentLegalGuardianDetailsTest</b><br>Test class: com.ugapp.testcases.TC_13_AZresidencyPageTest<br>Parameters: 8, 9</td>
<td><div><pre>org.testng.TestNGException: 
Unsupported type parameter : class java.lang.ThreadLocal
	at java.base/java.util.concurrent.FutureTask.run(FutureTask.java:317)
	at java.base/java.util.concurrent.ThreadPoolExecutor.runWorker(ThreadPoolExecutor.java:1144)
	at java.base/java.util.concurrent.ThreadPoolExecutor$Worker.run(ThreadPoolExecutor.java:642)
	at java.base/java.lang.Thread.run(Thread.java:1623)
... Removed 12 stack frames</pre></div><a href='#' onClick='toggleBox("stack-trace1914880711", this, "Click to show all stack frames", "Click to hide stack frames")'>Click to show all stack frames</a>
<div class='stack-trace' id='stack-trace1914880711'><pre>org.testng.TestNGException: 
Unsupported type parameter : class java.lang.ThreadLocal
	at org.testng.internal.Parameters.convertType(Parameters.java:318)
	at org.testng.internal.Parameters.createParameters(Parameters.java:203)
	at org.testng.internal.Parameters.createParameters(Parameters.java:443)
	at org.testng.internal.Parameters.createConfigurationParameters(Parameters.java:118)
	at org.testng.internal.Invoker.invokeConfigurations(Invoker.java:203)
	at org.testng.internal.Invoker.invokeConfigurations(Invoker.java:144)
	at org.testng.TestRunner.beforeRun(TestRunner.java:634)
	at org.testng.TestRunner.run(TestRunner.java:602)
	at org.testng.SuiteRunner.runTest(SuiteRunner.java:387)
	at org.testng.SuiteRunner.access$000(SuiteRunner.java:39)
	at org.testng.SuiteRunner$SuiteWorker.run(SuiteRunner.java:421)
	at org.testng.internal.thread.ThreadUtil$2.call(ThreadUtil.java:64)
	at java.base/java.util.concurrent.FutureTask.run(FutureTask.java:317)
	at java.base/java.util.concurrent.ThreadPoolExecutor.runWorker(ThreadPoolExecutor.java:1144)
	at java.base/java.util.concurrent.ThreadPoolExecutor$Worker.run(ThreadPoolExecutor.java:642)
	at java.base/java.lang.Thread.run(Thread.java:1623)
</pre></div></td>
<td>0</td>
<td>com.ugapp.testcases.TC_13_AZresidencyPageTest@655a5d9c</td></tr>
<tr>
<td title='com.ugapp.testcases.TC_09_MyInformationPageTest.Partner_benefitsTest()'><b>Partner_benefitsTest</b><br>Test class: com.ugapp.testcases.TC_09_MyInformationPageTest<br>Parameters: 8, 9</td>
<td><div><pre>org.testng.TestNGException: 
Unsupported type parameter : class java.lang.ThreadLocal
	at java.base/java.util.concurrent.FutureTask.run(FutureTask.java:317)
	at java.base/java.util.concurrent.ThreadPoolExecutor.runWorker(ThreadPoolExecutor.java:1144)
	at java.base/java.util.concurrent.ThreadPoolExecutor$Worker.run(ThreadPoolExecutor.java:642)
	at java.base/java.lang.Thread.run(Thread.java:1623)
... Removed 12 stack frames</pre></div><a href='#' onClick='toggleBox("stack-trace647702402", this, "Click to show all stack frames", "Click to hide stack frames")'>Click to show all stack frames</a>
<div class='stack-trace' id='stack-trace647702402'><pre>org.testng.TestNGException: 
Unsupported type parameter : class java.lang.ThreadLocal
	at org.testng.internal.Parameters.convertType(Parameters.java:318)
	at org.testng.internal.Parameters.createParameters(Parameters.java:203)
	at org.testng.internal.Parameters.createParameters(Parameters.java:443)
	at org.testng.internal.Parameters.createConfigurationParameters(Parameters.java:118)
	at org.testng.internal.Invoker.invokeConfigurations(Invoker.java:203)
	at org.testng.internal.Invoker.invokeConfigurations(Invoker.java:144)
	at org.testng.TestRunner.beforeRun(TestRunner.java:634)
	at org.testng.TestRunner.run(TestRunner.java:602)
	at org.testng.SuiteRunner.runTest(SuiteRunner.java:387)
	at org.testng.SuiteRunner.access$000(SuiteRunner.java:39)
	at org.testng.SuiteRunner$SuiteWorker.run(SuiteRunner.java:421)
	at org.testng.internal.thread.ThreadUtil$2.call(ThreadUtil.java:64)
	at java.base/java.util.concurrent.FutureTask.run(FutureTask.java:317)
	at java.base/java.util.concurrent.ThreadPoolExecutor.runWorker(ThreadPoolExecutor.java:1144)
	at java.base/java.util.concurrent.ThreadPoolExecutor$Worker.run(ThreadPoolExecutor.java:642)
	at java.base/java.lang.Thread.run(Thread.java:1623)
</pre></div></td>
<td>0</td>
<td>com.ugapp.testcases.TC_09_MyInformationPageTest@27eb3298</td></tr>
<tr>
<td title='com.ugapp.testcases.TC_11_MySchoolsPageTest.PastGraduationDateTest()'><b>PastGraduationDateTest</b><br>Test class: com.ugapp.testcases.TC_11_MySchoolsPageTest<br>Parameters: 8, 9</td>
<td><div><pre>org.testng.TestNGException: 
Unsupported type parameter : class java.lang.ThreadLocal
	at java.base/java.util.concurrent.FutureTask.run(FutureTask.java:317)
	at java.base/java.util.concurrent.ThreadPoolExecutor.runWorker(ThreadPoolExecutor.java:1144)
	at java.base/java.util.concurrent.ThreadPoolExecutor$Worker.run(ThreadPoolExecutor.java:642)
	at java.base/java.lang.Thread.run(Thread.java:1623)
... Removed 12 stack frames</pre></div><a href='#' onClick='toggleBox("stack-trace246987346", this, "Click to show all stack frames", "Click to hide stack frames")'>Click to show all stack frames</a>
<div class='stack-trace' id='stack-trace246987346'><pre>org.testng.TestNGException: 
Unsupported type parameter : class java.lang.ThreadLocal
	at org.testng.internal.Parameters.convertType(Parameters.java:318)
	at org.testng.internal.Parameters.createParameters(Parameters.java:203)
	at org.testng.internal.Parameters.createParameters(Parameters.java:443)
	at org.testng.internal.Parameters.createConfigurationParameters(Parameters.java:118)
	at org.testng.internal.Invoker.invokeConfigurations(Invoker.java:203)
	at org.testng.internal.Invoker.invokeConfigurations(Invoker.java:144)
	at org.testng.TestRunner.beforeRun(TestRunner.java:634)
	at org.testng.TestRunner.run(TestRunner.java:602)
	at org.testng.SuiteRunner.runTest(SuiteRunner.java:387)
	at org.testng.SuiteRunner.access$000(SuiteRunner.java:39)
	at org.testng.SuiteRunner$SuiteWorker.run(SuiteRunner.java:421)
	at org.testng.internal.thread.ThreadUtil$2.call(ThreadUtil.java:64)
	at java.base/java.util.concurrent.FutureTask.run(FutureTask.java:317)
	at java.base/java.util.concurrent.ThreadPoolExecutor.runWorker(ThreadPoolExecutor.java:1144)
	at java.base/java.util.concurrent.ThreadPoolExecutor$Worker.run(ThreadPoolExecutor.java:642)
	at java.base/java.lang.Thread.run(Thread.java:1623)
</pre></div></td>
<td>0</td>
<td>com.ugapp.testcases.TC_11_MySchoolsPageTest@bc57b40</td></tr>
<tr>
<td title='com.ugapp.testcases.TC_13_AZresidencyPageTest.PermanentHome_AZTest()'><b>PermanentHome_AZTest</b><br>Test class: com.ugapp.testcases.TC_13_AZresidencyPageTest<br>Parameters: 8, 9</td>
<td><div><pre>org.testng.TestNGException: 
Unsupported type parameter : class java.lang.ThreadLocal
	at java.base/java.util.concurrent.FutureTask.run(FutureTask.java:317)
	at java.base/java.util.concurrent.ThreadPoolExecutor.runWorker(ThreadPoolExecutor.java:1144)
	at java.base/java.util.concurrent.ThreadPoolExecutor$Worker.run(ThreadPoolExecutor.java:642)
	at java.base/java.lang.Thread.run(Thread.java:1623)
... Removed 12 stack frames</pre></div><a href='#' onClick='toggleBox("stack-trace900060858", this, "Click to show all stack frames", "Click to hide stack frames")'>Click to show all stack frames</a>
<div class='stack-trace' id='stack-trace900060858'><pre>org.testng.TestNGException: 
Unsupported type parameter : class java.lang.ThreadLocal
	at org.testng.internal.Parameters.convertType(Parameters.java:318)
	at org.testng.internal.Parameters.createParameters(Parameters.java:203)
	at org.testng.internal.Parameters.createParameters(Parameters.java:443)
	at org.testng.internal.Parameters.createConfigurationParameters(Parameters.java:118)
	at org.testng.internal.Invoker.invokeConfigurations(Invoker.java:203)
	at org.testng.internal.Invoker.invokeConfigurations(Invoker.java:144)
	at org.testng.TestRunner.beforeRun(TestRunner.java:634)
	at org.testng.TestRunner.run(TestRunner.java:602)
	at org.testng.SuiteRunner.runTest(SuiteRunner.java:387)
	at org.testng.SuiteRunner.access$000(SuiteRunner.java:39)
	at org.testng.SuiteRunner$SuiteWorker.run(SuiteRunner.java:421)
	at org.testng.internal.thread.ThreadUtil$2.call(ThreadUtil.java:64)
	at java.base/java.util.concurrent.FutureTask.run(FutureTask.java:317)
	at java.base/java.util.concurrent.ThreadPoolExecutor.runWorker(ThreadPoolExecutor.java:1144)
	at java.base/java.util.concurrent.ThreadPoolExecutor$Worker.run(ThreadPoolExecutor.java:642)
	at java.base/java.lang.Thread.run(Thread.java:1623)
</pre></div></td>
<td>0</td>
<td>com.ugapp.testcases.TC_13_AZresidencyPageTest@655a5d9c</td></tr>
<tr>
<td title='com.ugapp.testcases.TC_08_PreAppDashboardTest.PreAppDashboardNames()'><b>PreAppDashboardNames</b><br>Test class: com.ugapp.testcases.TC_08_PreAppDashboardTest<br>Parameters: 8, 9</td>
<td><div><pre>org.testng.TestNGException: 
Unsupported type parameter : class java.lang.ThreadLocal
	at java.base/java.util.concurrent.FutureTask.run(FutureTask.java:317)
	at java.base/java.util.concurrent.ThreadPoolExecutor.runWorker(ThreadPoolExecutor.java:1144)
	at java.base/java.util.concurrent.ThreadPoolExecutor$Worker.run(ThreadPoolExecutor.java:642)
	at java.base/java.lang.Thread.run(Thread.java:1623)
... Removed 12 stack frames</pre></div><a href='#' onClick='toggleBox("stack-trace1495312774", this, "Click to show all stack frames", "Click to hide stack frames")'>Click to show all stack frames</a>
<div class='stack-trace' id='stack-trace1495312774'><pre>org.testng.TestNGException: 
Unsupported type parameter : class java.lang.ThreadLocal
	at org.testng.internal.Parameters.convertType(Parameters.java:318)
	at org.testng.internal.Parameters.createParameters(Parameters.java:203)
	at org.testng.internal.Parameters.createParameters(Parameters.java:443)
	at org.testng.internal.Parameters.createConfigurationParameters(Parameters.java:118)
	at org.testng.internal.Invoker.invokeConfigurations(Invoker.java:203)
	at org.testng.internal.Invoker.invokeConfigurations(Invoker.java:144)
	at org.testng.TestRunner.beforeRun(TestRunner.java:634)
	at org.testng.TestRunner.run(TestRunner.java:602)
	at org.testng.SuiteRunner.runTest(SuiteRunner.java:387)
	at org.testng.SuiteRunner.access$000(SuiteRunner.java:39)
	at org.testng.SuiteRunner$SuiteWorker.run(SuiteRunner.java:421)
	at org.testng.internal.thread.ThreadUtil$2.call(ThreadUtil.java:64)
	at java.base/java.util.concurrent.FutureTask.run(FutureTask.java:317)
	at java.base/java.util.concurrent.ThreadPoolExecutor.runWorker(ThreadPoolExecutor.java:1144)
	at java.base/java.util.concurrent.ThreadPoolExecutor$Worker.run(ThreadPoolExecutor.java:642)
	at java.base/java.lang.Thread.run(Thread.java:1623)
</pre></div></td>
<td>0</td>
<td>com.ugapp.testcases.TC_08_PreAppDashboardTest@21362712</td></tr>
<tr>
<td title='com.ugapp.testcases.TC_09_MyInformationPageTest.Previous_ASU_affiliationTest()'><b>Previous_ASU_affiliationTest</b><br>Test class: com.ugapp.testcases.TC_09_MyInformationPageTest<br>Parameters: 8, 9</td>
<td><div><pre>org.testng.TestNGException: 
Unsupported type parameter : class java.lang.ThreadLocal
	at java.base/java.util.concurrent.FutureTask.run(FutureTask.java:317)
	at java.base/java.util.concurrent.ThreadPoolExecutor.runWorker(ThreadPoolExecutor.java:1144)
	at java.base/java.util.concurrent.ThreadPoolExecutor$Worker.run(ThreadPoolExecutor.java:642)
	at java.base/java.lang.Thread.run(Thread.java:1623)
... Removed 12 stack frames</pre></div><a href='#' onClick='toggleBox("stack-trace157340326", this, "Click to show all stack frames", "Click to hide stack frames")'>Click to show all stack frames</a>
<div class='stack-trace' id='stack-trace157340326'><pre>org.testng.TestNGException: 
Unsupported type parameter : class java.lang.ThreadLocal
	at org.testng.internal.Parameters.convertType(Parameters.java:318)
	at org.testng.internal.Parameters.createParameters(Parameters.java:203)
	at org.testng.internal.Parameters.createParameters(Parameters.java:443)
	at org.testng.internal.Parameters.createConfigurationParameters(Parameters.java:118)
	at org.testng.internal.Invoker.invokeConfigurations(Invoker.java:203)
	at org.testng.internal.Invoker.invokeConfigurations(Invoker.java:144)
	at org.testng.TestRunner.beforeRun(TestRunner.java:634)
	at org.testng.TestRunner.run(TestRunner.java:602)
	at org.testng.SuiteRunner.runTest(SuiteRunner.java:387)
	at org.testng.SuiteRunner.access$000(SuiteRunner.java:39)
	at org.testng.SuiteRunner$SuiteWorker.run(SuiteRunner.java:421)
	at org.testng.internal.thread.ThreadUtil$2.call(ThreadUtil.java:64)
	at java.base/java.util.concurrent.FutureTask.run(FutureTask.java:317)
	at java.base/java.util.concurrent.ThreadPoolExecutor.runWorker(ThreadPoolExecutor.java:1144)
	at java.base/java.util.concurrent.ThreadPoolExecutor$Worker.run(ThreadPoolExecutor.java:642)
	at java.base/java.lang.Thread.run(Thread.java:1623)
</pre></div></td>
<td>0</td>
<td>com.ugapp.testcases.TC_09_MyInformationPageTest@27eb3298</td></tr>
<tr>
<td title='com.ugapp.testcases.TC_09_MyInformationPageTest.PrimaryLangTest()'><b>PrimaryLangTest</b><br>Test class: com.ugapp.testcases.TC_09_MyInformationPageTest<br>Parameters: 8, 9</td>
<td><div><pre>org.testng.TestNGException: 
Unsupported type parameter : class java.lang.ThreadLocal
	at java.base/java.util.concurrent.FutureTask.run(FutureTask.java:317)
	at java.base/java.util.concurrent.ThreadPoolExecutor.runWorker(ThreadPoolExecutor.java:1144)
	at java.base/java.util.concurrent.ThreadPoolExecutor$Worker.run(ThreadPoolExecutor.java:642)
	at java.base/java.lang.Thread.run(Thread.java:1623)
... Removed 12 stack frames</pre></div><a href='#' onClick='toggleBox("stack-trace355369195", this, "Click to show all stack frames", "Click to hide stack frames")'>Click to show all stack frames</a>
<div class='stack-trace' id='stack-trace355369195'><pre>org.testng.TestNGException: 
Unsupported type parameter : class java.lang.ThreadLocal
	at org.testng.internal.Parameters.convertType(Parameters.java:318)
	at org.testng.internal.Parameters.createParameters(Parameters.java:203)
	at org.testng.internal.Parameters.createParameters(Parameters.java:443)
	at org.testng.internal.Parameters.createConfigurationParameters(Parameters.java:118)
	at org.testng.internal.Invoker.invokeConfigurations(Invoker.java:203)
	at org.testng.internal.Invoker.invokeConfigurations(Invoker.java:144)
	at org.testng.TestRunner.beforeRun(TestRunner.java:634)
	at org.testng.TestRunner.run(TestRunner.java:602)
	at org.testng.SuiteRunner.runTest(SuiteRunner.java:387)
	at org.testng.SuiteRunner.access$000(SuiteRunner.java:39)
	at org.testng.SuiteRunner$SuiteWorker.run(SuiteRunner.java:421)
	at org.testng.internal.thread.ThreadUtil$2.call(ThreadUtil.java:64)
	at java.base/java.util.concurrent.FutureTask.run(FutureTask.java:317)
	at java.base/java.util.concurrent.ThreadPoolExecutor.runWorker(ThreadPoolExecutor.java:1144)
	at java.base/java.util.concurrent.ThreadPoolExecutor$Worker.run(ThreadPoolExecutor.java:642)
	at java.base/java.lang.Thread.run(Thread.java:1623)
</pre></div></td>
<td>0</td>
<td>com.ugapp.testcases.TC_09_MyInformationPageTest@27eb3298</td></tr>
<tr>
<td title='com.ugapp.testcases.TC_09_MyInformationPageTest.ProfileLinkTest()'><b>ProfileLinkTest</b><br>Test class: com.ugapp.testcases.TC_09_MyInformationPageTest</td>
<td><div><pre>org.testng.TestNGException: 
Unsupported type parameter : class java.lang.ThreadLocal
	at java.base/java.util.concurrent.FutureTask.run(FutureTask.java:317)
	at java.base/java.util.concurrent.ThreadPoolExecutor.runWorker(ThreadPoolExecutor.java:1144)
	at java.base/java.util.concurrent.ThreadPoolExecutor$Worker.run(ThreadPoolExecutor.java:642)
	at java.base/java.lang.Thread.run(Thread.java:1623)
... Removed 12 stack frames</pre></div><a href='#' onClick='toggleBox("stack-trace770707023", this, "Click to show all stack frames", "Click to hide stack frames")'>Click to show all stack frames</a>
<div class='stack-trace' id='stack-trace770707023'><pre>org.testng.TestNGException: 
Unsupported type parameter : class java.lang.ThreadLocal
	at org.testng.internal.Parameters.convertType(Parameters.java:318)
	at org.testng.internal.Parameters.createParameters(Parameters.java:203)
	at org.testng.internal.Parameters.createParameters(Parameters.java:443)
	at org.testng.internal.Parameters.createConfigurationParameters(Parameters.java:118)
	at org.testng.internal.Invoker.invokeConfigurations(Invoker.java:203)
	at org.testng.internal.Invoker.invokeConfigurations(Invoker.java:144)
	at org.testng.TestRunner.beforeRun(TestRunner.java:634)
	at org.testng.TestRunner.run(TestRunner.java:602)
	at org.testng.SuiteRunner.runTest(SuiteRunner.java:387)
	at org.testng.SuiteRunner.access$000(SuiteRunner.java:39)
	at org.testng.SuiteRunner$SuiteWorker.run(SuiteRunner.java:421)
	at org.testng.internal.thread.ThreadUtil$2.call(ThreadUtil.java:64)
	at java.base/java.util.concurrent.FutureTask.run(FutureTask.java:317)
	at java.base/java.util.concurrent.ThreadPoolExecutor.runWorker(ThreadPoolExecutor.java:1144)
	at java.base/java.util.concurrent.ThreadPoolExecutor$Worker.run(ThreadPoolExecutor.java:642)
	at java.base/java.lang.Thread.run(Thread.java:1623)
</pre></div></td>
<td>0</td>
<td>com.ugapp.testcases.TC_09_MyInformationPageTest@27eb3298</td></tr>
<tr>
<td title='com.ugapp.testcases.TC_09_MyInformationPageTest.Random_HomeaddressAndPhoneTest()'><b>Random_HomeaddressAndPhoneTest</b><br>Test class: com.ugapp.testcases.TC_09_MyInformationPageTest<br>Parameters: 8, 9</td>
<td><div><pre>org.testng.TestNGException: 
Unsupported type parameter : class java.lang.ThreadLocal
	at java.base/java.util.concurrent.FutureTask.run(FutureTask.java:317)
	at java.base/java.util.concurrent.ThreadPoolExecutor.runWorker(ThreadPoolExecutor.java:1144)
	at java.base/java.util.concurrent.ThreadPoolExecutor$Worker.run(ThreadPoolExecutor.java:642)
	at java.base/java.lang.Thread.run(Thread.java:1623)
... Removed 12 stack frames</pre></div><a href='#' onClick='toggleBox("stack-trace839834574", this, "Click to show all stack frames", "Click to hide stack frames")'>Click to show all stack frames</a>
<div class='stack-trace' id='stack-trace839834574'><pre>org.testng.TestNGException: 
Unsupported type parameter : class java.lang.ThreadLocal
	at org.testng.internal.Parameters.convertType(Parameters.java:318)
	at org.testng.internal.Parameters.createParameters(Parameters.java:203)
	at org.testng.internal.Parameters.createParameters(Parameters.java:443)
	at org.testng.internal.Parameters.createConfigurationParameters(Parameters.java:118)
	at org.testng.internal.Invoker.invokeConfigurations(Invoker.java:203)
	at org.testng.internal.Invoker.invokeConfigurations(Invoker.java:144)
	at org.testng.TestRunner.beforeRun(TestRunner.java:634)
	at org.testng.TestRunner.run(TestRunner.java:602)
	at org.testng.SuiteRunner.runTest(SuiteRunner.java:387)
	at org.testng.SuiteRunner.access$000(SuiteRunner.java:39)
	at org.testng.SuiteRunner$SuiteWorker.run(SuiteRunner.java:421)
	at org.testng.internal.thread.ThreadUtil$2.call(ThreadUtil.java:64)
	at java.base/java.util.concurrent.FutureTask.run(FutureTask.java:317)
	at java.base/java.util.concurrent.ThreadPoolExecutor.runWorker(ThreadPoolExecutor.java:1144)
	at java.base/java.util.concurrent.ThreadPoolExecutor$Worker.run(ThreadPoolExecutor.java:642)
	at java.base/java.lang.Thread.run(Thread.java:1623)
</pre></div></td>
<td>0</td>
<td>com.ugapp.testcases.TC_09_MyInformationPageTest@27eb3298</td></tr>
<tr>
<td title='com.ugapp.testcases.TC_11_MySchoolsPageTest.Random_RecentSchoolTest()'><b>Random_RecentSchoolTest</b><br>Test class: com.ugapp.testcases.TC_11_MySchoolsPageTest<br>Parameters: 8, 9</td>
<td><div><pre>org.testng.TestNGException: 
Unsupported type parameter : class java.lang.ThreadLocal
	at java.base/java.util.concurrent.FutureTask.run(FutureTask.java:317)
	at java.base/java.util.concurrent.ThreadPoolExecutor.runWorker(ThreadPoolExecutor.java:1144)
	at java.base/java.util.concurrent.ThreadPoolExecutor$Worker.run(ThreadPoolExecutor.java:642)
	at java.base/java.lang.Thread.run(Thread.java:1623)
... Removed 12 stack frames</pre></div><a href='#' onClick='toggleBox("stack-trace1654757684", this, "Click to show all stack frames", "Click to hide stack frames")'>Click to show all stack frames</a>
<div class='stack-trace' id='stack-trace1654757684'><pre>org.testng.TestNGException: 
Unsupported type parameter : class java.lang.ThreadLocal
	at org.testng.internal.Parameters.convertType(Parameters.java:318)
	at org.testng.internal.Parameters.createParameters(Parameters.java:203)
	at org.testng.internal.Parameters.createParameters(Parameters.java:443)
	at org.testng.internal.Parameters.createConfigurationParameters(Parameters.java:118)
	at org.testng.internal.Invoker.invokeConfigurations(Invoker.java:203)
	at org.testng.internal.Invoker.invokeConfigurations(Invoker.java:144)
	at org.testng.TestRunner.beforeRun(TestRunner.java:634)
	at org.testng.TestRunner.run(TestRunner.java:602)
	at org.testng.SuiteRunner.runTest(SuiteRunner.java:387)
	at org.testng.SuiteRunner.access$000(SuiteRunner.java:39)
	at org.testng.SuiteRunner$SuiteWorker.run(SuiteRunner.java:421)
	at org.testng.internal.thread.ThreadUtil$2.call(ThreadUtil.java:64)
	at java.base/java.util.concurrent.FutureTask.run(FutureTask.java:317)
	at java.base/java.util.concurrent.ThreadPoolExecutor.runWorker(ThreadPoolExecutor.java:1144)
	at java.base/java.util.concurrent.ThreadPoolExecutor$Worker.run(ThreadPoolExecutor.java:642)
	at java.base/java.lang.Thread.run(Thread.java:1623)
</pre></div></td>
<td>0</td>
<td>com.ugapp.testcases.TC_11_MySchoolsPageTest@bc57b40</td></tr>
<tr>
<td title='com.ugapp.testcases.TC_09_MyInformationPageTest.SavePageTest()'><b>SavePageTest</b><br>Test class: com.ugapp.testcases.TC_09_MyInformationPageTest</td>
<td><div><pre>org.testng.TestNGException: 
Unsupported type parameter : class java.lang.ThreadLocal
	at java.base/java.util.concurrent.FutureTask.run(FutureTask.java:317)
	at java.base/java.util.concurrent.ThreadPoolExecutor.runWorker(ThreadPoolExecutor.java:1144)
	at java.base/java.util.concurrent.ThreadPoolExecutor$Worker.run(ThreadPoolExecutor.java:642)
	at java.base/java.lang.Thread.run(Thread.java:1623)
... Removed 12 stack frames</pre></div><a href='#' onClick='toggleBox("stack-trace309035769", this, "Click to show all stack frames", "Click to hide stack frames")'>Click to show all stack frames</a>
<div class='stack-trace' id='stack-trace309035769'><pre>org.testng.TestNGException: 
Unsupported type parameter : class java.lang.ThreadLocal
	at org.testng.internal.Parameters.convertType(Parameters.java:318)
	at org.testng.internal.Parameters.createParameters(Parameters.java:203)
	at org.testng.internal.Parameters.createParameters(Parameters.java:443)
	at org.testng.internal.Parameters.createConfigurationParameters(Parameters.java:118)
	at org.testng.internal.Invoker.invokeConfigurations(Invoker.java:203)
	at org.testng.internal.Invoker.invokeConfigurations(Invoker.java:144)
	at org.testng.TestRunner.beforeRun(TestRunner.java:634)
	at org.testng.TestRunner.run(TestRunner.java:602)
	at org.testng.SuiteRunner.runTest(SuiteRunner.java:387)
	at org.testng.SuiteRunner.access$000(SuiteRunner.java:39)
	at org.testng.SuiteRunner$SuiteWorker.run(SuiteRunner.java:421)
	at org.testng.internal.thread.ThreadUtil$2.call(ThreadUtil.java:64)
	at java.base/java.util.concurrent.FutureTask.run(FutureTask.java:317)
	at java.base/java.util.concurrent.ThreadPoolExecutor.runWorker(ThreadPoolExecutor.java:1144)
	at java.base/java.util.concurrent.ThreadPoolExecutor$Worker.run(ThreadPoolExecutor.java:642)
	at java.base/java.lang.Thread.run(Thread.java:1623)
</pre></div></td>
<td>0</td>
<td>com.ugapp.testcases.TC_09_MyInformationPageTest@27eb3298</td></tr>
<tr>
<td title='com.ugapp.testcases.TC_13_AZresidencyPageTest.SavePageTest()'><b>SavePageTest</b><br>Test class: com.ugapp.testcases.TC_13_AZresidencyPageTest</td>
<td><div><pre>org.testng.TestNGException: 
Unsupported type parameter : class java.lang.ThreadLocal
	at java.base/java.util.concurrent.FutureTask.run(FutureTask.java:317)
	at java.base/java.util.concurrent.ThreadPoolExecutor.runWorker(ThreadPoolExecutor.java:1144)
	at java.base/java.util.concurrent.ThreadPoolExecutor$Worker.run(ThreadPoolExecutor.java:642)
	at java.base/java.lang.Thread.run(Thread.java:1623)
... Removed 12 stack frames</pre></div><a href='#' onClick='toggleBox("stack-trace1266628233", this, "Click to show all stack frames", "Click to hide stack frames")'>Click to show all stack frames</a>
<div class='stack-trace' id='stack-trace1266628233'><pre>org.testng.TestNGException: 
Unsupported type parameter : class java.lang.ThreadLocal
	at org.testng.internal.Parameters.convertType(Parameters.java:318)
	at org.testng.internal.Parameters.createParameters(Parameters.java:203)
	at org.testng.internal.Parameters.createParameters(Parameters.java:443)
	at org.testng.internal.Parameters.createConfigurationParameters(Parameters.java:118)
	at org.testng.internal.Invoker.invokeConfigurations(Invoker.java:203)
	at org.testng.internal.Invoker.invokeConfigurations(Invoker.java:144)
	at org.testng.TestRunner.beforeRun(TestRunner.java:634)
	at org.testng.TestRunner.run(TestRunner.java:602)
	at org.testng.SuiteRunner.runTest(SuiteRunner.java:387)
	at org.testng.SuiteRunner.access$000(SuiteRunner.java:39)
	at org.testng.SuiteRunner$SuiteWorker.run(SuiteRunner.java:421)
	at org.testng.internal.thread.ThreadUtil$2.call(ThreadUtil.java:64)
	at java.base/java.util.concurrent.FutureTask.run(FutureTask.java:317)
	at java.base/java.util.concurrent.ThreadPoolExecutor.runWorker(ThreadPoolExecutor.java:1144)
	at java.base/java.util.concurrent.ThreadPoolExecutor$Worker.run(ThreadPoolExecutor.java:642)
	at java.base/java.lang.Thread.run(Thread.java:1623)
</pre></div></td>
<td>0</td>
<td>com.ugapp.testcases.TC_13_AZresidencyPageTest@655a5d9c</td></tr>
<tr>
<td title='com.ugapp.testcases.TC_10_MyASUProgramPageTest.SaveThePageTest()'><b>SaveThePageTest</b><br>Test class: com.ugapp.testcases.TC_10_MyASUProgramPageTest</td>
<td><div><pre>org.testng.TestNGException: 
Unsupported type parameter : class java.lang.ThreadLocal
	at java.base/java.util.concurrent.FutureTask.run(FutureTask.java:317)
	at java.base/java.util.concurrent.ThreadPoolExecutor.runWorker(ThreadPoolExecutor.java:1144)
	at java.base/java.util.concurrent.ThreadPoolExecutor$Worker.run(ThreadPoolExecutor.java:642)
	at java.base/java.lang.Thread.run(Thread.java:1623)
... Removed 12 stack frames</pre></div><a href='#' onClick='toggleBox("stack-trace907894436", this, "Click to show all stack frames", "Click to hide stack frames")'>Click to show all stack frames</a>
<div class='stack-trace' id='stack-trace907894436'><pre>org.testng.TestNGException: 
Unsupported type parameter : class java.lang.ThreadLocal
	at org.testng.internal.Parameters.convertType(Parameters.java:318)
	at org.testng.internal.Parameters.createParameters(Parameters.java:203)
	at org.testng.internal.Parameters.createParameters(Parameters.java:443)
	at org.testng.internal.Parameters.createConfigurationParameters(Parameters.java:118)
	at org.testng.internal.Invoker.invokeConfigurations(Invoker.java:203)
	at org.testng.internal.Invoker.invokeConfigurations(Invoker.java:144)
	at org.testng.TestRunner.beforeRun(TestRunner.java:634)
	at org.testng.TestRunner.run(TestRunner.java:602)
	at org.testng.SuiteRunner.runTest(SuiteRunner.java:387)
	at org.testng.SuiteRunner.access$000(SuiteRunner.java:39)
	at org.testng.SuiteRunner$SuiteWorker.run(SuiteRunner.java:421)
	at org.testng.internal.thread.ThreadUtil$2.call(ThreadUtil.java:64)
	at java.base/java.util.concurrent.FutureTask.run(FutureTask.java:317)
	at java.base/java.util.concurrent.ThreadPoolExecutor.runWorker(ThreadPoolExecutor.java:1144)
	at java.base/java.util.concurrent.ThreadPoolExecutor$Worker.run(ThreadPoolExecutor.java:642)
	at java.base/java.lang.Thread.run(Thread.java:1623)
</pre></div></td>
<td>0</td>
<td>com.ugapp.testcases.TC_10_MyASUProgramPageTest@200a26bc</td></tr>
<tr>
<td title='com.ugapp.testcases.TC_11_MySchoolsPageTest.SaveThePageTest()'><b>SaveThePageTest</b><br>Test class: com.ugapp.testcases.TC_11_MySchoolsPageTest</td>
<td><div><pre>org.testng.TestNGException: 
Unsupported type parameter : class java.lang.ThreadLocal
	at java.base/java.util.concurrent.FutureTask.run(FutureTask.java:317)
	at java.base/java.util.concurrent.ThreadPoolExecutor.runWorker(ThreadPoolExecutor.java:1144)
	at java.base/java.util.concurrent.ThreadPoolExecutor$Worker.run(ThreadPoolExecutor.java:642)
	at java.base/java.lang.Thread.run(Thread.java:1623)
... Removed 12 stack frames</pre></div><a href='#' onClick='toggleBox("stack-trace827854569", this, "Click to show all stack frames", "Click to hide stack frames")'>Click to show all stack frames</a>
<div class='stack-trace' id='stack-trace827854569'><pre>org.testng.TestNGException: 
Unsupported type parameter : class java.lang.ThreadLocal
	at org.testng.internal.Parameters.convertType(Parameters.java:318)
	at org.testng.internal.Parameters.createParameters(Parameters.java:203)
	at org.testng.internal.Parameters.createParameters(Parameters.java:443)
	at org.testng.internal.Parameters.createConfigurationParameters(Parameters.java:118)
	at org.testng.internal.Invoker.invokeConfigurations(Invoker.java:203)
	at org.testng.internal.Invoker.invokeConfigurations(Invoker.java:144)
	at org.testng.TestRunner.beforeRun(TestRunner.java:634)
	at org.testng.TestRunner.run(TestRunner.java:602)
	at org.testng.SuiteRunner.runTest(SuiteRunner.java:387)
	at org.testng.SuiteRunner.access$000(SuiteRunner.java:39)
	at org.testng.SuiteRunner$SuiteWorker.run(SuiteRunner.java:421)
	at org.testng.internal.thread.ThreadUtil$2.call(ThreadUtil.java:64)
	at java.base/java.util.concurrent.FutureTask.run(FutureTask.java:317)
	at java.base/java.util.concurrent.ThreadPoolExecutor.runWorker(ThreadPoolExecutor.java:1144)
	at java.base/java.util.concurrent.ThreadPoolExecutor$Worker.run(ThreadPoolExecutor.java:642)
	at java.base/java.lang.Thread.run(Thread.java:1623)
</pre></div></td>
<td>0</td>
<td>com.ugapp.testcases.TC_11_MySchoolsPageTest@bc57b40</td></tr>
<tr>
<td title='com.ugapp.testcases.TC_12_MyHighSchoolGradesTest.SaveThePageTest()'><b>SaveThePageTest</b><br>Test class: com.ugapp.testcases.TC_12_MyHighSchoolGradesTest</td>
<td><div><pre>org.testng.TestNGException: 
Unsupported type parameter : class java.lang.ThreadLocal
	at java.base/java.util.concurrent.FutureTask.run(FutureTask.java:317)
	at java.base/java.util.concurrent.ThreadPoolExecutor.runWorker(ThreadPoolExecutor.java:1144)
	at java.base/java.util.concurrent.ThreadPoolExecutor$Worker.run(ThreadPoolExecutor.java:642)
	at java.base/java.lang.Thread.run(Thread.java:1623)
... Removed 12 stack frames</pre></div><a href='#' onClick='toggleBox("stack-trace607994015", this, "Click to show all stack frames", "Click to hide stack frames")'>Click to show all stack frames</a>
<div class='stack-trace' id='stack-trace607994015'><pre>org.testng.TestNGException: 
Unsupported type parameter : class java.lang.ThreadLocal
	at org.testng.internal.Parameters.convertType(Parameters.java:318)
	at org.testng.internal.Parameters.createParameters(Parameters.java:203)
	at org.testng.internal.Parameters.createParameters(Parameters.java:443)
	at org.testng.internal.Parameters.createConfigurationParameters(Parameters.java:118)
	at org.testng.internal.Invoker.invokeConfigurations(Invoker.java:203)
	at org.testng.internal.Invoker.invokeConfigurations(Invoker.java:144)
	at org.testng.TestRunner.beforeRun(TestRunner.java:634)
	at org.testng.TestRunner.run(TestRunner.java:602)
	at org.testng.SuiteRunner.runTest(SuiteRunner.java:387)
	at org.testng.SuiteRunner.access$000(SuiteRunner.java:39)
	at org.testng.SuiteRunner$SuiteWorker.run(SuiteRunner.java:421)
	at org.testng.internal.thread.ThreadUtil$2.call(ThreadUtil.java:64)
	at java.base/java.util.concurrent.FutureTask.run(FutureTask.java:317)
	at java.base/java.util.concurrent.ThreadPoolExecutor.runWorker(ThreadPoolExecutor.java:1144)
	at java.base/java.util.concurrent.ThreadPoolExecutor$Worker.run(ThreadPoolExecutor.java:642)
	at java.base/java.lang.Thread.run(Thread.java:1623)
</pre></div></td>
<td>0</td>
<td>com.ugapp.testcases.TC_12_MyHighSchoolGradesTest@1b5bc39d</td></tr>
<tr>
<td title='com.ugapp.testcases.TC_13_AZresidencyPageTest.SourceOfSupportTest()'><b>SourceOfSupportTest</b><br>Test class: com.ugapp.testcases.TC_13_AZresidencyPageTest</td>
<td><div><pre>org.testng.TestNGException: 
Unsupported type parameter : class java.lang.ThreadLocal
	at java.base/java.util.concurrent.FutureTask.run(FutureTask.java:317)
	at java.base/java.util.concurrent.ThreadPoolExecutor.runWorker(ThreadPoolExecutor.java:1144)
	at java.base/java.util.concurrent.ThreadPoolExecutor$Worker.run(ThreadPoolExecutor.java:642)
	at java.base/java.lang.Thread.run(Thread.java:1623)
... Removed 12 stack frames</pre></div><a href='#' onClick='toggleBox("stack-trace214509014", this, "Click to show all stack frames", "Click to hide stack frames")'>Click to show all stack frames</a>
<div class='stack-trace' id='stack-trace214509014'><pre>org.testng.TestNGException: 
Unsupported type parameter : class java.lang.ThreadLocal
	at org.testng.internal.Parameters.convertType(Parameters.java:318)
	at org.testng.internal.Parameters.createParameters(Parameters.java:203)
	at org.testng.internal.Parameters.createParameters(Parameters.java:443)
	at org.testng.internal.Parameters.createConfigurationParameters(Parameters.java:118)
	at org.testng.internal.Invoker.invokeConfigurations(Invoker.java:203)
	at org.testng.internal.Invoker.invokeConfigurations(Invoker.java:144)
	at org.testng.TestRunner.beforeRun(TestRunner.java:634)
	at org.testng.TestRunner.run(TestRunner.java:602)
	at org.testng.SuiteRunner.runTest(SuiteRunner.java:387)
	at org.testng.SuiteRunner.access$000(SuiteRunner.java:39)
	at org.testng.SuiteRunner$SuiteWorker.run(SuiteRunner.java:421)
	at org.testng.internal.thread.ThreadUtil$2.call(ThreadUtil.java:64)
	at java.base/java.util.concurrent.FutureTask.run(FutureTask.java:317)
	at java.base/java.util.concurrent.ThreadPoolExecutor.runWorker(ThreadPoolExecutor.java:1144)
	at java.base/java.util.concurrent.ThreadPoolExecutor$Worker.run(ThreadPoolExecutor.java:642)
	at java.base/java.lang.Thread.run(Thread.java:1623)
</pre></div></td>
<td>0</td>
<td>com.ugapp.testcases.TC_13_AZresidencyPageTest@655a5d9c</td></tr>
<tr>
<td title='com.ugapp.testcases.TC_13_AZresidencyPageTest.SpouseRelatedDetailsTest()'><b>SpouseRelatedDetailsTest</b><br>Test class: com.ugapp.testcases.TC_13_AZresidencyPageTest<br>Parameters: 8, 9</td>
<td><div><pre>org.testng.TestNGException: 
Unsupported type parameter : class java.lang.ThreadLocal
	at java.base/java.util.concurrent.FutureTask.run(FutureTask.java:317)
	at java.base/java.util.concurrent.ThreadPoolExecutor.runWorker(ThreadPoolExecutor.java:1144)
	at java.base/java.util.concurrent.ThreadPoolExecutor$Worker.run(ThreadPoolExecutor.java:642)
	at java.base/java.lang.Thread.run(Thread.java:1623)
... Removed 12 stack frames</pre></div><a href='#' onClick='toggleBox("stack-trace1330654101", this, "Click to show all stack frames", "Click to hide stack frames")'>Click to show all stack frames</a>
<div class='stack-trace' id='stack-trace1330654101'><pre>org.testng.TestNGException: 
Unsupported type parameter : class java.lang.ThreadLocal
	at org.testng.internal.Parameters.convertType(Parameters.java:318)
	at org.testng.internal.Parameters.createParameters(Parameters.java:203)
	at org.testng.internal.Parameters.createParameters(Parameters.java:443)
	at org.testng.internal.Parameters.createConfigurationParameters(Parameters.java:118)
	at org.testng.internal.Invoker.invokeConfigurations(Invoker.java:203)
	at org.testng.internal.Invoker.invokeConfigurations(Invoker.java:144)
	at org.testng.TestRunner.beforeRun(TestRunner.java:634)
	at org.testng.TestRunner.run(TestRunner.java:602)
	at org.testng.SuiteRunner.runTest(SuiteRunner.java:387)
	at org.testng.SuiteRunner.access$000(SuiteRunner.java:39)
	at org.testng.SuiteRunner$SuiteWorker.run(SuiteRunner.java:421)
	at org.testng.internal.thread.ThreadUtil$2.call(ThreadUtil.java:64)
	at java.base/java.util.concurrent.FutureTask.run(FutureTask.java:317)
	at java.base/java.util.concurrent.ThreadPoolExecutor.runWorker(ThreadPoolExecutor.java:1144)
	at java.base/java.util.concurrent.ThreadPoolExecutor$Worker.run(ThreadPoolExecutor.java:642)
	at java.base/java.lang.Thread.run(Thread.java:1623)
</pre></div></td>
<td>0</td>
<td>com.ugapp.testcases.TC_13_AZresidencyPageTest@655a5d9c</td></tr>
<tr>
<td title='com.ugapp.testcases.TC_08_PreAppDashboardTest.StartNewAppTest()'><b>StartNewAppTest</b><br>Test class: com.ugapp.testcases.TC_08_PreAppDashboardTest</td>
<td><div><pre>org.testng.TestNGException: 
Unsupported type parameter : class java.lang.ThreadLocal
	at java.base/java.util.concurrent.FutureTask.run(FutureTask.java:317)
	at java.base/java.util.concurrent.ThreadPoolExecutor.runWorker(ThreadPoolExecutor.java:1144)
	at java.base/java.util.concurrent.ThreadPoolExecutor$Worker.run(ThreadPoolExecutor.java:642)
	at java.base/java.lang.Thread.run(Thread.java:1623)
... Removed 12 stack frames</pre></div><a href='#' onClick='toggleBox("stack-trace2070407918", this, "Click to show all stack frames", "Click to hide stack frames")'>Click to show all stack frames</a>
<div class='stack-trace' id='stack-trace2070407918'><pre>org.testng.TestNGException: 
Unsupported type parameter : class java.lang.ThreadLocal
	at org.testng.internal.Parameters.convertType(Parameters.java:318)
	at org.testng.internal.Parameters.createParameters(Parameters.java:203)
	at org.testng.internal.Parameters.createParameters(Parameters.java:443)
	at org.testng.internal.Parameters.createConfigurationParameters(Parameters.java:118)
	at org.testng.internal.Invoker.invokeConfigurations(Invoker.java:203)
	at org.testng.internal.Invoker.invokeConfigurations(Invoker.java:144)
	at org.testng.TestRunner.beforeRun(TestRunner.java:634)
	at org.testng.TestRunner.run(TestRunner.java:602)
	at org.testng.SuiteRunner.runTest(SuiteRunner.java:387)
	at org.testng.SuiteRunner.access$000(SuiteRunner.java:39)
	at org.testng.SuiteRunner$SuiteWorker.run(SuiteRunner.java:421)
	at org.testng.internal.thread.ThreadUtil$2.call(ThreadUtil.java:64)
	at java.base/java.util.concurrent.FutureTask.run(FutureTask.java:317)
	at java.base/java.util.concurrent.ThreadPoolExecutor.runWorker(ThreadPoolExecutor.java:1144)
	at java.base/java.util.concurrent.ThreadPoolExecutor$Worker.run(ThreadPoolExecutor.java:642)
	at java.base/java.lang.Thread.run(Thread.java:1623)
</pre></div></td>
<td>0</td>
<td>com.ugapp.testcases.TC_08_PreAppDashboardTest@21362712</td></tr>
<tr>
<td title='com.ugapp.testcases.TC_13_AZresidencyPageTest.StateTaxes_NoTest()'><b>StateTaxes_NoTest</b><br>Test class: com.ugapp.testcases.TC_13_AZresidencyPageTest<br>Parameters: 8, 9</td>
<td><div><pre>org.testng.TestNGException: 
Unsupported type parameter : class java.lang.ThreadLocal
	at java.base/java.util.concurrent.FutureTask.run(FutureTask.java:317)
	at java.base/java.util.concurrent.ThreadPoolExecutor.runWorker(ThreadPoolExecutor.java:1144)
	at java.base/java.util.concurrent.ThreadPoolExecutor$Worker.run(ThreadPoolExecutor.java:642)
	at java.base/java.lang.Thread.run(Thread.java:1623)
... Removed 12 stack frames</pre></div><a href='#' onClick='toggleBox("stack-trace681773575", this, "Click to show all stack frames", "Click to hide stack frames")'>Click to show all stack frames</a>
<div class='stack-trace' id='stack-trace681773575'><pre>org.testng.TestNGException: 
Unsupported type parameter : class java.lang.ThreadLocal
	at org.testng.internal.Parameters.convertType(Parameters.java:318)
	at org.testng.internal.Parameters.createParameters(Parameters.java:203)
	at org.testng.internal.Parameters.createParameters(Parameters.java:443)
	at org.testng.internal.Parameters.createConfigurationParameters(Parameters.java:118)
	at org.testng.internal.Invoker.invokeConfigurations(Invoker.java:203)
	at org.testng.internal.Invoker.invokeConfigurations(Invoker.java:144)
	at org.testng.TestRunner.beforeRun(TestRunner.java:634)
	at org.testng.TestRunner.run(TestRunner.java:602)
	at org.testng.SuiteRunner.runTest(SuiteRunner.java:387)
	at org.testng.SuiteRunner.access$000(SuiteRunner.java:39)
	at org.testng.SuiteRunner$SuiteWorker.run(SuiteRunner.java:421)
	at org.testng.internal.thread.ThreadUtil$2.call(ThreadUtil.java:64)
	at java.base/java.util.concurrent.FutureTask.run(FutureTask.java:317)
	at java.base/java.util.concurrent.ThreadPoolExecutor.runWorker(ThreadPoolExecutor.java:1144)
	at java.base/java.util.concurrent.ThreadPoolExecutor$Worker.run(ThreadPoolExecutor.java:642)
	at java.base/java.lang.Thread.run(Thread.java:1623)
</pre></div></td>
<td>0</td>
<td>com.ugapp.testcases.TC_13_AZresidencyPageTest@655a5d9c</td></tr>
<tr>
<td title='com.ugapp.testcases.TC_11_MySchoolsPageTest.TranscriptPolicyTest()'><b>TranscriptPolicyTest</b><br>Test class: com.ugapp.testcases.TC_11_MySchoolsPageTest</td>
<td><div><pre>org.testng.TestNGException: 
Unsupported type parameter : class java.lang.ThreadLocal
	at java.base/java.util.concurrent.FutureTask.run(FutureTask.java:317)
	at java.base/java.util.concurrent.ThreadPoolExecutor.runWorker(ThreadPoolExecutor.java:1144)
	at java.base/java.util.concurrent.ThreadPoolExecutor$Worker.run(ThreadPoolExecutor.java:642)
	at java.base/java.lang.Thread.run(Thread.java:1623)
... Removed 12 stack frames</pre></div><a href='#' onClick='toggleBox("stack-trace664466591", this, "Click to show all stack frames", "Click to hide stack frames")'>Click to show all stack frames</a>
<div class='stack-trace' id='stack-trace664466591'><pre>org.testng.TestNGException: 
Unsupported type parameter : class java.lang.ThreadLocal
	at org.testng.internal.Parameters.convertType(Parameters.java:318)
	at org.testng.internal.Parameters.createParameters(Parameters.java:203)
	at org.testng.internal.Parameters.createParameters(Parameters.java:443)
	at org.testng.internal.Parameters.createConfigurationParameters(Parameters.java:118)
	at org.testng.internal.Invoker.invokeConfigurations(Invoker.java:203)
	at org.testng.internal.Invoker.invokeConfigurations(Invoker.java:144)
	at org.testng.TestRunner.beforeRun(TestRunner.java:634)
	at org.testng.TestRunner.run(TestRunner.java:602)
	at org.testng.SuiteRunner.runTest(SuiteRunner.java:387)
	at org.testng.SuiteRunner.access$000(SuiteRunner.java:39)
	at org.testng.SuiteRunner$SuiteWorker.run(SuiteRunner.java:421)
	at org.testng.internal.thread.ThreadUtil$2.call(ThreadUtil.java:64)
	at java.base/java.util.concurrent.FutureTask.run(FutureTask.java:317)
	at java.base/java.util.concurrent.ThreadPoolExecutor.runWorker(ThreadPoolExecutor.java:1144)
	at java.base/java.util.concurrent.ThreadPoolExecutor$Worker.run(ThreadPoolExecutor.java:642)
	at java.base/java.lang.Thread.run(Thread.java:1623)
</pre></div></td>
<td>0</td>
<td>com.ugapp.testcases.TC_11_MySchoolsPageTest@bc57b40</td></tr>
<tr>
<td title='com.ugapp.testcases.TC_13_AZresidencyPageTest.ValidateAZresidencyPage()'><b>ValidateAZresidencyPage</b><br>Test class: com.ugapp.testcases.TC_13_AZresidencyPageTest</td>
<td><div><pre>org.testng.TestNGException: 
Unsupported type parameter : class java.lang.ThreadLocal
	at java.base/java.util.concurrent.FutureTask.run(FutureTask.java:317)
	at java.base/java.util.concurrent.ThreadPoolExecutor.runWorker(ThreadPoolExecutor.java:1144)
	at java.base/java.util.concurrent.ThreadPoolExecutor$Worker.run(ThreadPoolExecutor.java:642)
	at java.base/java.lang.Thread.run(Thread.java:1623)
... Removed 12 stack frames</pre></div><a href='#' onClick='toggleBox("stack-trace1132296672", this, "Click to show all stack frames", "Click to hide stack frames")'>Click to show all stack frames</a>
<div class='stack-trace' id='stack-trace1132296672'><pre>org.testng.TestNGException: 
Unsupported type parameter : class java.lang.ThreadLocal
	at org.testng.internal.Parameters.convertType(Parameters.java:318)
	at org.testng.internal.Parameters.createParameters(Parameters.java:203)
	at org.testng.internal.Parameters.createParameters(Parameters.java:443)
	at org.testng.internal.Parameters.createConfigurationParameters(Parameters.java:118)
	at org.testng.internal.Invoker.invokeConfigurations(Invoker.java:203)
	at org.testng.internal.Invoker.invokeConfigurations(Invoker.java:144)
	at org.testng.TestRunner.beforeRun(TestRunner.java:634)
	at org.testng.TestRunner.run(TestRunner.java:602)
	at org.testng.SuiteRunner.runTest(SuiteRunner.java:387)
	at org.testng.SuiteRunner.access$000(SuiteRunner.java:39)
	at org.testng.SuiteRunner$SuiteWorker.run(SuiteRunner.java:421)
	at org.testng.internal.thread.ThreadUtil$2.call(ThreadUtil.java:64)
	at java.base/java.util.concurrent.FutureTask.run(FutureTask.java:317)
	at java.base/java.util.concurrent.ThreadPoolExecutor.runWorker(ThreadPoolExecutor.java:1144)
	at java.base/java.util.concurrent.ThreadPoolExecutor$Worker.run(ThreadPoolExecutor.java:642)
	at java.base/java.lang.Thread.run(Thread.java:1623)
</pre></div></td>
<td>0</td>
<td>com.ugapp.testcases.TC_13_AZresidencyPageTest@655a5d9c</td></tr>
<tr>
<td title='com.ugapp.testcases.TC_09_MyInformationPageTest.chooseLegalsexTest()'><b>chooseLegalsexTest</b><br>Test class: com.ugapp.testcases.TC_09_MyInformationPageTest<br>Parameters: 8, 9</td>
<td><div><pre>org.testng.TestNGException: 
Unsupported type parameter : class java.lang.ThreadLocal
	at java.base/java.util.concurrent.FutureTask.run(FutureTask.java:317)
	at java.base/java.util.concurrent.ThreadPoolExecutor.runWorker(ThreadPoolExecutor.java:1144)
	at java.base/java.util.concurrent.ThreadPoolExecutor$Worker.run(ThreadPoolExecutor.java:642)
	at java.base/java.lang.Thread.run(Thread.java:1623)
... Removed 12 stack frames</pre></div><a href='#' onClick='toggleBox("stack-trace682053835", this, "Click to show all stack frames", "Click to hide stack frames")'>Click to show all stack frames</a>
<div class='stack-trace' id='stack-trace682053835'><pre>org.testng.TestNGException: 
Unsupported type parameter : class java.lang.ThreadLocal
	at org.testng.internal.Parameters.convertType(Parameters.java:318)
	at org.testng.internal.Parameters.createParameters(Parameters.java:203)
	at org.testng.internal.Parameters.createParameters(Parameters.java:443)
	at org.testng.internal.Parameters.createConfigurationParameters(Parameters.java:118)
	at org.testng.internal.Invoker.invokeConfigurations(Invoker.java:203)
	at org.testng.internal.Invoker.invokeConfigurations(Invoker.java:144)
	at org.testng.TestRunner.beforeRun(TestRunner.java:634)
	at org.testng.TestRunner.run(TestRunner.java:602)
	at org.testng.SuiteRunner.runTest(SuiteRunner.java:387)
	at org.testng.SuiteRunner.access$000(SuiteRunner.java:39)
	at org.testng.SuiteRunner$SuiteWorker.run(SuiteRunner.java:421)
	at org.testng.internal.thread.ThreadUtil$2.call(ThreadUtil.java:64)
	at java.base/java.util.concurrent.FutureTask.run(FutureTask.java:317)
	at java.base/java.util.concurrent.ThreadPoolExecutor.runWorker(ThreadPoolExecutor.java:1144)
	at java.base/java.util.concurrent.ThreadPoolExecutor$Worker.run(ThreadPoolExecutor.java:642)
	at java.base/java.lang.Thread.run(Thread.java:1623)
</pre></div></td>
<td>0</td>
<td>com.ugapp.testcases.TC_09_MyInformationPageTest@27eb3298</td></tr>
<tr>
<td title='com.ugapp.testcases.TC_12_MyHighSchoolGradesTest.selectTranscriptOnlyCardTest()'><b>selectTranscriptOnlyCardTest</b><br>Test class: com.ugapp.testcases.TC_12_MyHighSchoolGradesTest<br>Parameters: 8, 9</td>
<td><div><pre>org.testng.TestNGException: 
Unsupported type parameter : class java.lang.ThreadLocal
	at java.base/java.util.concurrent.FutureTask.run(FutureTask.java:317)
	at java.base/java.util.concurrent.ThreadPoolExecutor.runWorker(ThreadPoolExecutor.java:1144)
	at java.base/java.util.concurrent.ThreadPoolExecutor$Worker.run(ThreadPoolExecutor.java:642)
	at java.base/java.lang.Thread.run(Thread.java:1623)
... Removed 12 stack frames</pre></div><a href='#' onClick='toggleBox("stack-trace228638630", this, "Click to show all stack frames", "Click to hide stack frames")'>Click to show all stack frames</a>
<div class='stack-trace' id='stack-trace228638630'><pre>org.testng.TestNGException: 
Unsupported type parameter : class java.lang.ThreadLocal
	at org.testng.internal.Parameters.convertType(Parameters.java:318)
	at org.testng.internal.Parameters.createParameters(Parameters.java:203)
	at org.testng.internal.Parameters.createParameters(Parameters.java:443)
	at org.testng.internal.Parameters.createConfigurationParameters(Parameters.java:118)
	at org.testng.internal.Invoker.invokeConfigurations(Invoker.java:203)
	at org.testng.internal.Invoker.invokeConfigurations(Invoker.java:144)
	at org.testng.TestRunner.beforeRun(TestRunner.java:634)
	at org.testng.TestRunner.run(TestRunner.java:602)
	at org.testng.SuiteRunner.runTest(SuiteRunner.java:387)
	at org.testng.SuiteRunner.access$000(SuiteRunner.java:39)
	at org.testng.SuiteRunner$SuiteWorker.run(SuiteRunner.java:421)
	at org.testng.internal.thread.ThreadUtil$2.call(ThreadUtil.java:64)
	at java.base/java.util.concurrent.FutureTask.run(FutureTask.java:317)
	at java.base/java.util.concurrent.ThreadPoolExecutor.runWorker(ThreadPoolExecutor.java:1144)
	at java.base/java.util.concurrent.ThreadPoolExecutor$Worker.run(ThreadPoolExecutor.java:642)
	at java.base/java.lang.Thread.run(Thread.java:1623)
</pre></div></td>
<td>0</td>
<td>com.ugapp.testcases.TC_12_MyHighSchoolGradesTest@1b5bc39d</td></tr>
<tr>
<td title='com.ugapp.testcases.TC_09_MyInformationPageTest.validateMyInfoPage()'><b>validateMyInfoPage</b><br>Test class: com.ugapp.testcases.TC_09_MyInformationPageTest</td>
<td><div><pre>org.testng.TestNGException: 
Unsupported type parameter : class java.lang.ThreadLocal
	at java.base/java.util.concurrent.FutureTask.run(FutureTask.java:317)
	at java.base/java.util.concurrent.ThreadPoolExecutor.runWorker(ThreadPoolExecutor.java:1144)
	at java.base/java.util.concurrent.ThreadPoolExecutor$Worker.run(ThreadPoolExecutor.java:642)
	at java.base/java.lang.Thread.run(Thread.java:1623)
... Removed 12 stack frames</pre></div><a href='#' onClick='toggleBox("stack-trace2096507035", this, "Click to show all stack frames", "Click to hide stack frames")'>Click to show all stack frames</a>
<div class='stack-trace' id='stack-trace2096507035'><pre>org.testng.TestNGException: 
Unsupported type parameter : class java.lang.ThreadLocal
	at org.testng.internal.Parameters.convertType(Parameters.java:318)
	at org.testng.internal.Parameters.createParameters(Parameters.java:203)
	at org.testng.internal.Parameters.createParameters(Parameters.java:443)
	at org.testng.internal.Parameters.createConfigurationParameters(Parameters.java:118)
	at org.testng.internal.Invoker.invokeConfigurations(Invoker.java:203)
	at org.testng.internal.Invoker.invokeConfigurations(Invoker.java:144)
	at org.testng.TestRunner.beforeRun(TestRunner.java:634)
	at org.testng.TestRunner.run(TestRunner.java:602)
	at org.testng.SuiteRunner.runTest(SuiteRunner.java:387)
	at org.testng.SuiteRunner.access$000(SuiteRunner.java:39)
	at org.testng.SuiteRunner$SuiteWorker.run(SuiteRunner.java:421)
	at org.testng.internal.thread.ThreadUtil$2.call(ThreadUtil.java:64)
	at java.base/java.util.concurrent.FutureTask.run(FutureTask.java:317)
	at java.base/java.util.concurrent.ThreadPoolExecutor.runWorker(ThreadPoolExecutor.java:1144)
	at java.base/java.util.concurrent.ThreadPoolExecutor$Worker.run(ThreadPoolExecutor.java:642)
	at java.base/java.lang.Thread.run(Thread.java:1623)
</pre></div></td>
<td>0</td>
<td>com.ugapp.testcases.TC_09_MyInformationPageTest@27eb3298</td></tr>
<tr>
<td title='com.ugapp.testcases.TC_10_MyASUProgramPageTest.validateMyProgramPage()'><b>validateMyProgramPage</b><br>Test class: com.ugapp.testcases.TC_10_MyASUProgramPageTest</td>
<td><div><pre>org.testng.TestNGException: 
Unsupported type parameter : class java.lang.ThreadLocal
	at java.base/java.util.concurrent.FutureTask.run(FutureTask.java:317)
	at java.base/java.util.concurrent.ThreadPoolExecutor.runWorker(ThreadPoolExecutor.java:1144)
	at java.base/java.util.concurrent.ThreadPoolExecutor$Worker.run(ThreadPoolExecutor.java:642)
	at java.base/java.lang.Thread.run(Thread.java:1623)
... Removed 12 stack frames</pre></div><a href='#' onClick='toggleBox("stack-trace817521856", this, "Click to show all stack frames", "Click to hide stack frames")'>Click to show all stack frames</a>
<div class='stack-trace' id='stack-trace817521856'><pre>org.testng.TestNGException: 
Unsupported type parameter : class java.lang.ThreadLocal
	at org.testng.internal.Parameters.convertType(Parameters.java:318)
	at org.testng.internal.Parameters.createParameters(Parameters.java:203)
	at org.testng.internal.Parameters.createParameters(Parameters.java:443)
	at org.testng.internal.Parameters.createConfigurationParameters(Parameters.java:118)
	at org.testng.internal.Invoker.invokeConfigurations(Invoker.java:203)
	at org.testng.internal.Invoker.invokeConfigurations(Invoker.java:144)
	at org.testng.TestRunner.beforeRun(TestRunner.java:634)
	at org.testng.TestRunner.run(TestRunner.java:602)
	at org.testng.SuiteRunner.runTest(SuiteRunner.java:387)
	at org.testng.SuiteRunner.access$000(SuiteRunner.java:39)
	at org.testng.SuiteRunner$SuiteWorker.run(SuiteRunner.java:421)
	at org.testng.internal.thread.ThreadUtil$2.call(ThreadUtil.java:64)
	at java.base/java.util.concurrent.FutureTask.run(FutureTask.java:317)
	at java.base/java.util.concurrent.ThreadPoolExecutor.runWorker(ThreadPoolExecutor.java:1144)
	at java.base/java.util.concurrent.ThreadPoolExecutor$Worker.run(ThreadPoolExecutor.java:642)
	at java.base/java.lang.Thread.run(Thread.java:1623)
</pre></div></td>
<td>0</td>
<td>com.ugapp.testcases.TC_10_MyASUProgramPageTest@200a26bc</td></tr>
<tr>
<td title='com.ugapp.testcases.TC_11_MySchoolsPageTest.validateMySchoolsPage()'><b>validateMySchoolsPage</b><br>Test class: com.ugapp.testcases.TC_11_MySchoolsPageTest</td>
<td><div><pre>org.testng.TestNGException: 
Unsupported type parameter : class java.lang.ThreadLocal
	at java.base/java.util.concurrent.FutureTask.run(FutureTask.java:317)
	at java.base/java.util.concurrent.ThreadPoolExecutor.runWorker(ThreadPoolExecutor.java:1144)
	at java.base/java.util.concurrent.ThreadPoolExecutor$Worker.run(ThreadPoolExecutor.java:642)
	at java.base/java.lang.Thread.run(Thread.java:1623)
... Removed 12 stack frames</pre></div><a href='#' onClick='toggleBox("stack-trace2013939633", this, "Click to show all stack frames", "Click to hide stack frames")'>Click to show all stack frames</a>
<div class='stack-trace' id='stack-trace2013939633'><pre>org.testng.TestNGException: 
Unsupported type parameter : class java.lang.ThreadLocal
	at org.testng.internal.Parameters.convertType(Parameters.java:318)
	at org.testng.internal.Parameters.createParameters(Parameters.java:203)
	at org.testng.internal.Parameters.createParameters(Parameters.java:443)
	at org.testng.internal.Parameters.createConfigurationParameters(Parameters.java:118)
	at org.testng.internal.Invoker.invokeConfigurations(Invoker.java:203)
	at org.testng.internal.Invoker.invokeConfigurations(Invoker.java:144)
	at org.testng.TestRunner.beforeRun(TestRunner.java:634)
	at org.testng.TestRunner.run(TestRunner.java:602)
	at org.testng.SuiteRunner.runTest(SuiteRunner.java:387)
	at org.testng.SuiteRunner.access$000(SuiteRunner.java:39)
	at org.testng.SuiteRunner$SuiteWorker.run(SuiteRunner.java:421)
	at org.testng.internal.thread.ThreadUtil$2.call(ThreadUtil.java:64)
	at java.base/java.util.concurrent.FutureTask.run(FutureTask.java:317)
	at java.base/java.util.concurrent.ThreadPoolExecutor.runWorker(ThreadPoolExecutor.java:1144)
	at java.base/java.util.concurrent.ThreadPoolExecutor$Worker.run(ThreadPoolExecutor.java:642)
	at java.base/java.lang.Thread.run(Thread.java:1623)
</pre></div></td>
<td>0</td>
<td>com.ugapp.testcases.TC_11_MySchoolsPageTest@bc57b40</td></tr>
<tr>
<td title='com.ugapp.testcases.TC_08_PreAppDashboardTest.validatePreAppSubmissionPage()'><b>validatePreAppSubmissionPage</b><br>Test class: com.ugapp.testcases.TC_08_PreAppDashboardTest</td>
<td><div><pre>org.testng.TestNGException: 
Unsupported type parameter : class java.lang.ThreadLocal
	at java.base/java.util.concurrent.FutureTask.run(FutureTask.java:317)
	at java.base/java.util.concurrent.ThreadPoolExecutor.runWorker(ThreadPoolExecutor.java:1144)
	at java.base/java.util.concurrent.ThreadPoolExecutor$Worker.run(ThreadPoolExecutor.java:642)
	at java.base/java.lang.Thread.run(Thread.java:1623)
... Removed 12 stack frames</pre></div><a href='#' onClick='toggleBox("stack-trace1261261998", this, "Click to show all stack frames", "Click to hide stack frames")'>Click to show all stack frames</a>
<div class='stack-trace' id='stack-trace1261261998'><pre>org.testng.TestNGException: 
Unsupported type parameter : class java.lang.ThreadLocal
	at org.testng.internal.Parameters.convertType(Parameters.java:318)
	at org.testng.internal.Parameters.createParameters(Parameters.java:203)
	at org.testng.internal.Parameters.createParameters(Parameters.java:443)
	at org.testng.internal.Parameters.createConfigurationParameters(Parameters.java:118)
	at org.testng.internal.Invoker.invokeConfigurations(Invoker.java:203)
	at org.testng.internal.Invoker.invokeConfigurations(Invoker.java:144)
	at org.testng.TestRunner.beforeRun(TestRunner.java:634)
	at org.testng.TestRunner.run(TestRunner.java:602)
	at org.testng.SuiteRunner.runTest(SuiteRunner.java:387)
	at org.testng.SuiteRunner.access$000(SuiteRunner.java:39)
	at org.testng.SuiteRunner$SuiteWorker.run(SuiteRunner.java:421)
	at org.testng.internal.thread.ThreadUtil$2.call(ThreadUtil.java:64)
	at java.base/java.util.concurrent.FutureTask.run(FutureTask.java:317)
	at java.base/java.util.concurrent.ThreadPoolExecutor.runWorker(ThreadPoolExecutor.java:1144)
	at java.base/java.util.concurrent.ThreadPoolExecutor$Worker.run(ThreadPoolExecutor.java:642)
	at java.base/java.lang.Thread.run(Thread.java:1623)
</pre></div></td>
<td>0</td>
<td>com.ugapp.testcases.TC_08_PreAppDashboardTest@21362712</td></tr>
<tr>
<td title='com.ugapp.testcases.TC_04_CreateAccountTest.verifyCreateAcc()'><b>verifyCreateAcc</b><br>Test class: com.ugapp.testcases.TC_04_CreateAccountTest</td>
<td><div><pre>org.testng.TestNGException: 
Unsupported type parameter : class java.lang.ThreadLocal
	at java.base/java.util.concurrent.FutureTask.run(FutureTask.java:317)
	at java.base/java.util.concurrent.ThreadPoolExecutor.runWorker(ThreadPoolExecutor.java:1144)
	at java.base/java.util.concurrent.ThreadPoolExecutor$Worker.run(ThreadPoolExecutor.java:642)
	at java.base/java.lang.Thread.run(Thread.java:1623)
... Removed 12 stack frames</pre></div><a href='#' onClick='toggleBox("stack-trace1933832196", this, "Click to show all stack frames", "Click to hide stack frames")'>Click to show all stack frames</a>
<div class='stack-trace' id='stack-trace1933832196'><pre>org.testng.TestNGException: 
Unsupported type parameter : class java.lang.ThreadLocal
	at org.testng.internal.Parameters.convertType(Parameters.java:318)
	at org.testng.internal.Parameters.createParameters(Parameters.java:203)
	at org.testng.internal.Parameters.createParameters(Parameters.java:443)
	at org.testng.internal.Parameters.createConfigurationParameters(Parameters.java:118)
	at org.testng.internal.Invoker.invokeConfigurations(Invoker.java:203)
	at org.testng.internal.Invoker.invokeConfigurations(Invoker.java:144)
	at org.testng.TestRunner.beforeRun(TestRunner.java:634)
	at org.testng.TestRunner.run(TestRunner.java:602)
	at org.testng.SuiteRunner.runTest(SuiteRunner.java:387)
	at org.testng.SuiteRunner.access$000(SuiteRunner.java:39)
	at org.testng.SuiteRunner$SuiteWorker.run(SuiteRunner.java:421)
	at org.testng.internal.thread.ThreadUtil$2.call(ThreadUtil.java:64)
	at java.base/java.util.concurrent.FutureTask.run(FutureTask.java:317)
	at java.base/java.util.concurrent.ThreadPoolExecutor.runWorker(ThreadPoolExecutor.java:1144)
	at java.base/java.util.concurrent.ThreadPoolExecutor$Worker.run(ThreadPoolExecutor.java:642)
	at java.base/java.lang.Thread.run(Thread.java:1623)
</pre></div></td>
<td>0</td>
<td>com.ugapp.testcases.TC_04_CreateAccountTest@4108fa66</td></tr>
<tr>
<td title='com.ugapp.testcases.TC_05_VerifyEmailTest.verifyEmailTest()'><b>verifyEmailTest</b><br>Test class: com.ugapp.testcases.TC_05_VerifyEmailTest</td>
<td><div><pre>org.testng.TestNGException: 
Unsupported type parameter : class java.lang.ThreadLocal
	at java.base/java.util.concurrent.FutureTask.run(FutureTask.java:317)
	at java.base/java.util.concurrent.ThreadPoolExecutor.runWorker(ThreadPoolExecutor.java:1144)
	at java.base/java.util.concurrent.ThreadPoolExecutor$Worker.run(ThreadPoolExecutor.java:642)
	at java.base/java.lang.Thread.run(Thread.java:1623)
... Removed 12 stack frames</pre></div><a href='#' onClick='toggleBox("stack-trace448587498", this, "Click to show all stack frames", "Click to hide stack frames")'>Click to show all stack frames</a>
<div class='stack-trace' id='stack-trace448587498'><pre>org.testng.TestNGException: 
Unsupported type parameter : class java.lang.ThreadLocal
	at org.testng.internal.Parameters.convertType(Parameters.java:318)
	at org.testng.internal.Parameters.createParameters(Parameters.java:203)
	at org.testng.internal.Parameters.createParameters(Parameters.java:443)
	at org.testng.internal.Parameters.createConfigurationParameters(Parameters.java:118)
	at org.testng.internal.Invoker.invokeConfigurations(Invoker.java:203)
	at org.testng.internal.Invoker.invokeConfigurations(Invoker.java:144)
	at org.testng.TestRunner.beforeRun(TestRunner.java:634)
	at org.testng.TestRunner.run(TestRunner.java:602)
	at org.testng.SuiteRunner.runTest(SuiteRunner.java:387)
	at org.testng.SuiteRunner.access$000(SuiteRunner.java:39)
	at org.testng.SuiteRunner$SuiteWorker.run(SuiteRunner.java:421)
	at org.testng.internal.thread.ThreadUtil$2.call(ThreadUtil.java:64)
	at java.base/java.util.concurrent.FutureTask.run(FutureTask.java:317)
	at java.base/java.util.concurrent.ThreadPoolExecutor.runWorker(ThreadPoolExecutor.java:1144)
	at java.base/java.util.concurrent.ThreadPoolExecutor$Worker.run(ThreadPoolExecutor.java:642)
	at java.base/java.lang.Thread.run(Thread.java:1623)
</pre></div></td>
<td>0</td>
<td>com.ugapp.testcases.TC_05_VerifyEmailTest@1f130eaf</td></tr>
<tr>
<td title='com.ugapp.testcases.TC_01_LandingPageTest.verifyLandingPage()'><b>verifyLandingPage</b><br>Test class: com.ugapp.testcases.TC_01_LandingPageTest</td>
<td><div><pre>org.testng.TestNGException: 
Unsupported type parameter : class java.lang.ThreadLocal
	at java.base/java.util.concurrent.FutureTask.run(FutureTask.java:317)
	at java.base/java.util.concurrent.ThreadPoolExecutor.runWorker(ThreadPoolExecutor.java:1144)
	at java.base/java.util.concurrent.ThreadPoolExecutor$Worker.run(ThreadPoolExecutor.java:642)
	at java.base/java.lang.Thread.run(Thread.java:1623)
... Removed 12 stack frames</pre></div><a href='#' onClick='toggleBox("stack-trace150775403", this, "Click to show all stack frames", "Click to hide stack frames")'>Click to show all stack frames</a>
<div class='stack-trace' id='stack-trace150775403'><pre>org.testng.TestNGException: 
Unsupported type parameter : class java.lang.ThreadLocal
	at org.testng.internal.Parameters.convertType(Parameters.java:318)
	at org.testng.internal.Parameters.createParameters(Parameters.java:203)
	at org.testng.internal.Parameters.createParameters(Parameters.java:443)
	at org.testng.internal.Parameters.createConfigurationParameters(Parameters.java:118)
	at org.testng.internal.Invoker.invokeConfigurations(Invoker.java:203)
	at org.testng.internal.Invoker.invokeConfigurations(Invoker.java:144)
	at org.testng.TestRunner.beforeRun(TestRunner.java:634)
	at org.testng.TestRunner.run(TestRunner.java:602)
	at org.testng.SuiteRunner.runTest(SuiteRunner.java:387)
	at org.testng.SuiteRunner.access$000(SuiteRunner.java:39)
	at org.testng.SuiteRunner$SuiteWorker.run(SuiteRunner.java:421)
	at org.testng.internal.thread.ThreadUtil$2.call(ThreadUtil.java:64)
	at java.base/java.util.concurrent.FutureTask.run(FutureTask.java:317)
	at java.base/java.util.concurrent.ThreadPoolExecutor.runWorker(ThreadPoolExecutor.java:1144)
	at java.base/java.util.concurrent.ThreadPoolExecutor$Worker.run(ThreadPoolExecutor.java:642)
	at java.base/java.lang.Thread.run(Thread.java:1623)
</pre></div></td>
<td>0</td>
<td>com.ugapp.testcases.TC_01_LandingPageTest@5910de75</td></tr>
<tr>
<td title='com.ugapp.testcases.TC_09_MyInformationPageTest.visaType_PermResRefugeeTest()'><b>visaType_PermResRefugeeTest</b><br>Test class: com.ugapp.testcases.TC_09_MyInformationPageTest<br>Parameters: 8, 9</td>
<td><div><pre>org.testng.TestNGException: 
Unsupported type parameter : class java.lang.ThreadLocal
	at java.base/java.util.concurrent.FutureTask.run(FutureTask.java:317)
	at java.base/java.util.concurrent.ThreadPoolExecutor.runWorker(ThreadPoolExecutor.java:1144)
	at java.base/java.util.concurrent.ThreadPoolExecutor$Worker.run(ThreadPoolExecutor.java:642)
	at java.base/java.lang.Thread.run(Thread.java:1623)
... Removed 12 stack frames</pre></div><a href='#' onClick='toggleBox("stack-trace542343826", this, "Click to show all stack frames", "Click to hide stack frames")'>Click to show all stack frames</a>
<div class='stack-trace' id='stack-trace542343826'><pre>org.testng.TestNGException: 
Unsupported type parameter : class java.lang.ThreadLocal
	at org.testng.internal.Parameters.convertType(Parameters.java:318)
	at org.testng.internal.Parameters.createParameters(Parameters.java:203)
	at org.testng.internal.Parameters.createParameters(Parameters.java:443)
	at org.testng.internal.Parameters.createConfigurationParameters(Parameters.java:118)
	at org.testng.internal.Invoker.invokeConfigurations(Invoker.java:203)
	at org.testng.internal.Invoker.invokeConfigurations(Invoker.java:144)
	at org.testng.TestRunner.beforeRun(TestRunner.java:634)
	at org.testng.TestRunner.run(TestRunner.java:602)
	at org.testng.SuiteRunner.runTest(SuiteRunner.java:387)
	at org.testng.SuiteRunner.access$000(SuiteRunner.java:39)
	at org.testng.SuiteRunner$SuiteWorker.run(SuiteRunner.java:421)
	at org.testng.internal.thread.ThreadUtil$2.call(ThreadUtil.java:64)
	at java.base/java.util.concurrent.FutureTask.run(FutureTask.java:317)
	at java.base/java.util.concurrent.ThreadPoolExecutor.runWorker(ThreadPoolExecutor.java:1144)
	at java.base/java.util.concurrent.ThreadPoolExecutor$Worker.run(ThreadPoolExecutor.java:642)
	at java.base/java.lang.Thread.run(Thread.java:1623)
</pre></div></td>
<td>0</td>
<td>com.ugapp.testcases.TC_09_MyInformationPageTest@27eb3298</td></tr>
</table><p>
</body>
</html>