<?xml version="1.0" encoding="UTF-8"?>
<!-- Generated by org.testng.reporters.JUnitXMLReporter -->
<testsuite ignored="3" hostname="Admins-MacBook-Pro.local" failures="0" tests="3" name="Landing Page Chrome Test" time="0.085" errors="0" timestamp="08 Dec 2023 11:03:41 GMT">
  <testcase classname="com.ugapp.testcases.BaseTest" name="@BeforeTest colNum" time="0.0">
    <failure type="org.testng.TestNGException" message="
Parameter &amp;apos;colKey&amp;apos; is required by BeforeTest on method colNum but has not been marked @Optional or defined
in /Users/divyashree/eclipse-workspace1/undergrad/src/test/resources/com/ugapp/runner/Chrome.xml">
      <![CDATA[org.testng.TestNGException: 
Parameter 'colKey' is required by BeforeTest on method colNum but has not been marked @Optional or defined
in /Users/divyashree/eclipse-workspace1/undergrad/src/test/resources/com/ugapp/runner/Chrome.xml
... Removed 20 stack frames]]>
    </failure>
  </testcase> <!-- @BeforeTest colNum -->
  <testcase classname="com.ugapp.testcases.TC_02_FooterLinksPageTest" name="verifyFooter" time="0.0">
    <skipped/>
  </testcase> <!-- verifyFooter -->
  <testcase classname="com.ugapp.testcases.TC_01_LandingPageTest" name="verifyLandingPage" time="0.0">
    <skipped/>
  </testcase> <!-- verifyLandingPage -->
  <testcase classname="com.ugapp.testcases.TC_01_LandingPageTest" name="CreateNewAcc" time="0.0">
    <skipped/>
  </testcase> <!-- CreateNewAcc -->
  <testcase classname="com.ugapp.testcases.BaseTest" name="@AfterSuite tearDown" time="0.0">
    <ignored/>
  </testcase> <!-- @AfterSuite tearDown -->
  <testcase classname="com.ugapp.testcases.BaseTest" name="@BeforeSuite setup" time="0.0">
    <ignored/>
  </testcase> <!-- @BeforeSuite setup -->
  <testcase classname="com.ugapp.testcases.BaseTest" name="@BeforeTest colNum" time="0.0">
    <ignored/>
  </testcase> <!-- @BeforeTest colNum -->
</testsuite> <!-- Landing Page Chrome Test -->
