<?xml version="1.0" encoding="UTF-8"?>
<!-- Generated by org.testng.reporters.JUnitXMLReporter -->
<testsuite ignored="8" hostname="Admins-MacBook-Pro.local" failures="1" tests="2" name="My high school grades page Test" time="8.633" errors="0" timestamp="2024-04-16T16:44:52 IST">
  <testcase classname="com.ugapp.testcases.TC_12_MyHighSchoolGradesTest" name="MyHighSchoolGrade" time="1.578"/>
  <testcase classname="com.ugapp.testcases.TC_12_MyHighSchoolGradesTest" name="Random_FutureOrPastGradTest" time="6.624">
    <failure type="org.openqa.selenium.ElementClickInterceptedException" message="element click intercepted: Element &amp;lt;input type=&amp;quot;radio&amp;quot; name=&amp;quot;base-radio-card&amp;quot; class=&amp;quot;custom-control-input&amp;quot; value=&amp;quot;Y&amp;quot; id=&amp;quot;__BVID__1120&amp;quot;&amp;gt; is not clickable at point (374, 629). Other element would receive the click: &amp;lt;div data-v-11bc718a=&amp;quot;&amp;quot; class=&amp;quot;p-space-md&amp;quot;&amp;gt;...&amp;lt;/div&amp;gt;
  (Session info: chrome=123.0.6312.124)
Build info: version: &amp;apos;4.19.1&amp;apos;, revision: &amp;apos;abe0ee07dc&amp;apos;
System info: os.name: &amp;apos;Mac OS X&amp;apos;, os.arch: &amp;apos;x86_64&amp;apos;, os.version: &amp;apos;12.7.2&amp;apos;, java.version: &amp;apos;20.0.2&amp;apos;
Driver info: org.openqa.selenium.chrome.ChromeDriver
Command: [9d179a68ecfa935d3f4ae66a58e65889, clickElement {id=f.73059EE552C73473F3CAE407A4D536F1.d.08950C69415A1923D0463F1035131278.e.6963}]
Capabilities {acceptInsecureCerts: false, browserName: chrome, browserVersion: 123.0.6312.124, chrome: {chromedriverVersion: 123.0.6312.122 (31f8248cdd9...}, fedcm:accounts: true, goog:chromeOptions: {debuggerAddress: localhost:51598}, pageLoadStrategy: normal, platformName: any, proxy: Proxy(), se:cdp: ws://localhost:51598/devtoo..., se:cdpVersion: 123.0.6312.124, setWindowRect: false, strictFileInteractability: false, timeouts: {implicit: 0, pageLoad: 300000, script: 30000}, unhandledPromptBehavior: dismiss and notify, webauthn:extension:credBlob: true, webauthn:extension:largeBlob: true, webauthn:extension:minPinLength: true, webauthn:extension:prf: true, webauthn:virtualAuthenticators: true}
Element: [[ChromeDriver: chrome on any (9d179a68ecfa935d3f4ae66a58e65889)] -&amp;gt; xpath: //input[@name=&amp;apos;base-radio-card&amp;apos;]]
Session ID: 9d179a68ecfa935d3f4ae66a58e65889">
      <![CDATA[org.openqa.selenium.ElementClickInterceptedException: element click intercepted: Element <input type="radio" name="base-radio-card" class="custom-control-input" value="Y" id="__BVID__1120"> is not clickable at point (374, 629). Other element would receive the click: <div data-v-11bc718a="" class="p-space-md">...</div>
  (Session info: chrome=123.0.6312.124)
Build info: version: '4.19.1', revision: 'abe0ee07dc'
System info: os.name: 'Mac OS X', os.arch: 'x86_64', os.version: '12.7.2', java.version: '20.0.2'
Driver info: org.openqa.selenium.chrome.ChromeDriver
Command: [9d179a68ecfa935d3f4ae66a58e65889, clickElement {id=f.73059EE552C73473F3CAE407A4D536F1.d.08950C69415A1923D0463F1035131278.e.6963}]
Capabilities {acceptInsecureCerts: false, browserName: chrome, browserVersion: 123.0.6312.124, chrome: {chromedriverVersion: 123.0.6312.122 (31f8248cdd9...}, fedcm:accounts: true, goog:chromeOptions: {debuggerAddress: localhost:51598}, pageLoadStrategy: normal, platformName: any, proxy: Proxy(), se:cdp: ws://localhost:51598/devtoo..., se:cdpVersion: 123.0.6312.124, setWindowRect: false, strictFileInteractability: false, timeouts: {implicit: 0, pageLoad: 300000, script: 30000}, unhandledPromptBehavior: dismiss and notify, webauthn:extension:credBlob: true, webauthn:extension:largeBlob: true, webauthn:extension:minPinLength: true, webauthn:extension:prf: true, webauthn:virtualAuthenticators: true}
Element: [[ChromeDriver: chrome on any (9d179a68ecfa935d3f4ae66a58e65889)] -> xpath: //input[@name='base-radio-card']]
Session ID: 9d179a68ecfa935d3f4ae66a58e65889
at org.openqa.selenium.remote.ErrorCodec.decode(ErrorCodec.java:167)
at org.openqa.selenium.remote.codec.w3c.W3CHttpResponseCodec.decode(W3CHttpResponseCodec.java:138)
at org.openqa.selenium.remote.codec.w3c.W3CHttpResponseCodec.decode(W3CHttpResponseCodec.java:50)
at org.openqa.selenium.remote.HttpCommandExecutor.execute(HttpCommandExecutor.java:190)
at org.openqa.selenium.remote.service.DriverCommandExecutor.invokeExecute(DriverCommandExecutor.java:216)
at org.openqa.selenium.remote.service.DriverCommandExecutor.execute(DriverCommandExecutor.java:174)
at org.openqa.selenium.remote.RemoteWebDriver.execute(RemoteWebDriver.java:518)
at org.openqa.selenium.remote.RemoteWebElement.execute(RemoteWebElement.java:223)
at org.openqa.selenium.remote.RemoteWebElement.click(RemoteWebElement.java:76)
at com.ugapp.pages.MyHighSchoolGradesPage.Random_FutureOrPastGrad(MyHighSchoolGradesPage.java:366)
at com.ugapp.testcases.TC_12_MyHighSchoolGradesTest.Random_FutureOrPastGradTest(TC_12_MyHighSchoolGradesTest.java:34)
at java.base/java.util.ArrayList.forEach(ArrayList.java:1511)
... Removed 28 stack frames]]>
    </failure>
  </testcase> <!-- Random_FutureOrPastGradTest -->
  <testcase classname="com.ugapp.testcases.TC_12_MyHighSchoolGradesTest" name="selectTranscriptOnlyCardTest" time="0.0">
    <ignored/>
  </testcase> <!-- selectTranscriptOnlyCardTest -->
  <testcase classname="com.ugapp.testcases.TC_12_MyHighSchoolGradesTest" name="SaveThePageTest" time="0.0">
    <ignored/>
  </testcase> <!-- SaveThePageTest -->
  <testcase classname="com.ugapp.testcases.TC_12_MyHighSchoolGradesTest" name="RequiredFields" time="0.0">
    <ignored/>
  </testcase> <!-- RequiredFields -->
  <testcase classname="com.ugapp.testcases.TC_12_MyHighSchoolGradesTest" name="overAllAcademicsTest" time="0.0">
    <ignored/>
  </testcase> <!-- overAllAcademicsTest -->
  <testcase classname="com.ugapp.testcases.TC_12_MyHighSchoolGradesTest" name="gpaScaleGradingSystem" time="0.0">
    <ignored/>
  </testcase> <!-- gpaScaleGradingSystem -->
  <testcase classname="com.ugapp.testcases.TC_12_MyHighSchoolGradesTest" name="addCourse" time="0.0">
    <ignored/>
  </testcase> <!-- addCourse -->
  <testcase classname="com.ugapp.testcases.TC_12_MyHighSchoolGradesTest" name="selectSelfReportCardTest" time="0.0">
    <ignored/>
  </testcase> <!-- selectSelfReportCardTest -->
  <testcase classname="com.ugapp.testcases.TC_12_MyHighSchoolGradesTest" name="NonResidentflowTest" time="0.0">
    <ignored/>
  </testcase> <!-- NonResidentflowTest -->
</testsuite> <!-- My high school grades page Test -->
