<?xml version="1.0" encoding="utf-8" ?>
<!DOCTYPE html PUBLIC "-//W3C//DTD XHTML 1.0 Strict//EN"
        "http://www.w3.org/TR/xhtml1/DTD/xhtml1-strict.dtd">
<html xmlns="http://www.w3.org/1999/xhtml" xml:lang="" lang="">
<head>
  <title>Test Results Report - Create account Test</title>
  <meta http-equiv="Content-Type" content="text/html;charset=utf-8" />
  <meta name="description" content="TestNG unit test results." />
  <link href="reportng.css" rel="stylesheet" type="text/css" />
    <script type="text/javascript" src="reportng.js"></script>
</head>
<body>
<h1>Create account Test</h1>
<p>
  Test duration: 50.710s
</p>



  <table class="resultsTable">
    <tr><th colspan="3" class="header failed">Failed Tests</th></tr>
          <tr>
        <td colspan="3" class="group">com.ugapp.testcases.TC_04_CreateAccountTest</td>
      </tr>
            
<tr>
  <td class="method">
                  checkLinksInCreateAccount
      </td>
  <td class="duration">
    5.423s
  </td>
  <td class="result">
        
    
            <div class="testOutput">
                        Click to see Screenshot
                                <a target="_blank" href=Thu_Sep_14_17_14_15_IST_2023.jpg>Screenshot</a>
                                <br>
                                <br>
                                <a target="_blank" href=Thu_Sep_14_17_14_15_IST_2023.jpg><img src=Thu_Sep_14_17_14_15_IST_2023.jpg height=200 width=200></img></a>
                  </div>
    

        <a href="javascript:toggleElement('exception-0', 'block')" title="Click to expand/collapse"><b>java.lang.AssertionError: expected [] but found [enrollmentonline@asu.edu]</b></a><br />
    <div class="stackTrace" id="exception-0">
              org.testng.Assert.fail(Assert.java:93)<br />
              org.testng.Assert.failNotEquals(Assert.java:512)<br />
              org.testng.Assert.assertEqualsImpl(Assert.java:134)<br />
              org.testng.Assert.assertEquals(Assert.java:115)<br />
              org.testng.Assert.assertEquals(Assert.java:189)<br />
              org.testng.Assert.assertEquals(Assert.java:199)<br />
              com.ugapp.pages.CreateAccountPage.checkAndValidateEmail(CreateAccountPage.java:74)<br />
              com.ugapp.testcases.TC_04_CreateAccountTest.checkLinksInCreateAccount(TC_04_CreateAccountTest.java:37)<br />
              java.base/jdk.internal.reflect.DirectMethodHandleAccessor.invoke(DirectMethodHandleAccessor.java:104)<br />
              java.base/java.lang.reflect.Method.invoke(Method.java:578)<br />
              org.testng.internal.MethodInvocationHelper.invokeMethod(MethodInvocationHelper.java:108)<br />
              org.testng.internal.Invoker.invokeMethod(Invoker.java:661)<br />
              org.testng.internal.Invoker.invokeTestMethod(Invoker.java:869)<br />
              org.testng.internal.Invoker.invokeTestMethods(Invoker.java:1193)<br />
              org.testng.internal.TestMethodWorker.invokeTestMethods(TestMethodWorker.java:126)<br />
              org.testng.internal.TestMethodWorker.run(TestMethodWorker.java:109)<br />
              org.testng.TestRunner.privateRun(TestRunner.java:744)<br />
              org.testng.TestRunner.run(TestRunner.java:602)<br />
              org.testng.SuiteRunner.runTest(SuiteRunner.java:380)<br />
              org.testng.SuiteRunner.runSequentially(SuiteRunner.java:375)<br />
              org.testng.SuiteRunner.privateRun(SuiteRunner.java:340)<br />
              org.testng.SuiteRunner.run(SuiteRunner.java:289)<br />
              org.testng.SuiteRunnerWorker.runSuite(SuiteRunnerWorker.java:52)<br />
              org.testng.SuiteRunnerWorker.run(SuiteRunnerWorker.java:86)<br />
              org.testng.TestNG.runSuitesSequentially(TestNG.java:1301)<br />
              org.testng.TestNG.runSuitesLocally(TestNG.java:1226)<br />
              org.testng.TestNG.runSuites(TestNG.java:1144)<br />
              org.testng.TestNG.run(TestNG.java:1115)<br />
              org.testng.remote.AbstractRemoteTestNG.run(AbstractRemoteTestNG.java:115)<br />
              org.testng.remote.RemoteTestNG.initAndRun(RemoteTestNG.java:251)<br />
              org.testng.remote.RemoteTestNG.main(RemoteTestNG.java:77)<br />
                </div>
      </td>
</tr>
<tr>
  <td class="method">
                  createAccountTest
      </td>
  <td class="duration">
    8.762s
  </td>
  <td class="result">
        
          <i>Method arguments: </i><span class="arguments">{password=test123123123, email=Testug@asu.edu, Runmode=Y, repassword=Test123123123, reemail=Testug@asu.edu}</span><br />
    
            <div class="testOutput">
                        Click to see Screenshot
                                <a target="_blank" href=Thu_Sep_14_17_14_43_IST_2023.jpg>Screenshot</a>
                                <br>
                                <br>
                                <a target="_blank" href=Thu_Sep_14_17_14_43_IST_2023.jpg><img src=Thu_Sep_14_17_14_43_IST_2023.jpg height=200 width=200></img></a>
                  </div>
    

        <a href="javascript:toggleElement('exception-1', 'block')" title="Click to expand/collapse"><b>org.openqa.selenium.NoSuchElementException: no such element: Unable to locate element: {&quot;method&quot;:&quot;xpath&quot;,&quot;selector&quot;:&quot;//li[contains(text(),&apos; The password must contain at least 1 uppercase letter. &apos; )]&quot;}<br/>
&nbsp; (Session info: chrome=117.0.5938.62)<br/>
For documentation on this error, please visit: https://www.selenium.dev/documentation/webdriver/troubleshooting/errors#no-such-element-exception<br/>
Build info: version: &apos;4.10.0&apos;, revision: &apos;c14d967899&apos;<br/>
System info: os.name: &apos;Mac OS X&apos;, os.arch: &apos;x86_64&apos;, os.version: &apos;12.6.8&apos;, java.version: &apos;20.0.2&apos;<br/>
Driver info: org.openqa.selenium.chrome.ChromeDriver<br/>
Command: [d4c1bae51c10938cb30df5fc80b0798f, findElement {using=xpath, value=//li[contains(text(),&apos; The password must contain at least 1 uppercase letter. &apos; )]}]<br/>
Capabilities {acceptInsecureCerts: false, browserName: chrome, browserVersion: 117.0.5938.62, chrome: {chromedriverVersion: 117.0.5938.62 (25a7172909a4..., userDataDir: /var/folders/5m/4nc0x2kn289...}, fedcm:accounts: true, goog:chromeOptions: {debuggerAddress: localhost:64645}, networkConnectionEnabled: false, pageLoadStrategy: normal, platformName: mac, proxy: Proxy(), se:cdp: ws://localhost:64645/devtoo..., se:cdpVersion: 117.0.5938.62, setWindowRect: true, strictFileInteractability: false, timeouts: {implicit: 0, pageLoad: 300000, script: 30000}, unhandledPromptBehavior: dismiss and notify, webauthn:extension:credBlob: true, webauthn:extension:largeBlob: true, webauthn:extension:minPinLength: true, webauthn:extension:prf: true, webauthn:virtualAuthenticators: true}<br/>
Session ID: d4c1bae51c10938cb30df5fc80b0798f</b></a><br />
    <div class="stackTrace" id="exception-1">
              java.base/jdk.internal.reflect.DirectConstructorHandleAccessor.newInstance(DirectConstructorHandleAccessor.java:67)<br />
              java.base/java.lang.reflect.Constructor.newInstanceWithCaller(Constructor.java:500)<br />
              java.base/java.lang.reflect.Constructor.newInstance(Constructor.java:484)<br />
              org.openqa.selenium.remote.codec.w3c.W3CHttpResponseCodec.createException(W3CHttpResponseCodec.java:199)<br />
              org.openqa.selenium.remote.codec.w3c.W3CHttpResponseCodec.decode(W3CHttpResponseCodec.java:132)<br />
              org.openqa.selenium.remote.codec.w3c.W3CHttpResponseCodec.decode(W3CHttpResponseCodec.java:51)<br />
              org.openqa.selenium.remote.HttpCommandExecutor.execute(HttpCommandExecutor.java:191)<br />
              org.openqa.selenium.remote.service.DriverCommandExecutor.invokeExecute(DriverCommandExecutor.java:196)<br />
              org.openqa.selenium.remote.service.DriverCommandExecutor.execute(DriverCommandExecutor.java:171)<br />
              org.openqa.selenium.remote.RemoteWebDriver.execute(RemoteWebDriver.java:531)<br />
              org.openqa.selenium.remote.ElementLocation$ElementFinder$2.findElement(ElementLocation.java:165)<br />
              org.openqa.selenium.remote.ElementLocation.findElement(ElementLocation.java:59)<br />
              org.openqa.selenium.remote.RemoteWebDriver.findElement(RemoteWebDriver.java:350)<br />
              org.openqa.selenium.remote.RemoteWebDriver.findElement(RemoteWebDriver.java:344)<br />
              com.ugapp.base.Page.findElement(Page.java:152)<br />
              com.ugapp.pages.CreateAccountPage.validateAccount(CreateAccountPage.java:200)<br />
              com.ugapp.testcases.TC_04_CreateAccountTest.createAccountTest(TC_04_CreateAccountTest.java:51)<br />
              java.base/jdk.internal.reflect.DirectMethodHandleAccessor.invoke(DirectMethodHandleAccessor.java:104)<br />
              java.base/java.lang.reflect.Method.invoke(Method.java:578)<br />
              org.testng.internal.MethodInvocationHelper.invokeMethod(MethodInvocationHelper.java:108)<br />
              org.testng.internal.Invoker.invokeMethod(Invoker.java:661)<br />
              org.testng.internal.Invoker.invokeTestMethod(Invoker.java:869)<br />
              org.testng.internal.Invoker.invokeTestMethods(Invoker.java:1193)<br />
              org.testng.internal.TestMethodWorker.invokeTestMethods(TestMethodWorker.java:126)<br />
              org.testng.internal.TestMethodWorker.run(TestMethodWorker.java:109)<br />
              org.testng.TestRunner.privateRun(TestRunner.java:744)<br />
              org.testng.TestRunner.run(TestRunner.java:602)<br />
              org.testng.SuiteRunner.runTest(SuiteRunner.java:380)<br />
              org.testng.SuiteRunner.runSequentially(SuiteRunner.java:375)<br />
              org.testng.SuiteRunner.privateRun(SuiteRunner.java:340)<br />
              org.testng.SuiteRunner.run(SuiteRunner.java:289)<br />
              org.testng.SuiteRunnerWorker.runSuite(SuiteRunnerWorker.java:52)<br />
              org.testng.SuiteRunnerWorker.run(SuiteRunnerWorker.java:86)<br />
              org.testng.TestNG.runSuitesSequentially(TestNG.java:1301)<br />
              org.testng.TestNG.runSuitesLocally(TestNG.java:1226)<br />
              org.testng.TestNG.runSuites(TestNG.java:1144)<br />
              org.testng.TestNG.run(TestNG.java:1115)<br />
              org.testng.remote.AbstractRemoteTestNG.run(AbstractRemoteTestNG.java:115)<br />
              org.testng.remote.RemoteTestNG.initAndRun(RemoteTestNG.java:251)<br />
              org.testng.remote.RemoteTestNG.main(RemoteTestNG.java:77)<br />
                </div>
      </td>
</tr>
<tr>
  <td class="method">
                  createAccountTest
      </td>
  <td class="duration">
    8.615s
  </td>
  <td class="result">
        
          <i>Method arguments: </i><span class="arguments">{password=TEST123123123, email=Testug@asu.edu, Runmode=Y, repassword=TEST123123123, reemail=Testug}</span><br />
    
            <div class="testOutput">
                        Click to see Screenshot
                                <a target="_blank" href=Thu_Sep_14_17_14_33_IST_2023.jpg>Screenshot</a>
                                <br>
                                <br>
                                <a target="_blank" href=Thu_Sep_14_17_14_33_IST_2023.jpg><img src=Thu_Sep_14_17_14_33_IST_2023.jpg height=200 width=200></img></a>
                  </div>
    

        <a href="javascript:toggleElement('exception-2', 'block')" title="Click to expand/collapse"><b>org.openqa.selenium.NoSuchElementException: no such element: Unable to locate element: {&quot;method&quot;:&quot;xpath&quot;,&quot;selector&quot;:&quot;//li[contains(text(),&apos; The password must contain at least 1 lowercase letter.&apos; )]&quot;}<br/>
&nbsp; (Session info: chrome=117.0.5938.62)<br/>
For documentation on this error, please visit: https://www.selenium.dev/documentation/webdriver/troubleshooting/errors#no-such-element-exception<br/>
Build info: version: &apos;4.10.0&apos;, revision: &apos;c14d967899&apos;<br/>
System info: os.name: &apos;Mac OS X&apos;, os.arch: &apos;x86_64&apos;, os.version: &apos;12.6.8&apos;, java.version: &apos;20.0.2&apos;<br/>
Driver info: org.openqa.selenium.chrome.ChromeDriver<br/>
Command: [d4c1bae51c10938cb30df5fc80b0798f, findElement {using=xpath, value=//li[contains(text(),&apos; The password must contain at least 1 lowercase letter.&apos; )]}]<br/>
Capabilities {acceptInsecureCerts: false, browserName: chrome, browserVersion: 117.0.5938.62, chrome: {chromedriverVersion: 117.0.5938.62 (25a7172909a4..., userDataDir: /var/folders/5m/4nc0x2kn289...}, fedcm:accounts: true, goog:chromeOptions: {debuggerAddress: localhost:64645}, networkConnectionEnabled: false, pageLoadStrategy: normal, platformName: mac, proxy: Proxy(), se:cdp: ws://localhost:64645/devtoo..., se:cdpVersion: 117.0.5938.62, setWindowRect: true, strictFileInteractability: false, timeouts: {implicit: 0, pageLoad: 300000, script: 30000}, unhandledPromptBehavior: dismiss and notify, webauthn:extension:credBlob: true, webauthn:extension:largeBlob: true, webauthn:extension:minPinLength: true, webauthn:extension:prf: true, webauthn:virtualAuthenticators: true}<br/>
Session ID: d4c1bae51c10938cb30df5fc80b0798f</b></a><br />
    <div class="stackTrace" id="exception-2">
              java.base/jdk.internal.reflect.DirectConstructorHandleAccessor.newInstance(DirectConstructorHandleAccessor.java:67)<br />
              java.base/java.lang.reflect.Constructor.newInstanceWithCaller(Constructor.java:500)<br />
              java.base/java.lang.reflect.Constructor.newInstance(Constructor.java:484)<br />
              org.openqa.selenium.remote.codec.w3c.W3CHttpResponseCodec.createException(W3CHttpResponseCodec.java:199)<br />
              org.openqa.selenium.remote.codec.w3c.W3CHttpResponseCodec.decode(W3CHttpResponseCodec.java:132)<br />
              org.openqa.selenium.remote.codec.w3c.W3CHttpResponseCodec.decode(W3CHttpResponseCodec.java:51)<br />
              org.openqa.selenium.remote.HttpCommandExecutor.execute(HttpCommandExecutor.java:191)<br />
              org.openqa.selenium.remote.service.DriverCommandExecutor.invokeExecute(DriverCommandExecutor.java:196)<br />
              org.openqa.selenium.remote.service.DriverCommandExecutor.execute(DriverCommandExecutor.java:171)<br />
              org.openqa.selenium.remote.RemoteWebDriver.execute(RemoteWebDriver.java:531)<br />
              org.openqa.selenium.remote.ElementLocation$ElementFinder$2.findElement(ElementLocation.java:165)<br />
              org.openqa.selenium.remote.ElementLocation.findElement(ElementLocation.java:59)<br />
              org.openqa.selenium.remote.RemoteWebDriver.findElement(RemoteWebDriver.java:350)<br />
              org.openqa.selenium.remote.RemoteWebDriver.findElement(RemoteWebDriver.java:344)<br />
              com.ugapp.base.Page.findElement(Page.java:152)<br />
              com.ugapp.pages.CreateAccountPage.validateAccount(CreateAccountPage.java:220)<br />
              com.ugapp.testcases.TC_04_CreateAccountTest.createAccountTest(TC_04_CreateAccountTest.java:51)<br />
              java.base/jdk.internal.reflect.DirectMethodHandleAccessor.invoke(DirectMethodHandleAccessor.java:104)<br />
              java.base/java.lang.reflect.Method.invoke(Method.java:578)<br />
              org.testng.internal.MethodInvocationHelper.invokeMethod(MethodInvocationHelper.java:108)<br />
              org.testng.internal.Invoker.invokeMethod(Invoker.java:661)<br />
              org.testng.internal.Invoker.invokeTestMethod(Invoker.java:869)<br />
              org.testng.internal.Invoker.invokeTestMethods(Invoker.java:1193)<br />
              org.testng.internal.TestMethodWorker.invokeTestMethods(TestMethodWorker.java:126)<br />
              org.testng.internal.TestMethodWorker.run(TestMethodWorker.java:109)<br />
              org.testng.TestRunner.privateRun(TestRunner.java:744)<br />
              org.testng.TestRunner.run(TestRunner.java:602)<br />
              org.testng.SuiteRunner.runTest(SuiteRunner.java:380)<br />
              org.testng.SuiteRunner.runSequentially(SuiteRunner.java:375)<br />
              org.testng.SuiteRunner.privateRun(SuiteRunner.java:340)<br />
              org.testng.SuiteRunner.run(SuiteRunner.java:289)<br />
              org.testng.SuiteRunnerWorker.runSuite(SuiteRunnerWorker.java:52)<br />
              org.testng.SuiteRunnerWorker.run(SuiteRunnerWorker.java:86)<br />
              org.testng.TestNG.runSuitesSequentially(TestNG.java:1301)<br />
              org.testng.TestNG.runSuitesLocally(TestNG.java:1226)<br />
              org.testng.TestNG.runSuites(TestNG.java:1144)<br />
              org.testng.TestNG.run(TestNG.java:1115)<br />
              org.testng.remote.AbstractRemoteTestNG.run(AbstractRemoteTestNG.java:115)<br />
              org.testng.remote.RemoteTestNG.initAndRun(RemoteTestNG.java:251)<br />
              org.testng.remote.RemoteTestNG.main(RemoteTestNG.java:77)<br />
                </div>
      </td>
</tr>
<tr>
  <td class="method">
                  createAccountTest
      </td>
  <td class="duration">
    8.750s
  </td>
  <td class="result">
        
          <i>Method arguments: </i><span class="arguments">{password=Testsadasda, email=Testug@asu.edu, Runmode=Y, repassword=Testsadasda, reemail=Testug@asu.edu}</span><br />
    
            <div class="testOutput">
                        Click to see Screenshot
                                <a target="_blank" href=Thu_Sep_14_17_14_52_IST_2023.jpg>Screenshot</a>
                                <br>
                                <br>
                                <a target="_blank" href=Thu_Sep_14_17_14_52_IST_2023.jpg><img src=Thu_Sep_14_17_14_52_IST_2023.jpg height=200 width=200></img></a>
                  </div>
    

        <a href="javascript:toggleElement('exception-3', 'block')" title="Click to expand/collapse"><b>org.openqa.selenium.NoSuchElementException: no such element: Unable to locate element: {&quot;method&quot;:&quot;xpath&quot;,&quot;selector&quot;:&quot;//li[contains(text(),&apos;The password must contain at least 1 number.&apos; )]&quot;}<br/>
&nbsp; (Session info: chrome=117.0.5938.62)<br/>
For documentation on this error, please visit: https://www.selenium.dev/documentation/webdriver/troubleshooting/errors#no-such-element-exception<br/>
Build info: version: &apos;4.10.0&apos;, revision: &apos;c14d967899&apos;<br/>
System info: os.name: &apos;Mac OS X&apos;, os.arch: &apos;x86_64&apos;, os.version: &apos;12.6.8&apos;, java.version: &apos;20.0.2&apos;<br/>
Driver info: org.openqa.selenium.chrome.ChromeDriver<br/>
Command: [d4c1bae51c10938cb30df5fc80b0798f, findElement {using=xpath, value=//li[contains(text(),&apos;The password must contain at least 1 number.&apos; )]}]<br/>
Capabilities {acceptInsecureCerts: false, browserName: chrome, browserVersion: 117.0.5938.62, chrome: {chromedriverVersion: 117.0.5938.62 (25a7172909a4..., userDataDir: /var/folders/5m/4nc0x2kn289...}, fedcm:accounts: true, goog:chromeOptions: {debuggerAddress: localhost:64645}, networkConnectionEnabled: false, pageLoadStrategy: normal, platformName: mac, proxy: Proxy(), se:cdp: ws://localhost:64645/devtoo..., se:cdpVersion: 117.0.5938.62, setWindowRect: true, strictFileInteractability: false, timeouts: {implicit: 0, pageLoad: 300000, script: 30000}, unhandledPromptBehavior: dismiss and notify, webauthn:extension:credBlob: true, webauthn:extension:largeBlob: true, webauthn:extension:minPinLength: true, webauthn:extension:prf: true, webauthn:virtualAuthenticators: true}<br/>
Session ID: d4c1bae51c10938cb30df5fc80b0798f</b></a><br />
    <div class="stackTrace" id="exception-3">
              java.base/jdk.internal.reflect.DirectConstructorHandleAccessor.newInstance(DirectConstructorHandleAccessor.java:67)<br />
              java.base/java.lang.reflect.Constructor.newInstanceWithCaller(Constructor.java:500)<br />
              java.base/java.lang.reflect.Constructor.newInstance(Constructor.java:484)<br />
              org.openqa.selenium.remote.codec.w3c.W3CHttpResponseCodec.createException(W3CHttpResponseCodec.java:199)<br />
              org.openqa.selenium.remote.codec.w3c.W3CHttpResponseCodec.decode(W3CHttpResponseCodec.java:132)<br />
              org.openqa.selenium.remote.codec.w3c.W3CHttpResponseCodec.decode(W3CHttpResponseCodec.java:51)<br />
              org.openqa.selenium.remote.HttpCommandExecutor.execute(HttpCommandExecutor.java:191)<br />
              org.openqa.selenium.remote.service.DriverCommandExecutor.invokeExecute(DriverCommandExecutor.java:196)<br />
              org.openqa.selenium.remote.service.DriverCommandExecutor.execute(DriverCommandExecutor.java:171)<br />
              org.openqa.selenium.remote.RemoteWebDriver.execute(RemoteWebDriver.java:531)<br />
              org.openqa.selenium.remote.ElementLocation$ElementFinder$2.findElement(ElementLocation.java:165)<br />
              org.openqa.selenium.remote.ElementLocation.findElement(ElementLocation.java:59)<br />
              org.openqa.selenium.remote.RemoteWebDriver.findElement(RemoteWebDriver.java:350)<br />
              org.openqa.selenium.remote.RemoteWebDriver.findElement(RemoteWebDriver.java:344)<br />
              com.ugapp.base.Page.findElement(Page.java:152)<br />
              com.ugapp.pages.CreateAccountPage.validateAccount(CreateAccountPage.java:180)<br />
              com.ugapp.testcases.TC_04_CreateAccountTest.createAccountTest(TC_04_CreateAccountTest.java:51)<br />
              java.base/jdk.internal.reflect.DirectMethodHandleAccessor.invoke(DirectMethodHandleAccessor.java:104)<br />
              java.base/java.lang.reflect.Method.invoke(Method.java:578)<br />
              org.testng.internal.MethodInvocationHelper.invokeMethod(MethodInvocationHelper.java:108)<br />
              org.testng.internal.Invoker.invokeMethod(Invoker.java:661)<br />
              org.testng.internal.Invoker.invokeTestMethod(Invoker.java:869)<br />
              org.testng.internal.Invoker.invokeTestMethods(Invoker.java:1193)<br />
              org.testng.internal.TestMethodWorker.invokeTestMethods(TestMethodWorker.java:126)<br />
              org.testng.internal.TestMethodWorker.run(TestMethodWorker.java:109)<br />
              org.testng.TestRunner.privateRun(TestRunner.java:744)<br />
              org.testng.TestRunner.run(TestRunner.java:602)<br />
              org.testng.SuiteRunner.runTest(SuiteRunner.java:380)<br />
              org.testng.SuiteRunner.runSequentially(SuiteRunner.java:375)<br />
              org.testng.SuiteRunner.privateRun(SuiteRunner.java:340)<br />
              org.testng.SuiteRunner.run(SuiteRunner.java:289)<br />
              org.testng.SuiteRunnerWorker.runSuite(SuiteRunnerWorker.java:52)<br />
              org.testng.SuiteRunnerWorker.run(SuiteRunnerWorker.java:86)<br />
              org.testng.TestNG.runSuitesSequentially(TestNG.java:1301)<br />
              org.testng.TestNG.runSuitesLocally(TestNG.java:1226)<br />
              org.testng.TestNG.runSuites(TestNG.java:1144)<br />
              org.testng.TestNG.run(TestNG.java:1115)<br />
              org.testng.remote.AbstractRemoteTestNG.run(AbstractRemoteTestNG.java:115)<br />
              org.testng.remote.RemoteTestNG.initAndRun(RemoteTestNG.java:251)<br />
              org.testng.remote.RemoteTestNG.main(RemoteTestNG.java:77)<br />
                </div>
      </td>
</tr>
<tr>
  <td class="method">
                  createAccountTest
      </td>
  <td class="duration">
    8.717s
  </td>
  <td class="result">
        
          <i>Method arguments: </i><span class="arguments">{password=Test12, email=Testug, Runmode=Y, repassword=Test12, reemail=Testug@asu.edu}</span><br />
    
            <div class="testOutput">
                        Click to see Screenshot
                                <a target="_blank" href=Thu_Sep_14_17_14_24_IST_2023.jpg>Screenshot</a>
                                <br>
                                <br>
                                <a target="_blank" href=Thu_Sep_14_17_14_24_IST_2023.jpg><img src=Thu_Sep_14_17_14_24_IST_2023.jpg height=200 width=200></img></a>
                  </div>
    

        <a href="javascript:toggleElement('exception-4', 'block')" title="Click to expand/collapse"><b>java.lang.NullPointerException: Cannot invoke &quot;org.openqa.selenium.WebElement.getText()&quot; because the return value of &quot;com.ugapp.pages.CreateAccountPage.findElement(String)&quot; is null</b></a><br />
    <div class="stackTrace" id="exception-4">
              com.ugapp.pages.CreateAccountPage.validateAccount(CreateAccountPage.java:121)<br />
              com.ugapp.testcases.TC_04_CreateAccountTest.createAccountTest(TC_04_CreateAccountTest.java:51)<br />
              java.base/jdk.internal.reflect.DirectMethodHandleAccessor.invoke(DirectMethodHandleAccessor.java:104)<br />
              java.base/java.lang.reflect.Method.invoke(Method.java:578)<br />
              org.testng.internal.MethodInvocationHelper.invokeMethod(MethodInvocationHelper.java:108)<br />
              org.testng.internal.Invoker.invokeMethod(Invoker.java:661)<br />
              org.testng.internal.Invoker.invokeTestMethod(Invoker.java:869)<br />
              org.testng.internal.Invoker.invokeTestMethods(Invoker.java:1193)<br />
              org.testng.internal.TestMethodWorker.invokeTestMethods(TestMethodWorker.java:126)<br />
              org.testng.internal.TestMethodWorker.run(TestMethodWorker.java:109)<br />
              org.testng.TestRunner.privateRun(TestRunner.java:744)<br />
              org.testng.TestRunner.run(TestRunner.java:602)<br />
              org.testng.SuiteRunner.runTest(SuiteRunner.java:380)<br />
              org.testng.SuiteRunner.runSequentially(SuiteRunner.java:375)<br />
              org.testng.SuiteRunner.privateRun(SuiteRunner.java:340)<br />
              org.testng.SuiteRunner.run(SuiteRunner.java:289)<br />
              org.testng.SuiteRunnerWorker.runSuite(SuiteRunnerWorker.java:52)<br />
              org.testng.SuiteRunnerWorker.run(SuiteRunnerWorker.java:86)<br />
              org.testng.TestNG.runSuitesSequentially(TestNG.java:1301)<br />
              org.testng.TestNG.runSuitesLocally(TestNG.java:1226)<br />
              org.testng.TestNG.runSuites(TestNG.java:1144)<br />
              org.testng.TestNG.run(TestNG.java:1115)<br />
              org.testng.remote.AbstractRemoteTestNG.run(AbstractRemoteTestNG.java:115)<br />
              org.testng.remote.RemoteTestNG.initAndRun(RemoteTestNG.java:251)<br />
              org.testng.remote.RemoteTestNG.main(RemoteTestNG.java:77)<br />
                </div>
      </td>
</tr>
      </table>


  <table class="resultsTable">
    <tr><th colspan="3" class="header passed">Passed Tests</th></tr>
          <tr>
        <td colspan="3" class="group">com.ugapp.testcases.TC_04_CreateAccountTest</td>
      </tr>
            
<tr>
  <td class="method">
                  createAccountTest
      </td>
  <td class="duration">
    10.289s
  </td>
  <td class="result">
        
          <i>Method arguments: </i><span class="arguments">{password=Test123123123, email=Testug@asu.edu, Runmode=Y, repassword=Test123123123, reemail=Testug@asu.edu}</span><br />
    
        

      </td>
</tr>
<tr>
  <td class="method">
                  verifyCreateAcc
      </td>
  <td class="duration">
    0.154s
  </td>
  <td class="result">
        
    
        

      </td>
</tr>
      </table>
  
</body>
</html>
