<?xml version="1.0" encoding="utf-8" ?>
<!DOCTYPE html PUBLIC "-//W3C//DTD XHTML 1.0 Strict//EN"
        "http://www.w3.org/TR/xhtml1/DTD/xhtml1-strict.dtd">
<html xmlns="http://www.w3.org/1999/xhtml" xml:lang="" lang="">
<head>
  <title>Test Results Report - Re My Information page Test</title>
  <meta http-equiv="Content-Type" content="text/html;charset=utf-8" />
  <meta name="description" content="TestNG unit test results." />
  <link href="reportng.css" rel="stylesheet" type="text/css" />
    <script type="text/javascript" src="reportng.js"></script>
</head>
<body>
<h1>Re My Information page Test</h1>
<p>
  Test duration: 34.342s
</p>



  <table class="resultsTable">
    <tr><th colspan="3" class="header failed">Failed Tests</th></tr>
          <tr>
        <td colspan="3" class="group">com.ugapp.testcases.TC_09_MyInformationPageTest</td>
      </tr>
            
<tr>
  <td class="method">
                  DupApp_ASU_affiliate_IDTest
      </td>
  <td class="duration">
    0.099s
  </td>
  <td class="result">
        
          <i>Method arguments: </i><span class="arguments">"12", "13"</span><br />
    
        

        <a href="javascript:toggleElement('exception-0', 'block')" title="Click to expand/collapse"><b>org.openqa.selenium.NoSuchElementException: no such element: Unable to locate element: {&quot;method&quot;:&quot;xpath&quot;,&quot;selector&quot;:&quot;//span[.=&apos; What is your ASU Affiliate ID?&apos;]&quot;}<br/>
&nbsp; (Session info: chrome=124.0.6367.91)<br/>
For documentation on this error, please visit: https://www.selenium.dev/documentation/webdriver/troubleshooting/errors#no-such-element-exception<br/>
Build info: version: &apos;4.20.0&apos;, revision: &apos;866c76ca80&apos;<br/>
System info: os.name: &apos;Mac OS X&apos;, os.arch: &apos;x86_64&apos;, os.version: &apos;12.7.2&apos;, java.version: &apos;20.0.2&apos;<br/>
Driver info: org.openqa.selenium.chrome.ChromeDriver<br/>
Command: [a788bead00e0edc900a8bb0dd7e0b6c8, findElement {value=//span[.=&apos; What is your ASU Affiliate ID?&apos;], using=xpath}]<br/>
Capabilities {acceptInsecureCerts: false, browserName: chrome, browserVersion: 124.0.6367.91, chrome: {chromedriverVersion: 124.0.6367.91 (51df0e5e17a8...}, fedcm:accounts: true, goog:chromeOptions: {debuggerAddress: localhost:58517}, pageLoadStrategy: normal, platformName: any, proxy: Proxy(), se:cdp: ws://localhost:58517/devtoo..., se:cdpVersion: 124.0.6367.91, setWindowRect: false, strictFileInteractability: false, timeouts: {implicit: 0, pageLoad: 300000, script: 30000}, unhandledPromptBehavior: dismiss and notify, webauthn:extension:credBlob: true, webauthn:extension:largeBlob: true, webauthn:extension:minPinLength: true, webauthn:extension:prf: true, webauthn:virtualAuthenticators: true}<br/>
Session ID: a788bead00e0edc900a8bb0dd7e0b6c8</b></a><br />
    <div class="stackTrace" id="exception-0">
              java.base/jdk.internal.reflect.DirectConstructorHandleAccessor.newInstance(DirectConstructorHandleAccessor.java:67)<br />
              java.base/java.lang.reflect.Constructor.newInstanceWithCaller(Constructor.java:500)<br />
              java.base/java.lang.reflect.Constructor.newInstance(Constructor.java:484)<br />
              org.openqa.selenium.remote.ErrorCodec.decode(ErrorCodec.java:167)<br />
              org.openqa.selenium.remote.codec.w3c.W3CHttpResponseCodec.decode(W3CHttpResponseCodec.java:138)<br />
              org.openqa.selenium.remote.codec.w3c.W3CHttpResponseCodec.decode(W3CHttpResponseCodec.java:50)<br />
              org.openqa.selenium.remote.HttpCommandExecutor.execute(HttpCommandExecutor.java:190)<br />
              org.openqa.selenium.remote.service.DriverCommandExecutor.invokeExecute(DriverCommandExecutor.java:216)<br />
              org.openqa.selenium.remote.service.DriverCommandExecutor.execute(DriverCommandExecutor.java:174)<br />
              org.openqa.selenium.remote.RemoteWebDriver.execute(RemoteWebDriver.java:518)<br />
              org.openqa.selenium.remote.ElementLocation$ElementFinder$2.findElement(ElementLocation.java:165)<br />
              org.openqa.selenium.remote.ElementLocation.findElement(ElementLocation.java:59)<br />
              org.openqa.selenium.remote.RemoteWebDriver.findElement(RemoteWebDriver.java:355)<br />
              org.openqa.selenium.remote.RemoteWebDriver.findElement(RemoteWebDriver.java:349)<br />
              com.ugapp.pages.MyInformationPage.DupApp_ASU_affiliate_ID(MyInformationPage.java:2291)<br />
              com.ugapp.testcases.TC_09_MyInformationPageTest.DupApp_ASU_affiliate_IDTest(TC_09_MyInformationPageTest.java:247)<br />
              java.base/jdk.internal.reflect.DirectMethodHandleAccessor.invoke(DirectMethodHandleAccessor.java:104)<br />
              java.base/java.lang.reflect.Method.invoke(Method.java:578)<br />
              org.testng.internal.invokers.MethodInvocationHelper.invokeMethod(MethodInvocationHelper.java:139)<br />
              org.testng.internal.invokers.TestInvoker.invokeMethod(TestInvoker.java:664)<br />
              org.testng.internal.invokers.TestInvoker.invokeTestMethod(TestInvoker.java:227)<br />
              org.testng.internal.invokers.MethodRunner.runInSequence(MethodRunner.java:50)<br />
              org.testng.internal.invokers.TestInvoker$MethodInvocationAgent.invoke(TestInvoker.java:957)<br />
              org.testng.internal.invokers.TestInvoker.invokeTestMethods(TestInvoker.java:200)<br />
              org.testng.internal.invokers.TestMethodWorker.invokeTestMethods(TestMethodWorker.java:148)<br />
              org.testng.internal.invokers.TestMethodWorker.run(TestMethodWorker.java:128)<br />
              java.base/java.util.ArrayList.forEach(ArrayList.java:1511)<br />
              org.testng.TestRunner.privateRun(TestRunner.java:848)<br />
              org.testng.TestRunner.run(TestRunner.java:621)<br />
              org.testng.SuiteRunner.runTest(SuiteRunner.java:443)<br />
              org.testng.SuiteRunner.runSequentially(SuiteRunner.java:437)<br />
              org.testng.SuiteRunner.privateRun(SuiteRunner.java:397)<br />
              org.testng.SuiteRunner.run(SuiteRunner.java:336)<br />
              org.testng.SuiteRunnerWorker.runSuite(SuiteRunnerWorker.java:52)<br />
              org.testng.SuiteRunnerWorker.run(SuiteRunnerWorker.java:95)<br />
              org.testng.TestNG.runSuitesSequentially(TestNG.java:1280)<br />
              org.testng.TestNG.runSuitesLocally(TestNG.java:1200)<br />
              org.testng.TestNG.runSuites(TestNG.java:1114)<br />
              org.testng.TestNG.run(TestNG.java:1082)<br />
              org.testng.remote.AbstractRemoteTestNG.run(AbstractRemoteTestNG.java:115)<br />
              org.testng.remote.RemoteTestNG.initAndRun(RemoteTestNG.java:251)<br />
              org.testng.remote.RemoteTestNG.main(RemoteTestNG.java:77)<br />
                </div>
      </td>
</tr>
<tr>
  <td class="method">
                  NoneOfTheseApply_MilitaryTest
      </td>
  <td class="duration">
    0.027s
  </td>
  <td class="result">
        
          <i>Method arguments: </i><span class="arguments">"12", "13"</span><br />
    
        

        <a href="javascript:toggleElement('exception-1', 'block')" title="Click to expand/collapse"><b>org.openqa.selenium.NoSuchElementException: no such element: Unable to locate element: {&quot;method&quot;:&quot;xpath&quot;,&quot;selector&quot;:&quot;//span[.=&apos; Affiliation to U.S. Uniformed Services&apos;]&quot;}<br/>
&nbsp; (Session info: chrome=124.0.6367.91)<br/>
For documentation on this error, please visit: https://www.selenium.dev/documentation/webdriver/troubleshooting/errors#no-such-element-exception<br/>
Build info: version: &apos;4.20.0&apos;, revision: &apos;866c76ca80&apos;<br/>
System info: os.name: &apos;Mac OS X&apos;, os.arch: &apos;x86_64&apos;, os.version: &apos;12.7.2&apos;, java.version: &apos;20.0.2&apos;<br/>
Driver info: org.openqa.selenium.chrome.ChromeDriver<br/>
Command: [a788bead00e0edc900a8bb0dd7e0b6c8, findElement {value=//span[.=&apos; Affiliation to U.S. Uniformed Services&apos;], using=xpath}]<br/>
Capabilities {acceptInsecureCerts: false, browserName: chrome, browserVersion: 124.0.6367.91, chrome: {chromedriverVersion: 124.0.6367.91 (51df0e5e17a8...}, fedcm:accounts: true, goog:chromeOptions: {debuggerAddress: localhost:58517}, pageLoadStrategy: normal, platformName: any, proxy: Proxy(), se:cdp: ws://localhost:58517/devtoo..., se:cdpVersion: 124.0.6367.91, setWindowRect: false, strictFileInteractability: false, timeouts: {implicit: 0, pageLoad: 300000, script: 30000}, unhandledPromptBehavior: dismiss and notify, webauthn:extension:credBlob: true, webauthn:extension:largeBlob: true, webauthn:extension:minPinLength: true, webauthn:extension:prf: true, webauthn:virtualAuthenticators: true}<br/>
Session ID: a788bead00e0edc900a8bb0dd7e0b6c8</b></a><br />
    <div class="stackTrace" id="exception-1">
              java.base/jdk.internal.reflect.DirectConstructorHandleAccessor.newInstance(DirectConstructorHandleAccessor.java:67)<br />
              java.base/java.lang.reflect.Constructor.newInstanceWithCaller(Constructor.java:500)<br />
              java.base/java.lang.reflect.Constructor.newInstance(Constructor.java:484)<br />
              org.openqa.selenium.remote.ErrorCodec.decode(ErrorCodec.java:167)<br />
              org.openqa.selenium.remote.codec.w3c.W3CHttpResponseCodec.decode(W3CHttpResponseCodec.java:138)<br />
              org.openqa.selenium.remote.codec.w3c.W3CHttpResponseCodec.decode(W3CHttpResponseCodec.java:50)<br />
              org.openqa.selenium.remote.HttpCommandExecutor.execute(HttpCommandExecutor.java:190)<br />
              org.openqa.selenium.remote.service.DriverCommandExecutor.invokeExecute(DriverCommandExecutor.java:216)<br />
              org.openqa.selenium.remote.service.DriverCommandExecutor.execute(DriverCommandExecutor.java:174)<br />
              org.openqa.selenium.remote.RemoteWebDriver.execute(RemoteWebDriver.java:518)<br />
              org.openqa.selenium.remote.ElementLocation$ElementFinder$2.findElement(ElementLocation.java:165)<br />
              org.openqa.selenium.remote.ElementLocation.findElement(ElementLocation.java:59)<br />
              org.openqa.selenium.remote.RemoteWebDriver.findElement(RemoteWebDriver.java:355)<br />
              org.openqa.selenium.remote.RemoteWebDriver.findElement(RemoteWebDriver.java:349)<br />
              com.ugapp.pages.MyInformationPage.NoneOfTheseApply_Military(MyInformationPage.java:2723)<br />
              com.ugapp.testcases.TC_09_MyInformationPageTest.NoneOfTheseApply_MilitaryTest(TC_09_MyInformationPageTest.java:278)<br />
              java.base/jdk.internal.reflect.DirectMethodHandleAccessor.invoke(DirectMethodHandleAccessor.java:104)<br />
              java.base/java.lang.reflect.Method.invoke(Method.java:578)<br />
              org.testng.internal.invokers.MethodInvocationHelper.invokeMethod(MethodInvocationHelper.java:139)<br />
              org.testng.internal.invokers.TestInvoker.invokeMethod(TestInvoker.java:664)<br />
              org.testng.internal.invokers.TestInvoker.invokeTestMethod(TestInvoker.java:227)<br />
              org.testng.internal.invokers.MethodRunner.runInSequence(MethodRunner.java:50)<br />
              org.testng.internal.invokers.TestInvoker$MethodInvocationAgent.invoke(TestInvoker.java:957)<br />
              org.testng.internal.invokers.TestInvoker.invokeTestMethods(TestInvoker.java:200)<br />
              org.testng.internal.invokers.TestMethodWorker.invokeTestMethods(TestMethodWorker.java:148)<br />
              org.testng.internal.invokers.TestMethodWorker.run(TestMethodWorker.java:128)<br />
              java.base/java.util.ArrayList.forEach(ArrayList.java:1511)<br />
              org.testng.TestRunner.privateRun(TestRunner.java:848)<br />
              org.testng.TestRunner.run(TestRunner.java:621)<br />
              org.testng.SuiteRunner.runTest(SuiteRunner.java:443)<br />
              org.testng.SuiteRunner.runSequentially(SuiteRunner.java:437)<br />
              org.testng.SuiteRunner.privateRun(SuiteRunner.java:397)<br />
              org.testng.SuiteRunner.run(SuiteRunner.java:336)<br />
              org.testng.SuiteRunnerWorker.runSuite(SuiteRunnerWorker.java:52)<br />
              org.testng.SuiteRunnerWorker.run(SuiteRunnerWorker.java:95)<br />
              org.testng.TestNG.runSuitesSequentially(TestNG.java:1280)<br />
              org.testng.TestNG.runSuitesLocally(TestNG.java:1200)<br />
              org.testng.TestNG.runSuites(TestNG.java:1114)<br />
              org.testng.TestNG.run(TestNG.java:1082)<br />
              org.testng.remote.AbstractRemoteTestNG.run(AbstractRemoteTestNG.java:115)<br />
              org.testng.remote.RemoteTestNG.initAndRun(RemoteTestNG.java:251)<br />
              org.testng.remote.RemoteTestNG.main(RemoteTestNG.java:77)<br />
                </div>
      </td>
</tr>
<tr>
  <td class="method">
                  Not_US_Citizenship
      </td>
  <td class="duration">
    0.067s
  </td>
  <td class="result">
        
    
        

        <a href="javascript:toggleElement('exception-2', 'block')" title="Click to expand/collapse"><b>org.openqa.selenium.JavascriptException: javascript error: Cannot read properties of null (reading &apos;scrollIntoView&apos;)<br/>
&nbsp; (Session info: chrome=124.0.6367.91)<br/>
Build info: version: &apos;4.20.0&apos;, revision: &apos;866c76ca80&apos;<br/>
System info: os.name: &apos;Mac OS X&apos;, os.arch: &apos;x86_64&apos;, os.version: &apos;12.7.2&apos;, java.version: &apos;20.0.2&apos;<br/>
Driver info: org.openqa.selenium.chrome.ChromeDriver<br/>
Command: [a788bead00e0edc900a8bb0dd7e0b6c8, executeScript {script=arguments[0].scrollIntoView({block: &apos;center&apos;});, args=[null]}]<br/>
Capabilities {acceptInsecureCerts: false, browserName: chrome, browserVersion: 124.0.6367.91, chrome: {chromedriverVersion: 124.0.6367.91 (51df0e5e17a8...}, fedcm:accounts: true, goog:chromeOptions: {debuggerAddress: localhost:58517}, pageLoadStrategy: normal, platformName: any, proxy: Proxy(), se:cdp: ws://localhost:58517/devtoo..., se:cdpVersion: 124.0.6367.91, setWindowRect: false, strictFileInteractability: false, timeouts: {implicit: 0, pageLoad: 300000, script: 30000}, unhandledPromptBehavior: dismiss and notify, webauthn:extension:credBlob: true, webauthn:extension:largeBlob: true, webauthn:extension:minPinLength: true, webauthn:extension:prf: true, webauthn:virtualAuthenticators: true}<br/>
Session ID: a788bead00e0edc900a8bb0dd7e0b6c8</b></a><br />
    <div class="stackTrace" id="exception-2">
              java.base/jdk.internal.reflect.DirectConstructorHandleAccessor.newInstance(DirectConstructorHandleAccessor.java:67)<br />
              java.base/java.lang.reflect.Constructor.newInstanceWithCaller(Constructor.java:500)<br />
              java.base/java.lang.reflect.Constructor.newInstance(Constructor.java:484)<br />
              org.openqa.selenium.remote.ErrorCodec.decode(ErrorCodec.java:167)<br />
              org.openqa.selenium.remote.codec.w3c.W3CHttpResponseCodec.decode(W3CHttpResponseCodec.java:138)<br />
              org.openqa.selenium.remote.codec.w3c.W3CHttpResponseCodec.decode(W3CHttpResponseCodec.java:50)<br />
              org.openqa.selenium.remote.HttpCommandExecutor.execute(HttpCommandExecutor.java:190)<br />
              org.openqa.selenium.remote.service.DriverCommandExecutor.invokeExecute(DriverCommandExecutor.java:216)<br />
              org.openqa.selenium.remote.service.DriverCommandExecutor.execute(DriverCommandExecutor.java:174)<br />
              org.openqa.selenium.remote.RemoteWebDriver.execute(RemoteWebDriver.java:518)<br />
              org.openqa.selenium.remote.RemoteWebDriver.executeScript(RemoteWebDriver.java:463)<br />
              com.ugapp.pages.MyInformationPage.NotUSctizenship(MyInformationPage.java:2799)<br />
              com.ugapp.testcases.TC_09_MyInformationPageTest.Not_US_Citizenship(TC_09_MyInformationPageTest.java:167)<br />
              java.base/jdk.internal.reflect.DirectMethodHandleAccessor.invoke(DirectMethodHandleAccessor.java:104)<br />
              java.base/java.lang.reflect.Method.invoke(Method.java:578)<br />
              org.testng.internal.invokers.MethodInvocationHelper.invokeMethod(MethodInvocationHelper.java:139)<br />
              org.testng.internal.invokers.TestInvoker.invokeMethod(TestInvoker.java:664)<br />
              org.testng.internal.invokers.TestInvoker.invokeTestMethod(TestInvoker.java:227)<br />
              org.testng.internal.invokers.MethodRunner.runInSequence(MethodRunner.java:50)<br />
              org.testng.internal.invokers.TestInvoker$MethodInvocationAgent.invoke(TestInvoker.java:957)<br />
              org.testng.internal.invokers.TestInvoker.invokeTestMethods(TestInvoker.java:200)<br />
              org.testng.internal.invokers.TestMethodWorker.invokeTestMethods(TestMethodWorker.java:148)<br />
              org.testng.internal.invokers.TestMethodWorker.run(TestMethodWorker.java:128)<br />
              java.base/java.util.ArrayList.forEach(ArrayList.java:1511)<br />
              org.testng.TestRunner.privateRun(TestRunner.java:848)<br />
              org.testng.TestRunner.run(TestRunner.java:621)<br />
              org.testng.SuiteRunner.runTest(SuiteRunner.java:443)<br />
              org.testng.SuiteRunner.runSequentially(SuiteRunner.java:437)<br />
              org.testng.SuiteRunner.privateRun(SuiteRunner.java:397)<br />
              org.testng.SuiteRunner.run(SuiteRunner.java:336)<br />
              org.testng.SuiteRunnerWorker.runSuite(SuiteRunnerWorker.java:52)<br />
              org.testng.SuiteRunnerWorker.run(SuiteRunnerWorker.java:95)<br />
              org.testng.TestNG.runSuitesSequentially(TestNG.java:1280)<br />
              org.testng.TestNG.runSuitesLocally(TestNG.java:1200)<br />
              org.testng.TestNG.runSuites(TestNG.java:1114)<br />
              org.testng.TestNG.run(TestNG.java:1082)<br />
              org.testng.remote.AbstractRemoteTestNG.run(AbstractRemoteTestNG.java:115)<br />
              org.testng.remote.RemoteTestNG.initAndRun(RemoteTestNG.java:251)<br />
              org.testng.remote.RemoteTestNG.main(RemoteTestNG.java:77)<br />
                </div>
      </td>
</tr>
<tr>
  <td class="method">
                  Partner_benefitsTest
      </td>
  <td class="duration">
    0.019s
  </td>
  <td class="result">
        
          <i>Method arguments: </i><span class="arguments">"12", "13"</span><br />
    
        

        <a href="javascript:toggleElement('exception-3', 'block')" title="Click to expand/collapse"><b>org.openqa.selenium.NoSuchElementException: no such element: Unable to locate element: {&quot;method&quot;:&quot;xpath&quot;,&quot;selector&quot;:&quot;//span[.=&apos; Partner benefits&apos;]&quot;}<br/>
&nbsp; (Session info: chrome=124.0.6367.91)<br/>
For documentation on this error, please visit: https://www.selenium.dev/documentation/webdriver/troubleshooting/errors#no-such-element-exception<br/>
Build info: version: &apos;4.20.0&apos;, revision: &apos;866c76ca80&apos;<br/>
System info: os.name: &apos;Mac OS X&apos;, os.arch: &apos;x86_64&apos;, os.version: &apos;12.7.2&apos;, java.version: &apos;20.0.2&apos;<br/>
Driver info: org.openqa.selenium.chrome.ChromeDriver<br/>
Command: [a788bead00e0edc900a8bb0dd7e0b6c8, findElement {value=//span[.=&apos; Partner benefits&apos;], using=xpath}]<br/>
Capabilities {acceptInsecureCerts: false, browserName: chrome, browserVersion: 124.0.6367.91, chrome: {chromedriverVersion: 124.0.6367.91 (51df0e5e17a8...}, fedcm:accounts: true, goog:chromeOptions: {debuggerAddress: localhost:58517}, pageLoadStrategy: normal, platformName: any, proxy: Proxy(), se:cdp: ws://localhost:58517/devtoo..., se:cdpVersion: 124.0.6367.91, setWindowRect: false, strictFileInteractability: false, timeouts: {implicit: 0, pageLoad: 300000, script: 30000}, unhandledPromptBehavior: dismiss and notify, webauthn:extension:credBlob: true, webauthn:extension:largeBlob: true, webauthn:extension:minPinLength: true, webauthn:extension:prf: true, webauthn:virtualAuthenticators: true}<br/>
Session ID: a788bead00e0edc900a8bb0dd7e0b6c8</b></a><br />
    <div class="stackTrace" id="exception-3">
              java.base/jdk.internal.reflect.DirectConstructorHandleAccessor.newInstance(DirectConstructorHandleAccessor.java:67)<br />
              java.base/java.lang.reflect.Constructor.newInstanceWithCaller(Constructor.java:500)<br />
              java.base/java.lang.reflect.Constructor.newInstance(Constructor.java:484)<br />
              org.openqa.selenium.remote.ErrorCodec.decode(ErrorCodec.java:167)<br />
              org.openqa.selenium.remote.codec.w3c.W3CHttpResponseCodec.decode(W3CHttpResponseCodec.java:138)<br />
              org.openqa.selenium.remote.codec.w3c.W3CHttpResponseCodec.decode(W3CHttpResponseCodec.java:50)<br />
              org.openqa.selenium.remote.HttpCommandExecutor.execute(HttpCommandExecutor.java:190)<br />
              org.openqa.selenium.remote.service.DriverCommandExecutor.invokeExecute(DriverCommandExecutor.java:216)<br />
              org.openqa.selenium.remote.service.DriverCommandExecutor.execute(DriverCommandExecutor.java:174)<br />
              org.openqa.selenium.remote.RemoteWebDriver.execute(RemoteWebDriver.java:518)<br />
              org.openqa.selenium.remote.ElementLocation$ElementFinder$2.findElement(ElementLocation.java:165)<br />
              org.openqa.selenium.remote.ElementLocation.findElement(ElementLocation.java:59)<br />
              org.openqa.selenium.remote.RemoteWebDriver.findElement(RemoteWebDriver.java:355)<br />
              org.openqa.selenium.remote.RemoteWebDriver.findElement(RemoteWebDriver.java:349)<br />
              com.ugapp.pages.MyInformationPage.Partner_benefits(MyInformationPage.java:2740)<br />
              com.ugapp.testcases.TC_09_MyInformationPageTest.Partner_benefitsTest(TC_09_MyInformationPageTest.java:296)<br />
              java.base/jdk.internal.reflect.DirectMethodHandleAccessor.invoke(DirectMethodHandleAccessor.java:104)<br />
              java.base/java.lang.reflect.Method.invoke(Method.java:578)<br />
              org.testng.internal.invokers.MethodInvocationHelper.invokeMethod(MethodInvocationHelper.java:139)<br />
              org.testng.internal.invokers.TestInvoker.invokeMethod(TestInvoker.java:664)<br />
              org.testng.internal.invokers.TestInvoker.invokeTestMethod(TestInvoker.java:227)<br />
              org.testng.internal.invokers.MethodRunner.runInSequence(MethodRunner.java:50)<br />
              org.testng.internal.invokers.TestInvoker$MethodInvocationAgent.invoke(TestInvoker.java:957)<br />
              org.testng.internal.invokers.TestInvoker.invokeTestMethods(TestInvoker.java:200)<br />
              org.testng.internal.invokers.TestMethodWorker.invokeTestMethods(TestMethodWorker.java:148)<br />
              org.testng.internal.invokers.TestMethodWorker.run(TestMethodWorker.java:128)<br />
              java.base/java.util.ArrayList.forEach(ArrayList.java:1511)<br />
              org.testng.TestRunner.privateRun(TestRunner.java:848)<br />
              org.testng.TestRunner.run(TestRunner.java:621)<br />
              org.testng.SuiteRunner.runTest(SuiteRunner.java:443)<br />
              org.testng.SuiteRunner.runSequentially(SuiteRunner.java:437)<br />
              org.testng.SuiteRunner.privateRun(SuiteRunner.java:397)<br />
              org.testng.SuiteRunner.run(SuiteRunner.java:336)<br />
              org.testng.SuiteRunnerWorker.runSuite(SuiteRunnerWorker.java:52)<br />
              org.testng.SuiteRunnerWorker.run(SuiteRunnerWorker.java:95)<br />
              org.testng.TestNG.runSuitesSequentially(TestNG.java:1280)<br />
              org.testng.TestNG.runSuitesLocally(TestNG.java:1200)<br />
              org.testng.TestNG.runSuites(TestNG.java:1114)<br />
              org.testng.TestNG.run(TestNG.java:1082)<br />
              org.testng.remote.AbstractRemoteTestNG.run(AbstractRemoteTestNG.java:115)<br />
              org.testng.remote.RemoteTestNG.initAndRun(RemoteTestNG.java:251)<br />
              org.testng.remote.RemoteTestNG.main(RemoteTestNG.java:77)<br />
                </div>
      </td>
</tr>
<tr>
  <td class="method">
                  Previous_ASU_affiliationTest
      </td>
  <td class="duration">
    2.292s
  </td>
  <td class="result">
        
          <i>Method arguments: </i><span class="arguments">"12", "13"</span><br />
    
        

        <a href="javascript:toggleElement('exception-4', 'block')" title="Click to expand/collapse"><b>org.openqa.selenium.NoSuchElementException: no such element: Unable to locate element: {&quot;method&quot;:&quot;xpath&quot;,&quot;selector&quot;:&quot;//div[@id=&apos;asu_affiliation_checkbox_group&apos;]&quot;}<br/>
&nbsp; (Session info: chrome=124.0.6367.91)<br/>
For documentation on this error, please visit: https://www.selenium.dev/documentation/webdriver/troubleshooting/errors#no-such-element-exception<br/>
Build info: version: &apos;4.20.0&apos;, revision: &apos;866c76ca80&apos;<br/>
System info: os.name: &apos;Mac OS X&apos;, os.arch: &apos;x86_64&apos;, os.version: &apos;12.7.2&apos;, java.version: &apos;20.0.2&apos;<br/>
Driver info: org.openqa.selenium.chrome.ChromeDriver<br/>
Command: [a788bead00e0edc900a8bb0dd7e0b6c8, findElement {value=//div[@id=&apos;asu_affiliation_checkbox_group&apos;], using=xpath}]<br/>
Capabilities {acceptInsecureCerts: false, browserName: chrome, browserVersion: 124.0.6367.91, chrome: {chromedriverVersion: 124.0.6367.91 (51df0e5e17a8...}, fedcm:accounts: true, goog:chromeOptions: {debuggerAddress: localhost:58517}, pageLoadStrategy: normal, platformName: any, proxy: Proxy(), se:cdp: ws://localhost:58517/devtoo..., se:cdpVersion: 124.0.6367.91, setWindowRect: false, strictFileInteractability: false, timeouts: {implicit: 0, pageLoad: 300000, script: 30000}, unhandledPromptBehavior: dismiss and notify, webauthn:extension:credBlob: true, webauthn:extension:largeBlob: true, webauthn:extension:minPinLength: true, webauthn:extension:prf: true, webauthn:virtualAuthenticators: true}<br/>
Session ID: a788bead00e0edc900a8bb0dd7e0b6c8</b></a><br />
    <div class="stackTrace" id="exception-4">
              java.base/jdk.internal.reflect.DirectConstructorHandleAccessor.newInstance(DirectConstructorHandleAccessor.java:67)<br />
              java.base/java.lang.reflect.Constructor.newInstanceWithCaller(Constructor.java:500)<br />
              java.base/java.lang.reflect.Constructor.newInstance(Constructor.java:484)<br />
              org.openqa.selenium.remote.ErrorCodec.decode(ErrorCodec.java:167)<br />
              org.openqa.selenium.remote.codec.w3c.W3CHttpResponseCodec.decode(W3CHttpResponseCodec.java:138)<br />
              org.openqa.selenium.remote.codec.w3c.W3CHttpResponseCodec.decode(W3CHttpResponseCodec.java:50)<br />
              org.openqa.selenium.remote.HttpCommandExecutor.execute(HttpCommandExecutor.java:190)<br />
              org.openqa.selenium.remote.service.DriverCommandExecutor.invokeExecute(DriverCommandExecutor.java:216)<br />
              org.openqa.selenium.remote.service.DriverCommandExecutor.execute(DriverCommandExecutor.java:174)<br />
              org.openqa.selenium.remote.RemoteWebDriver.execute(RemoteWebDriver.java:518)<br />
              org.openqa.selenium.remote.ElementLocation$ElementFinder$2.findElement(ElementLocation.java:165)<br />
              org.openqa.selenium.remote.ElementLocation.findElement(ElementLocation.java:59)<br />
              org.openqa.selenium.remote.RemoteWebDriver.findElement(RemoteWebDriver.java:355)<br />
              org.openqa.selenium.remote.RemoteWebDriver.findElement(RemoteWebDriver.java:349)<br />
              com.ugapp.pages.MyInformationPage.Previous_ASU_affiliation(MyInformationPage.java:2229)<br />
              com.ugapp.testcases.TC_09_MyInformationPageTest.Previous_ASU_affiliationTest(TC_09_MyInformationPageTest.java:233)<br />
              java.base/jdk.internal.reflect.DirectMethodHandleAccessor.invoke(DirectMethodHandleAccessor.java:104)<br />
              java.base/java.lang.reflect.Method.invoke(Method.java:578)<br />
              org.testng.internal.invokers.MethodInvocationHelper.invokeMethod(MethodInvocationHelper.java:139)<br />
              org.testng.internal.invokers.TestInvoker.invokeMethod(TestInvoker.java:664)<br />
              org.testng.internal.invokers.TestInvoker.invokeTestMethod(TestInvoker.java:227)<br />
              org.testng.internal.invokers.MethodRunner.runInSequence(MethodRunner.java:50)<br />
              org.testng.internal.invokers.TestInvoker$MethodInvocationAgent.invoke(TestInvoker.java:957)<br />
              org.testng.internal.invokers.TestInvoker.invokeTestMethods(TestInvoker.java:200)<br />
              org.testng.internal.invokers.TestMethodWorker.invokeTestMethods(TestMethodWorker.java:148)<br />
              org.testng.internal.invokers.TestMethodWorker.run(TestMethodWorker.java:128)<br />
              java.base/java.util.ArrayList.forEach(ArrayList.java:1511)<br />
              org.testng.TestRunner.privateRun(TestRunner.java:848)<br />
              org.testng.TestRunner.run(TestRunner.java:621)<br />
              org.testng.SuiteRunner.runTest(SuiteRunner.java:443)<br />
              org.testng.SuiteRunner.runSequentially(SuiteRunner.java:437)<br />
              org.testng.SuiteRunner.privateRun(SuiteRunner.java:397)<br />
              org.testng.SuiteRunner.run(SuiteRunner.java:336)<br />
              org.testng.SuiteRunnerWorker.runSuite(SuiteRunnerWorker.java:52)<br />
              org.testng.SuiteRunnerWorker.run(SuiteRunnerWorker.java:95)<br />
              org.testng.TestNG.runSuitesSequentially(TestNG.java:1280)<br />
              org.testng.TestNG.runSuitesLocally(TestNG.java:1200)<br />
              org.testng.TestNG.runSuites(TestNG.java:1114)<br />
              org.testng.TestNG.run(TestNG.java:1082)<br />
              org.testng.remote.AbstractRemoteTestNG.run(AbstractRemoteTestNG.java:115)<br />
              org.testng.remote.RemoteTestNG.initAndRun(RemoteTestNG.java:251)<br />
              org.testng.remote.RemoteTestNG.main(RemoteTestNG.java:77)<br />
                </div>
      </td>
</tr>
<tr>
  <td class="method">
                  PrimaryLangTest
      </td>
  <td class="duration">
    0.038s
  </td>
  <td class="result">
        
          <i>Method arguments: </i><span class="arguments">"12", "13"</span><br />
    
        

        <a href="javascript:toggleElement('exception-5', 'block')" title="Click to expand/collapse"><b>org.openqa.selenium.NoSuchElementException: no such element: Unable to locate element: {&quot;method&quot;:&quot;xpath&quot;,&quot;selector&quot;:&quot;//div[@id=&apos;primary_language_select&apos;]&quot;}<br/>
&nbsp; (Session info: chrome=124.0.6367.91)<br/>
For documentation on this error, please visit: https://www.selenium.dev/documentation/webdriver/troubleshooting/errors#no-such-element-exception<br/>
Build info: version: &apos;4.20.0&apos;, revision: &apos;866c76ca80&apos;<br/>
System info: os.name: &apos;Mac OS X&apos;, os.arch: &apos;x86_64&apos;, os.version: &apos;12.7.2&apos;, java.version: &apos;20.0.2&apos;<br/>
Driver info: org.openqa.selenium.chrome.ChromeDriver<br/>
Command: [a788bead00e0edc900a8bb0dd7e0b6c8, findElement {value=//div[@id=&apos;primary_language_select&apos;], using=xpath}]<br/>
Capabilities {acceptInsecureCerts: false, browserName: chrome, browserVersion: 124.0.6367.91, chrome: {chromedriverVersion: 124.0.6367.91 (51df0e5e17a8...}, fedcm:accounts: true, goog:chromeOptions: {debuggerAddress: localhost:58517}, pageLoadStrategy: normal, platformName: any, proxy: Proxy(), se:cdp: ws://localhost:58517/devtoo..., se:cdpVersion: 124.0.6367.91, setWindowRect: false, strictFileInteractability: false, timeouts: {implicit: 0, pageLoad: 300000, script: 30000}, unhandledPromptBehavior: dismiss and notify, webauthn:extension:credBlob: true, webauthn:extension:largeBlob: true, webauthn:extension:minPinLength: true, webauthn:extension:prf: true, webauthn:virtualAuthenticators: true}<br/>
Session ID: a788bead00e0edc900a8bb0dd7e0b6c8</b></a><br />
    <div class="stackTrace" id="exception-5">
              java.base/jdk.internal.reflect.DirectConstructorHandleAccessor.newInstance(DirectConstructorHandleAccessor.java:67)<br />
              java.base/java.lang.reflect.Constructor.newInstanceWithCaller(Constructor.java:500)<br />
              java.base/java.lang.reflect.Constructor.newInstance(Constructor.java:484)<br />
              org.openqa.selenium.remote.ErrorCodec.decode(ErrorCodec.java:167)<br />
              org.openqa.selenium.remote.codec.w3c.W3CHttpResponseCodec.decode(W3CHttpResponseCodec.java:138)<br />
              org.openqa.selenium.remote.codec.w3c.W3CHttpResponseCodec.decode(W3CHttpResponseCodec.java:50)<br />
              org.openqa.selenium.remote.HttpCommandExecutor.execute(HttpCommandExecutor.java:190)<br />
              org.openqa.selenium.remote.service.DriverCommandExecutor.invokeExecute(DriverCommandExecutor.java:216)<br />
              org.openqa.selenium.remote.service.DriverCommandExecutor.execute(DriverCommandExecutor.java:174)<br />
              org.openqa.selenium.remote.RemoteWebDriver.execute(RemoteWebDriver.java:518)<br />
              org.openqa.selenium.remote.ElementLocation$ElementFinder$2.findElement(ElementLocation.java:165)<br />
              org.openqa.selenium.remote.ElementLocation.findElement(ElementLocation.java:59)<br />
              org.openqa.selenium.remote.RemoteWebDriver.findElement(RemoteWebDriver.java:355)<br />
              org.openqa.selenium.remote.RemoteWebDriver.findElement(RemoteWebDriver.java:349)<br />
              com.ugapp.pages.MyInformationPage.ChoosePrimageLanguage(MyInformationPage.java:544)<br />
              com.ugapp.testcases.TC_09_MyInformationPageTest.PrimaryLangTest(TC_09_MyInformationPageTest.java:114)<br />
              java.base/jdk.internal.reflect.DirectMethodHandleAccessor.invoke(DirectMethodHandleAccessor.java:104)<br />
              java.base/java.lang.reflect.Method.invoke(Method.java:578)<br />
              org.testng.internal.invokers.MethodInvocationHelper.invokeMethod(MethodInvocationHelper.java:139)<br />
              org.testng.internal.invokers.TestInvoker.invokeMethod(TestInvoker.java:664)<br />
              org.testng.internal.invokers.TestInvoker.invokeTestMethod(TestInvoker.java:227)<br />
              org.testng.internal.invokers.MethodRunner.runInSequence(MethodRunner.java:50)<br />
              org.testng.internal.invokers.TestInvoker$MethodInvocationAgent.invoke(TestInvoker.java:957)<br />
              org.testng.internal.invokers.TestInvoker.invokeTestMethods(TestInvoker.java:200)<br />
              org.testng.internal.invokers.TestMethodWorker.invokeTestMethods(TestMethodWorker.java:148)<br />
              org.testng.internal.invokers.TestMethodWorker.run(TestMethodWorker.java:128)<br />
              java.base/java.util.ArrayList.forEach(ArrayList.java:1511)<br />
              org.testng.TestRunner.privateRun(TestRunner.java:848)<br />
              org.testng.TestRunner.run(TestRunner.java:621)<br />
              org.testng.SuiteRunner.runTest(SuiteRunner.java:443)<br />
              org.testng.SuiteRunner.runSequentially(SuiteRunner.java:437)<br />
              org.testng.SuiteRunner.privateRun(SuiteRunner.java:397)<br />
              org.testng.SuiteRunner.run(SuiteRunner.java:336)<br />
              org.testng.SuiteRunnerWorker.runSuite(SuiteRunnerWorker.java:52)<br />
              org.testng.SuiteRunnerWorker.run(SuiteRunnerWorker.java:95)<br />
              org.testng.TestNG.runSuitesSequentially(TestNG.java:1280)<br />
              org.testng.TestNG.runSuitesLocally(TestNG.java:1200)<br />
              org.testng.TestNG.runSuites(TestNG.java:1114)<br />
              org.testng.TestNG.run(TestNG.java:1082)<br />
              org.testng.remote.AbstractRemoteTestNG.run(AbstractRemoteTestNG.java:115)<br />
              org.testng.remote.RemoteTestNG.initAndRun(RemoteTestNG.java:251)<br />
              org.testng.remote.RemoteTestNG.main(RemoteTestNG.java:77)<br />
                </div>
      </td>
</tr>
<tr>
  <td class="method">
                  ProfileLinkTest
      </td>
  <td class="duration">
    0.044s
  </td>
  <td class="result">
        
    
        

        <a href="javascript:toggleElement('exception-6', 'block')" title="Click to expand/collapse"><b>org.openqa.selenium.NoSuchElementException: no such element: Unable to locate element: {&quot;method&quot;:&quot;link text&quot;,&quot;selector&quot;:&quot;profile&quot;}<br/>
&nbsp; (Session info: chrome=124.0.6367.91)<br/>
For documentation on this error, please visit: https://www.selenium.dev/documentation/webdriver/troubleshooting/errors#no-such-element-exception<br/>
Build info: version: &apos;4.20.0&apos;, revision: &apos;866c76ca80&apos;<br/>
System info: os.name: &apos;Mac OS X&apos;, os.arch: &apos;x86_64&apos;, os.version: &apos;12.7.2&apos;, java.version: &apos;20.0.2&apos;<br/>
Driver info: org.openqa.selenium.chrome.ChromeDriver<br/>
Command: [a788bead00e0edc900a8bb0dd7e0b6c8, findElement {value=profile, using=link text}]<br/>
Capabilities {acceptInsecureCerts: false, browserName: chrome, browserVersion: 124.0.6367.91, chrome: {chromedriverVersion: 124.0.6367.91 (51df0e5e17a8...}, fedcm:accounts: true, goog:chromeOptions: {debuggerAddress: localhost:58517}, pageLoadStrategy: normal, platformName: any, proxy: Proxy(), se:cdp: ws://localhost:58517/devtoo..., se:cdpVersion: 124.0.6367.91, setWindowRect: false, strictFileInteractability: false, timeouts: {implicit: 0, pageLoad: 300000, script: 30000}, unhandledPromptBehavior: dismiss and notify, webauthn:extension:credBlob: true, webauthn:extension:largeBlob: true, webauthn:extension:minPinLength: true, webauthn:extension:prf: true, webauthn:virtualAuthenticators: true}<br/>
Session ID: a788bead00e0edc900a8bb0dd7e0b6c8</b></a><br />
    <div class="stackTrace" id="exception-6">
              java.base/jdk.internal.reflect.DirectConstructorHandleAccessor.newInstance(DirectConstructorHandleAccessor.java:67)<br />
              java.base/java.lang.reflect.Constructor.newInstanceWithCaller(Constructor.java:500)<br />
              java.base/java.lang.reflect.Constructor.newInstance(Constructor.java:484)<br />
              org.openqa.selenium.remote.ErrorCodec.decode(ErrorCodec.java:167)<br />
              org.openqa.selenium.remote.codec.w3c.W3CHttpResponseCodec.decode(W3CHttpResponseCodec.java:138)<br />
              org.openqa.selenium.remote.codec.w3c.W3CHttpResponseCodec.decode(W3CHttpResponseCodec.java:50)<br />
              org.openqa.selenium.remote.HttpCommandExecutor.execute(HttpCommandExecutor.java:190)<br />
              org.openqa.selenium.remote.service.DriverCommandExecutor.invokeExecute(DriverCommandExecutor.java:216)<br />
              org.openqa.selenium.remote.service.DriverCommandExecutor.execute(DriverCommandExecutor.java:174)<br />
              org.openqa.selenium.remote.RemoteWebDriver.execute(RemoteWebDriver.java:518)<br />
              org.openqa.selenium.remote.ElementLocation$ElementFinder$2.findElement(ElementLocation.java:165)<br />
              org.openqa.selenium.remote.ElementLocation.findElement(ElementLocation.java:59)<br />
              org.openqa.selenium.remote.RemoteWebDriver.findElement(RemoteWebDriver.java:355)<br />
              org.openqa.selenium.remote.RemoteWebDriver.findElement(RemoteWebDriver.java:349)<br />
              com.ugapp.pages.MyInformationPage.ValidateProfileLink(MyInformationPage.java:530)<br />
              com.ugapp.testcases.TC_09_MyInformationPageTest.ProfileLinkTest(TC_09_MyInformationPageTest.java:107)<br />
              java.base/jdk.internal.reflect.DirectMethodHandleAccessor.invoke(DirectMethodHandleAccessor.java:104)<br />
              java.base/java.lang.reflect.Method.invoke(Method.java:578)<br />
              org.testng.internal.invokers.MethodInvocationHelper.invokeMethod(MethodInvocationHelper.java:139)<br />
              org.testng.internal.invokers.TestInvoker.invokeMethod(TestInvoker.java:664)<br />
              org.testng.internal.invokers.TestInvoker.invokeTestMethod(TestInvoker.java:227)<br />
              org.testng.internal.invokers.MethodRunner.runInSequence(MethodRunner.java:50)<br />
              org.testng.internal.invokers.TestInvoker$MethodInvocationAgent.invoke(TestInvoker.java:957)<br />
              org.testng.internal.invokers.TestInvoker.invokeTestMethods(TestInvoker.java:200)<br />
              org.testng.internal.invokers.TestMethodWorker.invokeTestMethods(TestMethodWorker.java:148)<br />
              org.testng.internal.invokers.TestMethodWorker.run(TestMethodWorker.java:128)<br />
              java.base/java.util.ArrayList.forEach(ArrayList.java:1511)<br />
              org.testng.TestRunner.privateRun(TestRunner.java:848)<br />
              org.testng.TestRunner.run(TestRunner.java:621)<br />
              org.testng.SuiteRunner.runTest(SuiteRunner.java:443)<br />
              org.testng.SuiteRunner.runSequentially(SuiteRunner.java:437)<br />
              org.testng.SuiteRunner.privateRun(SuiteRunner.java:397)<br />
              org.testng.SuiteRunner.run(SuiteRunner.java:336)<br />
              org.testng.SuiteRunnerWorker.runSuite(SuiteRunnerWorker.java:52)<br />
              org.testng.SuiteRunnerWorker.run(SuiteRunnerWorker.java:95)<br />
              org.testng.TestNG.runSuitesSequentially(TestNG.java:1280)<br />
              org.testng.TestNG.runSuitesLocally(TestNG.java:1200)<br />
              org.testng.TestNG.runSuites(TestNG.java:1114)<br />
              org.testng.TestNG.run(TestNG.java:1082)<br />
              org.testng.remote.AbstractRemoteTestNG.run(AbstractRemoteTestNG.java:115)<br />
              org.testng.remote.RemoteTestNG.initAndRun(RemoteTestNG.java:251)<br />
              org.testng.remote.RemoteTestNG.main(RemoteTestNG.java:77)<br />
                </div>
      </td>
</tr>
<tr>
  <td class="method">
                  Random_HomeaddressAndPhoneTest
      </td>
  <td class="duration">
    2.025s
  </td>
  <td class="result">
        
          <i>Method arguments: </i><span class="arguments">"12", "13"</span><br />
    
        

        <a href="javascript:toggleElement('exception-7', 'block')" title="Click to expand/collapse"><b>org.openqa.selenium.NoSuchElementException: no such element: Unable to locate element: {&quot;method&quot;:&quot;xpath&quot;,&quot;selector&quot;:&quot;//div[@id=&apos;home-country-select&apos;]&quot;}<br/>
&nbsp; (Session info: chrome=124.0.6367.91)<br/>
For documentation on this error, please visit: https://www.selenium.dev/documentation/webdriver/troubleshooting/errors#no-such-element-exception<br/>
Build info: version: &apos;4.20.0&apos;, revision: &apos;866c76ca80&apos;<br/>
System info: os.name: &apos;Mac OS X&apos;, os.arch: &apos;x86_64&apos;, os.version: &apos;12.7.2&apos;, java.version: &apos;20.0.2&apos;<br/>
Driver info: org.openqa.selenium.chrome.ChromeDriver<br/>
Command: [a788bead00e0edc900a8bb0dd7e0b6c8, findElement {value=//div[@id=&apos;home-country-select&apos;], using=xpath}]<br/>
Capabilities {acceptInsecureCerts: false, browserName: chrome, browserVersion: 124.0.6367.91, chrome: {chromedriverVersion: 124.0.6367.91 (51df0e5e17a8...}, fedcm:accounts: true, goog:chromeOptions: {debuggerAddress: localhost:58517}, pageLoadStrategy: normal, platformName: any, proxy: Proxy(), se:cdp: ws://localhost:58517/devtoo..., se:cdpVersion: 124.0.6367.91, setWindowRect: false, strictFileInteractability: false, timeouts: {implicit: 0, pageLoad: 300000, script: 30000}, unhandledPromptBehavior: dismiss and notify, webauthn:extension:credBlob: true, webauthn:extension:largeBlob: true, webauthn:extension:minPinLength: true, webauthn:extension:prf: true, webauthn:virtualAuthenticators: true}<br/>
Session ID: a788bead00e0edc900a8bb0dd7e0b6c8</b></a><br />
    <div class="stackTrace" id="exception-7">
              java.base/jdk.internal.reflect.DirectConstructorHandleAccessor.newInstance(DirectConstructorHandleAccessor.java:67)<br />
              java.base/java.lang.reflect.Constructor.newInstanceWithCaller(Constructor.java:500)<br />
              java.base/java.lang.reflect.Constructor.newInstance(Constructor.java:484)<br />
              org.openqa.selenium.remote.ErrorCodec.decode(ErrorCodec.java:167)<br />
              org.openqa.selenium.remote.codec.w3c.W3CHttpResponseCodec.decode(W3CHttpResponseCodec.java:138)<br />
              org.openqa.selenium.remote.codec.w3c.W3CHttpResponseCodec.decode(W3CHttpResponseCodec.java:50)<br />
              org.openqa.selenium.remote.HttpCommandExecutor.execute(HttpCommandExecutor.java:190)<br />
              org.openqa.selenium.remote.service.DriverCommandExecutor.invokeExecute(DriverCommandExecutor.java:216)<br />
              org.openqa.selenium.remote.service.DriverCommandExecutor.execute(DriverCommandExecutor.java:174)<br />
              org.openqa.selenium.remote.RemoteWebDriver.execute(RemoteWebDriver.java:518)<br />
              org.openqa.selenium.remote.ElementLocation$ElementFinder$2.findElement(ElementLocation.java:165)<br />
              org.openqa.selenium.remote.ElementLocation.findElement(ElementLocation.java:59)<br />
              org.openqa.selenium.remote.RemoteWebDriver.findElement(RemoteWebDriver.java:355)<br />
              org.openqa.selenium.remote.RemoteWebDriver.findElement(RemoteWebDriver.java:349)<br />
              com.ugapp.pages.MyInformationPage.Random_HomeaddressAndPhone(MyInformationPage.java:630)<br />
              com.ugapp.testcases.TC_09_MyInformationPageTest.Random_HomeaddressAndPhoneTest(TC_09_MyInformationPageTest.java:121)<br />
              java.base/jdk.internal.reflect.DirectMethodHandleAccessor.invoke(DirectMethodHandleAccessor.java:104)<br />
              java.base/java.lang.reflect.Method.invoke(Method.java:578)<br />
              org.testng.internal.invokers.MethodInvocationHelper.invokeMethod(MethodInvocationHelper.java:139)<br />
              org.testng.internal.invokers.TestInvoker.invokeMethod(TestInvoker.java:664)<br />
              org.testng.internal.invokers.TestInvoker.invokeTestMethod(TestInvoker.java:227)<br />
              org.testng.internal.invokers.MethodRunner.runInSequence(MethodRunner.java:50)<br />
              org.testng.internal.invokers.TestInvoker$MethodInvocationAgent.invoke(TestInvoker.java:957)<br />
              org.testng.internal.invokers.TestInvoker.invokeTestMethods(TestInvoker.java:200)<br />
              org.testng.internal.invokers.TestMethodWorker.invokeTestMethods(TestMethodWorker.java:148)<br />
              org.testng.internal.invokers.TestMethodWorker.run(TestMethodWorker.java:128)<br />
              java.base/java.util.ArrayList.forEach(ArrayList.java:1511)<br />
              org.testng.TestRunner.privateRun(TestRunner.java:848)<br />
              org.testng.TestRunner.run(TestRunner.java:621)<br />
              org.testng.SuiteRunner.runTest(SuiteRunner.java:443)<br />
              org.testng.SuiteRunner.runSequentially(SuiteRunner.java:437)<br />
              org.testng.SuiteRunner.privateRun(SuiteRunner.java:397)<br />
              org.testng.SuiteRunner.run(SuiteRunner.java:336)<br />
              org.testng.SuiteRunnerWorker.runSuite(SuiteRunnerWorker.java:52)<br />
              org.testng.SuiteRunnerWorker.run(SuiteRunnerWorker.java:95)<br />
              org.testng.TestNG.runSuitesSequentially(TestNG.java:1280)<br />
              org.testng.TestNG.runSuitesLocally(TestNG.java:1200)<br />
              org.testng.TestNG.runSuites(TestNG.java:1114)<br />
              org.testng.TestNG.run(TestNG.java:1082)<br />
              org.testng.remote.AbstractRemoteTestNG.run(AbstractRemoteTestNG.java:115)<br />
              org.testng.remote.RemoteTestNG.initAndRun(RemoteTestNG.java:251)<br />
              org.testng.remote.RemoteTestNG.main(RemoteTestNG.java:77)<br />
                </div>
      </td>
</tr>
<tr>
  <td class="method">
                  SavePageTest
      </td>
  <td class="duration">
    2.022s
  </td>
  <td class="result">
        
    
        

        <a href="javascript:toggleElement('exception-8', 'block')" title="Click to expand/collapse"><b>org.openqa.selenium.NoSuchElementException: no such element: Unable to locate element: {&quot;method&quot;:&quot;xpath&quot;,&quot;selector&quot;:&quot;//div[@id=&apos;home-country-select&apos;]&quot;}<br/>
&nbsp; (Session info: chrome=124.0.6367.91)<br/>
For documentation on this error, please visit: https://www.selenium.dev/documentation/webdriver/troubleshooting/errors#no-such-element-exception<br/>
Build info: version: &apos;4.20.0&apos;, revision: &apos;866c76ca80&apos;<br/>
System info: os.name: &apos;Mac OS X&apos;, os.arch: &apos;x86_64&apos;, os.version: &apos;12.7.2&apos;, java.version: &apos;20.0.2&apos;<br/>
Driver info: org.openqa.selenium.chrome.ChromeDriver<br/>
Command: [a788bead00e0edc900a8bb0dd7e0b6c8, findElement {value=//div[@id=&apos;home-country-select&apos;], using=xpath}]<br/>
Capabilities {acceptInsecureCerts: false, browserName: chrome, browserVersion: 124.0.6367.91, chrome: {chromedriverVersion: 124.0.6367.91 (51df0e5e17a8...}, fedcm:accounts: true, goog:chromeOptions: {debuggerAddress: localhost:58517}, pageLoadStrategy: normal, platformName: any, proxy: Proxy(), se:cdp: ws://localhost:58517/devtoo..., se:cdpVersion: 124.0.6367.91, setWindowRect: false, strictFileInteractability: false, timeouts: {implicit: 0, pageLoad: 300000, script: 30000}, unhandledPromptBehavior: dismiss and notify, webauthn:extension:credBlob: true, webauthn:extension:largeBlob: true, webauthn:extension:minPinLength: true, webauthn:extension:prf: true, webauthn:virtualAuthenticators: true}<br/>
Session ID: a788bead00e0edc900a8bb0dd7e0b6c8</b></a><br />
    <div class="stackTrace" id="exception-8">
              java.base/jdk.internal.reflect.DirectConstructorHandleAccessor.newInstance(DirectConstructorHandleAccessor.java:67)<br />
              java.base/java.lang.reflect.Constructor.newInstanceWithCaller(Constructor.java:500)<br />
              java.base/java.lang.reflect.Constructor.newInstance(Constructor.java:484)<br />
              org.openqa.selenium.remote.ErrorCodec.decode(ErrorCodec.java:167)<br />
              org.openqa.selenium.remote.codec.w3c.W3CHttpResponseCodec.decode(W3CHttpResponseCodec.java:138)<br />
              org.openqa.selenium.remote.codec.w3c.W3CHttpResponseCodec.decode(W3CHttpResponseCodec.java:50)<br />
              org.openqa.selenium.remote.HttpCommandExecutor.execute(HttpCommandExecutor.java:190)<br />
              org.openqa.selenium.remote.service.DriverCommandExecutor.invokeExecute(DriverCommandExecutor.java:216)<br />
              org.openqa.selenium.remote.service.DriverCommandExecutor.execute(DriverCommandExecutor.java:174)<br />
              org.openqa.selenium.remote.RemoteWebDriver.execute(RemoteWebDriver.java:518)<br />
              org.openqa.selenium.remote.ElementLocation$ElementFinder$2.findElement(ElementLocation.java:165)<br />
              org.openqa.selenium.remote.ElementLocation.findElement(ElementLocation.java:59)<br />
              org.openqa.selenium.remote.RemoteWebDriver.findElement(RemoteWebDriver.java:355)<br />
              org.openqa.selenium.remote.RemoteWebDriver.findElement(RemoteWebDriver.java:349)<br />
              com.ugapp.pages.MyInformationPage.SaveThePage(MyInformationPage.java:3632)<br />
              com.ugapp.testcases.TC_09_MyInformationPageTest.SavePageTest(TC_09_MyInformationPageTest.java:315)<br />
              java.base/jdk.internal.reflect.DirectMethodHandleAccessor.invoke(DirectMethodHandleAccessor.java:104)<br />
              java.base/java.lang.reflect.Method.invoke(Method.java:578)<br />
              org.testng.internal.invokers.MethodInvocationHelper.invokeMethod(MethodInvocationHelper.java:139)<br />
              org.testng.internal.invokers.TestInvoker.invokeMethod(TestInvoker.java:664)<br />
              org.testng.internal.invokers.TestInvoker.invokeTestMethod(TestInvoker.java:227)<br />
              org.testng.internal.invokers.MethodRunner.runInSequence(MethodRunner.java:50)<br />
              org.testng.internal.invokers.TestInvoker$MethodInvocationAgent.invoke(TestInvoker.java:957)<br />
              org.testng.internal.invokers.TestInvoker.invokeTestMethods(TestInvoker.java:200)<br />
              org.testng.internal.invokers.TestMethodWorker.invokeTestMethods(TestMethodWorker.java:148)<br />
              org.testng.internal.invokers.TestMethodWorker.run(TestMethodWorker.java:128)<br />
              java.base/java.util.ArrayList.forEach(ArrayList.java:1511)<br />
              org.testng.TestRunner.privateRun(TestRunner.java:848)<br />
              org.testng.TestRunner.run(TestRunner.java:621)<br />
              org.testng.SuiteRunner.runTest(SuiteRunner.java:443)<br />
              org.testng.SuiteRunner.runSequentially(SuiteRunner.java:437)<br />
              org.testng.SuiteRunner.privateRun(SuiteRunner.java:397)<br />
              org.testng.SuiteRunner.run(SuiteRunner.java:336)<br />
              org.testng.SuiteRunnerWorker.runSuite(SuiteRunnerWorker.java:52)<br />
              org.testng.SuiteRunnerWorker.run(SuiteRunnerWorker.java:95)<br />
              org.testng.TestNG.runSuitesSequentially(TestNG.java:1280)<br />
              org.testng.TestNG.runSuitesLocally(TestNG.java:1200)<br />
              org.testng.TestNG.runSuites(TestNG.java:1114)<br />
              org.testng.TestNG.run(TestNG.java:1082)<br />
              org.testng.remote.AbstractRemoteTestNG.run(AbstractRemoteTestNG.java:115)<br />
              org.testng.remote.RemoteTestNG.initAndRun(RemoteTestNG.java:251)<br />
              org.testng.remote.RemoteTestNG.main(RemoteTestNG.java:77)<br />
                </div>
      </td>
</tr>
<tr>
  <td class="method">
                  chooseLegalsexTest
      </td>
  <td class="duration">
    6.068s
  </td>
  <td class="result">
        
          <i>Method arguments: </i><span class="arguments">"12", "13"</span><br />
    
        

        <a href="javascript:toggleElement('exception-9', 'block')" title="Click to expand/collapse"><b>org.openqa.selenium.NoSuchElementException: no such element: Unable to locate element: {&quot;method&quot;:&quot;xpath&quot;,&quot;selector&quot;:&quot;//input[@name=&apos;legal_sex_group&apos;]&quot;}<br/>
&nbsp; (Session info: chrome=124.0.6367.91)<br/>
For documentation on this error, please visit: https://www.selenium.dev/documentation/webdriver/troubleshooting/errors#no-such-element-exception<br/>
Build info: version: &apos;4.20.0&apos;, revision: &apos;866c76ca80&apos;<br/>
System info: os.name: &apos;Mac OS X&apos;, os.arch: &apos;x86_64&apos;, os.version: &apos;12.7.2&apos;, java.version: &apos;20.0.2&apos;<br/>
Driver info: org.openqa.selenium.chrome.ChromeDriver<br/>
Command: [a788bead00e0edc900a8bb0dd7e0b6c8, findElement {value=//input[@name=&apos;legal_sex_group&apos;], using=xpath}]<br/>
Capabilities {acceptInsecureCerts: false, browserName: chrome, browserVersion: 124.0.6367.91, chrome: {chromedriverVersion: 124.0.6367.91 (51df0e5e17a8...}, fedcm:accounts: true, goog:chromeOptions: {debuggerAddress: localhost:58517}, pageLoadStrategy: normal, platformName: any, proxy: Proxy(), se:cdp: ws://localhost:58517/devtoo..., se:cdpVersion: 124.0.6367.91, setWindowRect: false, strictFileInteractability: false, timeouts: {implicit: 0, pageLoad: 300000, script: 30000}, unhandledPromptBehavior: dismiss and notify, webauthn:extension:credBlob: true, webauthn:extension:largeBlob: true, webauthn:extension:minPinLength: true, webauthn:extension:prf: true, webauthn:virtualAuthenticators: true}<br/>
Session ID: a788bead00e0edc900a8bb0dd7e0b6c8</b></a><br />
    <div class="stackTrace" id="exception-9">
              java.base/jdk.internal.reflect.DirectConstructorHandleAccessor.newInstance(DirectConstructorHandleAccessor.java:67)<br />
              java.base/java.lang.reflect.Constructor.newInstanceWithCaller(Constructor.java:500)<br />
              java.base/java.lang.reflect.Constructor.newInstance(Constructor.java:484)<br />
              org.openqa.selenium.remote.ErrorCodec.decode(ErrorCodec.java:167)<br />
              org.openqa.selenium.remote.codec.w3c.W3CHttpResponseCodec.decode(W3CHttpResponseCodec.java:138)<br />
              org.openqa.selenium.remote.codec.w3c.W3CHttpResponseCodec.decode(W3CHttpResponseCodec.java:50)<br />
              org.openqa.selenium.remote.HttpCommandExecutor.execute(HttpCommandExecutor.java:190)<br />
              org.openqa.selenium.remote.service.DriverCommandExecutor.invokeExecute(DriverCommandExecutor.java:216)<br />
              org.openqa.selenium.remote.service.DriverCommandExecutor.execute(DriverCommandExecutor.java:174)<br />
              org.openqa.selenium.remote.RemoteWebDriver.execute(RemoteWebDriver.java:518)<br />
              org.openqa.selenium.remote.ElementLocation$ElementFinder$2.findElement(ElementLocation.java:165)<br />
              org.openqa.selenium.remote.ElementLocation.findElement(ElementLocation.java:59)<br />
              org.openqa.selenium.remote.RemoteWebDriver.findElement(RemoteWebDriver.java:355)<br />
              org.openqa.selenium.remote.RemoteWebDriver.findElement(RemoteWebDriver.java:349)<br />
              com.ugapp.pages.MyInformationPage.chooseLegalSex(MyInformationPage.java:480)<br />
              com.ugapp.testcases.TC_09_MyInformationPageTest.chooseLegalsexTest(TC_09_MyInformationPageTest.java:102)<br />
              java.base/jdk.internal.reflect.DirectMethodHandleAccessor.invoke(DirectMethodHandleAccessor.java:104)<br />
              java.base/java.lang.reflect.Method.invoke(Method.java:578)<br />
              org.testng.internal.invokers.MethodInvocationHelper.invokeMethod(MethodInvocationHelper.java:139)<br />
              org.testng.internal.invokers.TestInvoker.invokeMethod(TestInvoker.java:664)<br />
              org.testng.internal.invokers.TestInvoker.invokeTestMethod(TestInvoker.java:227)<br />
              org.testng.internal.invokers.MethodRunner.runInSequence(MethodRunner.java:50)<br />
              org.testng.internal.invokers.TestInvoker$MethodInvocationAgent.invoke(TestInvoker.java:957)<br />
              org.testng.internal.invokers.TestInvoker.invokeTestMethods(TestInvoker.java:200)<br />
              org.testng.internal.invokers.TestMethodWorker.invokeTestMethods(TestMethodWorker.java:148)<br />
              org.testng.internal.invokers.TestMethodWorker.run(TestMethodWorker.java:128)<br />
              java.base/java.util.ArrayList.forEach(ArrayList.java:1511)<br />
              org.testng.TestRunner.privateRun(TestRunner.java:848)<br />
              org.testng.TestRunner.run(TestRunner.java:621)<br />
              org.testng.SuiteRunner.runTest(SuiteRunner.java:443)<br />
              org.testng.SuiteRunner.runSequentially(SuiteRunner.java:437)<br />
              org.testng.SuiteRunner.privateRun(SuiteRunner.java:397)<br />
              org.testng.SuiteRunner.run(SuiteRunner.java:336)<br />
              org.testng.SuiteRunnerWorker.runSuite(SuiteRunnerWorker.java:52)<br />
              org.testng.SuiteRunnerWorker.run(SuiteRunnerWorker.java:95)<br />
              org.testng.TestNG.runSuitesSequentially(TestNG.java:1280)<br />
              org.testng.TestNG.runSuitesLocally(TestNG.java:1200)<br />
              org.testng.TestNG.runSuites(TestNG.java:1114)<br />
              org.testng.TestNG.run(TestNG.java:1082)<br />
              org.testng.remote.AbstractRemoteTestNG.run(AbstractRemoteTestNG.java:115)<br />
              org.testng.remote.RemoteTestNG.initAndRun(RemoteTestNG.java:251)<br />
              org.testng.remote.RemoteTestNG.main(RemoteTestNG.java:77)<br />
                </div>
      </td>
</tr>
<tr>
  <td class="method">
                  validateMyInfoPage
      </td>
  <td class="duration">
    21.596s
  </td>
  <td class="result">
        
    
        

        <a href="javascript:toggleElement('exception-10', 'block')" title="Click to expand/collapse"><b>org.openqa.selenium.TimeoutException: Expected condition failed: waiting for visibility of element located by By.xpath: //span[.=&apos;My information&apos;] (tried for 20 second(s) with 500 milliseconds interval)<br/>
Build info: version: &apos;4.20.0&apos;, revision: &apos;866c76ca80&apos;<br/>
System info: os.name: &apos;Mac OS X&apos;, os.arch: &apos;x86_64&apos;, os.version: &apos;12.7.2&apos;, java.version: &apos;20.0.2&apos;<br/>
Driver info: org.openqa.selenium.chrome.ChromeDriver<br/>
Capabilities {acceptInsecureCerts: false, browserName: chrome, browserVersion: 124.0.6367.91, chrome: {chromedriverVersion: 124.0.6367.91 (51df0e5e17a8...}, fedcm:accounts: true, goog:chromeOptions: {debuggerAddress: localhost:58517}, pageLoadStrategy: normal, platformName: any, proxy: Proxy(), se:cdp: ws://localhost:58517/devtoo..., se:cdpVersion: 124.0.6367.91, setWindowRect: false, strictFileInteractability: false, timeouts: {implicit: 0, pageLoad: 300000, script: 30000}, unhandledPromptBehavior: dismiss and notify, webauthn:extension:credBlob: true, webauthn:extension:largeBlob: true, webauthn:extension:minPinLength: true, webauthn:extension:prf: true, webauthn:virtualAuthenticators: true}<br/>
Session ID: a788bead00e0edc900a8bb0dd7e0b6c8</b></a><br />
    <div class="stackTrace" id="exception-10">
              org.openqa.selenium.support.ui.WebDriverWait.timeoutException(WebDriverWait.java:84)<br />
              org.openqa.selenium.support.ui.FluentWait.until(FluentWait.java:228)<br />
              com.ugapp.pages.MyInformationPage.lambda$0(MyInformationPage.java:56)<br />
              com.ugapp.base.Page.retryUntilStable(Page.java:920)<br />
              com.ugapp.pages.MyInformationPage.ValidateForMyInfo(MyInformationPage.java:56)<br />
              com.ugapp.testcases.TC_09_MyInformationPageTest.validateMyInfoPage(TC_09_MyInformationPageTest.java:24)<br />
              java.base/jdk.internal.reflect.DirectMethodHandleAccessor.invoke(DirectMethodHandleAccessor.java:104)<br />
              java.base/java.lang.reflect.Method.invoke(Method.java:578)<br />
              org.testng.internal.invokers.MethodInvocationHelper.invokeMethod(MethodInvocationHelper.java:139)<br />
              org.testng.internal.invokers.TestInvoker.invokeMethod(TestInvoker.java:664)<br />
              org.testng.internal.invokers.TestInvoker.invokeTestMethod(TestInvoker.java:227)<br />
              org.testng.internal.invokers.MethodRunner.runInSequence(MethodRunner.java:50)<br />
              org.testng.internal.invokers.TestInvoker$MethodInvocationAgent.invoke(TestInvoker.java:957)<br />
              org.testng.internal.invokers.TestInvoker.invokeTestMethods(TestInvoker.java:200)<br />
              org.testng.internal.invokers.TestMethodWorker.invokeTestMethods(TestMethodWorker.java:148)<br />
              org.testng.internal.invokers.TestMethodWorker.run(TestMethodWorker.java:128)<br />
              java.base/java.util.ArrayList.forEach(ArrayList.java:1511)<br />
              org.testng.TestRunner.privateRun(TestRunner.java:848)<br />
              org.testng.TestRunner.run(TestRunner.java:621)<br />
              org.testng.SuiteRunner.runTest(SuiteRunner.java:443)<br />
              org.testng.SuiteRunner.runSequentially(SuiteRunner.java:437)<br />
              org.testng.SuiteRunner.privateRun(SuiteRunner.java:397)<br />
              org.testng.SuiteRunner.run(SuiteRunner.java:336)<br />
              org.testng.SuiteRunnerWorker.runSuite(SuiteRunnerWorker.java:52)<br />
              org.testng.SuiteRunnerWorker.run(SuiteRunnerWorker.java:95)<br />
              org.testng.TestNG.runSuitesSequentially(TestNG.java:1280)<br />
              org.testng.TestNG.runSuitesLocally(TestNG.java:1200)<br />
              org.testng.TestNG.runSuites(TestNG.java:1114)<br />
              org.testng.TestNG.run(TestNG.java:1082)<br />
              org.testng.remote.AbstractRemoteTestNG.run(AbstractRemoteTestNG.java:115)<br />
              org.testng.remote.RemoteTestNG.initAndRun(RemoteTestNG.java:251)<br />
              org.testng.remote.RemoteTestNG.main(RemoteTestNG.java:77)<br />
                </div>
      </td>
</tr>
<tr>
  <td class="method">
                  visaType_DACA_UDTest
      </td>
  <td class="duration">
    0.045s
  </td>
  <td class="result">
        
          <i>Method arguments: </i><span class="arguments">"12", "13"</span><br />
    
        

        <a href="javascript:toggleElement('exception-11', 'block')" title="Click to expand/collapse"><b>org.openqa.selenium.JavascriptException: javascript error: Cannot read properties of null (reading &apos;scrollIntoView&apos;)<br/>
&nbsp; (Session info: chrome=124.0.6367.91)<br/>
Build info: version: &apos;4.20.0&apos;, revision: &apos;866c76ca80&apos;<br/>
System info: os.name: &apos;Mac OS X&apos;, os.arch: &apos;x86_64&apos;, os.version: &apos;12.7.2&apos;, java.version: &apos;20.0.2&apos;<br/>
Driver info: org.openqa.selenium.chrome.ChromeDriver<br/>
Command: [a788bead00e0edc900a8bb0dd7e0b6c8, executeScript {script=arguments[0].scrollIntoView({block: &apos;center&apos;});, args=[null]}]<br/>
Capabilities {acceptInsecureCerts: false, browserName: chrome, browserVersion: 124.0.6367.91, chrome: {chromedriverVersion: 124.0.6367.91 (51df0e5e17a8...}, fedcm:accounts: true, goog:chromeOptions: {debuggerAddress: localhost:58517}, pageLoadStrategy: normal, platformName: any, proxy: Proxy(), se:cdp: ws://localhost:58517/devtoo..., se:cdpVersion: 124.0.6367.91, setWindowRect: false, strictFileInteractability: false, timeouts: {implicit: 0, pageLoad: 300000, script: 30000}, unhandledPromptBehavior: dismiss and notify, webauthn:extension:credBlob: true, webauthn:extension:largeBlob: true, webauthn:extension:minPinLength: true, webauthn:extension:prf: true, webauthn:virtualAuthenticators: true}<br/>
Session ID: a788bead00e0edc900a8bb0dd7e0b6c8</b></a><br />
    <div class="stackTrace" id="exception-11">
              java.base/jdk.internal.reflect.DirectConstructorHandleAccessor.newInstance(DirectConstructorHandleAccessor.java:67)<br />
              java.base/java.lang.reflect.Constructor.newInstanceWithCaller(Constructor.java:500)<br />
              java.base/java.lang.reflect.Constructor.newInstance(Constructor.java:484)<br />
              org.openqa.selenium.remote.ErrorCodec.decode(ErrorCodec.java:167)<br />
              org.openqa.selenium.remote.codec.w3c.W3CHttpResponseCodec.decode(W3CHttpResponseCodec.java:138)<br />
              org.openqa.selenium.remote.codec.w3c.W3CHttpResponseCodec.decode(W3CHttpResponseCodec.java:50)<br />
              org.openqa.selenium.remote.HttpCommandExecutor.execute(HttpCommandExecutor.java:190)<br />
              org.openqa.selenium.remote.service.DriverCommandExecutor.invokeExecute(DriverCommandExecutor.java:216)<br />
              org.openqa.selenium.remote.service.DriverCommandExecutor.execute(DriverCommandExecutor.java:174)<br />
              org.openqa.selenium.remote.RemoteWebDriver.execute(RemoteWebDriver.java:518)<br />
              org.openqa.selenium.remote.RemoteWebDriver.executeScript(RemoteWebDriver.java:463)<br />
              com.ugapp.pages.MyInformationPage.visaType_DACA_UD(MyInformationPage.java:3323)<br />
              com.ugapp.testcases.TC_09_MyInformationPageTest.visaType_DACA_UDTest(TC_09_MyInformationPageTest.java:203)<br />
              java.base/jdk.internal.reflect.DirectMethodHandleAccessor.invoke(DirectMethodHandleAccessor.java:104)<br />
              java.base/java.lang.reflect.Method.invoke(Method.java:578)<br />
              org.testng.internal.invokers.MethodInvocationHelper.invokeMethod(MethodInvocationHelper.java:139)<br />
              org.testng.internal.invokers.TestInvoker.invokeMethod(TestInvoker.java:664)<br />
              org.testng.internal.invokers.TestInvoker.invokeTestMethod(TestInvoker.java:227)<br />
              org.testng.internal.invokers.MethodRunner.runInSequence(MethodRunner.java:50)<br />
              org.testng.internal.invokers.TestInvoker$MethodInvocationAgent.invoke(TestInvoker.java:957)<br />
              org.testng.internal.invokers.TestInvoker.invokeTestMethods(TestInvoker.java:200)<br />
              org.testng.internal.invokers.TestMethodWorker.invokeTestMethods(TestMethodWorker.java:148)<br />
              org.testng.internal.invokers.TestMethodWorker.run(TestMethodWorker.java:128)<br />
              java.base/java.util.ArrayList.forEach(ArrayList.java:1511)<br />
              org.testng.TestRunner.privateRun(TestRunner.java:848)<br />
              org.testng.TestRunner.run(TestRunner.java:621)<br />
              org.testng.SuiteRunner.runTest(SuiteRunner.java:443)<br />
              org.testng.SuiteRunner.runSequentially(SuiteRunner.java:437)<br />
              org.testng.SuiteRunner.privateRun(SuiteRunner.java:397)<br />
              org.testng.SuiteRunner.run(SuiteRunner.java:336)<br />
              org.testng.SuiteRunnerWorker.runSuite(SuiteRunnerWorker.java:52)<br />
              org.testng.SuiteRunnerWorker.run(SuiteRunnerWorker.java:95)<br />
              org.testng.TestNG.runSuitesSequentially(TestNG.java:1280)<br />
              org.testng.TestNG.runSuitesLocally(TestNG.java:1200)<br />
              org.testng.TestNG.runSuites(TestNG.java:1114)<br />
              org.testng.TestNG.run(TestNG.java:1082)<br />
              org.testng.remote.AbstractRemoteTestNG.run(AbstractRemoteTestNG.java:115)<br />
              org.testng.remote.RemoteTestNG.initAndRun(RemoteTestNG.java:251)<br />
              org.testng.remote.RemoteTestNG.main(RemoteTestNG.java:77)<br />
                </div>
      </td>
</tr>
      </table>


  
</body>
</html>
