<?xml version="1.0" encoding="UTF-8"?>
<!-- Generated by org.testng.reporters.JUnitXMLReporter -->
<testsuite ignored="0" hostname="Admins-MacBook-Pro.local" failures="1" tests="7" name="AZ Residency page Test" time="32.257" errors="0" timestamp="29 Nov 2023 10:29:08 GMT">
  <testcase classname="com.ugapp.testcases.TC_13_AZresidencyPageTest" name="validateMyInfoPage" time="8.14"/>
  <testcase classname="com.ugapp.testcases.TC_13_AZresidencyPageTest" name="PermanentHome_OOSTest" time="1.202"/>
  <testcase classname="com.ugapp.testcases.TC_13_AZresidencyPageTest" name="VeteranflowTest" time="14.004"/>
  <testcase classname="com.ugapp.testcases.TC_13_AZresidencyPageTest" name="DriverLicense_NoTest" time="0.151"/>
  <testcase classname="com.ugapp.testcases.TC_13_AZresidencyPageTest" name="RegisteredToVoteTest" time="3.345">
    <failure type="org.openqa.selenium.NoSuchElementException" message="no such element: Unable to locate element: {&amp;quot;method&amp;quot;:&amp;quot;css selector&amp;quot;,&amp;quot;selector&amp;quot;:&amp;quot;#select\-state\-VOTEREGST&amp;quot;}
  (Session info: chrome=119.0.6045.159)
For documentation on this error, please visit: https://www.selenium.dev/documentation/webdriver/troubleshooting/errors#no-such-element-exception
Build info: version: &amp;apos;4.10.0&amp;apos;, revision: &amp;apos;c14d967899&amp;apos;
System info: os.name: &amp;apos;Mac OS X&amp;apos;, os.arch: &amp;apos;x86_64&amp;apos;, os.version: &amp;apos;12.7&amp;apos;, java.version: &amp;apos;20.0.2&amp;apos;
Driver info: org.openqa.selenium.chrome.ChromeDriver
Command: [d03bc8d5cc0e884c494d980baae76e78, findElement {using=id, value=select-state-VOTEREGST}]
Capabilities {acceptInsecureCerts: false, browserName: chrome, browserVersion: 119.0.6045.159, chrome: {chromedriverVersion: 119.0.6045.105 (38c72552c5e...}, fedcm:accounts: true, goog:chromeOptions: {debuggerAddress: localhost:50109}, pageLoadStrategy: normal, platformName: any, proxy: Proxy(), se:cdp: ws://localhost:50109/devtoo..., se:cdpVersion: 119.0.6045.159, setWindowRect: false, strictFileInteractability: false, timeouts: {implicit: 0, pageLoad: 300000, script: 30000}, unhandledPromptBehavior: dismiss and notify, webauthn:extension:credBlob: true, webauthn:extension:largeBlob: true, webauthn:extension:minPinLength: true, webauthn:extension:prf: true, webauthn:virtualAuthenticators: true}
Session ID: d03bc8d5cc0e884c494d980baae76e78">
      <![CDATA[org.openqa.selenium.NoSuchElementException: no such element: Unable to locate element: {"method":"css selector","selector":"#select\-state\-VOTEREGST"}
  (Session info: chrome=119.0.6045.159)
For documentation on this error, please visit: https://www.selenium.dev/documentation/webdriver/troubleshooting/errors#no-such-element-exception
Build info: version: '4.10.0', revision: 'c14d967899'
System info: os.name: 'Mac OS X', os.arch: 'x86_64', os.version: '12.7', java.version: '20.0.2'
Driver info: org.openqa.selenium.chrome.ChromeDriver
Command: [d03bc8d5cc0e884c494d980baae76e78, findElement {using=id, value=select-state-VOTEREGST}]
Capabilities {acceptInsecureCerts: false, browserName: chrome, browserVersion: 119.0.6045.159, chrome: {chromedriverVersion: 119.0.6045.105 (38c72552c5e...}, fedcm:accounts: true, goog:chromeOptions: {debuggerAddress: localhost:50109}, pageLoadStrategy: normal, platformName: any, proxy: Proxy(), se:cdp: ws://localhost:50109/devtoo..., se:cdpVersion: 119.0.6045.159, setWindowRect: false, strictFileInteractability: false, timeouts: {implicit: 0, pageLoad: 300000, script: 30000}, unhandledPromptBehavior: dismiss and notify, webauthn:extension:credBlob: true, webauthn:extension:largeBlob: true, webauthn:extension:minPinLength: true, webauthn:extension:prf: true, webauthn:virtualAuthenticators: true}
Session ID: d03bc8d5cc0e884c494d980baae76e78
	at org.openqa.selenium.remote.codec.w3c.W3CHttpResponseCodec.createException(W3CHttpResponseCodec.java:199)
	at org.openqa.selenium.remote.codec.w3c.W3CHttpResponseCodec.decode(W3CHttpResponseCodec.java:132)
	at org.openqa.selenium.remote.codec.w3c.W3CHttpResponseCodec.decode(W3CHttpResponseCodec.java:51)
	at org.openqa.selenium.remote.HttpCommandExecutor.execute(HttpCommandExecutor.java:191)
	at org.openqa.selenium.remote.service.DriverCommandExecutor.invokeExecute(DriverCommandExecutor.java:196)
	at org.openqa.selenium.remote.service.DriverCommandExecutor.execute(DriverCommandExecutor.java:171)
	at org.openqa.selenium.remote.RemoteWebDriver.execute(RemoteWebDriver.java:531)
	at org.openqa.selenium.remote.ElementLocation$ElementFinder$2.findElement(ElementLocation.java:165)
	at org.openqa.selenium.remote.ElementLocation.findElement(ElementLocation.java:59)
	at org.openqa.selenium.remote.RemoteWebDriver.findElement(RemoteWebDriver.java:350)
	at org.openqa.selenium.remote.RemoteWebDriver.findElement(RemoteWebDriver.java:344)
	at com.ugapp.base.Page.findElement(Page.java:163)
	at com.ugapp.pages.AZResidencyPage.RegisteredToVote(AZResidencyPage.java:2141)
	at com.ugapp.testcases.TC_13_AZresidencyPageTest.RegisteredToVoteTest(TC_13_AZresidencyPageTest.java:198)
... Removed 26 stack frames]]>
    </failure>
  </testcase> <!-- RegisteredToVoteTest -->
  <testcase classname="com.ugapp.testcases.TC_13_AZresidencyPageTest" name="AmericanIndianOrAlaskaNAtiveTest" time="0.024"/>
  <testcase classname="com.ugapp.testcases.TC_13_AZresidencyPageTest" name="ParentLegalGuardianDetailsTest" time="4.361"/>
</testsuite> <!-- AZ Residency page Test -->
