<html>
<head>
<title>TestNG:  My Information page Test</title>
<link href="../testng.css" rel="stylesheet" type="text/css" />
<link href="../my-testng.css" rel="stylesheet" type="text/css" />

<style type="text/css">
.log { display: none;} 
.stack-trace { display: none;} 
</style>
<script type="text/javascript">
<!--
function flip(e) {
  current = e.style.display;
  if (current == 'block') {
    e.style.display = 'none';
    return 0;
  }
  else {
    e.style.display = 'block';
    return 1;
  }
}

function toggleBox(szDivId, elem, msg1, msg2)
{
  var res = -1;  if (document.getElementById) {
    res = flip(document.getElementById(szDivId));
  }
  else if (document.all) {
    // this is the way old msie versions work
    res = flip(document.all[szDivId]);
  }
  if(elem) {
    if(res == 0) elem.innerHTML = msg1; else elem.innerHTML = msg2;
  }

}

function toggleAllBoxes() {
  if (document.getElementsByTagName) {
    d = document.getElementsByTagName('div');
    for (i = 0; i < d.length; i++) {
      if (d[i].className == 'log') {
        flip(d[i]);
      }
    }
  }
}

// -->
</script>

</head>
<body>
<h2 align='center'>My Information page Test</h2><table border='1' align="center">
<tr>
<td>Tests passed/Failed/Skipped:</td><td>38/4/0</td>
</tr><tr>
<td>Started on:</td><td>Fri Oct 13 14:56:15 IST 2023</td>
</tr>
<tr><td>Total time:</td><td>220 seconds (220147 ms)</td>
</tr><tr>
<td>Included groups:</td><td></td>
</tr><tr>
<td>Excluded groups:</td><td></td>
</tr>
</table><p/>
<small><i>(Hover the method name to see the test class name)</i></small><p/>
<table width='100%' border='1' class='invocation-failed'>
<tr><td colspan='4' align='center'><b>FAILED TESTS</b></td></tr>
<tr><td><b>Test method</b></td>
<td width="30%"><b>Exception</b></td>
<td width="10%"><b>Time (seconds)</b></td>
<td><b>Instance</b></td>
</tr>
<tr>
<td title='com.ugapp.testcases.TC_09_MyInformationPageTest.Edit_SaveFormerNameTest()'><b>Edit_SaveFormerNameTest</b><br>Test class: com.ugapp.testcases.TC_09_MyInformationPageTest<br/>
<a href="#Output-1658839378" onClick='toggleBox("Output-1658839378", this, "Show output", "Hide output");'>Show output</a>

<a href="#Output-1658839378" onClick="toggleAllBoxes();">Show all outputs</a>
<div class='log' id="Output-1658839378">
Click to see Screenshot<br/>
<a target="_blank" href=Fri_Oct_13_14_57_50_IST_2023.jpg>Screenshot</a><br/>
<br><br/>
<br><br/>
<a target="_blank" href=Fri_Oct_13_14_57_50_IST_2023.jpg><img src=Fri_Oct_13_14_57_50_IST_2023.jpg height=200 width=200></img></a><br/>
</div>
</td>
<td><div><pre>org.openqa.selenium.ElementClickInterceptedException: element click intercepted: Element &lt;a data-v-78d16c9c=&quot;&quot; href=&quot;javascript:void(0)&quot; class=&quot;text-decoration-none form-name-edit-button&quot;&gt;...&lt;/a&gt; is not clickable at point (818, 862). Other element would receive the click: &lt;div data-v-711bcb8f=&quot;&quot; class=&quot;d-flex pt-space-sm pb-space-md py-lg-space-md justify-content-between align-items-center&quot;&gt;...&lt;/div&gt;
  (Session info: chrome=117.0.5938.149)
Build info: version: &apos;4.10.0&apos;, revision: &apos;c14d967899&apos;
System info: os.name: &apos;Mac OS X&apos;, os.arch: &apos;x86_64&apos;, os.version: &apos;12.7&apos;, java.version: &apos;20.0.2&apos;
Driver info: org.openqa.selenium.chrome.ChromeDriver
Command: [2ba7fa2a7f3990c27cff572b5b5dde96, clickElement {id=92DF795C8167879BF7D97E5DB1635BA2_element_930}]
Capabilities {acceptInsecureCerts: false, browserName: chrome, browserVersion: 117.0.5938.149, chrome: {chromedriverVersion: 117.0.5938.149 (e3344ddefa1..., userDataDir: /var/folders/5m/4nc0x2kn289...}, fedcm:accounts: true, goog:chromeOptions: {debuggerAddress: localhost:49276}, networkConnectionEnabled: false, pageLoadStrategy: normal, platformName: mac, proxy: Proxy(), se:cdp: ws://localhost:49276/devtoo..., se:cdpVersion: 117.0.5938.149, setWindowRect: true, strictFileInteractability: false, timeouts: {implicit: 0, pageLoad: 300000, script: 30000}, unhandledPromptBehavior: dismiss and notify, webauthn:extension:credBlob: true, webauthn:extension:largeBlob: true, webauthn:extension:minPinLength: true, webauthn:extension:prf: true, webauthn:virtualAuthenticators: true}
Element: [[ChromeDriver: chrome on mac (2ba7fa2a7f3990c27cff572b5b5dde96)] -&gt; xpath: //a[@class=&apos;text-decoration-none form-name-edit-button&apos;]]
Session ID: 2ba7fa2a7f3990c27cff572b5b5dde96
	at org.openqa.selenium.remote.codec.w3c.W3CHttpResponseCodec.createException(W3CHttpResponseCodec.java:199)
	at org.openqa.selenium.remote.codec.w3c.W3CHttpResponseCodec.decode(W3CHttpResponseCodec.java:132)
	at org.openqa.selenium.remote.codec.w3c.W3CHttpResponseCodec.decode(W3CHttpResponseCodec.java:51)
	at org.openqa.selenium.remote.HttpCommandExecutor.execute(HttpCommandExecutor.java:191)
	at org.openqa.selenium.remote.service.DriverCommandExecutor.invokeExecute(DriverCommandExecutor.java:196)
	at org.openqa.selenium.remote.service.DriverCommandExecutor.execute(DriverCommandExecutor.java:171)
	at org.openqa.selenium.remote.RemoteWebDriver.execute(RemoteWebDriver.java:531)
	at org.openqa.selenium.remote.RemoteWebElement.execute(RemoteWebElement.java:242)
	at org.openqa.selenium.remote.RemoteWebElement.click(RemoteWebElement.java:77)
	at com.ugapp.pages.MyInformationPage.Edit_SaveFormerName(MyInformationPage.java:278)
	at com.ugapp.testcases.TC_09_MyInformationPageTest.Edit_SaveFormerNameTest(TC_09_MyInformationPageTest.java:94)
... Removed 26 stack frames</pre></div><a href='#' onClick='toggleBox("stack-trace1658839378", this, "Click to show all stack frames", "Click to hide stack frames")'>Click to show all stack frames</a>
<div class='stack-trace' id='stack-trace1658839378'><pre>org.openqa.selenium.ElementClickInterceptedException: element click intercepted: Element &lt;a data-v-78d16c9c=&quot;&quot; href=&quot;javascript:void(0)&quot; class=&quot;text-decoration-none form-name-edit-button&quot;&gt;...&lt;/a&gt; is not clickable at point (818, 862). Other element would receive the click: &lt;div data-v-711bcb8f=&quot;&quot; class=&quot;d-flex pt-space-sm pb-space-md py-lg-space-md justify-content-between align-items-center&quot;&gt;...&lt;/div&gt;
  (Session info: chrome=117.0.5938.149)
Build info: version: &apos;4.10.0&apos;, revision: &apos;c14d967899&apos;
System info: os.name: &apos;Mac OS X&apos;, os.arch: &apos;x86_64&apos;, os.version: &apos;12.7&apos;, java.version: &apos;20.0.2&apos;
Driver info: org.openqa.selenium.chrome.ChromeDriver
Command: [2ba7fa2a7f3990c27cff572b5b5dde96, clickElement {id=92DF795C8167879BF7D97E5DB1635BA2_element_930}]
Capabilities {acceptInsecureCerts: false, browserName: chrome, browserVersion: 117.0.5938.149, chrome: {chromedriverVersion: 117.0.5938.149 (e3344ddefa1..., userDataDir: /var/folders/5m/4nc0x2kn289...}, fedcm:accounts: true, goog:chromeOptions: {debuggerAddress: localhost:49276}, networkConnectionEnabled: false, pageLoadStrategy: normal, platformName: mac, proxy: Proxy(), se:cdp: ws://localhost:49276/devtoo..., se:cdpVersion: 117.0.5938.149, setWindowRect: true, strictFileInteractability: false, timeouts: {implicit: 0, pageLoad: 300000, script: 30000}, unhandledPromptBehavior: dismiss and notify, webauthn:extension:credBlob: true, webauthn:extension:largeBlob: true, webauthn:extension:minPinLength: true, webauthn:extension:prf: true, webauthn:virtualAuthenticators: true}
Element: [[ChromeDriver: chrome on mac (2ba7fa2a7f3990c27cff572b5b5dde96)] -&gt; xpath: //a[@class=&apos;text-decoration-none form-name-edit-button&apos;]]
Session ID: 2ba7fa2a7f3990c27cff572b5b5dde96
	at java.base/jdk.internal.reflect.DirectConstructorHandleAccessor.newInstance(DirectConstructorHandleAccessor.java:67)
	at java.base/java.lang.reflect.Constructor.newInstanceWithCaller(Constructor.java:500)
	at java.base/java.lang.reflect.Constructor.newInstance(Constructor.java:484)
	at org.openqa.selenium.remote.codec.w3c.W3CHttpResponseCodec.createException(W3CHttpResponseCodec.java:199)
	at org.openqa.selenium.remote.codec.w3c.W3CHttpResponseCodec.decode(W3CHttpResponseCodec.java:132)
	at org.openqa.selenium.remote.codec.w3c.W3CHttpResponseCodec.decode(W3CHttpResponseCodec.java:51)
	at org.openqa.selenium.remote.HttpCommandExecutor.execute(HttpCommandExecutor.java:191)
	at org.openqa.selenium.remote.service.DriverCommandExecutor.invokeExecute(DriverCommandExecutor.java:196)
	at org.openqa.selenium.remote.service.DriverCommandExecutor.execute(DriverCommandExecutor.java:171)
	at org.openqa.selenium.remote.RemoteWebDriver.execute(RemoteWebDriver.java:531)
	at org.openqa.selenium.remote.RemoteWebElement.execute(RemoteWebElement.java:242)
	at org.openqa.selenium.remote.RemoteWebElement.click(RemoteWebElement.java:77)
	at com.ugapp.pages.MyInformationPage.Edit_SaveFormerName(MyInformationPage.java:278)
	at com.ugapp.testcases.TC_09_MyInformationPageTest.Edit_SaveFormerNameTest(TC_09_MyInformationPageTest.java:94)
	at java.base/jdk.internal.reflect.DirectMethodHandleAccessor.invoke(DirectMethodHandleAccessor.java:104)
	at java.base/java.lang.reflect.Method.invoke(Method.java:578)
	at org.testng.internal.MethodInvocationHelper.invokeMethod(MethodInvocationHelper.java:108)
	at org.testng.internal.Invoker.invokeMethod(Invoker.java:661)
	at org.testng.internal.Invoker.invokeTestMethod(Invoker.java:869)
	at org.testng.internal.Invoker.invokeTestMethods(Invoker.java:1193)
	at org.testng.internal.TestMethodWorker.invokeTestMethods(TestMethodWorker.java:126)
	at org.testng.internal.TestMethodWorker.run(TestMethodWorker.java:109)
	at org.testng.TestRunner.privateRun(TestRunner.java:744)
	at org.testng.TestRunner.run(TestRunner.java:602)
	at org.testng.SuiteRunner.runTest(SuiteRunner.java:380)
	at org.testng.SuiteRunner.runSequentially(SuiteRunner.java:375)
	at org.testng.SuiteRunner.privateRun(SuiteRunner.java:340)
	at org.testng.SuiteRunner.run(SuiteRunner.java:289)
	at org.testng.SuiteRunnerWorker.runSuite(SuiteRunnerWorker.java:52)
	at org.testng.SuiteRunnerWorker.run(SuiteRunnerWorker.java:86)
	at org.testng.TestNG.runSuitesSequentially(TestNG.java:1301)
	at org.testng.TestNG.runSuitesLocally(TestNG.java:1226)
	at org.testng.TestNG.runSuites(TestNG.java:1144)
	at org.testng.TestNG.run(TestNG.java:1115)
	at org.testng.remote.AbstractRemoteTestNG.run(AbstractRemoteTestNG.java:115)
	at org.testng.remote.RemoteTestNG.initAndRun(RemoteTestNG.java:251)
	at org.testng.remote.RemoteTestNG.main(RemoteTestNG.java:77)
</pre></div></td>
<td>1</td>
<td>com.ugapp.testcases.TC_09_MyInformationPageTest@28a9494b</td></tr>
<tr>
<td title='com.ugapp.testcases.TC_09_MyInformationPageTest.FormerNameTest()'><b>FormerNameTest</b><br>Test class: com.ugapp.testcases.TC_09_MyInformationPageTest<br>Parameters: {First_name=Test1, Last_name=Test1, Runmode=Y}<br/>
<a href="#Output-811106744" onClick='toggleBox("Output-811106744", this, "Show output", "Hide output");'>Show output</a>

<a href="#Output-811106744" onClick="toggleAllBoxes();">Show all outputs</a>
<div class='log' id="Output-811106744">
Click to see Screenshot<br/>
<a target="_blank" href=Fri_Oct_13_14_56_47_IST_2023.jpg>Screenshot</a><br/>
<br><br/>
<br><br/>
<a target="_blank" href=Fri_Oct_13_14_56_47_IST_2023.jpg><img src=Fri_Oct_13_14_56_47_IST_2023.jpg height=200 width=200></img></a><br/>
</div>
</td>
<td><div><pre>org.openqa.selenium.NoSuchElementException: no such element: Unable to locate element: {&quot;method&quot;:&quot;xpath&quot;,&quot;selector&quot;:&quot;//button//span[.=&apos;Add a former name&apos;]&quot;}
  (Session info: chrome=117.0.5938.149)
For documentation on this error, please visit: https://www.selenium.dev/documentation/webdriver/troubleshooting/errors#no-such-element-exception
Build info: version: &apos;4.10.0&apos;, revision: &apos;c14d967899&apos;
System info: os.name: &apos;Mac OS X&apos;, os.arch: &apos;x86_64&apos;, os.version: &apos;12.7&apos;, java.version: &apos;20.0.2&apos;
Driver info: org.openqa.selenium.chrome.ChromeDriver
Command: [2ba7fa2a7f3990c27cff572b5b5dde96, findElement {using=xpath, value=//button//span[.=&apos;Add a former name&apos;]}]
Capabilities {acceptInsecureCerts: false, browserName: chrome, browserVersion: 117.0.5938.149, chrome: {chromedriverVersion: 117.0.5938.149 (e3344ddefa1..., userDataDir: /var/folders/5m/4nc0x2kn289...}, fedcm:accounts: true, goog:chromeOptions: {debuggerAddress: localhost:49276}, networkConnectionEnabled: false, pageLoadStrategy: normal, platformName: mac, proxy: Proxy(), se:cdp: ws://localhost:49276/devtoo..., se:cdpVersion: 117.0.5938.149, setWindowRect: true, strictFileInteractability: false, timeouts: {implicit: 0, pageLoad: 300000, script: 30000}, unhandledPromptBehavior: dismiss and notify, webauthn:extension:credBlob: true, webauthn:extension:largeBlob: true, webauthn:extension:minPinLength: true, webauthn:extension:prf: true, webauthn:virtualAuthenticators: true}
Session ID: 2ba7fa2a7f3990c27cff572b5b5dde96
	at org.openqa.selenium.remote.codec.w3c.W3CHttpResponseCodec.createException(W3CHttpResponseCodec.java:199)
	at org.openqa.selenium.remote.codec.w3c.W3CHttpResponseCodec.decode(W3CHttpResponseCodec.java:132)
	at org.openqa.selenium.remote.codec.w3c.W3CHttpResponseCodec.decode(W3CHttpResponseCodec.java:51)
	at org.openqa.selenium.remote.HttpCommandExecutor.execute(HttpCommandExecutor.java:191)
	at org.openqa.selenium.remote.service.DriverCommandExecutor.invokeExecute(DriverCommandExecutor.java:196)
	at org.openqa.selenium.remote.service.DriverCommandExecutor.execute(DriverCommandExecutor.java:171)
	at org.openqa.selenium.remote.RemoteWebDriver.execute(RemoteWebDriver.java:531)
	at org.openqa.selenium.remote.ElementLocation$ElementFinder$2.findElement(ElementLocation.java:165)
	at org.openqa.selenium.remote.ElementLocation.findElement(ElementLocation.java:59)
	at org.openqa.selenium.remote.RemoteWebDriver.findElement(RemoteWebDriver.java:350)
	at org.openqa.selenium.remote.RemoteWebDriver.findElement(RemoteWebDriver.java:344)
	at com.ugapp.base.Page.findElement(Page.java:190)
	at com.ugapp.pages.MyInformationPage.FormerName(MyInformationPage.java:92)
	at com.ugapp.testcases.TC_09_MyInformationPageTest.FormerNameTest(TC_09_MyInformationPageTest.java:69)
... Removed 26 stack frames</pre></div><a href='#' onClick='toggleBox("stack-trace811106744", this, "Click to show all stack frames", "Click to hide stack frames")'>Click to show all stack frames</a>
<div class='stack-trace' id='stack-trace811106744'><pre>org.openqa.selenium.NoSuchElementException: no such element: Unable to locate element: {&quot;method&quot;:&quot;xpath&quot;,&quot;selector&quot;:&quot;//button//span[.=&apos;Add a former name&apos;]&quot;}
  (Session info: chrome=117.0.5938.149)
For documentation on this error, please visit: https://www.selenium.dev/documentation/webdriver/troubleshooting/errors#no-such-element-exception
Build info: version: &apos;4.10.0&apos;, revision: &apos;c14d967899&apos;
System info: os.name: &apos;Mac OS X&apos;, os.arch: &apos;x86_64&apos;, os.version: &apos;12.7&apos;, java.version: &apos;20.0.2&apos;
Driver info: org.openqa.selenium.chrome.ChromeDriver
Command: [2ba7fa2a7f3990c27cff572b5b5dde96, findElement {using=xpath, value=//button//span[.=&apos;Add a former name&apos;]}]
Capabilities {acceptInsecureCerts: false, browserName: chrome, browserVersion: 117.0.5938.149, chrome: {chromedriverVersion: 117.0.5938.149 (e3344ddefa1..., userDataDir: /var/folders/5m/4nc0x2kn289...}, fedcm:accounts: true, goog:chromeOptions: {debuggerAddress: localhost:49276}, networkConnectionEnabled: false, pageLoadStrategy: normal, platformName: mac, proxy: Proxy(), se:cdp: ws://localhost:49276/devtoo..., se:cdpVersion: 117.0.5938.149, setWindowRect: true, strictFileInteractability: false, timeouts: {implicit: 0, pageLoad: 300000, script: 30000}, unhandledPromptBehavior: dismiss and notify, webauthn:extension:credBlob: true, webauthn:extension:largeBlob: true, webauthn:extension:minPinLength: true, webauthn:extension:prf: true, webauthn:virtualAuthenticators: true}
Session ID: 2ba7fa2a7f3990c27cff572b5b5dde96
	at java.base/jdk.internal.reflect.DirectConstructorHandleAccessor.newInstance(DirectConstructorHandleAccessor.java:67)
	at java.base/java.lang.reflect.Constructor.newInstanceWithCaller(Constructor.java:500)
	at java.base/java.lang.reflect.Constructor.newInstance(Constructor.java:484)
	at org.openqa.selenium.remote.codec.w3c.W3CHttpResponseCodec.createException(W3CHttpResponseCodec.java:199)
	at org.openqa.selenium.remote.codec.w3c.W3CHttpResponseCodec.decode(W3CHttpResponseCodec.java:132)
	at org.openqa.selenium.remote.codec.w3c.W3CHttpResponseCodec.decode(W3CHttpResponseCodec.java:51)
	at org.openqa.selenium.remote.HttpCommandExecutor.execute(HttpCommandExecutor.java:191)
	at org.openqa.selenium.remote.service.DriverCommandExecutor.invokeExecute(DriverCommandExecutor.java:196)
	at org.openqa.selenium.remote.service.DriverCommandExecutor.execute(DriverCommandExecutor.java:171)
	at org.openqa.selenium.remote.RemoteWebDriver.execute(RemoteWebDriver.java:531)
	at org.openqa.selenium.remote.ElementLocation$ElementFinder$2.findElement(ElementLocation.java:165)
	at org.openqa.selenium.remote.ElementLocation.findElement(ElementLocation.java:59)
	at org.openqa.selenium.remote.RemoteWebDriver.findElement(RemoteWebDriver.java:350)
	at org.openqa.selenium.remote.RemoteWebDriver.findElement(RemoteWebDriver.java:344)
	at com.ugapp.base.Page.findElement(Page.java:190)
	at com.ugapp.pages.MyInformationPage.FormerName(MyInformationPage.java:92)
	at com.ugapp.testcases.TC_09_MyInformationPageTest.FormerNameTest(TC_09_MyInformationPageTest.java:69)
	at java.base/jdk.internal.reflect.DirectMethodHandleAccessor.invoke(DirectMethodHandleAccessor.java:104)
	at java.base/java.lang.reflect.Method.invoke(Method.java:578)
	at org.testng.internal.MethodInvocationHelper.invokeMethod(MethodInvocationHelper.java:108)
	at org.testng.internal.Invoker.invokeMethod(Invoker.java:661)
	at org.testng.internal.Invoker.invokeTestMethod(Invoker.java:869)
	at org.testng.internal.Invoker.invokeTestMethods(Invoker.java:1193)
	at org.testng.internal.TestMethodWorker.invokeTestMethods(TestMethodWorker.java:126)
	at org.testng.internal.TestMethodWorker.run(TestMethodWorker.java:109)
	at org.testng.TestRunner.privateRun(TestRunner.java:744)
	at org.testng.TestRunner.run(TestRunner.java:602)
	at org.testng.SuiteRunner.runTest(SuiteRunner.java:380)
	at org.testng.SuiteRunner.runSequentially(SuiteRunner.java:375)
	at org.testng.SuiteRunner.privateRun(SuiteRunner.java:340)
	at org.testng.SuiteRunner.run(SuiteRunner.java:289)
	at org.testng.SuiteRunnerWorker.runSuite(SuiteRunnerWorker.java:52)
	at org.testng.SuiteRunnerWorker.run(SuiteRunnerWorker.java:86)
	at org.testng.TestNG.runSuitesSequentially(TestNG.java:1301)
	at org.testng.TestNG.runSuitesLocally(TestNG.java:1226)
	at org.testng.TestNG.runSuites(TestNG.java:1144)
	at org.testng.TestNG.run(TestNG.java:1115)
	at org.testng.remote.AbstractRemoteTestNG.run(AbstractRemoteTestNG.java:115)
	at org.testng.remote.RemoteTestNG.initAndRun(RemoteTestNG.java:251)
	at org.testng.remote.RemoteTestNG.main(RemoteTestNG.java:77)
</pre></div></td>
<td>0</td>
<td>com.ugapp.testcases.TC_09_MyInformationPageTest@28a9494b</td></tr>
<tr>
<td title='com.ugapp.testcases.TC_09_MyInformationPageTest.FormerNameTest()'><b>FormerNameTest</b><br>Test class: com.ugapp.testcases.TC_09_MyInformationPageTest<br>Parameters: {First_name=Test@, Last_name=Test@, Runmode=Y}<br/>
<a href="#Output-1956602275" onClick='toggleBox("Output-1956602275", this, "Show output", "Hide output");'>Show output</a>

<a href="#Output-1956602275" onClick="toggleAllBoxes();">Show all outputs</a>
<div class='log' id="Output-1956602275">
Click to see Screenshot<br/>
<a target="_blank" href=Fri_Oct_13_14_56_48_IST_2023.jpg>Screenshot</a><br/>
<br><br/>
<br><br/>
<a target="_blank" href=Fri_Oct_13_14_56_48_IST_2023.jpg><img src=Fri_Oct_13_14_56_48_IST_2023.jpg height=200 width=200></img></a><br/>
</div>
</td>
<td><div><pre>org.openqa.selenium.NoSuchElementException: no such element: Unable to locate element: {&quot;method&quot;:&quot;xpath&quot;,&quot;selector&quot;:&quot;//button//span[.=&apos;Add a former name&apos;]&quot;}
  (Session info: chrome=117.0.5938.149)
For documentation on this error, please visit: https://www.selenium.dev/documentation/webdriver/troubleshooting/errors#no-such-element-exception
Build info: version: &apos;4.10.0&apos;, revision: &apos;c14d967899&apos;
System info: os.name: &apos;Mac OS X&apos;, os.arch: &apos;x86_64&apos;, os.version: &apos;12.7&apos;, java.version: &apos;20.0.2&apos;
Driver info: org.openqa.selenium.chrome.ChromeDriver
Command: [2ba7fa2a7f3990c27cff572b5b5dde96, findElement {using=xpath, value=//button//span[.=&apos;Add a former name&apos;]}]
Capabilities {acceptInsecureCerts: false, browserName: chrome, browserVersion: 117.0.5938.149, chrome: {chromedriverVersion: 117.0.5938.149 (e3344ddefa1..., userDataDir: /var/folders/5m/4nc0x2kn289...}, fedcm:accounts: true, goog:chromeOptions: {debuggerAddress: localhost:49276}, networkConnectionEnabled: false, pageLoadStrategy: normal, platformName: mac, proxy: Proxy(), se:cdp: ws://localhost:49276/devtoo..., se:cdpVersion: 117.0.5938.149, setWindowRect: true, strictFileInteractability: false, timeouts: {implicit: 0, pageLoad: 300000, script: 30000}, unhandledPromptBehavior: dismiss and notify, webauthn:extension:credBlob: true, webauthn:extension:largeBlob: true, webauthn:extension:minPinLength: true, webauthn:extension:prf: true, webauthn:virtualAuthenticators: true}
Session ID: 2ba7fa2a7f3990c27cff572b5b5dde96
	at org.openqa.selenium.remote.codec.w3c.W3CHttpResponseCodec.createException(W3CHttpResponseCodec.java:199)
	at org.openqa.selenium.remote.codec.w3c.W3CHttpResponseCodec.decode(W3CHttpResponseCodec.java:132)
	at org.openqa.selenium.remote.codec.w3c.W3CHttpResponseCodec.decode(W3CHttpResponseCodec.java:51)
	at org.openqa.selenium.remote.HttpCommandExecutor.execute(HttpCommandExecutor.java:191)
	at org.openqa.selenium.remote.service.DriverCommandExecutor.invokeExecute(DriverCommandExecutor.java:196)
	at org.openqa.selenium.remote.service.DriverCommandExecutor.execute(DriverCommandExecutor.java:171)
	at org.openqa.selenium.remote.RemoteWebDriver.execute(RemoteWebDriver.java:531)
	at org.openqa.selenium.remote.ElementLocation$ElementFinder$2.findElement(ElementLocation.java:165)
	at org.openqa.selenium.remote.ElementLocation.findElement(ElementLocation.java:59)
	at org.openqa.selenium.remote.RemoteWebDriver.findElement(RemoteWebDriver.java:350)
	at org.openqa.selenium.remote.RemoteWebDriver.findElement(RemoteWebDriver.java:344)
	at com.ugapp.base.Page.findElement(Page.java:190)
	at com.ugapp.pages.MyInformationPage.FormerName(MyInformationPage.java:92)
	at com.ugapp.testcases.TC_09_MyInformationPageTest.FormerNameTest(TC_09_MyInformationPageTest.java:69)
... Removed 26 stack frames</pre></div><a href='#' onClick='toggleBox("stack-trace1956602275", this, "Click to show all stack frames", "Click to hide stack frames")'>Click to show all stack frames</a>
<div class='stack-trace' id='stack-trace1956602275'><pre>org.openqa.selenium.NoSuchElementException: no such element: Unable to locate element: {&quot;method&quot;:&quot;xpath&quot;,&quot;selector&quot;:&quot;//button//span[.=&apos;Add a former name&apos;]&quot;}
  (Session info: chrome=117.0.5938.149)
For documentation on this error, please visit: https://www.selenium.dev/documentation/webdriver/troubleshooting/errors#no-such-element-exception
Build info: version: &apos;4.10.0&apos;, revision: &apos;c14d967899&apos;
System info: os.name: &apos;Mac OS X&apos;, os.arch: &apos;x86_64&apos;, os.version: &apos;12.7&apos;, java.version: &apos;20.0.2&apos;
Driver info: org.openqa.selenium.chrome.ChromeDriver
Command: [2ba7fa2a7f3990c27cff572b5b5dde96, findElement {using=xpath, value=//button//span[.=&apos;Add a former name&apos;]}]
Capabilities {acceptInsecureCerts: false, browserName: chrome, browserVersion: 117.0.5938.149, chrome: {chromedriverVersion: 117.0.5938.149 (e3344ddefa1..., userDataDir: /var/folders/5m/4nc0x2kn289...}, fedcm:accounts: true, goog:chromeOptions: {debuggerAddress: localhost:49276}, networkConnectionEnabled: false, pageLoadStrategy: normal, platformName: mac, proxy: Proxy(), se:cdp: ws://localhost:49276/devtoo..., se:cdpVersion: 117.0.5938.149, setWindowRect: true, strictFileInteractability: false, timeouts: {implicit: 0, pageLoad: 300000, script: 30000}, unhandledPromptBehavior: dismiss and notify, webauthn:extension:credBlob: true, webauthn:extension:largeBlob: true, webauthn:extension:minPinLength: true, webauthn:extension:prf: true, webauthn:virtualAuthenticators: true}
Session ID: 2ba7fa2a7f3990c27cff572b5b5dde96
	at java.base/jdk.internal.reflect.DirectConstructorHandleAccessor.newInstance(DirectConstructorHandleAccessor.java:67)
	at java.base/java.lang.reflect.Constructor.newInstanceWithCaller(Constructor.java:500)
	at java.base/java.lang.reflect.Constructor.newInstance(Constructor.java:484)
	at org.openqa.selenium.remote.codec.w3c.W3CHttpResponseCodec.createException(W3CHttpResponseCodec.java:199)
	at org.openqa.selenium.remote.codec.w3c.W3CHttpResponseCodec.decode(W3CHttpResponseCodec.java:132)
	at org.openqa.selenium.remote.codec.w3c.W3CHttpResponseCodec.decode(W3CHttpResponseCodec.java:51)
	at org.openqa.selenium.remote.HttpCommandExecutor.execute(HttpCommandExecutor.java:191)
	at org.openqa.selenium.remote.service.DriverCommandExecutor.invokeExecute(DriverCommandExecutor.java:196)
	at org.openqa.selenium.remote.service.DriverCommandExecutor.execute(DriverCommandExecutor.java:171)
	at org.openqa.selenium.remote.RemoteWebDriver.execute(RemoteWebDriver.java:531)
	at org.openqa.selenium.remote.ElementLocation$ElementFinder$2.findElement(ElementLocation.java:165)
	at org.openqa.selenium.remote.ElementLocation.findElement(ElementLocation.java:59)
	at org.openqa.selenium.remote.RemoteWebDriver.findElement(RemoteWebDriver.java:350)
	at org.openqa.selenium.remote.RemoteWebDriver.findElement(RemoteWebDriver.java:344)
	at com.ugapp.base.Page.findElement(Page.java:190)
	at com.ugapp.pages.MyInformationPage.FormerName(MyInformationPage.java:92)
	at com.ugapp.testcases.TC_09_MyInformationPageTest.FormerNameTest(TC_09_MyInformationPageTest.java:69)
	at java.base/jdk.internal.reflect.DirectMethodHandleAccessor.invoke(DirectMethodHandleAccessor.java:104)
	at java.base/java.lang.reflect.Method.invoke(Method.java:578)
	at org.testng.internal.MethodInvocationHelper.invokeMethod(MethodInvocationHelper.java:108)
	at org.testng.internal.Invoker.invokeMethod(Invoker.java:661)
	at org.testng.internal.Invoker.invokeTestMethod(Invoker.java:869)
	at org.testng.internal.Invoker.invokeTestMethods(Invoker.java:1193)
	at org.testng.internal.TestMethodWorker.invokeTestMethods(TestMethodWorker.java:126)
	at org.testng.internal.TestMethodWorker.run(TestMethodWorker.java:109)
	at org.testng.TestRunner.privateRun(TestRunner.java:744)
	at org.testng.TestRunner.run(TestRunner.java:602)
	at org.testng.SuiteRunner.runTest(SuiteRunner.java:380)
	at org.testng.SuiteRunner.runSequentially(SuiteRunner.java:375)
	at org.testng.SuiteRunner.privateRun(SuiteRunner.java:340)
	at org.testng.SuiteRunner.run(SuiteRunner.java:289)
	at org.testng.SuiteRunnerWorker.runSuite(SuiteRunnerWorker.java:52)
	at org.testng.SuiteRunnerWorker.run(SuiteRunnerWorker.java:86)
	at org.testng.TestNG.runSuitesSequentially(TestNG.java:1301)
	at org.testng.TestNG.runSuitesLocally(TestNG.java:1226)
	at org.testng.TestNG.runSuites(TestNG.java:1144)
	at org.testng.TestNG.run(TestNG.java:1115)
	at org.testng.remote.AbstractRemoteTestNG.run(AbstractRemoteTestNG.java:115)
	at org.testng.remote.RemoteTestNG.initAndRun(RemoteTestNG.java:251)
	at org.testng.remote.RemoteTestNG.main(RemoteTestNG.java:77)
</pre></div></td>
<td>0</td>
<td>com.ugapp.testcases.TC_09_MyInformationPageTest@28a9494b</td></tr>
<tr>
<td title='com.ugapp.testcases.TC_09_MyInformationPageTest.validateNeedhelpform()'><b>validateNeedhelpform</b><br>Test class: com.ugapp.testcases.TC_09_MyInformationPageTest<br/>
<a href="#Output-898883700" onClick='toggleBox("Output-898883700", this, "Show output", "Hide output");'>Show output</a>

<a href="#Output-898883700" onClick="toggleAllBoxes();">Show all outputs</a>
<div class='log' id="Output-898883700">
Click to see Screenshot<br/>
<a target="_blank" href=Fri_Oct_13_14_56_47_IST_2023.jpg>Screenshot</a><br/>
<br><br/>
<br><br/>
<a target="_blank" href=Fri_Oct_13_14_56_47_IST_2023.jpg><img src=Fri_Oct_13_14_56_47_IST_2023.jpg height=200 width=200></img></a><br/>
</div>
</td>
<td><div><pre>org.openqa.selenium.ElementClickInterceptedException: element click intercepted: Element &lt;a data-v-574b6fd0=&quot;&quot; href=&quot;javascript:void(0)&quot; data-cy=&quot;desktop-need-help-button&quot; class=&quot;btn btn-outline-dark-3 mr-space-xs collapsed&quot; aria-expanded=&quot;false&quot; aria-controls=&quot;portal-desktop-need-help&quot; style=&quot;overflow-anchor: none;&quot;&gt;...&lt;/a&gt; is not clickable at point (1466, 45). Other element would receive the click: &lt;div class=&quot;position-absolute bg-light-2 rounded-lg&quot; style=&quot;inset: 0px; opacity: 0.9; backdrop-filter: blur(3px);&quot;&gt;&lt;/div&gt;
  (Session info: chrome=117.0.5938.149)
Build info: version: &apos;4.10.0&apos;, revision: &apos;c14d967899&apos;
System info: os.name: &apos;Mac OS X&apos;, os.arch: &apos;x86_64&apos;, os.version: &apos;12.7&apos;, java.version: &apos;20.0.2&apos;
Driver info: org.openqa.selenium.chrome.ChromeDriver
Command: [2ba7fa2a7f3990c27cff572b5b5dde96, clickElement {id=92DF795C8167879BF7D97E5DB1635BA2_element_759}]
Capabilities {acceptInsecureCerts: false, browserName: chrome, browserVersion: 117.0.5938.149, chrome: {chromedriverVersion: 117.0.5938.149 (e3344ddefa1..., userDataDir: /var/folders/5m/4nc0x2kn289...}, fedcm:accounts: true, goog:chromeOptions: {debuggerAddress: localhost:49276}, networkConnectionEnabled: false, pageLoadStrategy: normal, platformName: mac, proxy: Proxy(), se:cdp: ws://localhost:49276/devtoo..., se:cdpVersion: 117.0.5938.149, setWindowRect: true, strictFileInteractability: false, timeouts: {implicit: 0, pageLoad: 300000, script: 30000}, unhandledPromptBehavior: dismiss and notify, webauthn:extension:credBlob: true, webauthn:extension:largeBlob: true, webauthn:extension:minPinLength: true, webauthn:extension:prf: true, webauthn:virtualAuthenticators: true}
Element: [[ChromeDriver: chrome on mac (2ba7fa2a7f3990c27cff572b5b5dde96)] -&gt; xpath: //a[@data-cy=&apos;desktop-need-help-button&apos;]]
Session ID: 2ba7fa2a7f3990c27cff572b5b5dde96
	at org.openqa.selenium.remote.codec.w3c.W3CHttpResponseCodec.createException(W3CHttpResponseCodec.java:199)
	at org.openqa.selenium.remote.codec.w3c.W3CHttpResponseCodec.decode(W3CHttpResponseCodec.java:132)
	at org.openqa.selenium.remote.codec.w3c.W3CHttpResponseCodec.decode(W3CHttpResponseCodec.java:51)
	at org.openqa.selenium.remote.HttpCommandExecutor.execute(HttpCommandExecutor.java:191)
	at org.openqa.selenium.remote.service.DriverCommandExecutor.invokeExecute(DriverCommandExecutor.java:196)
	at org.openqa.selenium.remote.service.DriverCommandExecutor.execute(DriverCommandExecutor.java:171)
	at org.openqa.selenium.remote.RemoteWebDriver.execute(RemoteWebDriver.java:531)
	at org.openqa.selenium.remote.RemoteWebElement.execute(RemoteWebElement.java:242)
	at org.openqa.selenium.remote.RemoteWebElement.click(RemoteWebElement.java:77)
	at com.ugapp.base.Page.click(Page.java:207)
	at com.ugapp.pages.NeedHelpPage.OpenNeedhelp(NeedHelpPage.java:22)
	at com.ugapp.testcases.TC_09_MyInformationPageTest.validateNeedhelpform(TC_09_MyInformationPageTest.java:39)
... Removed 26 stack frames</pre></div><a href='#' onClick='toggleBox("stack-trace898883700", this, "Click to show all stack frames", "Click to hide stack frames")'>Click to show all stack frames</a>
<div class='stack-trace' id='stack-trace898883700'><pre>org.openqa.selenium.ElementClickInterceptedException: element click intercepted: Element &lt;a data-v-574b6fd0=&quot;&quot; href=&quot;javascript:void(0)&quot; data-cy=&quot;desktop-need-help-button&quot; class=&quot;btn btn-outline-dark-3 mr-space-xs collapsed&quot; aria-expanded=&quot;false&quot; aria-controls=&quot;portal-desktop-need-help&quot; style=&quot;overflow-anchor: none;&quot;&gt;...&lt;/a&gt; is not clickable at point (1466, 45). Other element would receive the click: &lt;div class=&quot;position-absolute bg-light-2 rounded-lg&quot; style=&quot;inset: 0px; opacity: 0.9; backdrop-filter: blur(3px);&quot;&gt;&lt;/div&gt;
  (Session info: chrome=117.0.5938.149)
Build info: version: &apos;4.10.0&apos;, revision: &apos;c14d967899&apos;
System info: os.name: &apos;Mac OS X&apos;, os.arch: &apos;x86_64&apos;, os.version: &apos;12.7&apos;, java.version: &apos;20.0.2&apos;
Driver info: org.openqa.selenium.chrome.ChromeDriver
Command: [2ba7fa2a7f3990c27cff572b5b5dde96, clickElement {id=92DF795C8167879BF7D97E5DB1635BA2_element_759}]
Capabilities {acceptInsecureCerts: false, browserName: chrome, browserVersion: 117.0.5938.149, chrome: {chromedriverVersion: 117.0.5938.149 (e3344ddefa1..., userDataDir: /var/folders/5m/4nc0x2kn289...}, fedcm:accounts: true, goog:chromeOptions: {debuggerAddress: localhost:49276}, networkConnectionEnabled: false, pageLoadStrategy: normal, platformName: mac, proxy: Proxy(), se:cdp: ws://localhost:49276/devtoo..., se:cdpVersion: 117.0.5938.149, setWindowRect: true, strictFileInteractability: false, timeouts: {implicit: 0, pageLoad: 300000, script: 30000}, unhandledPromptBehavior: dismiss and notify, webauthn:extension:credBlob: true, webauthn:extension:largeBlob: true, webauthn:extension:minPinLength: true, webauthn:extension:prf: true, webauthn:virtualAuthenticators: true}
Element: [[ChromeDriver: chrome on mac (2ba7fa2a7f3990c27cff572b5b5dde96)] -&gt; xpath: //a[@data-cy=&apos;desktop-need-help-button&apos;]]
Session ID: 2ba7fa2a7f3990c27cff572b5b5dde96
	at java.base/jdk.internal.reflect.DirectConstructorHandleAccessor.newInstance(DirectConstructorHandleAccessor.java:67)
	at java.base/java.lang.reflect.Constructor.newInstanceWithCaller(Constructor.java:500)
	at java.base/java.lang.reflect.Constructor.newInstance(Constructor.java:484)
	at org.openqa.selenium.remote.codec.w3c.W3CHttpResponseCodec.createException(W3CHttpResponseCodec.java:199)
	at org.openqa.selenium.remote.codec.w3c.W3CHttpResponseCodec.decode(W3CHttpResponseCodec.java:132)
	at org.openqa.selenium.remote.codec.w3c.W3CHttpResponseCodec.decode(W3CHttpResponseCodec.java:51)
	at org.openqa.selenium.remote.HttpCommandExecutor.execute(HttpCommandExecutor.java:191)
	at org.openqa.selenium.remote.service.DriverCommandExecutor.invokeExecute(DriverCommandExecutor.java:196)
	at org.openqa.selenium.remote.service.DriverCommandExecutor.execute(DriverCommandExecutor.java:171)
	at org.openqa.selenium.remote.RemoteWebDriver.execute(RemoteWebDriver.java:531)
	at org.openqa.selenium.remote.RemoteWebElement.execute(RemoteWebElement.java:242)
	at org.openqa.selenium.remote.RemoteWebElement.click(RemoteWebElement.java:77)
	at com.ugapp.base.Page.click(Page.java:207)
	at com.ugapp.pages.NeedHelpPage.OpenNeedhelp(NeedHelpPage.java:22)
	at com.ugapp.testcases.TC_09_MyInformationPageTest.validateNeedhelpform(TC_09_MyInformationPageTest.java:39)
	at java.base/jdk.internal.reflect.DirectMethodHandleAccessor.invoke(DirectMethodHandleAccessor.java:104)
	at java.base/java.lang.reflect.Method.invoke(Method.java:578)
	at org.testng.internal.MethodInvocationHelper.invokeMethod(MethodInvocationHelper.java:108)
	at org.testng.internal.Invoker.invokeMethod(Invoker.java:661)
	at org.testng.internal.Invoker.invokeTestMethod(Invoker.java:869)
	at org.testng.internal.Invoker.invokeTestMethods(Invoker.java:1193)
	at org.testng.internal.TestMethodWorker.invokeTestMethods(TestMethodWorker.java:126)
	at org.testng.internal.TestMethodWorker.run(TestMethodWorker.java:109)
	at org.testng.TestRunner.privateRun(TestRunner.java:744)
	at org.testng.TestRunner.run(TestRunner.java:602)
	at org.testng.SuiteRunner.runTest(SuiteRunner.java:380)
	at org.testng.SuiteRunner.runSequentially(SuiteRunner.java:375)
	at org.testng.SuiteRunner.privateRun(SuiteRunner.java:340)
	at org.testng.SuiteRunner.run(SuiteRunner.java:289)
	at org.testng.SuiteRunnerWorker.runSuite(SuiteRunnerWorker.java:52)
	at org.testng.SuiteRunnerWorker.run(SuiteRunnerWorker.java:86)
	at org.testng.TestNG.runSuitesSequentially(TestNG.java:1301)
	at org.testng.TestNG.runSuitesLocally(TestNG.java:1226)
	at org.testng.TestNG.runSuites(TestNG.java:1144)
	at org.testng.TestNG.run(TestNG.java:1115)
	at org.testng.remote.AbstractRemoteTestNG.run(AbstractRemoteTestNG.java:115)
	at org.testng.remote.RemoteTestNG.initAndRun(RemoteTestNG.java:251)
	at org.testng.remote.RemoteTestNG.main(RemoteTestNG.java:77)
</pre></div></td>
<td>7</td>
<td>com.ugapp.testcases.TC_09_MyInformationPageTest@28a9494b</td></tr>
</table><p>
<table width='100%' border='1' class='invocation-passed'>
<tr><td colspan='4' align='center'><b>PASSED TESTS</b></td></tr>
<tr><td><b>Test method</b></td>
<td width="30%"><b>Exception</b></td>
<td width="10%"><b>Time (seconds)</b></td>
<td><b>Instance</b></td>
</tr>
<tr>
<td title='com.ugapp.testcases.TC_09_MyInformationPageTest.ASU_affiliate_IDTest()'><b>ASU_affiliate_IDTest</b><br>Test class: com.ugapp.testcases.TC_09_MyInformationPageTest</td>
<td></td>
<td>0</td>
<td>com.ugapp.testcases.TC_09_MyInformationPageTest@28a9494b</td></tr>
<tr>
<td title='com.ugapp.testcases.TC_09_MyInformationPageTest.DeleteFormerNameTest()'><b>DeleteFormerNameTest</b><br>Test class: com.ugapp.testcases.TC_09_MyInformationPageTest</td>
<td></td>
<td>6</td>
<td>com.ugapp.testcases.TC_09_MyInformationPageTest@28a9494b</td></tr>
<tr>
<td title='com.ugapp.testcases.TC_09_MyInformationPageTest.Edit_CancelFormerNameTest()'><b>Edit_CancelFormerNameTest</b><br>Test class: com.ugapp.testcases.TC_09_MyInformationPageTest</td>
<td></td>
<td>5</td>
<td>com.ugapp.testcases.TC_09_MyInformationPageTest@28a9494b</td></tr>
<tr>
<td title='com.ugapp.testcases.TC_09_MyInformationPageTest.EthnicityBackgroundTest()'><b>EthnicityBackgroundTest</b><br>Test class: com.ugapp.testcases.TC_09_MyInformationPageTest</td>
<td></td>
<td>5</td>
<td>com.ugapp.testcases.TC_09_MyInformationPageTest@28a9494b</td></tr>
<tr>
<td title='com.ugapp.testcases.TC_09_MyInformationPageTest.FloatingNeedHelp()'><b>FloatingNeedHelp</b><br>Test class: com.ugapp.testcases.TC_09_MyInformationPageTest</td>
<td></td>
<td>4</td>
<td>com.ugapp.testcases.TC_09_MyInformationPageTest@28a9494b</td></tr>
<tr>
<td title='com.ugapp.testcases.TC_09_MyInformationPageTest.FormerNameTest()'><b>FormerNameTest</b><br>Test class: com.ugapp.testcases.TC_09_MyInformationPageTest<br>Parameters: {First_name= Test , Last_name= Test , Runmode=Y}</td>
<td></td>
<td>4</td>
<td>com.ugapp.testcases.TC_09_MyInformationPageTest@28a9494b</td></tr>
<tr>
<td title='com.ugapp.testcases.TC_09_MyInformationPageTest.FormerNameTest()'><b>FormerNameTest</b><br>Test class: com.ugapp.testcases.TC_09_MyInformationPageTest<br>Parameters: {First_name=TestTestTestTestTestTestTest, Last_name=TestTestTestTestTestTestTestTest, Runmode=Y}</td>
<td></td>
<td>4</td>
<td>com.ugapp.testcases.TC_09_MyInformationPageTest@28a9494b</td></tr>
<tr>
<td title='com.ugapp.testcases.TC_09_MyInformationPageTest.FormerNameTest()'><b>FormerNameTest</b><br>Test class: com.ugapp.testcases.TC_09_MyInformationPageTest<br>Parameters: {First_name=Test, Last_name=A, Runmode=Y}</td>
<td></td>
<td>4</td>
<td>com.ugapp.testcases.TC_09_MyInformationPageTest@28a9494b</td></tr>
<tr>
<td title='com.ugapp.testcases.TC_09_MyInformationPageTest.FormerNameTest()'><b>FormerNameTest</b><br>Test class: com.ugapp.testcases.TC_09_MyInformationPageTest<br>Parameters: {First_name=Test, Last_name=B, Runmode=Y}</td>
<td></td>
<td>4</td>
<td>com.ugapp.testcases.TC_09_MyInformationPageTest@28a9494b</td></tr>
<tr>
<td title='com.ugapp.testcases.TC_09_MyInformationPageTest.FormerNameTest()'><b>FormerNameTest</b><br>Test class: com.ugapp.testcases.TC_09_MyInformationPageTest<br>Parameters: {First_name=Test, Last_name=C, Runmode=Y}</td>
<td></td>
<td>4</td>
<td>com.ugapp.testcases.TC_09_MyInformationPageTest@28a9494b</td></tr>
<tr>
<td title='com.ugapp.testcases.TC_09_MyInformationPageTest.FormerNameTest()'><b>FormerNameTest</b><br>Test class: com.ugapp.testcases.TC_09_MyInformationPageTest<br>Parameters: {First_name=Test, Last_name=D, Runmode=Y}</td>
<td></td>
<td>4</td>
<td>com.ugapp.testcases.TC_09_MyInformationPageTest@28a9494b</td></tr>
<tr>
<td title='com.ugapp.testcases.TC_09_MyInformationPageTest.FormerNameTest()'><b>FormerNameTest</b><br>Test class: com.ugapp.testcases.TC_09_MyInformationPageTest<br>Parameters: {First_name=Test, Last_name=E, Runmode=Y}</td>
<td></td>
<td>4</td>
<td>com.ugapp.testcases.TC_09_MyInformationPageTest@28a9494b</td></tr>
<tr>
<td title='com.ugapp.testcases.TC_09_MyInformationPageTest.FormerNameTest()'><b>FormerNameTest</b><br>Test class: com.ugapp.testcases.TC_09_MyInformationPageTest<br>Parameters: {First_name=Test, Last_name=F, Runmode=Y}</td>
<td></td>
<td>4</td>
<td>com.ugapp.testcases.TC_09_MyInformationPageTest@28a9494b</td></tr>
<tr>
<td title='com.ugapp.testcases.TC_09_MyInformationPageTest.FormerNameTest()'><b>FormerNameTest</b><br>Test class: com.ugapp.testcases.TC_09_MyInformationPageTest<br>Parameters: {First_name=Test, Last_name=G, Runmode=Y}</td>
<td></td>
<td>4</td>
<td>com.ugapp.testcases.TC_09_MyInformationPageTest@28a9494b</td></tr>
<tr>
<td title='com.ugapp.testcases.TC_09_MyInformationPageTest.FormerNameTest()'><b>FormerNameTest</b><br>Test class: com.ugapp.testcases.TC_09_MyInformationPageTest<br>Parameters: {First_name=Test, Last_name=H, Runmode=Y}</td>
<td></td>
<td>4</td>
<td>com.ugapp.testcases.TC_09_MyInformationPageTest@28a9494b</td></tr>
<tr>
<td title='com.ugapp.testcases.TC_09_MyInformationPageTest.FormerNameTest()'><b>FormerNameTest</b><br>Test class: com.ugapp.testcases.TC_09_MyInformationPageTest<br>Parameters: {First_name=Test, Last_name=I, Runmode=Y}</td>
<td></td>
<td>4</td>
<td>com.ugapp.testcases.TC_09_MyInformationPageTest@28a9494b</td></tr>
<tr>
<td title='com.ugapp.testcases.TC_09_MyInformationPageTest.FormerNameTest()'><b>FormerNameTest</b><br>Test class: com.ugapp.testcases.TC_09_MyInformationPageTest<br>Parameters: {First_name=Test First Name, Last_name=Test Last Name, Runmode=Y}</td>
<td></td>
<td>4</td>
<td>com.ugapp.testcases.TC_09_MyInformationPageTest@28a9494b</td></tr>
<tr>
<td title='com.ugapp.testcases.TC_09_MyInformationPageTest.HomeAddress()'><b>HomeAddress</b><br>Test class: com.ugapp.testcases.TC_09_MyInformationPageTest</td>
<td></td>
<td>6</td>
<td>com.ugapp.testcases.TC_09_MyInformationPageTest@28a9494b</td></tr>
<tr>
<td title='com.ugapp.testcases.TC_09_MyInformationPageTest.HomeAddressTest()'><b>HomeAddressTest</b><br>Test class: com.ugapp.testcases.TC_09_MyInformationPageTest<br>Parameters: {Zip=1111111111111111, Phone_Number=@, State=TestTestTestTestTestTestTestTest, AddressLine2=TestTestTestTestTestTestTestTestTestTestTest, Runmode=Y, AddressLine1=TestTestTestTestTestTestTestTestTestTestTest, City=TestTestTestTestTestTestTestTest, Mobile_Number=abc}</td>
<td></td>
<td>19</td>
<td>com.ugapp.testcases.TC_09_MyInformationPageTest@28a9494b</td></tr>
<tr>
<td title='com.ugapp.testcases.TC_09_MyInformationPageTest.HomeAddressTest()'><b>HomeAddressTest</b><br>Test class: com.ugapp.testcases.TC_09_MyInformationPageTest<br>Parameters: {Zip=12345-678910, Phone_Number=11111111111, State=Test State, AddressLine2=Test Address line2, Runmode=Y, AddressLine1=Test Address line1, City=Test City, Mobile_Number=0000000000}</td>
<td></td>
<td>19</td>
<td>com.ugapp.testcases.TC_09_MyInformationPageTest@28a9494b</td></tr>
<tr>
<td title='com.ugapp.testcases.TC_09_MyInformationPageTest.ParentNameTest()'><b>ParentNameTest</b><br>Test class: com.ugapp.testcases.TC_09_MyInformationPageTest<br>Parameters: {First_name=Test1, Last_name=Test1, Runmode=Y}</td>
<td></td>
<td>2</td>
<td>com.ugapp.testcases.TC_09_MyInformationPageTest@28a9494b</td></tr>
<tr>
<td title='com.ugapp.testcases.TC_09_MyInformationPageTest.ParentNameTest()'><b>ParentNameTest</b><br>Test class: com.ugapp.testcases.TC_09_MyInformationPageTest<br>Parameters: {First_name=Test@, Last_name=Test@, Runmode=Y}</td>
<td></td>
<td>2</td>
<td>com.ugapp.testcases.TC_09_MyInformationPageTest@28a9494b</td></tr>
<tr>
<td title='com.ugapp.testcases.TC_09_MyInformationPageTest.ParentNameTest()'><b>ParentNameTest</b><br>Test class: com.ugapp.testcases.TC_09_MyInformationPageTest<br>Parameters: {First_name=TestTestTestTestTestTestTestTestTestTestTestTestTestTestTest, Last_name=TestTestTestTestTestTestTestTestTestTestTestTestTestTestTest, Runmode=Y}</td>
<td></td>
<td>3</td>
<td>com.ugapp.testcases.TC_09_MyInformationPageTest@28a9494b</td></tr>
<tr>
<td title='com.ugapp.testcases.TC_09_MyInformationPageTest.ParentNameTest()'><b>ParentNameTest</b><br>Test class: com.ugapp.testcases.TC_09_MyInformationPageTest<br>Parameters: {First_name=Parent FN, Last_name=Parent LN I, Runmode=Y}</td>
<td></td>
<td>9</td>
<td>com.ugapp.testcases.TC_09_MyInformationPageTest@28a9494b</td></tr>
<tr>
<td title='com.ugapp.testcases.TC_09_MyInformationPageTest.ParentNameTest()'><b>ParentNameTest</b><br>Test class: com.ugapp.testcases.TC_09_MyInformationPageTest<br>Parameters: {First_name=Parent FN, Last_name=Parent LN II, Runmode=Y}</td>
<td></td>
<td>9</td>
<td>com.ugapp.testcases.TC_09_MyInformationPageTest@28a9494b</td></tr>
<tr>
<td title='com.ugapp.testcases.TC_09_MyInformationPageTest.Partner_benefitsTest()'><b>Partner_benefitsTest</b><br>Test class: com.ugapp.testcases.TC_09_MyInformationPageTest</td>
<td></td>
<td>0</td>
<td>com.ugapp.testcases.TC_09_MyInformationPageTest@28a9494b</td></tr>
<tr>
<td title='com.ugapp.testcases.TC_09_MyInformationPageTest.Previous_ASU_affiliationTest()'><b>Previous_ASU_affiliationTest</b><br>Test class: com.ugapp.testcases.TC_09_MyInformationPageTest</td>
<td></td>
<td>5</td>
<td>com.ugapp.testcases.TC_09_MyInformationPageTest@28a9494b</td></tr>
<tr>
<td title='com.ugapp.testcases.TC_09_MyInformationPageTest.PrimaryLangTest()'><b>PrimaryLangTest</b><br>Test class: com.ugapp.testcases.TC_09_MyInformationPageTest</td>
<td></td>
<td>5</td>
<td>com.ugapp.testcases.TC_09_MyInformationPageTest@28a9494b</td></tr>
<tr>
<td title='com.ugapp.testcases.TC_09_MyInformationPageTest.ProfileLinkTest()'><b>ProfileLinkTest</b><br>Test class: com.ugapp.testcases.TC_09_MyInformationPageTest</td>
<td></td>
<td>0</td>
<td>com.ugapp.testcases.TC_09_MyInformationPageTest@28a9494b</td></tr>
<tr>
<td title='com.ugapp.testcases.TC_09_MyInformationPageTest.RacialBackgroundTest()'><b>RacialBackgroundTest</b><br>Test class: com.ugapp.testcases.TC_09_MyInformationPageTest</td>
<td></td>
<td>5</td>
<td>com.ugapp.testcases.TC_09_MyInformationPageTest@28a9494b</td></tr>
<tr>
<td title='com.ugapp.testcases.TC_09_MyInformationPageTest.SavePageTest()'><b>SavePageTest</b><br>Test class: com.ugapp.testcases.TC_09_MyInformationPageTest</td>
<td></td>
<td>5</td>
<td>com.ugapp.testcases.TC_09_MyInformationPageTest@28a9494b</td></tr>
<tr>
<td title='com.ugapp.testcases.TC_09_MyInformationPageTest.US_CitizenshipTest()'><b>US_CitizenshipTest</b><br>Test class: com.ugapp.testcases.TC_09_MyInformationPageTest</td>
<td></td>
<td>5</td>
<td>com.ugapp.testcases.TC_09_MyInformationPageTest@28a9494b</td></tr>
<tr>
<td title='com.ugapp.testcases.TC_09_MyInformationPageTest.US_Uniformed_Services_MilitaryTest()'><b>US_Uniformed_Services_MilitaryTest</b><br>Test class: com.ugapp.testcases.TC_09_MyInformationPageTest</td>
<td></td>
<td>4</td>
<td>com.ugapp.testcases.TC_09_MyInformationPageTest@28a9494b</td></tr>
<tr>
<td title='com.ugapp.testcases.TC_09_MyInformationPageTest.ValidateFormerNames()'><b>ValidateFormerNames</b><br>Test class: com.ugapp.testcases.TC_09_MyInformationPageTest</td>
<td></td>
<td>0</td>
<td>com.ugapp.testcases.TC_09_MyInformationPageTest@28a9494b</td></tr>
<tr>
<td title='com.ugapp.testcases.TC_09_MyInformationPageTest.ValidateParentNames()'><b>ValidateParentNames</b><br>Test class: com.ugapp.testcases.TC_09_MyInformationPageTest</td>
<td></td>
<td>0</td>
<td>com.ugapp.testcases.TC_09_MyInformationPageTest@28a9494b</td></tr>
<tr>
<td title='com.ugapp.testcases.TC_09_MyInformationPageTest.chooseLegalsexTest()'><b>chooseLegalsexTest</b><br>Test class: com.ugapp.testcases.TC_09_MyInformationPageTest</td>
<td></td>
<td>4</td>
<td>com.ugapp.testcases.TC_09_MyInformationPageTest@28a9494b</td></tr>
<tr>
<td title='com.ugapp.testcases.TC_09_MyInformationPageTest.requiredErrorMesssage()'><b>requiredErrorMesssage</b><br>Test class: com.ugapp.testcases.TC_09_MyInformationPageTest</td>
<td></td>
<td>7</td>
<td>com.ugapp.testcases.TC_09_MyInformationPageTest@28a9494b</td></tr>
<tr>
<td title='com.ugapp.testcases.TC_09_MyInformationPageTest.validateMyInfoPage()'><b>validateMyInfoPage</b><br>Test class: com.ugapp.testcases.TC_09_MyInformationPageTest</td>
<td></td>
<td>16</td>
<td>com.ugapp.testcases.TC_09_MyInformationPageTest@28a9494b</td></tr>
</table><p>
</body>
</html>