<?xml version="1.0" encoding="UTF-8"?>
<!-- Generated by org.testng.reporters.JUnitXMLReporter -->
<testsuite ignored="1" hostname="Admins-MacBook-Pro.local" failures="1" tests="4" name="Preview page Test" time="57.089" errors="0" timestamp="2024-04-22T13:49:35 IST">
  <testcase classname="com.ugapp.testcases.TC_17_PreviewTest" name="preview" time="17.256"/>
  <testcase classname="com.ugapp.testcases.TC_17_PreviewTest" name="writePreviewToExcel" time="29.833"/>
  <testcase classname="com.ugapp.testcases.TC_17_PreviewTest" name="ComparePreviewWithReview" time="0.085"/>
  <testcase classname="com.ugapp.testcases.TC_17_PreviewTest" name="postPreview" time="9.335">
    <failure type="java.lang.IllegalArgumentException" message="Keys to send should be a not null CharSequence">
      <![CDATA[java.lang.IllegalArgumentException: Keys to send should be a not null CharSequence
at org.openqa.selenium.remote.RemoteWebElement.sendKeys(RemoteWebElement.java:96)
at com.ugapp.base.Page.type(Page.java:173)
at com.ugapp.pages.PreviewPage.login(PreviewPage.java:380)
at com.ugapp.testcases.TC_17_PreviewTest.postPreview(TC_17_PreviewTest.java:80)
at java.base/java.util.ArrayList.forEach(ArrayList.java:1511)
... Removed 25 stack frames]]>
    </failure>
  </testcase> <!-- postPreview -->
  <testcase classname="com.ugapp.testcases.TC_17_PreviewTest" name="ApplicationAffidavitCheck" time="0.0">
    <ignored/>
  </testcase> <!-- ApplicationAffidavitCheck -->
</testsuite> <!-- Preview page Test -->
