<html>
<head>
<title>TestNG:  My Information page Test</title>
<link href="../testng.css" rel="stylesheet" type="text/css" />
<link href="../my-testng.css" rel="stylesheet" type="text/css" />

<style type="text/css">
.log { display: none;} 
.stack-trace { display: none;} 
</style>
<script type="text/javascript">
<!--
function flip(e) {
  current = e.style.display;
  if (current == 'block') {
    e.style.display = 'none';
    return 0;
  }
  else {
    e.style.display = 'block';
    return 1;
  }
}

function toggleBox(szDivId, elem, msg1, msg2)
{
  var res = -1;  if (document.getElementById) {
    res = flip(document.getElementById(szDivId));
  }
  else if (document.all) {
    // this is the way old msie versions work
    res = flip(document.all[szDivId]);
  }
  if(elem) {
    if(res == 0) elem.innerHTML = msg1; else elem.innerHTML = msg2;
  }

}

function toggleAllBoxes() {
  if (document.getElementsByTagName) {
    d = document.getElementsByTagName('div');
    for (i = 0; i < d.length; i++) {
      if (d[i].className == 'log') {
        flip(d[i]);
      }
    }
  }
}

// -->
</script>

</head>
<body>
<h2 align='center'>My Information page Test</h2><table border='1' align="center">
<tr>
<td>Tests passed/Failed/Skipped:</td><td>13/2/0</td>
</tr><tr>
<td>Started on:</td><td>Mon Dec 11 15:18:06 IST 2023</td>
</tr>
<tr><td>Total time:</td><td>137 seconds (137568 ms)</td>
</tr><tr>
<td>Included groups:</td><td></td>
</tr><tr>
<td>Excluded groups:</td><td></td>
</tr>
</table><p/>
<small><i>(Hover the method name to see the test class name)</i></small><p/>
<table width='100%' border='1' class='invocation-failed'>
<tr><td colspan='4' align='center'><b>FAILED TESTS</b></td></tr>
<tr><td><b>Test method</b></td>
<td width="30%"><b>Exception</b></td>
<td width="10%"><b>Time (seconds)</b></td>
<td><b>Instance</b></td>
</tr>
<tr>
<td title='com.ugapp.testcases.TC_09_MyInformationPageTest.PrimaryLangTest()'><b>PrimaryLangTest</b><br>Test class: com.ugapp.testcases.TC_09_MyInformationPageTest<br>Parameters: 2, 3<br/>
<a href="#Output-1365561818" onClick='toggleBox("Output-1365561818", this, "Show output", "Hide output");'>Show output</a>

<a href="#Output-1365561818" onClick="toggleAllBoxes();">Show all outputs</a>
<div class='log' id="Output-1365561818">
Click to see Screenshot<br/>
<a target="_blank" href=Mon_Dec_11_15_18_30_IST_2023.jpg>Screenshot</a><br/>
<br><br/>
<br><br/>
<a target="_blank" href=Mon_Dec_11_15_18_30_IST_2023.jpg><img src=Mon_Dec_11_15_18_30_IST_2023.jpg height=200 width=200></img></a><br/>
</div>
</td>
<td><div><pre>java.lang.IllegalArgumentException: bound must be positive
	at java.base/java.util.Random.nextInt(Random.java:557)
	at com.ugapp.pages.MyInformationPage.ChoosePrimageLanguage(MyInformationPage.java:556)
	at com.ugapp.testcases.TC_09_MyInformationPageTest.PrimaryLangTest(TC_09_MyInformationPageTest.java:114)
	at java.base/java.util.concurrent.FutureTask.run(FutureTask.java:317)
	at java.base/java.util.concurrent.ThreadPoolExecutor.runWorker(ThreadPoolExecutor.java:1144)
	at java.base/java.util.concurrent.ThreadPoolExecutor$Worker.run(ThreadPoolExecutor.java:642)
	at java.base/java.lang.Thread.run(Thread.java:1623)
... Removed 14 stack frames</pre></div><a href='#' onClick='toggleBox("stack-trace1365561818", this, "Click to show all stack frames", "Click to hide stack frames")'>Click to show all stack frames</a>
<div class='stack-trace' id='stack-trace1365561818'><pre>java.lang.IllegalArgumentException: bound must be positive
	at java.base/java.util.Random.nextInt(Random.java:557)
	at com.ugapp.pages.MyInformationPage.ChoosePrimageLanguage(MyInformationPage.java:556)
	at com.ugapp.testcases.TC_09_MyInformationPageTest.PrimaryLangTest(TC_09_MyInformationPageTest.java:114)
	at java.base/jdk.internal.reflect.DirectMethodHandleAccessor.invoke(DirectMethodHandleAccessor.java:104)
	at java.base/java.lang.reflect.Method.invoke(Method.java:578)
	at org.testng.internal.MethodInvocationHelper.invokeMethod(MethodInvocationHelper.java:108)
	at org.testng.internal.Invoker.invokeMethod(Invoker.java:661)
	at org.testng.internal.Invoker.invokeTestMethod(Invoker.java:869)
	at org.testng.internal.Invoker.invokeTestMethods(Invoker.java:1193)
	at org.testng.internal.TestMethodWorker.invokeTestMethods(TestMethodWorker.java:126)
	at org.testng.internal.TestMethodWorker.run(TestMethodWorker.java:109)
	at org.testng.TestRunner.privateRun(TestRunner.java:744)
	at org.testng.TestRunner.run(TestRunner.java:602)
	at org.testng.SuiteRunner.runTest(SuiteRunner.java:380)
	at org.testng.SuiteRunner.access$000(SuiteRunner.java:39)
	at org.testng.SuiteRunner$SuiteWorker.run(SuiteRunner.java:414)
	at org.testng.internal.thread.ThreadUtil$1.call(ThreadUtil.java:52)
	at java.base/java.util.concurrent.FutureTask.run(FutureTask.java:317)
	at java.base/java.util.concurrent.ThreadPoolExecutor.runWorker(ThreadPoolExecutor.java:1144)
	at java.base/java.util.concurrent.ThreadPoolExecutor$Worker.run(ThreadPoolExecutor.java:642)
	at java.base/java.lang.Thread.run(Thread.java:1623)
</pre></div></td>
<td>3</td>
<td>com.ugapp.testcases.TC_09_MyInformationPageTest@4eeea57d</td></tr>
<tr>
<td title='com.ugapp.testcases.TC_09_MyInformationPageTest.chooseLegalsexTest()'><b>chooseLegalsexTest</b><br>Test class: com.ugapp.testcases.TC_09_MyInformationPageTest<br>Parameters: 2, 3<br/>
<a href="#Output-64439064" onClick='toggleBox("Output-64439064", this, "Show output", "Hide output");'>Show output</a>

<a href="#Output-64439064" onClick="toggleAllBoxes();">Show all outputs</a>
<div class='log' id="Output-64439064">
Click to see Screenshot<br/>
<a target="_blank" href=Mon_Dec_11_15_18_26_IST_2023.jpg>Screenshot</a><br/>
<br><br/>
<br><br/>
<a target="_blank" href=Mon_Dec_11_15_18_26_IST_2023.jpg><img src=Mon_Dec_11_15_18_26_IST_2023.jpg height=200 width=200></img></a><br/>
</div>
</td>
<td><div><pre>org.openqa.selenium.ElementClickInterceptedException: element click intercepted: Element &lt;input data-v-1d10ef50=&quot;&quot; type=&quot;radio&quot; name=&quot;legal_sex_group&quot; value=&quot;M&quot;&gt; is not clickable at point (209, 673). Other element would receive the click: &lt;div data-v-711bcb8f=&quot;&quot; class=&quot;d-flex pt-space-sm pb-space-md py-lg-space-md justify-content-between align-items-center&quot;&gt;...&lt;/div&gt;
  (Session info: MicrosoftEdge=120.0.2210.61)
Build info: version: &apos;4.10.0&apos;, revision: &apos;c14d967899&apos;
System info: os.name: &apos;Mac OS X&apos;, os.arch: &apos;x86_64&apos;, os.version: &apos;12.7.1&apos;, java.version: &apos;20.0.2&apos;
Driver info: org.openqa.selenium.edge.EdgeDriver
Command: [31aa310df51e219dc554f91fe4f13731, clickElement {id=7C1EE9B135A2085FE8C184990F17BFA3_element_459}]
Capabilities {acceptInsecureCerts: false, browserName: MicrosoftEdge, browserVersion: 120.0.2210.61, fedcm:accounts: true, ms:edgeOptions: {debuggerAddress: localhost:59807}, msedge: {msedgedriverVersion: 120.0.2210.61 (50ab4bd76cf1..., userDataDir: /var/folders/5m/4nc0x2kn289...}, networkConnectionEnabled: false, pageLoadStrategy: normal, platformName: mac, proxy: Proxy(), se:cdp: ws://localhost:59807/devtoo..., se:cdpVersion: 120.0.2210.61, setWindowRect: true, strictFileInteractability: false, timeouts: {implicit: 0, pageLoad: 300000, script: 30000}, unhandledPromptBehavior: dismiss and notify, webauthn:extension:credBlob: true, webauthn:extension:largeBlob: true, webauthn:extension:minPinLength: true, webauthn:extension:prf: true, webauthn:virtualAuthenticators: true}
Element: [[EdgeDriver: MicrosoftEdge on mac (31aa310df51e219dc554f91fe4f13731)] -&gt; xpath: //input[@name=&apos;legal_sex_group&apos;]]
Session ID: 31aa310df51e219dc554f91fe4f13731
	at org.openqa.selenium.remote.codec.w3c.W3CHttpResponseCodec.createException(W3CHttpResponseCodec.java:199)
	at org.openqa.selenium.remote.codec.w3c.W3CHttpResponseCodec.decode(W3CHttpResponseCodec.java:132)
	at org.openqa.selenium.remote.codec.w3c.W3CHttpResponseCodec.decode(W3CHttpResponseCodec.java:51)
	at org.openqa.selenium.remote.HttpCommandExecutor.execute(HttpCommandExecutor.java:191)
	at org.openqa.selenium.remote.service.DriverCommandExecutor.invokeExecute(DriverCommandExecutor.java:196)
	at org.openqa.selenium.remote.service.DriverCommandExecutor.execute(DriverCommandExecutor.java:171)
	at org.openqa.selenium.remote.RemoteWebDriver.execute(RemoteWebDriver.java:531)
	at org.openqa.selenium.remote.RemoteWebElement.execute(RemoteWebElement.java:242)
	at org.openqa.selenium.remote.RemoteWebElement.click(RemoteWebElement.java:77)
	at com.ugapp.pages.MyInformationPage.chooseLegalSex(MyInformationPage.java:495)
	at com.ugapp.testcases.TC_09_MyInformationPageTest.chooseLegalsexTest(TC_09_MyInformationPageTest.java:102)
	at java.base/java.util.concurrent.FutureTask.run(FutureTask.java:317)
	at java.base/java.util.concurrent.ThreadPoolExecutor.runWorker(ThreadPoolExecutor.java:1144)
	at java.base/java.util.concurrent.ThreadPoolExecutor$Worker.run(ThreadPoolExecutor.java:642)
	at java.base/java.lang.Thread.run(Thread.java:1623)
... Removed 17 stack frames</pre></div><a href='#' onClick='toggleBox("stack-trace64439064", this, "Click to show all stack frames", "Click to hide stack frames")'>Click to show all stack frames</a>
<div class='stack-trace' id='stack-trace64439064'><pre>org.openqa.selenium.ElementClickInterceptedException: element click intercepted: Element &lt;input data-v-1d10ef50=&quot;&quot; type=&quot;radio&quot; name=&quot;legal_sex_group&quot; value=&quot;M&quot;&gt; is not clickable at point (209, 673). Other element would receive the click: &lt;div data-v-711bcb8f=&quot;&quot; class=&quot;d-flex pt-space-sm pb-space-md py-lg-space-md justify-content-between align-items-center&quot;&gt;...&lt;/div&gt;
  (Session info: MicrosoftEdge=120.0.2210.61)
Build info: version: &apos;4.10.0&apos;, revision: &apos;c14d967899&apos;
System info: os.name: &apos;Mac OS X&apos;, os.arch: &apos;x86_64&apos;, os.version: &apos;12.7.1&apos;, java.version: &apos;20.0.2&apos;
Driver info: org.openqa.selenium.edge.EdgeDriver
Command: [31aa310df51e219dc554f91fe4f13731, clickElement {id=7C1EE9B135A2085FE8C184990F17BFA3_element_459}]
Capabilities {acceptInsecureCerts: false, browserName: MicrosoftEdge, browserVersion: 120.0.2210.61, fedcm:accounts: true, ms:edgeOptions: {debuggerAddress: localhost:59807}, msedge: {msedgedriverVersion: 120.0.2210.61 (50ab4bd76cf1..., userDataDir: /var/folders/5m/4nc0x2kn289...}, networkConnectionEnabled: false, pageLoadStrategy: normal, platformName: mac, proxy: Proxy(), se:cdp: ws://localhost:59807/devtoo..., se:cdpVersion: 120.0.2210.61, setWindowRect: true, strictFileInteractability: false, timeouts: {implicit: 0, pageLoad: 300000, script: 30000}, unhandledPromptBehavior: dismiss and notify, webauthn:extension:credBlob: true, webauthn:extension:largeBlob: true, webauthn:extension:minPinLength: true, webauthn:extension:prf: true, webauthn:virtualAuthenticators: true}
Element: [[EdgeDriver: MicrosoftEdge on mac (31aa310df51e219dc554f91fe4f13731)] -&gt; xpath: //input[@name=&apos;legal_sex_group&apos;]]
Session ID: 31aa310df51e219dc554f91fe4f13731
	at java.base/jdk.internal.reflect.DirectConstructorHandleAccessor.newInstance(DirectConstructorHandleAccessor.java:67)
	at java.base/java.lang.reflect.Constructor.newInstanceWithCaller(Constructor.java:500)
	at java.base/java.lang.reflect.Constructor.newInstance(Constructor.java:484)
	at org.openqa.selenium.remote.codec.w3c.W3CHttpResponseCodec.createException(W3CHttpResponseCodec.java:199)
	at org.openqa.selenium.remote.codec.w3c.W3CHttpResponseCodec.decode(W3CHttpResponseCodec.java:132)
	at org.openqa.selenium.remote.codec.w3c.W3CHttpResponseCodec.decode(W3CHttpResponseCodec.java:51)
	at org.openqa.selenium.remote.HttpCommandExecutor.execute(HttpCommandExecutor.java:191)
	at org.openqa.selenium.remote.service.DriverCommandExecutor.invokeExecute(DriverCommandExecutor.java:196)
	at org.openqa.selenium.remote.service.DriverCommandExecutor.execute(DriverCommandExecutor.java:171)
	at org.openqa.selenium.remote.RemoteWebDriver.execute(RemoteWebDriver.java:531)
	at org.openqa.selenium.remote.RemoteWebElement.execute(RemoteWebElement.java:242)
	at org.openqa.selenium.remote.RemoteWebElement.click(RemoteWebElement.java:77)
	at com.ugapp.pages.MyInformationPage.chooseLegalSex(MyInformationPage.java:495)
	at com.ugapp.testcases.TC_09_MyInformationPageTest.chooseLegalsexTest(TC_09_MyInformationPageTest.java:102)
	at java.base/jdk.internal.reflect.DirectMethodHandleAccessor.invoke(DirectMethodHandleAccessor.java:104)
	at java.base/java.lang.reflect.Method.invoke(Method.java:578)
	at org.testng.internal.MethodInvocationHelper.invokeMethod(MethodInvocationHelper.java:108)
	at org.testng.internal.Invoker.invokeMethod(Invoker.java:661)
	at org.testng.internal.Invoker.invokeTestMethod(Invoker.java:869)
	at org.testng.internal.Invoker.invokeTestMethods(Invoker.java:1193)
	at org.testng.internal.TestMethodWorker.invokeTestMethods(TestMethodWorker.java:126)
	at org.testng.internal.TestMethodWorker.run(TestMethodWorker.java:109)
	at org.testng.TestRunner.privateRun(TestRunner.java:744)
	at org.testng.TestRunner.run(TestRunner.java:602)
	at org.testng.SuiteRunner.runTest(SuiteRunner.java:380)
	at org.testng.SuiteRunner.access$000(SuiteRunner.java:39)
	at org.testng.SuiteRunner$SuiteWorker.run(SuiteRunner.java:414)
	at org.testng.internal.thread.ThreadUtil$1.call(ThreadUtil.java:52)
	at java.base/java.util.concurrent.FutureTask.run(FutureTask.java:317)
	at java.base/java.util.concurrent.ThreadPoolExecutor.runWorker(ThreadPoolExecutor.java:1144)
	at java.base/java.util.concurrent.ThreadPoolExecutor$Worker.run(ThreadPoolExecutor.java:642)
	at java.base/java.lang.Thread.run(Thread.java:1623)
</pre></div></td>
<td>4</td>
<td>com.ugapp.testcases.TC_09_MyInformationPageTest@4eeea57d</td></tr>
</table><p>
<table width='100%' border='1' class='invocation-passed'>
<tr><td colspan='4' align='center'><b>PASSED TESTS</b></td></tr>
<tr><td><b>Test method</b></td>
<td width="30%"><b>Exception</b></td>
<td width="10%"><b>Time (seconds)</b></td>
<td><b>Instance</b></td>
</tr>
<tr>
<td title='com.ugapp.testcases.TC_09_MyInformationPageTest.ASU_affiliate_IDTest()'><b>ASU_affiliate_IDTest</b><br>Test class: com.ugapp.testcases.TC_09_MyInformationPageTest<br>Parameters: 2, 3</td>
<td></td>
<td>0</td>
<td>com.ugapp.testcases.TC_09_MyInformationPageTest@4eeea57d</td></tr>
<tr>
<td title='com.ugapp.testcases.TC_09_MyInformationPageTest.EthnicityBackgroundTest()'><b>EthnicityBackgroundTest</b><br>Test class: com.ugapp.testcases.TC_09_MyInformationPageTest<br>Parameters: 2, 3</td>
<td></td>
<td>16</td>
<td>com.ugapp.testcases.TC_09_MyInformationPageTest@4eeea57d</td></tr>
<tr>
<td title='com.ugapp.testcases.TC_09_MyInformationPageTest.HomeAddress()'><b>HomeAddress</b><br>Test class: com.ugapp.testcases.TC_09_MyInformationPageTest</td>
<td></td>
<td>7</td>
<td>com.ugapp.testcases.TC_09_MyInformationPageTest@4eeea57d</td></tr>
<tr>
<td title='com.ugapp.testcases.TC_09_MyInformationPageTest.HomeAddressTest()'><b>HomeAddressTest</b><br>Test class: com.ugapp.testcases.TC_09_MyInformationPageTest<br>Parameters: {Zip=1111111111111111, Phone_Number=@, State=TestTestTestTestTestTestTestTest, AddressLine2=TestTestTestTestTestTestTestTestTestTestTest, Runmode=Y, AddressLine1=TestTestTestTestTestTestTestTestTestTestTest, City=TestTestTestTestTestTestTestTest, Mobile_Number=abc}</td>
<td></td>
<td>32</td>
<td>com.ugapp.testcases.TC_09_MyInformationPageTest@4eeea57d</td></tr>
<tr>
<td title='com.ugapp.testcases.TC_09_MyInformationPageTest.HomeAddressTest()'><b>HomeAddressTest</b><br>Test class: com.ugapp.testcases.TC_09_MyInformationPageTest<br>Parameters: {Zip=12345-678910, Phone_Number=6363052399, State=Test State, AddressLine2=Test Address line2, Runmode=Y, AddressLine1=Test Address line1, City=Test City, Mobile_Number=8150052399}</td>
<td></td>
<td>19</td>
<td>com.ugapp.testcases.TC_09_MyInformationPageTest@4eeea57d</td></tr>
<tr>
<td title='com.ugapp.testcases.TC_09_MyInformationPageTest.Not_US_Citizenship()'><b>Not_US_Citizenship</b><br>Test class: com.ugapp.testcases.TC_09_MyInformationPageTest</td>
<td></td>
<td>1</td>
<td>com.ugapp.testcases.TC_09_MyInformationPageTest@4eeea57d</td></tr>
<tr>
<td title='com.ugapp.testcases.TC_09_MyInformationPageTest.Partner_benefitsTest()'><b>Partner_benefitsTest</b><br>Test class: com.ugapp.testcases.TC_09_MyInformationPageTest<br>Parameters: 2, 3</td>
<td></td>
<td>0</td>
<td>com.ugapp.testcases.TC_09_MyInformationPageTest@4eeea57d</td></tr>
<tr>
<td title='com.ugapp.testcases.TC_09_MyInformationPageTest.Previous_ASU_affiliationTest()'><b>Previous_ASU_affiliationTest</b><br>Test class: com.ugapp.testcases.TC_09_MyInformationPageTest<br>Parameters: 2, 3</td>
<td></td>
<td>5</td>
<td>com.ugapp.testcases.TC_09_MyInformationPageTest@4eeea57d</td></tr>
<tr>
<td title='com.ugapp.testcases.TC_09_MyInformationPageTest.ProfileLinkTest()'><b>ProfileLinkTest</b><br>Test class: com.ugapp.testcases.TC_09_MyInformationPageTest</td>
<td></td>
<td>0</td>
<td>com.ugapp.testcases.TC_09_MyInformationPageTest@4eeea57d</td></tr>
<tr>
<td title='com.ugapp.testcases.TC_09_MyInformationPageTest.SavePageTest()'><b>SavePageTest</b><br>Test class: com.ugapp.testcases.TC_09_MyInformationPageTest</td>
<td></td>
<td>5</td>
<td>com.ugapp.testcases.TC_09_MyInformationPageTest@4eeea57d</td></tr>
<tr>
<td title='com.ugapp.testcases.TC_09_MyInformationPageTest.Veteran_MilitaryTest()'><b>Veteran_MilitaryTest</b><br>Test class: com.ugapp.testcases.TC_09_MyInformationPageTest<br>Parameters: 2, 3</td>
<td></td>
<td>5</td>
<td>com.ugapp.testcases.TC_09_MyInformationPageTest@4eeea57d</td></tr>
<tr>
<td title='com.ugapp.testcases.TC_09_MyInformationPageTest.Visa_Type()'><b>Visa_Type</b><br>Test class: com.ugapp.testcases.TC_09_MyInformationPageTest<br>Parameters: 2, 3</td>
<td></td>
<td>19</td>
<td>com.ugapp.testcases.TC_09_MyInformationPageTest@4eeea57d</td></tr>
<tr>
<td title='com.ugapp.testcases.TC_09_MyInformationPageTest.validateMyInfoPage()'><b>validateMyInfoPage</b><br>Test class: com.ugapp.testcases.TC_09_MyInformationPageTest</td>
<td></td>
<td>15</td>
<td>com.ugapp.testcases.TC_09_MyInformationPageTest@4eeea57d</td></tr>
</table><p>
</body>
</html>