<html>
<head>
<title>TestNG:  Review page Test</title>
<link href="../testng.css" rel="stylesheet" type="text/css" />
<link href="../my-testng.css" rel="stylesheet" type="text/css" />

<style type="text/css">
.log { display: none;} 
.stack-trace { display: none;} 
</style>
<script type="text/javascript">
<!--
function flip(e) {
  current = e.style.display;
  if (current == 'block') {
    e.style.display = 'none';
    return 0;
  }
  else {
    e.style.display = 'block';
    return 1;
  }
}

function toggleBox(szDivId, elem, msg1, msg2)
{
  var res = -1;  if (document.getElementById) {
    res = flip(document.getElementById(szDivId));
  }
  else if (document.all) {
    // this is the way old msie versions work
    res = flip(document.all[szDivId]);
  }
  if(elem) {
    if(res == 0) elem.innerHTML = msg1; else elem.innerHTML = msg2;
  }

}

function toggleAllBoxes() {
  if (document.getElementsByTagName) {
    d = document.getElementsByTagName('div');
    for (i = 0; i < d.length; i++) {
      if (d[i].className == 'log') {
        flip(d[i]);
      }
    }
  }
}

// -->
</script>

</head>
<body>
<h2 align='center'>Review page Test</h2><table border='1' align="center">
<tr>
<td>Tests passed/Failed/Skipped:</td><td>5/1/0</td>
</tr><tr>
<td>Started on:</td><td>Mon Dec 11 15:24:13 IST 2023</td>
</tr>
<tr><td>Total time:</td><td>73 seconds (73485 ms)</td>
</tr><tr>
<td>Included groups:</td><td></td>
</tr><tr>
<td>Excluded groups:</td><td></td>
</tr>
</table><p/>
<small><i>(Hover the method name to see the test class name)</i></small><p/>
<table width='100%' border='1' class='invocation-failed'>
<tr><td colspan='4' align='center'><b>FAILED TESTS</b></td></tr>
<tr><td><b>Test method</b></td>
<td width="30%"><b>Exception</b></td>
<td width="10%"><b>Time (seconds)</b></td>
<td><b>Instance</b></td>
</tr>
<tr>
<td title='com.ugapp.testcases.TC_15_ReviewTest.edit()'><b>edit</b><br>Test class: com.ugapp.testcases.TC_15_ReviewTest<br/>
<a href="#Output-126489172" onClick='toggleBox("Output-126489172", this, "Show output", "Hide output");'>Show output</a>

<a href="#Output-126489172" onClick="toggleAllBoxes();">Show all outputs</a>
<div class='log' id="Output-126489172">
Click to see Screenshot<br/>
<a target="_blank" href=Mon_Dec_11_15_24_51_IST_2023.jpg>Screenshot</a><br/>
<br><br/>
<br><br/>
<a target="_blank" href=Mon_Dec_11_15_24_51_IST_2023.jpg><img src=Mon_Dec_11_15_24_51_IST_2023.jpg height=200 width=200></img></a><br/>
</div>
</td>
<td><div><pre>org.openqa.selenium.ElementClickInterceptedException: element click intercepted: Element &lt;button data-v-1028096c=&quot;&quot; class=&quot;btn btn-dark-1 text-xs py-space-xxxs px-space-xxs px-lg-space-xs py-lg-space-xxs my-auto mr-space-xs&quot;&gt;...&lt;/button&gt; is not clickable at point (502, 694). Other element would receive the click: &lt;div data-v-711bcb8f=&quot;&quot; class=&quot;d-flex pt-space-sm pb-space-md py-lg-space-md justify-content-between align-items-center&quot;&gt;...&lt;/div&gt;
  (Session info: MicrosoftEdge=120.0.2210.61)
Build info: version: &apos;4.10.0&apos;, revision: &apos;c14d967899&apos;
System info: os.name: &apos;Mac OS X&apos;, os.arch: &apos;x86_64&apos;, os.version: &apos;12.7.1&apos;, java.version: &apos;20.0.2&apos;
Driver info: org.openqa.selenium.edge.EdgeDriver
Command: [31aa310df51e219dc554f91fe4f13731, clickElement {id=7C1EE9B135A2085FE8C184990F17BFA3_element_3077}]
Capabilities {acceptInsecureCerts: false, browserName: MicrosoftEdge, browserVersion: 120.0.2210.61, fedcm:accounts: true, ms:edgeOptions: {debuggerAddress: localhost:59807}, msedge: {msedgedriverVersion: 120.0.2210.61 (50ab4bd76cf1..., userDataDir: /var/folders/5m/4nc0x2kn289...}, networkConnectionEnabled: false, pageLoadStrategy: normal, platformName: mac, proxy: Proxy(), se:cdp: ws://localhost:59807/devtoo..., se:cdpVersion: 120.0.2210.61, setWindowRect: true, strictFileInteractability: false, timeouts: {implicit: 0, pageLoad: 300000, script: 30000}, unhandledPromptBehavior: dismiss and notify, webauthn:extension:credBlob: true, webauthn:extension:largeBlob: true, webauthn:extension:minPinLength: true, webauthn:extension:prf: true, webauthn:virtualAuthenticators: true}
Element: [[EdgeDriver: MicrosoftEdge on mac (31aa310df51e219dc554f91fe4f13731)] -&gt; xpath: (//button[contains(text(),&apos;Edit&apos;)])[6]]
Session ID: 31aa310df51e219dc554f91fe4f13731
	at org.openqa.selenium.remote.codec.w3c.W3CHttpResponseCodec.createException(W3CHttpResponseCodec.java:199)
	at org.openqa.selenium.remote.codec.w3c.W3CHttpResponseCodec.decode(W3CHttpResponseCodec.java:132)
	at org.openqa.selenium.remote.codec.w3c.W3CHttpResponseCodec.decode(W3CHttpResponseCodec.java:51)
	at org.openqa.selenium.remote.HttpCommandExecutor.execute(HttpCommandExecutor.java:191)
	at org.openqa.selenium.remote.service.DriverCommandExecutor.invokeExecute(DriverCommandExecutor.java:196)
	at org.openqa.selenium.remote.service.DriverCommandExecutor.execute(DriverCommandExecutor.java:171)
	at org.openqa.selenium.remote.RemoteWebDriver.execute(RemoteWebDriver.java:531)
	at org.openqa.selenium.remote.RemoteWebElement.execute(RemoteWebElement.java:242)
	at org.openqa.selenium.remote.RemoteWebElement.click(RemoteWebElement.java:77)
	at com.ugapp.pages.ReviewPage.editFunctionality(ReviewPage.java:305)
	at com.ugapp.testcases.TC_15_ReviewTest.edit(TC_15_ReviewTest.java:77)
	at java.base/java.util.concurrent.FutureTask.run(FutureTask.java:317)
	at java.base/java.util.concurrent.ThreadPoolExecutor.runWorker(ThreadPoolExecutor.java:1144)
	at java.base/java.util.concurrent.ThreadPoolExecutor$Worker.run(ThreadPoolExecutor.java:642)
	at java.base/java.lang.Thread.run(Thread.java:1623)
... Removed 17 stack frames</pre></div><a href='#' onClick='toggleBox("stack-trace126489172", this, "Click to show all stack frames", "Click to hide stack frames")'>Click to show all stack frames</a>
<div class='stack-trace' id='stack-trace126489172'><pre>org.openqa.selenium.ElementClickInterceptedException: element click intercepted: Element &lt;button data-v-1028096c=&quot;&quot; class=&quot;btn btn-dark-1 text-xs py-space-xxxs px-space-xxs px-lg-space-xs py-lg-space-xxs my-auto mr-space-xs&quot;&gt;...&lt;/button&gt; is not clickable at point (502, 694). Other element would receive the click: &lt;div data-v-711bcb8f=&quot;&quot; class=&quot;d-flex pt-space-sm pb-space-md py-lg-space-md justify-content-between align-items-center&quot;&gt;...&lt;/div&gt;
  (Session info: MicrosoftEdge=120.0.2210.61)
Build info: version: &apos;4.10.0&apos;, revision: &apos;c14d967899&apos;
System info: os.name: &apos;Mac OS X&apos;, os.arch: &apos;x86_64&apos;, os.version: &apos;12.7.1&apos;, java.version: &apos;20.0.2&apos;
Driver info: org.openqa.selenium.edge.EdgeDriver
Command: [31aa310df51e219dc554f91fe4f13731, clickElement {id=7C1EE9B135A2085FE8C184990F17BFA3_element_3077}]
Capabilities {acceptInsecureCerts: false, browserName: MicrosoftEdge, browserVersion: 120.0.2210.61, fedcm:accounts: true, ms:edgeOptions: {debuggerAddress: localhost:59807}, msedge: {msedgedriverVersion: 120.0.2210.61 (50ab4bd76cf1..., userDataDir: /var/folders/5m/4nc0x2kn289...}, networkConnectionEnabled: false, pageLoadStrategy: normal, platformName: mac, proxy: Proxy(), se:cdp: ws://localhost:59807/devtoo..., se:cdpVersion: 120.0.2210.61, setWindowRect: true, strictFileInteractability: false, timeouts: {implicit: 0, pageLoad: 300000, script: 30000}, unhandledPromptBehavior: dismiss and notify, webauthn:extension:credBlob: true, webauthn:extension:largeBlob: true, webauthn:extension:minPinLength: true, webauthn:extension:prf: true, webauthn:virtualAuthenticators: true}
Element: [[EdgeDriver: MicrosoftEdge on mac (31aa310df51e219dc554f91fe4f13731)] -&gt; xpath: (//button[contains(text(),&apos;Edit&apos;)])[6]]
Session ID: 31aa310df51e219dc554f91fe4f13731
	at java.base/jdk.internal.reflect.DirectConstructorHandleAccessor.newInstance(DirectConstructorHandleAccessor.java:67)
	at java.base/java.lang.reflect.Constructor.newInstanceWithCaller(Constructor.java:500)
	at java.base/java.lang.reflect.Constructor.newInstance(Constructor.java:484)
	at org.openqa.selenium.remote.codec.w3c.W3CHttpResponseCodec.createException(W3CHttpResponseCodec.java:199)
	at org.openqa.selenium.remote.codec.w3c.W3CHttpResponseCodec.decode(W3CHttpResponseCodec.java:132)
	at org.openqa.selenium.remote.codec.w3c.W3CHttpResponseCodec.decode(W3CHttpResponseCodec.java:51)
	at org.openqa.selenium.remote.HttpCommandExecutor.execute(HttpCommandExecutor.java:191)
	at org.openqa.selenium.remote.service.DriverCommandExecutor.invokeExecute(DriverCommandExecutor.java:196)
	at org.openqa.selenium.remote.service.DriverCommandExecutor.execute(DriverCommandExecutor.java:171)
	at org.openqa.selenium.remote.RemoteWebDriver.execute(RemoteWebDriver.java:531)
	at org.openqa.selenium.remote.RemoteWebElement.execute(RemoteWebElement.java:242)
	at org.openqa.selenium.remote.RemoteWebElement.click(RemoteWebElement.java:77)
	at com.ugapp.pages.ReviewPage.editFunctionality(ReviewPage.java:305)
	at com.ugapp.testcases.TC_15_ReviewTest.edit(TC_15_ReviewTest.java:77)
	at java.base/jdk.internal.reflect.DirectMethodHandleAccessor.invoke(DirectMethodHandleAccessor.java:104)
	at java.base/java.lang.reflect.Method.invoke(Method.java:578)
	at org.testng.internal.MethodInvocationHelper.invokeMethod(MethodInvocationHelper.java:108)
	at org.testng.internal.Invoker.invokeMethod(Invoker.java:661)
	at org.testng.internal.Invoker.invokeTestMethod(Invoker.java:869)
	at org.testng.internal.Invoker.invokeTestMethods(Invoker.java:1193)
	at org.testng.internal.TestMethodWorker.invokeTestMethods(TestMethodWorker.java:126)
	at org.testng.internal.TestMethodWorker.run(TestMethodWorker.java:109)
	at org.testng.TestRunner.privateRun(TestRunner.java:744)
	at org.testng.TestRunner.run(TestRunner.java:602)
	at org.testng.SuiteRunner.runTest(SuiteRunner.java:380)
	at org.testng.SuiteRunner.access$000(SuiteRunner.java:39)
	at org.testng.SuiteRunner$SuiteWorker.run(SuiteRunner.java:414)
	at org.testng.internal.thread.ThreadUtil$1.call(ThreadUtil.java:52)
	at java.base/java.util.concurrent.FutureTask.run(FutureTask.java:317)
	at java.base/java.util.concurrent.ThreadPoolExecutor.runWorker(ThreadPoolExecutor.java:1144)
	at java.base/java.util.concurrent.ThreadPoolExecutor$Worker.run(ThreadPoolExecutor.java:642)
	at java.base/java.lang.Thread.run(Thread.java:1623)
</pre></div></td>
<td>8</td>
<td>com.ugapp.testcases.TC_15_ReviewTest@2d72f75e</td></tr>
</table><p>
<table width='100%' border='1' class='invocation-passed'>
<tr><td colspan='4' align='center'><b>PASSED TESTS</b></td></tr>
<tr><td><b>Test method</b></td>
<td width="30%"><b>Exception</b></td>
<td width="10%"><b>Time (seconds)</b></td>
<td><b>Instance</b></td>
</tr>
<tr>
<td title='com.ugapp.testcases.TC_15_ReviewTest.ApplicationAffidavitTest()'><b>ApplicationAffidavitTest</b><br>Test class: com.ugapp.testcases.TC_15_ReviewTest</td>
<td></td>
<td>9</td>
<td>com.ugapp.testcases.TC_15_ReviewTest@2d72f75e</td></tr>
<tr>
<td title='com.ugapp.testcases.TC_15_ReviewTest.ApplicationFee_PayLaterTest()'><b>ApplicationFee_PayLaterTest</b><br>Test class: com.ugapp.testcases.TC_15_ReviewTest</td>
<td></td>
<td>25</td>
<td>com.ugapp.testcases.TC_15_ReviewTest@2d72f75e</td></tr>
<tr>
<td title='com.ugapp.testcases.TC_15_ReviewTest.CompareValidWithReview()'><b>CompareValidWithReview</b><br>Test class: com.ugapp.testcases.TC_15_ReviewTest<br>Parameters: 2, 3</td>
<td></td>
<td>0</td>
<td>com.ugapp.testcases.TC_15_ReviewTest@2d72f75e</td></tr>
<tr>
<td title='com.ugapp.testcases.TC_15_ReviewTest.review()'><b>review</b><br>Test class: com.ugapp.testcases.TC_15_ReviewTest</td>
<td></td>
<td>7</td>
<td>com.ugapp.testcases.TC_15_ReviewTest@2d72f75e</td></tr>
<tr>
<td title='com.ugapp.testcases.TC_15_ReviewTest.writeReview()'><b>writeReview</b><br>Test class: com.ugapp.testcases.TC_15_ReviewTest<br>Parameters: 2, 3</td>
<td></td>
<td>21</td>
<td>com.ugapp.testcases.TC_15_ReviewTest@2d72f75e</td></tr>
</table><p>
</body>
</html>