<?xml version="1.0" encoding="UTF-8"?>
<!-- Generated by org.testng.reporters.JUnitXMLReporter -->
<testsuite ignored="1" hostname="Admins-MacBook-Pro.local" failures="2" tests="2" name="TC_16_PostAppSubmissionDashboardTest" time="5.537" errors="0" timestamp="2024-03-05T12:12:35 IST">
  <testcase classname="com.ugapp.testcases.TC_16_PostAppSubmissionDashboardTest" name="postDashboard" time="5.068">
    <failure type="org.openqa.selenium.JavascriptException" message="javascript error: Cannot read properties of null (reading &amp;apos;scrollIntoView&amp;apos;)
  (Session info: chrome=122.0.6261.94)
Build info: version: &amp;apos;4.18.1&amp;apos;, revision: &amp;apos;b1d3319b48&amp;apos;
System info: os.name: &amp;apos;Mac OS X&amp;apos;, os.arch: &amp;apos;x86_64&amp;apos;, os.version: &amp;apos;12.7.2&amp;apos;, java.version: &amp;apos;20.0.2&amp;apos;
Driver info: org.openqa.selenium.chrome.ChromeDriver
Command: [122e41d0c82be01871936c3cb8866491, executeScript {args=[null], script=arguments[0].scrollIntoView({block: &amp;apos;center&amp;apos;});}]
Capabilities {acceptInsecureCerts: false, browserName: chrome, browserVersion: 122.0.6261.94, chrome: {chromedriverVersion: 122.0.6261.94 (880dbf29479c...}, fedcm:accounts: true, goog:chromeOptions: {debuggerAddress: localhost:49511}, pageLoadStrategy: normal, platformName: any, proxy: Proxy(), se:cdp: ws://localhost:49511/devtoo..., se:cdpVersion: 122.0.6261.94, setWindowRect: false, strictFileInteractability: false, timeouts: {implicit: 0, pageLoad: 300000, script: 30000}, unhandledPromptBehavior: dismiss and notify, webauthn:extension:credBlob: true, webauthn:extension:largeBlob: true, webauthn:extension:minPinLength: true, webauthn:extension:prf: true, webauthn:virtualAuthenticators: true}
Session ID: 122e41d0c82be01871936c3cb8866491">
      <![CDATA[org.openqa.selenium.JavascriptException: javascript error: Cannot read properties of null (reading 'scrollIntoView')
  (Session info: chrome=122.0.6261.94)
Build info: version: '4.18.1', revision: 'b1d3319b48'
System info: os.name: 'Mac OS X', os.arch: 'x86_64', os.version: '12.7.2', java.version: '20.0.2'
Driver info: org.openqa.selenium.chrome.ChromeDriver
Command: [122e41d0c82be01871936c3cb8866491, executeScript {args=[null], script=arguments[0].scrollIntoView({block: 'center'});}]
Capabilities {acceptInsecureCerts: false, browserName: chrome, browserVersion: 122.0.6261.94, chrome: {chromedriverVersion: 122.0.6261.94 (880dbf29479c...}, fedcm:accounts: true, goog:chromeOptions: {debuggerAddress: localhost:49511}, pageLoadStrategy: normal, platformName: any, proxy: Proxy(), se:cdp: ws://localhost:49511/devtoo..., se:cdpVersion: 122.0.6261.94, setWindowRect: false, strictFileInteractability: false, timeouts: {implicit: 0, pageLoad: 300000, script: 30000}, unhandledPromptBehavior: dismiss and notify, webauthn:extension:credBlob: true, webauthn:extension:largeBlob: true, webauthn:extension:minPinLength: true, webauthn:extension:prf: true, webauthn:virtualAuthenticators: true}
Session ID: 122e41d0c82be01871936c3cb8866491
at org.openqa.selenium.remote.ErrorCodec.decode(ErrorCodec.java:167)
at org.openqa.selenium.remote.codec.w3c.W3CHttpResponseCodec.decode(W3CHttpResponseCodec.java:138)
at org.openqa.selenium.remote.codec.w3c.W3CHttpResponseCodec.decode(W3CHttpResponseCodec.java:50)
at org.openqa.selenium.remote.HttpCommandExecutor.execute(HttpCommandExecutor.java:190)
at org.openqa.selenium.remote.service.DriverCommandExecutor.invokeExecute(DriverCommandExecutor.java:216)
at org.openqa.selenium.remote.service.DriverCommandExecutor.execute(DriverCommandExecutor.java:174)
at org.openqa.selenium.remote.RemoteWebDriver.execute(RemoteWebDriver.java:519)
at org.openqa.selenium.remote.RemoteWebDriver.executeScript(RemoteWebDriver.java:464)
at com.ugapp.pages.PostAppSubmissionDashboardPage.phone(PostAppSubmissionDashboardPage.java:38)
at com.ugapp.testcases.TC_16_PostAppSubmissionDashboardTest.postDashboard(TC_16_PostAppSubmissionDashboardTest.java:17)
at java.base/java.util.ArrayList.forEach(ArrayList.java:1511)
... Removed 28 stack frames]]>
    </failure>
  </testcase> <!-- postDashboard -->
  <testcase classname="com.ugapp.testcases.TC_16_PostAppSubmissionDashboardTest" name="LinkToPrview" time="0.064">
    <failure type="org.openqa.selenium.JavascriptException" message="javascript error: Cannot read properties of null (reading &amp;apos;scrollIntoView&amp;apos;)
  (Session info: chrome=122.0.6261.94)
Build info: version: &amp;apos;4.18.1&amp;apos;, revision: &amp;apos;b1d3319b48&amp;apos;
System info: os.name: &amp;apos;Mac OS X&amp;apos;, os.arch: &amp;apos;x86_64&amp;apos;, os.version: &amp;apos;12.7.2&amp;apos;, java.version: &amp;apos;20.0.2&amp;apos;
Driver info: org.openqa.selenium.chrome.ChromeDriver
Command: [122e41d0c82be01871936c3cb8866491, executeScript {args=[null], script=arguments[0].scrollIntoView({block: &amp;apos;center&amp;apos;});}]
Capabilities {acceptInsecureCerts: false, browserName: chrome, browserVersion: 122.0.6261.94, chrome: {chromedriverVersion: 122.0.6261.94 (880dbf29479c...}, fedcm:accounts: true, goog:chromeOptions: {debuggerAddress: localhost:49511}, pageLoadStrategy: normal, platformName: any, proxy: Proxy(), se:cdp: ws://localhost:49511/devtoo..., se:cdpVersion: 122.0.6261.94, setWindowRect: false, strictFileInteractability: false, timeouts: {implicit: 0, pageLoad: 300000, script: 30000}, unhandledPromptBehavior: dismiss and notify, webauthn:extension:credBlob: true, webauthn:extension:largeBlob: true, webauthn:extension:minPinLength: true, webauthn:extension:prf: true, webauthn:virtualAuthenticators: true}
Session ID: 122e41d0c82be01871936c3cb8866491">
      <![CDATA[org.openqa.selenium.JavascriptException: javascript error: Cannot read properties of null (reading 'scrollIntoView')
  (Session info: chrome=122.0.6261.94)
Build info: version: '4.18.1', revision: 'b1d3319b48'
System info: os.name: 'Mac OS X', os.arch: 'x86_64', os.version: '12.7.2', java.version: '20.0.2'
Driver info: org.openqa.selenium.chrome.ChromeDriver
Command: [122e41d0c82be01871936c3cb8866491, executeScript {args=[null], script=arguments[0].scrollIntoView({block: 'center'});}]
Capabilities {acceptInsecureCerts: false, browserName: chrome, browserVersion: 122.0.6261.94, chrome: {chromedriverVersion: 122.0.6261.94 (880dbf29479c...}, fedcm:accounts: true, goog:chromeOptions: {debuggerAddress: localhost:49511}, pageLoadStrategy: normal, platformName: any, proxy: Proxy(), se:cdp: ws://localhost:49511/devtoo..., se:cdpVersion: 122.0.6261.94, setWindowRect: false, strictFileInteractability: false, timeouts: {implicit: 0, pageLoad: 300000, script: 30000}, unhandledPromptBehavior: dismiss and notify, webauthn:extension:credBlob: true, webauthn:extension:largeBlob: true, webauthn:extension:minPinLength: true, webauthn:extension:prf: true, webauthn:virtualAuthenticators: true}
Session ID: 122e41d0c82be01871936c3cb8866491
at org.openqa.selenium.remote.ErrorCodec.decode(ErrorCodec.java:167)
at org.openqa.selenium.remote.codec.w3c.W3CHttpResponseCodec.decode(W3CHttpResponseCodec.java:138)
at org.openqa.selenium.remote.codec.w3c.W3CHttpResponseCodec.decode(W3CHttpResponseCodec.java:50)
at org.openqa.selenium.remote.HttpCommandExecutor.execute(HttpCommandExecutor.java:190)
at org.openqa.selenium.remote.service.DriverCommandExecutor.invokeExecute(DriverCommandExecutor.java:216)
at org.openqa.selenium.remote.service.DriverCommandExecutor.execute(DriverCommandExecutor.java:174)
at org.openqa.selenium.remote.RemoteWebDriver.execute(RemoteWebDriver.java:519)
at org.openqa.selenium.remote.RemoteWebDriver.executeScript(RemoteWebDriver.java:464)
at com.ugapp.pages.PostAppSubmissionDashboardPage.previewLink(PostAppSubmissionDashboardPage.java:131)
at com.ugapp.testcases.TC_16_PostAppSubmissionDashboardTest.LinkToPrview(TC_16_PostAppSubmissionDashboardTest.java:39)
at java.base/java.util.ArrayList.forEach(ArrayList.java:1511)
... Removed 28 stack frames]]>
    </failure>
  </testcase> <!-- LinkToPrview -->
  <testcase classname="com.ugapp.testcases.TC_16_PostAppSubmissionDashboardTest" name="links" time="0.0">
    <ignored/>
  </testcase> <!-- links -->
</testsuite> <!-- TC_16_PostAppSubmissionDashboardTest -->
