<?xml version="1.0" encoding="UTF-8"?>
<!-- Generated by org.testng.reporters.JUnitXMLReporter -->
<testsuite ignored="25" hostname="Admins-MacBook-Pro.local" failures="7" tests="10" name="TC_13_AZresidencyPageTest" time="13.88" errors="0" timestamp="2024-03-05T12:12:10 IST">
  <testcase classname="com.ugapp.testcases.TC_13_AZresidencyPageTest" name="ValidateAZresidencyPage" time="8.582">
    <failure type="org.openqa.selenium.JavascriptException" message="javascript error: Cannot read properties of null (reading &amp;apos;scrollIntoView&amp;apos;)
  (Session info: chrome=122.0.6261.94)
Build info: version: &amp;apos;4.18.1&amp;apos;, revision: &amp;apos;b1d3319b48&amp;apos;
System info: os.name: &amp;apos;Mac OS X&amp;apos;, os.arch: &amp;apos;x86_64&amp;apos;, os.version: &amp;apos;12.7.2&amp;apos;, java.version: &amp;apos;20.0.2&amp;apos;
Driver info: org.openqa.selenium.chrome.ChromeDriver
Command: [122e41d0c82be01871936c3cb8866491, executeScript {args=[null], script=arguments[0].scrollIntoView({block: &amp;apos;center&amp;apos;});}]
Capabilities {acceptInsecureCerts: false, browserName: chrome, browserVersion: 122.0.6261.94, chrome: {chromedriverVersion: 122.0.6261.94 (880dbf29479c...}, fedcm:accounts: true, goog:chromeOptions: {debuggerAddress: localhost:49511}, pageLoadStrategy: normal, platformName: any, proxy: Proxy(), se:cdp: ws://localhost:49511/devtoo..., se:cdpVersion: 122.0.6261.94, setWindowRect: false, strictFileInteractability: false, timeouts: {implicit: 0, pageLoad: 300000, script: 30000}, unhandledPromptBehavior: dismiss and notify, webauthn:extension:credBlob: true, webauthn:extension:largeBlob: true, webauthn:extension:minPinLength: true, webauthn:extension:prf: true, webauthn:virtualAuthenticators: true}
Session ID: 122e41d0c82be01871936c3cb8866491">
      <![CDATA[org.openqa.selenium.JavascriptException: javascript error: Cannot read properties of null (reading 'scrollIntoView')
  (Session info: chrome=122.0.6261.94)
Build info: version: '4.18.1', revision: 'b1d3319b48'
System info: os.name: 'Mac OS X', os.arch: 'x86_64', os.version: '12.7.2', java.version: '20.0.2'
Driver info: org.openqa.selenium.chrome.ChromeDriver
Command: [122e41d0c82be01871936c3cb8866491, executeScript {args=[null], script=arguments[0].scrollIntoView({block: 'center'});}]
Capabilities {acceptInsecureCerts: false, browserName: chrome, browserVersion: 122.0.6261.94, chrome: {chromedriverVersion: 122.0.6261.94 (880dbf29479c...}, fedcm:accounts: true, goog:chromeOptions: {debuggerAddress: localhost:49511}, pageLoadStrategy: normal, platformName: any, proxy: Proxy(), se:cdp: ws://localhost:49511/devtoo..., se:cdpVersion: 122.0.6261.94, setWindowRect: false, strictFileInteractability: false, timeouts: {implicit: 0, pageLoad: 300000, script: 30000}, unhandledPromptBehavior: dismiss and notify, webauthn:extension:credBlob: true, webauthn:extension:largeBlob: true, webauthn:extension:minPinLength: true, webauthn:extension:prf: true, webauthn:virtualAuthenticators: true}
Session ID: 122e41d0c82be01871936c3cb8866491
at org.openqa.selenium.remote.ErrorCodec.decode(ErrorCodec.java:167)
at org.openqa.selenium.remote.codec.w3c.W3CHttpResponseCodec.decode(W3CHttpResponseCodec.java:138)
at org.openqa.selenium.remote.codec.w3c.W3CHttpResponseCodec.decode(W3CHttpResponseCodec.java:50)
at org.openqa.selenium.remote.HttpCommandExecutor.execute(HttpCommandExecutor.java:190)
at org.openqa.selenium.remote.service.DriverCommandExecutor.invokeExecute(DriverCommandExecutor.java:216)
at org.openqa.selenium.remote.service.DriverCommandExecutor.execute(DriverCommandExecutor.java:174)
at org.openqa.selenium.remote.RemoteWebDriver.execute(RemoteWebDriver.java:519)
at org.openqa.selenium.remote.RemoteWebDriver.executeScript(RemoteWebDriver.java:464)
at com.ugapp.pages.AZResidencyPage.validateAZresidencyPage(AZResidencyPage.java:766)
at com.ugapp.testcases.TC_13_AZresidencyPageTest.ValidateAZresidencyPage(TC_13_AZresidencyPageTest.java:24)
at java.base/java.util.ArrayList.forEach(ArrayList.java:1511)
... Removed 28 stack frames]]>
    </failure>
  </testcase> <!-- ValidateAZresidencyPage -->
  <testcase classname="com.ugapp.testcases.TC_13_AZresidencyPageTest" name="PermanentHome_OOSTest" time="0.057">
    <failure type="org.openqa.selenium.NoSuchElementException" message="no such element: Unable to locate element: {&amp;quot;method&amp;quot;:&amp;quot;css selector&amp;quot;,&amp;quot;selector&amp;quot;:&amp;quot;#select\-state\-permanentHome&amp;quot;}
  (Session info: chrome=122.0.6261.94)
For documentation on this error, please visit: https://www.selenium.dev/documentation/webdriver/troubleshooting/errors#no-such-element-exception
Build info: version: &amp;apos;4.18.1&amp;apos;, revision: &amp;apos;b1d3319b48&amp;apos;
System info: os.name: &amp;apos;Mac OS X&amp;apos;, os.arch: &amp;apos;x86_64&amp;apos;, os.version: &amp;apos;12.7.2&amp;apos;, java.version: &amp;apos;20.0.2&amp;apos;
Driver info: org.openqa.selenium.chrome.ChromeDriver
Command: [122e41d0c82be01871936c3cb8866491, findElement {using=id, value=select-state-permanentHome}]
Capabilities {acceptInsecureCerts: false, browserName: chrome, browserVersion: 122.0.6261.94, chrome: {chromedriverVersion: 122.0.6261.94 (880dbf29479c...}, fedcm:accounts: true, goog:chromeOptions: {debuggerAddress: localhost:49511}, pageLoadStrategy: normal, platformName: any, proxy: Proxy(), se:cdp: ws://localhost:49511/devtoo..., se:cdpVersion: 122.0.6261.94, setWindowRect: false, strictFileInteractability: false, timeouts: {implicit: 0, pageLoad: 300000, script: 30000}, unhandledPromptBehavior: dismiss and notify, webauthn:extension:credBlob: true, webauthn:extension:largeBlob: true, webauthn:extension:minPinLength: true, webauthn:extension:prf: true, webauthn:virtualAuthenticators: true}
Session ID: 122e41d0c82be01871936c3cb8866491">
      <![CDATA[org.openqa.selenium.NoSuchElementException: no such element: Unable to locate element: {"method":"css selector","selector":"#select\-state\-permanentHome"}
  (Session info: chrome=122.0.6261.94)
For documentation on this error, please visit: https://www.selenium.dev/documentation/webdriver/troubleshooting/errors#no-such-element-exception
Build info: version: '4.18.1', revision: 'b1d3319b48'
System info: os.name: 'Mac OS X', os.arch: 'x86_64', os.version: '12.7.2', java.version: '20.0.2'
Driver info: org.openqa.selenium.chrome.ChromeDriver
Command: [122e41d0c82be01871936c3cb8866491, findElement {using=id, value=select-state-permanentHome}]
Capabilities {acceptInsecureCerts: false, browserName: chrome, browserVersion: 122.0.6261.94, chrome: {chromedriverVersion: 122.0.6261.94 (880dbf29479c...}, fedcm:accounts: true, goog:chromeOptions: {debuggerAddress: localhost:49511}, pageLoadStrategy: normal, platformName: any, proxy: Proxy(), se:cdp: ws://localhost:49511/devtoo..., se:cdpVersion: 122.0.6261.94, setWindowRect: false, strictFileInteractability: false, timeouts: {implicit: 0, pageLoad: 300000, script: 30000}, unhandledPromptBehavior: dismiss and notify, webauthn:extension:credBlob: true, webauthn:extension:largeBlob: true, webauthn:extension:minPinLength: true, webauthn:extension:prf: true, webauthn:virtualAuthenticators: true}
Session ID: 122e41d0c82be01871936c3cb8866491
at org.openqa.selenium.remote.ErrorCodec.decode(ErrorCodec.java:167)
at org.openqa.selenium.remote.codec.w3c.W3CHttpResponseCodec.decode(W3CHttpResponseCodec.java:138)
at org.openqa.selenium.remote.codec.w3c.W3CHttpResponseCodec.decode(W3CHttpResponseCodec.java:50)
at org.openqa.selenium.remote.HttpCommandExecutor.execute(HttpCommandExecutor.java:190)
at org.openqa.selenium.remote.service.DriverCommandExecutor.invokeExecute(DriverCommandExecutor.java:216)
at org.openqa.selenium.remote.service.DriverCommandExecutor.execute(DriverCommandExecutor.java:174)
at org.openqa.selenium.remote.RemoteWebDriver.execute(RemoteWebDriver.java:519)
at org.openqa.selenium.remote.ElementLocation$ElementFinder$2.findElement(ElementLocation.java:165)
at org.openqa.selenium.remote.ElementLocation.findElement(ElementLocation.java:59)
at org.openqa.selenium.remote.RemoteWebDriver.findElement(RemoteWebDriver.java:356)
at org.openqa.selenium.remote.RemoteWebDriver.findElement(RemoteWebDriver.java:350)
at com.ugapp.base.Page.findElement(Page.java:151)
at com.ugapp.pages.AZResidencyPage.PermanentHome_OOS(AZResidencyPage.java:772)
at com.ugapp.testcases.TC_13_AZresidencyPageTest.PermanentHome_OOSTest(TC_13_AZresidencyPageTest.java:32)
at java.base/java.util.ArrayList.forEach(ArrayList.java:1511)
... Removed 28 stack frames]]>
    </failure>
  </testcase> <!-- PermanentHome_OOSTest -->
  <testcase classname="com.ugapp.testcases.TC_13_AZresidencyPageTest" name="VeteranflowTest" time="0.053">
    <failure type="org.openqa.selenium.JavascriptException" message="javascript error: Cannot read properties of null (reading &amp;apos;scrollIntoView&amp;apos;)
  (Session info: chrome=122.0.6261.94)
Build info: version: &amp;apos;4.18.1&amp;apos;, revision: &amp;apos;b1d3319b48&amp;apos;
System info: os.name: &amp;apos;Mac OS X&amp;apos;, os.arch: &amp;apos;x86_64&amp;apos;, os.version: &amp;apos;12.7.2&amp;apos;, java.version: &amp;apos;20.0.2&amp;apos;
Driver info: org.openqa.selenium.chrome.ChromeDriver
Command: [122e41d0c82be01871936c3cb8866491, executeScript {args=[null], script=arguments[0].scrollIntoView({block: &amp;apos;center&amp;apos;});}]
Capabilities {acceptInsecureCerts: false, browserName: chrome, browserVersion: 122.0.6261.94, chrome: {chromedriverVersion: 122.0.6261.94 (880dbf29479c...}, fedcm:accounts: true, goog:chromeOptions: {debuggerAddress: localhost:49511}, pageLoadStrategy: normal, platformName: any, proxy: Proxy(), se:cdp: ws://localhost:49511/devtoo..., se:cdpVersion: 122.0.6261.94, setWindowRect: false, strictFileInteractability: false, timeouts: {implicit: 0, pageLoad: 300000, script: 30000}, unhandledPromptBehavior: dismiss and notify, webauthn:extension:credBlob: true, webauthn:extension:largeBlob: true, webauthn:extension:minPinLength: true, webauthn:extension:prf: true, webauthn:virtualAuthenticators: true}
Session ID: 122e41d0c82be01871936c3cb8866491">
      <![CDATA[org.openqa.selenium.JavascriptException: javascript error: Cannot read properties of null (reading 'scrollIntoView')
  (Session info: chrome=122.0.6261.94)
Build info: version: '4.18.1', revision: 'b1d3319b48'
System info: os.name: 'Mac OS X', os.arch: 'x86_64', os.version: '12.7.2', java.version: '20.0.2'
Driver info: org.openqa.selenium.chrome.ChromeDriver
Command: [122e41d0c82be01871936c3cb8866491, executeScript {args=[null], script=arguments[0].scrollIntoView({block: 'center'});}]
Capabilities {acceptInsecureCerts: false, browserName: chrome, browserVersion: 122.0.6261.94, chrome: {chromedriverVersion: 122.0.6261.94 (880dbf29479c...}, fedcm:accounts: true, goog:chromeOptions: {debuggerAddress: localhost:49511}, pageLoadStrategy: normal, platformName: any, proxy: Proxy(), se:cdp: ws://localhost:49511/devtoo..., se:cdpVersion: 122.0.6261.94, setWindowRect: false, strictFileInteractability: false, timeouts: {implicit: 0, pageLoad: 300000, script: 30000}, unhandledPromptBehavior: dismiss and notify, webauthn:extension:credBlob: true, webauthn:extension:largeBlob: true, webauthn:extension:minPinLength: true, webauthn:extension:prf: true, webauthn:virtualAuthenticators: true}
Session ID: 122e41d0c82be01871936c3cb8866491
at org.openqa.selenium.remote.ErrorCodec.decode(ErrorCodec.java:167)
at org.openqa.selenium.remote.codec.w3c.W3CHttpResponseCodec.decode(W3CHttpResponseCodec.java:138)
at org.openqa.selenium.remote.codec.w3c.W3CHttpResponseCodec.decode(W3CHttpResponseCodec.java:50)
at org.openqa.selenium.remote.HttpCommandExecutor.execute(HttpCommandExecutor.java:190)
at org.openqa.selenium.remote.service.DriverCommandExecutor.invokeExecute(DriverCommandExecutor.java:216)
at org.openqa.selenium.remote.service.DriverCommandExecutor.execute(DriverCommandExecutor.java:174)
at org.openqa.selenium.remote.RemoteWebDriver.execute(RemoteWebDriver.java:519)
at org.openqa.selenium.remote.RemoteWebDriver.executeScript(RemoteWebDriver.java:464)
at com.ugapp.pages.AZResidencyPage.Veteranflow(AZResidencyPage.java:1936)
at com.ugapp.testcases.TC_13_AZresidencyPageTest.VeteranflowTest(TC_13_AZresidencyPageTest.java:188)
at java.base/java.util.ArrayList.forEach(ArrayList.java:1511)
... Removed 28 stack frames]]>
    </failure>
  </testcase> <!-- VeteranflowTest -->
  <testcase classname="com.ugapp.testcases.TC_13_AZresidencyPageTest" name="DriverLicense_NoTest" time="0.057">
    <failure type="org.openqa.selenium.JavascriptException" message="javascript error: Cannot read properties of null (reading &amp;apos;scrollIntoView&amp;apos;)
  (Session info: chrome=122.0.6261.94)
Build info: version: &amp;apos;4.18.1&amp;apos;, revision: &amp;apos;b1d3319b48&amp;apos;
System info: os.name: &amp;apos;Mac OS X&amp;apos;, os.arch: &amp;apos;x86_64&amp;apos;, os.version: &amp;apos;12.7.2&amp;apos;, java.version: &amp;apos;20.0.2&amp;apos;
Driver info: org.openqa.selenium.chrome.ChromeDriver
Command: [122e41d0c82be01871936c3cb8866491, executeScript {args=[null], script=arguments[0].scrollIntoView({block: &amp;apos;center&amp;apos;});}]
Capabilities {acceptInsecureCerts: false, browserName: chrome, browserVersion: 122.0.6261.94, chrome: {chromedriverVersion: 122.0.6261.94 (880dbf29479c...}, fedcm:accounts: true, goog:chromeOptions: {debuggerAddress: localhost:49511}, pageLoadStrategy: normal, platformName: any, proxy: Proxy(), se:cdp: ws://localhost:49511/devtoo..., se:cdpVersion: 122.0.6261.94, setWindowRect: false, strictFileInteractability: false, timeouts: {implicit: 0, pageLoad: 300000, script: 30000}, unhandledPromptBehavior: dismiss and notify, webauthn:extension:credBlob: true, webauthn:extension:largeBlob: true, webauthn:extension:minPinLength: true, webauthn:extension:prf: true, webauthn:virtualAuthenticators: true}
Session ID: 122e41d0c82be01871936c3cb8866491">
      <![CDATA[org.openqa.selenium.JavascriptException: javascript error: Cannot read properties of null (reading 'scrollIntoView')
  (Session info: chrome=122.0.6261.94)
Build info: version: '4.18.1', revision: 'b1d3319b48'
System info: os.name: 'Mac OS X', os.arch: 'x86_64', os.version: '12.7.2', java.version: '20.0.2'
Driver info: org.openqa.selenium.chrome.ChromeDriver
Command: [122e41d0c82be01871936c3cb8866491, executeScript {args=[null], script=arguments[0].scrollIntoView({block: 'center'});}]
Capabilities {acceptInsecureCerts: false, browserName: chrome, browserVersion: 122.0.6261.94, chrome: {chromedriverVersion: 122.0.6261.94 (880dbf29479c...}, fedcm:accounts: true, goog:chromeOptions: {debuggerAddress: localhost:49511}, pageLoadStrategy: normal, platformName: any, proxy: Proxy(), se:cdp: ws://localhost:49511/devtoo..., se:cdpVersion: 122.0.6261.94, setWindowRect: false, strictFileInteractability: false, timeouts: {implicit: 0, pageLoad: 300000, script: 30000}, unhandledPromptBehavior: dismiss and notify, webauthn:extension:credBlob: true, webauthn:extension:largeBlob: true, webauthn:extension:minPinLength: true, webauthn:extension:prf: true, webauthn:virtualAuthenticators: true}
Session ID: 122e41d0c82be01871936c3cb8866491
at org.openqa.selenium.remote.ErrorCodec.decode(ErrorCodec.java:167)
at org.openqa.selenium.remote.codec.w3c.W3CHttpResponseCodec.decode(W3CHttpResponseCodec.java:138)
at org.openqa.selenium.remote.codec.w3c.W3CHttpResponseCodec.decode(W3CHttpResponseCodec.java:50)
at org.openqa.selenium.remote.HttpCommandExecutor.execute(HttpCommandExecutor.java:190)
at org.openqa.selenium.remote.service.DriverCommandExecutor.invokeExecute(DriverCommandExecutor.java:216)
at org.openqa.selenium.remote.service.DriverCommandExecutor.execute(DriverCommandExecutor.java:174)
at org.openqa.selenium.remote.RemoteWebDriver.execute(RemoteWebDriver.java:519)
at org.openqa.selenium.remote.RemoteWebDriver.executeScript(RemoteWebDriver.java:464)
at com.ugapp.pages.AZResidencyPage.DriverLicense_No(AZResidencyPage.java:1235)
at com.ugapp.testcases.TC_13_AZresidencyPageTest.DriverLicense_NoTest(TC_13_AZresidencyPageTest.java:194)
at java.base/java.util.ArrayList.forEach(ArrayList.java:1511)
... Removed 28 stack frames]]>
    </failure>
  </testcase> <!-- DriverLicense_NoTest -->
  <testcase classname="com.ugapp.testcases.TC_13_AZresidencyPageTest" name="RegisteredToVoteTest" time="0.041">
    <failure type="org.openqa.selenium.JavascriptException" message="javascript error: Cannot read properties of null (reading &amp;apos;scrollIntoView&amp;apos;)
  (Session info: chrome=122.0.6261.94)
Build info: version: &amp;apos;4.18.1&amp;apos;, revision: &amp;apos;b1d3319b48&amp;apos;
System info: os.name: &amp;apos;Mac OS X&amp;apos;, os.arch: &amp;apos;x86_64&amp;apos;, os.version: &amp;apos;12.7.2&amp;apos;, java.version: &amp;apos;20.0.2&amp;apos;
Driver info: org.openqa.selenium.chrome.ChromeDriver
Command: [122e41d0c82be01871936c3cb8866491, executeScript {args=[null], script=arguments[0].scrollIntoView({block: &amp;apos;center&amp;apos;});}]
Capabilities {acceptInsecureCerts: false, browserName: chrome, browserVersion: 122.0.6261.94, chrome: {chromedriverVersion: 122.0.6261.94 (880dbf29479c...}, fedcm:accounts: true, goog:chromeOptions: {debuggerAddress: localhost:49511}, pageLoadStrategy: normal, platformName: any, proxy: Proxy(), se:cdp: ws://localhost:49511/devtoo..., se:cdpVersion: 122.0.6261.94, setWindowRect: false, strictFileInteractability: false, timeouts: {implicit: 0, pageLoad: 300000, script: 30000}, unhandledPromptBehavior: dismiss and notify, webauthn:extension:credBlob: true, webauthn:extension:largeBlob: true, webauthn:extension:minPinLength: true, webauthn:extension:prf: true, webauthn:virtualAuthenticators: true}
Session ID: 122e41d0c82be01871936c3cb8866491">
      <![CDATA[org.openqa.selenium.JavascriptException: javascript error: Cannot read properties of null (reading 'scrollIntoView')
  (Session info: chrome=122.0.6261.94)
Build info: version: '4.18.1', revision: 'b1d3319b48'
System info: os.name: 'Mac OS X', os.arch: 'x86_64', os.version: '12.7.2', java.version: '20.0.2'
Driver info: org.openqa.selenium.chrome.ChromeDriver
Command: [122e41d0c82be01871936c3cb8866491, executeScript {args=[null], script=arguments[0].scrollIntoView({block: 'center'});}]
Capabilities {acceptInsecureCerts: false, browserName: chrome, browserVersion: 122.0.6261.94, chrome: {chromedriverVersion: 122.0.6261.94 (880dbf29479c...}, fedcm:accounts: true, goog:chromeOptions: {debuggerAddress: localhost:49511}, pageLoadStrategy: normal, platformName: any, proxy: Proxy(), se:cdp: ws://localhost:49511/devtoo..., se:cdpVersion: 122.0.6261.94, setWindowRect: false, strictFileInteractability: false, timeouts: {implicit: 0, pageLoad: 300000, script: 30000}, unhandledPromptBehavior: dismiss and notify, webauthn:extension:credBlob: true, webauthn:extension:largeBlob: true, webauthn:extension:minPinLength: true, webauthn:extension:prf: true, webauthn:virtualAuthenticators: true}
Session ID: 122e41d0c82be01871936c3cb8866491
at org.openqa.selenium.remote.ErrorCodec.decode(ErrorCodec.java:167)
at org.openqa.selenium.remote.codec.w3c.W3CHttpResponseCodec.decode(W3CHttpResponseCodec.java:138)
at org.openqa.selenium.remote.codec.w3c.W3CHttpResponseCodec.decode(W3CHttpResponseCodec.java:50)
at org.openqa.selenium.remote.HttpCommandExecutor.execute(HttpCommandExecutor.java:190)
at org.openqa.selenium.remote.service.DriverCommandExecutor.invokeExecute(DriverCommandExecutor.java:216)
at org.openqa.selenium.remote.service.DriverCommandExecutor.execute(DriverCommandExecutor.java:174)
at org.openqa.selenium.remote.RemoteWebDriver.execute(RemoteWebDriver.java:519)
at org.openqa.selenium.remote.RemoteWebDriver.executeScript(RemoteWebDriver.java:464)
at com.ugapp.pages.AZResidencyPage.RegisteredToVote(AZResidencyPage.java:2905)
at com.ugapp.testcases.TC_13_AZresidencyPageTest.RegisteredToVoteTest(TC_13_AZresidencyPageTest.java:201)
at java.base/java.util.ArrayList.forEach(ArrayList.java:1511)
... Removed 28 stack frames]]>
    </failure>
  </testcase> <!-- RegisteredToVoteTest -->
  <testcase classname="com.ugapp.testcases.TC_13_AZresidencyPageTest" name="AmericanIndianOrAlaskaNAtiveTest" time="0.04"/>
  <testcase classname="com.ugapp.testcases.TC_13_AZresidencyPageTest" name="ParentLegalGuardianDetailsTest" time="0.133">
    <failure type="org.openqa.selenium.JavascriptException" message="javascript error: Cannot read properties of null (reading &amp;apos;scrollIntoView&amp;apos;)
  (Session info: chrome=122.0.6261.94)
Build info: version: &amp;apos;4.18.1&amp;apos;, revision: &amp;apos;b1d3319b48&amp;apos;
System info: os.name: &amp;apos;Mac OS X&amp;apos;, os.arch: &amp;apos;x86_64&amp;apos;, os.version: &amp;apos;12.7.2&amp;apos;, java.version: &amp;apos;20.0.2&amp;apos;
Driver info: org.openqa.selenium.chrome.ChromeDriver
Command: [122e41d0c82be01871936c3cb8866491, executeScript {args=[null], script=arguments[0].scrollIntoView({block: &amp;apos;center&amp;apos;});}]
Capabilities {acceptInsecureCerts: false, browserName: chrome, browserVersion: 122.0.6261.94, chrome: {chromedriverVersion: 122.0.6261.94 (880dbf29479c...}, fedcm:accounts: true, goog:chromeOptions: {debuggerAddress: localhost:49511}, pageLoadStrategy: normal, platformName: any, proxy: Proxy(), se:cdp: ws://localhost:49511/devtoo..., se:cdpVersion: 122.0.6261.94, setWindowRect: false, strictFileInteractability: false, timeouts: {implicit: 0, pageLoad: 300000, script: 30000}, unhandledPromptBehavior: dismiss and notify, webauthn:extension:credBlob: true, webauthn:extension:largeBlob: true, webauthn:extension:minPinLength: true, webauthn:extension:prf: true, webauthn:virtualAuthenticators: true}
Session ID: 122e41d0c82be01871936c3cb8866491">
      <![CDATA[org.openqa.selenium.JavascriptException: javascript error: Cannot read properties of null (reading 'scrollIntoView')
  (Session info: chrome=122.0.6261.94)
Build info: version: '4.18.1', revision: 'b1d3319b48'
System info: os.name: 'Mac OS X', os.arch: 'x86_64', os.version: '12.7.2', java.version: '20.0.2'
Driver info: org.openqa.selenium.chrome.ChromeDriver
Command: [122e41d0c82be01871936c3cb8866491, executeScript {args=[null], script=arguments[0].scrollIntoView({block: 'center'});}]
Capabilities {acceptInsecureCerts: false, browserName: chrome, browserVersion: 122.0.6261.94, chrome: {chromedriverVersion: 122.0.6261.94 (880dbf29479c...}, fedcm:accounts: true, goog:chromeOptions: {debuggerAddress: localhost:49511}, pageLoadStrategy: normal, platformName: any, proxy: Proxy(), se:cdp: ws://localhost:49511/devtoo..., se:cdpVersion: 122.0.6261.94, setWindowRect: false, strictFileInteractability: false, timeouts: {implicit: 0, pageLoad: 300000, script: 30000}, unhandledPromptBehavior: dismiss and notify, webauthn:extension:credBlob: true, webauthn:extension:largeBlob: true, webauthn:extension:minPinLength: true, webauthn:extension:prf: true, webauthn:virtualAuthenticators: true}
Session ID: 122e41d0c82be01871936c3cb8866491
at org.openqa.selenium.remote.ErrorCodec.decode(ErrorCodec.java:167)
at org.openqa.selenium.remote.codec.w3c.W3CHttpResponseCodec.decode(W3CHttpResponseCodec.java:138)
at org.openqa.selenium.remote.codec.w3c.W3CHttpResponseCodec.decode(W3CHttpResponseCodec.java:50)
at org.openqa.selenium.remote.HttpCommandExecutor.execute(HttpCommandExecutor.java:190)
at org.openqa.selenium.remote.service.DriverCommandExecutor.invokeExecute(DriverCommandExecutor.java:216)
at org.openqa.selenium.remote.service.DriverCommandExecutor.execute(DriverCommandExecutor.java:174)
at org.openqa.selenium.remote.RemoteWebDriver.execute(RemoteWebDriver.java:519)
at org.openqa.selenium.remote.RemoteWebDriver.executeScript(RemoteWebDriver.java:464)
at com.ugapp.pages.AZResidencyPage.ParentLegalGuardianDetails(AZResidencyPage.java:2351)
at com.ugapp.testcases.TC_13_AZresidencyPageTest.ParentLegalGuardianDetailsTest(TC_13_AZresidencyPageTest.java:229)
at java.base/java.util.ArrayList.forEach(ArrayList.java:1511)
... Removed 28 stack frames]]>
    </failure>
  </testcase> <!-- ParentLegalGuardianDetailsTest -->
  <testcase classname="com.ugapp.testcases.TC_13_AZresidencyPageTest" name="MarriageQuestionTest" time="0.046"/>
  <testcase classname="com.ugapp.testcases.TC_13_AZresidencyPageTest" name="SpouseRelatedDetailsTest" time="0.023"/>
  <testcase classname="com.ugapp.testcases.TC_13_AZresidencyPageTest" name="SavePageTest" time="3.118">
    <failure type="org.openqa.selenium.ElementClickInterceptedException" message="element click intercepted: Element &amp;lt;button data-v-711bcb8f=&amp;quot;&amp;quot; data-cy=&amp;quot;up-app-desktop-footer-save-button&amp;quot; class=&amp;quot;save-button btn btn-primary px-space-xs py-space-xxs&amp;quot;&amp;gt;...&amp;lt;/button&amp;gt; is not clickable at point (1553, 897). Other element would receive the click: &amp;lt;div id=&amp;quot;__BVID__827&amp;quot; role=&amp;quot;dialog&amp;quot; aria-describedby=&amp;quot;__BVID__827___BV_modal_body_&amp;quot; class=&amp;quot;modal fade show rounded-0&amp;quot; aria-modal=&amp;quot;true&amp;quot; style=&amp;quot;display: block;&amp;quot;&amp;gt;...&amp;lt;/div&amp;gt;
  (Session info: chrome=122.0.6261.94)
Build info: version: &amp;apos;4.18.1&amp;apos;, revision: &amp;apos;b1d3319b48&amp;apos;
System info: os.name: &amp;apos;Mac OS X&amp;apos;, os.arch: &amp;apos;x86_64&amp;apos;, os.version: &amp;apos;12.7.2&amp;apos;, java.version: &amp;apos;20.0.2&amp;apos;
Driver info: org.openqa.selenium.chrome.ChromeDriver
Command: [122e41d0c82be01871936c3cb8866491, clickElement {id=f.B5AADA2C512830D751D7E28D8D67B7CE.d.D12ADEC98F581F6929B44ED5654045C7.e.1798}]
Capabilities {acceptInsecureCerts: false, browserName: chrome, browserVersion: 122.0.6261.94, chrome: {chromedriverVersion: 122.0.6261.94 (880dbf29479c...}, fedcm:accounts: true, goog:chromeOptions: {debuggerAddress: localhost:49511}, pageLoadStrategy: normal, platformName: any, proxy: Proxy(), se:cdp: ws://localhost:49511/devtoo..., se:cdpVersion: 122.0.6261.94, setWindowRect: false, strictFileInteractability: false, timeouts: {implicit: 0, pageLoad: 300000, script: 30000}, unhandledPromptBehavior: dismiss and notify, webauthn:extension:credBlob: true, webauthn:extension:largeBlob: true, webauthn:extension:minPinLength: true, webauthn:extension:prf: true, webauthn:virtualAuthenticators: true}
Element: [[ChromeDriver: chrome on any (122e41d0c82be01871936c3cb8866491)] -&amp;gt; xpath: //button[@data-cy=&amp;apos;up-app-desktop-footer-save-button&amp;apos;]]
Session ID: 122e41d0c82be01871936c3cb8866491">
      <![CDATA[org.openqa.selenium.ElementClickInterceptedException: element click intercepted: Element <button data-v-711bcb8f="" data-cy="up-app-desktop-footer-save-button" class="save-button btn btn-primary px-space-xs py-space-xxs">...</button> is not clickable at point (1553, 897). Other element would receive the click: <div id="__BVID__827" role="dialog" aria-describedby="__BVID__827___BV_modal_body_" class="modal fade show rounded-0" aria-modal="true" style="display: block;">...</div>
  (Session info: chrome=122.0.6261.94)
Build info: version: '4.18.1', revision: 'b1d3319b48'
System info: os.name: 'Mac OS X', os.arch: 'x86_64', os.version: '12.7.2', java.version: '20.0.2'
Driver info: org.openqa.selenium.chrome.ChromeDriver
Command: [122e41d0c82be01871936c3cb8866491, clickElement {id=f.B5AADA2C512830D751D7E28D8D67B7CE.d.D12ADEC98F581F6929B44ED5654045C7.e.1798}]
Capabilities {acceptInsecureCerts: false, browserName: chrome, browserVersion: 122.0.6261.94, chrome: {chromedriverVersion: 122.0.6261.94 (880dbf29479c...}, fedcm:accounts: true, goog:chromeOptions: {debuggerAddress: localhost:49511}, pageLoadStrategy: normal, platformName: any, proxy: Proxy(), se:cdp: ws://localhost:49511/devtoo..., se:cdpVersion: 122.0.6261.94, setWindowRect: false, strictFileInteractability: false, timeouts: {implicit: 0, pageLoad: 300000, script: 30000}, unhandledPromptBehavior: dismiss and notify, webauthn:extension:credBlob: true, webauthn:extension:largeBlob: true, webauthn:extension:minPinLength: true, webauthn:extension:prf: true, webauthn:virtualAuthenticators: true}
Element: [[ChromeDriver: chrome on any (122e41d0c82be01871936c3cb8866491)] -> xpath: //button[@data-cy='up-app-desktop-footer-save-button']]
Session ID: 122e41d0c82be01871936c3cb8866491
at org.openqa.selenium.remote.ErrorCodec.decode(ErrorCodec.java:167)
at org.openqa.selenium.remote.codec.w3c.W3CHttpResponseCodec.decode(W3CHttpResponseCodec.java:138)
at org.openqa.selenium.remote.codec.w3c.W3CHttpResponseCodec.decode(W3CHttpResponseCodec.java:50)
at org.openqa.selenium.remote.HttpCommandExecutor.execute(HttpCommandExecutor.java:190)
at org.openqa.selenium.remote.service.DriverCommandExecutor.invokeExecute(DriverCommandExecutor.java:216)
at org.openqa.selenium.remote.service.DriverCommandExecutor.execute(DriverCommandExecutor.java:174)
at org.openqa.selenium.remote.RemoteWebDriver.execute(RemoteWebDriver.java:519)
at org.openqa.selenium.remote.RemoteWebElement.execute(RemoteWebElement.java:223)
at org.openqa.selenium.remote.RemoteWebElement.click(RemoteWebElement.java:76)
at com.ugapp.base.Page.click(Page.java:160)
at com.ugapp.pages.AZResidencyPage.SaveThePage(AZResidencyPage.java:3072)
at com.ugapp.testcases.TC_13_AZresidencyPageTest.SavePageTest(TC_13_AZresidencyPageTest.java:264)
at java.base/java.util.ArrayList.forEach(ArrayList.java:1511)
... Removed 28 stack frames]]>
    </failure>
  </testcase> <!-- SavePageTest -->
  <testcase classname="com.ugapp.testcases.TC_13_AZresidencyPageTest" name="ContinuePageTest" time="0.0">
    <ignored/>
  </testcase> <!-- ContinuePageTest -->
  <testcase classname="com.ugapp.testcases.TC_13_AZresidencyPageTest" name="OwnVehicleDetails_YesTest" time="0.0">
    <ignored/>
  </testcase> <!-- OwnVehicleDetails_YesTest -->
  <testcase classname="com.ugapp.testcases.TC_13_AZresidencyPageTest" name="EnrolledAnotherCollOrUniversityNoTest" time="0.0">
    <ignored/>
  </testcase> <!-- EnrolledAnotherCollOrUniversityNoTest -->
  <testcase classname="com.ugapp.testcases.TC_13_AZresidencyPageTest" name="FinancialSupportTest" time="0.0">
    <ignored/>
  </testcase> <!-- FinancialSupportTest -->
  <testcase classname="com.ugapp.testcases.TC_13_AZresidencyPageTest" name="EnrolledAtASUTest" time="0.0">
    <ignored/>
  </testcase> <!-- EnrolledAtASUTest -->
  <testcase classname="com.ugapp.testcases.TC_13_AZresidencyPageTest" name="EmploymentDetails_NoTest" time="0.0">
    <ignored/>
  </testcase> <!-- EmploymentDetails_NoTest -->
  <testcase classname="com.ugapp.testcases.TC_13_AZresidencyPageTest" name="StateTaxes_NoTest" time="0.0">
    <ignored/>
  </testcase> <!-- StateTaxes_NoTest -->
  <testcase classname="com.ugapp.testcases.TC_13_AZresidencyPageTest" name="SpouseOrDependentflowTest" time="0.0">
    <ignored/>
  </testcase> <!-- SpouseOrDependentflowTest -->
  <testcase classname="com.ugapp.testcases.TC_13_AZresidencyPageTest" name="DriverLicense_YesTest" time="0.0">
    <ignored/>
  </testcase> <!-- DriverLicense_YesTest -->
  <testcase classname="com.ugapp.testcases.TC_13_AZresidencyPageTest" name="ArmedForcesReserveOrNationalGuradianflowTest" time="0.0">
    <ignored/>
  </testcase> <!-- ArmedForcesReserveOrNationalGuradianflowTest -->
  <testcase classname="com.ugapp.testcases.TC_13_AZresidencyPageTest" name="OtherFinancialSupportTest" time="0.0">
    <ignored/>
  </testcase> <!-- OtherFinancialSupportTest -->
  <testcase classname="com.ugapp.testcases.TC_13_AZresidencyPageTest" name="ActiveDutyflowTest" time="0.0">
    <ignored/>
  </testcase> <!-- ActiveDutyflowTest -->
  <testcase classname="com.ugapp.testcases.TC_13_AZresidencyPageTest" name="DependentOnParent_NoTest" time="0.0">
    <ignored/>
  </testcase> <!-- DependentOnParent_NoTest -->
  <testcase classname="com.ugapp.testcases.TC_13_AZresidencyPageTest" name="DependentOnParent_YesTest" time="0.0">
    <ignored/>
  </testcase> <!-- DependentOnParent_YesTest -->
  <testcase classname="com.ugapp.testcases.TC_13_AZresidencyPageTest" name="PermanentHome_AZTest" time="0.0">
    <ignored/>
  </testcase> <!-- PermanentHome_AZTest -->
  <testcase classname="com.ugapp.testcases.TC_13_AZresidencyPageTest" name="FiftyPercentOfFinancialSupportForParentTest" time="0.0">
    <ignored/>
  </testcase> <!-- FiftyPercentOfFinancialSupportForParentTest -->
  <testcase classname="com.ugapp.testcases.TC_13_AZresidencyPageTest" name="EmploymentDetails_YesTest" time="0.0">
    <ignored/>
  </testcase> <!-- EmploymentDetails_YesTest -->
  <testcase classname="com.ugapp.testcases.TC_13_AZresidencyPageTest" name="LivingInAZForLast12monsTest" time="0.0">
    <ignored/>
  </testcase> <!-- LivingInAZForLast12monsTest -->
  <testcase classname="com.ugapp.testcases.TC_13_AZresidencyPageTest" name="StateTaxes_YesTest" time="0.0">
    <ignored/>
  </testcase> <!-- StateTaxes_YesTest -->
  <testcase classname="com.ugapp.testcases.TC_13_AZresidencyPageTest" name="SourceOfSupportTest" time="0.0">
    <ignored/>
  </testcase> <!-- SourceOfSupportTest -->
  <testcase classname="com.ugapp.testcases.TC_13_AZresidencyPageTest" name="Prop308flowTest" time="0.0">
    <ignored/>
  </testcase> <!-- Prop308flowTest -->
  <testcase classname="com.ugapp.testcases.TC_13_AZresidencyPageTest" name="EnrolledAnotherCollOrUniversityYesTest" time="0.0">
    <ignored/>
  </testcase> <!-- EnrolledAnotherCollOrUniversityYesTest -->
  <testcase classname="com.ugapp.testcases.TC_13_AZresidencyPageTest" name="OwnVehicleDetails_NoTest" time="0.0">
    <ignored/>
  </testcase> <!-- OwnVehicleDetails_NoTest -->
  <testcase classname="com.ugapp.testcases.TC_13_AZresidencyPageTest" name="NonResidentAZflowTest" time="0.0">
    <ignored/>
  </testcase> <!-- NonResidentAZflowTest -->
  <testcase classname="com.ugapp.testcases.TC_13_AZresidencyPageTest" name="ParentLegalGuardianDetails_AZTest" time="0.0">
    <ignored/>
  </testcase> <!-- ParentLegalGuardianDetails_AZTest -->
</testsuite> <!-- TC_13_AZresidencyPageTest -->
