<html>
<head>
<title>TestNG:  ASU Programs page Test</title>
<link href="../testng.css" rel="stylesheet" type="text/css" />
<link href="../my-testng.css" rel="stylesheet" type="text/css" />

<style type="text/css">
.log { display: none;} 
.stack-trace { display: none;} 
</style>
<script type="text/javascript">
<!--
function flip(e) {
  current = e.style.display;
  if (current == 'block') {
    e.style.display = 'none';
    return 0;
  }
  else {
    e.style.display = 'block';
    return 1;
  }
}

function toggleBox(szDivId, elem, msg1, msg2)
{
  var res = -1;  if (document.getElementById) {
    res = flip(document.getElementById(szDivId));
  }
  else if (document.all) {
    // this is the way old msie versions work
    res = flip(document.all[szDivId]);
  }
  if(elem) {
    if(res == 0) elem.innerHTML = msg1; else elem.innerHTML = msg2;
  }

}

function toggleAllBoxes() {
  if (document.getElementsByTagName) {
    d = document.getElementsByTagName('div');
    for (i = 0; i < d.length; i++) {
      if (d[i].className == 'log') {
        flip(d[i]);
      }
    }
  }
}

// -->
</script>

</head>
<body>
<h2 align='center'>ASU Programs page Test</h2><table border='1' align="center">
<tr>
<td>Tests passed/Failed/Skipped:</td><td>0/7/0</td>
</tr><tr>
<td>Started on:</td><td>Fri Dec 01 16:18:34 IST 2023</td>
</tr>
<tr><td>Total time:</td><td>4 seconds (4646 ms)</td>
</tr><tr>
<td>Included groups:</td><td>Greater24_US_Res_SpouseDependent_FutureGrad_InstateSchool_OOS </td>
</tr><tr>
<td>Excluded groups:</td><td></td>
</tr>
</table><p/>
<small><i>(Hover the method name to see the test class name)</i></small><p/>
<table width='100%' border='1' class='invocation-failed'>
<tr><td colspan='4' align='center'><b>FAILED TESTS</b></td></tr>
<tr><td><b>Test method</b></td>
<td width="30%"><b>Exception</b></td>
<td width="10%"><b>Time (seconds)</b></td>
<td><b>Instance</b></td>
</tr>
<tr>
<td title='com.ugapp.testcases.TC_10_MyASUProgramPageTest.SaveThePageTest()'><b>SaveThePageTest</b><br>Test class: com.ugapp.testcases.TC_10_MyASUProgramPageTest</td>
<td><div><pre>java.lang.NullPointerException: Cannot invoke &quot;org.openqa.selenium.WebDriver.findElement(org.openqa.selenium.By)&quot; because &quot;com.ugapp.pages.MyASUProgramPage.driver&quot; is null
	at com.ugapp.pages.MyASUProgramPage.SaveThePage(MyASUProgramPage.java:761)
	at com.ugapp.testcases.TC_10_MyASUProgramPageTest.SaveThePageTest(TC_10_MyASUProgramPageTest.java:74)
... Removed 24 stack frames</pre></div><a href='#' onClick='toggleBox("stack-trace1261329785", this, "Click to show all stack frames", "Click to hide stack frames")'>Click to show all stack frames</a>
<div class='stack-trace' id='stack-trace1261329785'><pre>java.lang.NullPointerException: Cannot invoke &quot;org.openqa.selenium.WebDriver.findElement(org.openqa.selenium.By)&quot; because &quot;com.ugapp.pages.MyASUProgramPage.driver&quot; is null
	at com.ugapp.pages.MyASUProgramPage.SaveThePage(MyASUProgramPage.java:761)
	at com.ugapp.testcases.TC_10_MyASUProgramPageTest.SaveThePageTest(TC_10_MyASUProgramPageTest.java:74)
	at java.base/jdk.internal.reflect.DirectMethodHandleAccessor.invoke(DirectMethodHandleAccessor.java:104)
	at java.base/java.lang.reflect.Method.invoke(Method.java:578)
	at org.testng.internal.MethodInvocationHelper.invokeMethod(MethodInvocationHelper.java:108)
	at org.testng.internal.Invoker.invokeMethod(Invoker.java:661)
	at org.testng.internal.Invoker.invokeTestMethod(Invoker.java:869)
	at org.testng.internal.Invoker.invokeTestMethods(Invoker.java:1193)
	at org.testng.internal.TestMethodWorker.invokeTestMethods(TestMethodWorker.java:126)
	at org.testng.internal.TestMethodWorker.run(TestMethodWorker.java:109)
	at org.testng.TestRunner.privateRun(TestRunner.java:744)
	at org.testng.TestRunner.run(TestRunner.java:602)
	at org.testng.SuiteRunner.runTest(SuiteRunner.java:380)
	at org.testng.SuiteRunner.runSequentially(SuiteRunner.java:375)
	at org.testng.SuiteRunner.privateRun(SuiteRunner.java:340)
	at org.testng.SuiteRunner.run(SuiteRunner.java:289)
	at org.testng.SuiteRunnerWorker.runSuite(SuiteRunnerWorker.java:52)
	at org.testng.SuiteRunnerWorker.run(SuiteRunnerWorker.java:86)
	at org.testng.TestNG.runSuitesSequentially(TestNG.java:1301)
	at org.testng.TestNG.runSuitesSequentially(TestNG.java:1297)
	at org.testng.TestNG.runSuitesLocally(TestNG.java:1226)
	at org.testng.TestNG.runSuites(TestNG.java:1144)
	at org.testng.TestNG.run(TestNG.java:1115)
	at org.testng.remote.AbstractRemoteTestNG.run(AbstractRemoteTestNG.java:115)
	at org.testng.remote.RemoteTestNG.initAndRun(RemoteTestNG.java:251)
	at org.testng.remote.RemoteTestNG.main(RemoteTestNG.java:77)
</pre></div></td>
<td>1</td>
<td>com.ugapp.testcases.TC_10_MyASUProgramPageTest@59aa20b3</td></tr>
<tr>
<td title='com.ugapp.testcases.TC_10_MyASUProgramPageTest.SearchForProgram()'><b>SearchForProgram</b><br>Test class: com.ugapp.testcases.TC_10_MyASUProgramPageTest</td>
<td><div><pre>java.lang.IllegalArgumentException: Cannot find elements when the XPath is null.
	at org.openqa.selenium.internal.Require$ArgumentChecker.nonNull(Require.java:207)
	at org.openqa.selenium.By$ByXPath.&lt;init&gt;(By.java:285)
	at org.openqa.selenium.By.xpath(By.java:88)
	at com.ugapp.base.Page.findElement(Page.java:169)
	at com.ugapp.pages.MyASUProgramPage.interestArea(MyASUProgramPage.java:97)
	at com.ugapp.testcases.TC_10_MyASUProgramPageTest.SearchForProgram(TC_10_MyASUProgramPageTest.java:38)
... Removed 24 stack frames</pre></div><a href='#' onClick='toggleBox("stack-trace1190335844", this, "Click to show all stack frames", "Click to hide stack frames")'>Click to show all stack frames</a>
<div class='stack-trace' id='stack-trace1190335844'><pre>java.lang.IllegalArgumentException: Cannot find elements when the XPath is null.
	at org.openqa.selenium.internal.Require$ArgumentChecker.nonNull(Require.java:207)
	at org.openqa.selenium.By$ByXPath.&lt;init&gt;(By.java:285)
	at org.openqa.selenium.By.xpath(By.java:88)
	at com.ugapp.base.Page.findElement(Page.java:169)
	at com.ugapp.pages.MyASUProgramPage.interestArea(MyASUProgramPage.java:97)
	at com.ugapp.testcases.TC_10_MyASUProgramPageTest.SearchForProgram(TC_10_MyASUProgramPageTest.java:38)
	at java.base/jdk.internal.reflect.DirectMethodHandleAccessor.invoke(DirectMethodHandleAccessor.java:104)
	at java.base/java.lang.reflect.Method.invoke(Method.java:578)
	at org.testng.internal.MethodInvocationHelper.invokeMethod(MethodInvocationHelper.java:108)
	at org.testng.internal.Invoker.invokeMethod(Invoker.java:661)
	at org.testng.internal.Invoker.invokeTestMethod(Invoker.java:869)
	at org.testng.internal.Invoker.invokeTestMethods(Invoker.java:1193)
	at org.testng.internal.TestMethodWorker.invokeTestMethods(TestMethodWorker.java:126)
	at org.testng.internal.TestMethodWorker.run(TestMethodWorker.java:109)
	at org.testng.TestRunner.privateRun(TestRunner.java:744)
	at org.testng.TestRunner.run(TestRunner.java:602)
	at org.testng.SuiteRunner.runTest(SuiteRunner.java:380)
	at org.testng.SuiteRunner.runSequentially(SuiteRunner.java:375)
	at org.testng.SuiteRunner.privateRun(SuiteRunner.java:340)
	at org.testng.SuiteRunner.run(SuiteRunner.java:289)
	at org.testng.SuiteRunnerWorker.runSuite(SuiteRunnerWorker.java:52)
	at org.testng.SuiteRunnerWorker.run(SuiteRunnerWorker.java:86)
	at org.testng.TestNG.runSuitesSequentially(TestNG.java:1301)
	at org.testng.TestNG.runSuitesSequentially(TestNG.java:1297)
	at org.testng.TestNG.runSuitesLocally(TestNG.java:1226)
	at org.testng.TestNG.runSuites(TestNG.java:1144)
	at org.testng.TestNG.run(TestNG.java:1115)
	at org.testng.remote.AbstractRemoteTestNG.run(AbstractRemoteTestNG.java:115)
	at org.testng.remote.RemoteTestNG.initAndRun(RemoteTestNG.java:251)
	at org.testng.remote.RemoteTestNG.main(RemoteTestNG.java:77)
</pre></div></td>
<td>0</td>
<td>com.ugapp.testcases.TC_10_MyASUProgramPageTest@59aa20b3</td></tr>
<tr>
<td title='com.ugapp.testcases.TC_10_MyASUProgramPageTest.academicCalender()'><b>academicCalender</b><br>Test class: com.ugapp.testcases.TC_10_MyASUProgramPageTest</td>
<td><div><pre>java.lang.NullPointerException: Cannot invoke &quot;org.openqa.selenium.support.ui.WebDriverWait.until(java.util.function.Function)&quot; because &quot;com.ugapp.base.Page2.wait&quot; is null
	at com.ugapp.base.Page2.waitTillLoaderDisappears(Page2.java:342)
	at com.ugapp.testcases.TC_10_MyASUProgramPageTest.academicCalender(TC_10_MyASUProgramPageTest.java:27)
... Removed 24 stack frames</pre></div><a href='#' onClick='toggleBox("stack-trace2113391716", this, "Click to show all stack frames", "Click to hide stack frames")'>Click to show all stack frames</a>
<div class='stack-trace' id='stack-trace2113391716'><pre>java.lang.NullPointerException: Cannot invoke &quot;org.openqa.selenium.support.ui.WebDriverWait.until(java.util.function.Function)&quot; because &quot;com.ugapp.base.Page2.wait&quot; is null
	at com.ugapp.base.Page2.waitTillLoaderDisappears(Page2.java:342)
	at com.ugapp.testcases.TC_10_MyASUProgramPageTest.academicCalender(TC_10_MyASUProgramPageTest.java:27)
	at java.base/jdk.internal.reflect.DirectMethodHandleAccessor.invoke(DirectMethodHandleAccessor.java:104)
	at java.base/java.lang.reflect.Method.invoke(Method.java:578)
	at org.testng.internal.MethodInvocationHelper.invokeMethod(MethodInvocationHelper.java:108)
	at org.testng.internal.Invoker.invokeMethod(Invoker.java:661)
	at org.testng.internal.Invoker.invokeTestMethod(Invoker.java:869)
	at org.testng.internal.Invoker.invokeTestMethods(Invoker.java:1193)
	at org.testng.internal.TestMethodWorker.invokeTestMethods(TestMethodWorker.java:126)
	at org.testng.internal.TestMethodWorker.run(TestMethodWorker.java:109)
	at org.testng.TestRunner.privateRun(TestRunner.java:744)
	at org.testng.TestRunner.run(TestRunner.java:602)
	at org.testng.SuiteRunner.runTest(SuiteRunner.java:380)
	at org.testng.SuiteRunner.runSequentially(SuiteRunner.java:375)
	at org.testng.SuiteRunner.privateRun(SuiteRunner.java:340)
	at org.testng.SuiteRunner.run(SuiteRunner.java:289)
	at org.testng.SuiteRunnerWorker.runSuite(SuiteRunnerWorker.java:52)
	at org.testng.SuiteRunnerWorker.run(SuiteRunnerWorker.java:86)
	at org.testng.TestNG.runSuitesSequentially(TestNG.java:1301)
	at org.testng.TestNG.runSuitesSequentially(TestNG.java:1297)
	at org.testng.TestNG.runSuitesLocally(TestNG.java:1226)
	at org.testng.TestNG.runSuites(TestNG.java:1144)
	at org.testng.TestNG.run(TestNG.java:1115)
	at org.testng.remote.AbstractRemoteTestNG.run(AbstractRemoteTestNG.java:115)
	at org.testng.remote.RemoteTestNG.initAndRun(RemoteTestNG.java:251)
	at org.testng.remote.RemoteTestNG.main(RemoteTestNG.java:77)
</pre></div></td>
<td>0</td>
<td>com.ugapp.testcases.TC_10_MyASUProgramPageTest@59aa20b3</td></tr>
<tr>
<td title='com.ugapp.testcases.TC_10_MyASUProgramPageTest.chooseProgram()'><b>chooseProgram</b><br>Test class: com.ugapp.testcases.TC_10_MyASUProgramPageTest<br>Parameters: 0, 1</td>
<td><div><pre>java.lang.NullPointerException: Cannot invoke &quot;org.openqa.selenium.WebDriver.findElements(org.openqa.selenium.By)&quot; because &quot;com.ugapp.pages.MyASUProgramPage.driver&quot; is null
	at com.ugapp.pages.MyASUProgramPage.chooseThisProgram(MyASUProgramPage.java:383)
	at com.ugapp.testcases.TC_10_MyASUProgramPageTest.chooseProgram(TC_10_MyASUProgramPageTest.java:62)
... Removed 24 stack frames</pre></div><a href='#' onClick='toggleBox("stack-trace1072286446", this, "Click to show all stack frames", "Click to hide stack frames")'>Click to show all stack frames</a>
<div class='stack-trace' id='stack-trace1072286446'><pre>java.lang.NullPointerException: Cannot invoke &quot;org.openqa.selenium.WebDriver.findElements(org.openqa.selenium.By)&quot; because &quot;com.ugapp.pages.MyASUProgramPage.driver&quot; is null
	at com.ugapp.pages.MyASUProgramPage.chooseThisProgram(MyASUProgramPage.java:383)
	at com.ugapp.testcases.TC_10_MyASUProgramPageTest.chooseProgram(TC_10_MyASUProgramPageTest.java:62)
	at java.base/jdk.internal.reflect.DirectMethodHandleAccessor.invoke(DirectMethodHandleAccessor.java:104)
	at java.base/java.lang.reflect.Method.invoke(Method.java:578)
	at org.testng.internal.MethodInvocationHelper.invokeMethod(MethodInvocationHelper.java:108)
	at org.testng.internal.Invoker.invokeMethod(Invoker.java:661)
	at org.testng.internal.Invoker.invokeTestMethod(Invoker.java:869)
	at org.testng.internal.Invoker.invokeTestMethods(Invoker.java:1193)
	at org.testng.internal.TestMethodWorker.invokeTestMethods(TestMethodWorker.java:126)
	at org.testng.internal.TestMethodWorker.run(TestMethodWorker.java:109)
	at org.testng.TestRunner.privateRun(TestRunner.java:744)
	at org.testng.TestRunner.run(TestRunner.java:602)
	at org.testng.SuiteRunner.runTest(SuiteRunner.java:380)
	at org.testng.SuiteRunner.runSequentially(SuiteRunner.java:375)
	at org.testng.SuiteRunner.privateRun(SuiteRunner.java:340)
	at org.testng.SuiteRunner.run(SuiteRunner.java:289)
	at org.testng.SuiteRunnerWorker.runSuite(SuiteRunnerWorker.java:52)
	at org.testng.SuiteRunnerWorker.run(SuiteRunnerWorker.java:86)
	at org.testng.TestNG.runSuitesSequentially(TestNG.java:1301)
	at org.testng.TestNG.runSuitesSequentially(TestNG.java:1297)
	at org.testng.TestNG.runSuitesLocally(TestNG.java:1226)
	at org.testng.TestNG.runSuites(TestNG.java:1144)
	at org.testng.TestNG.run(TestNG.java:1115)
	at org.testng.remote.AbstractRemoteTestNG.run(AbstractRemoteTestNG.java:115)
	at org.testng.remote.RemoteTestNG.initAndRun(RemoteTestNG.java:251)
	at org.testng.remote.RemoteTestNG.main(RemoteTestNG.java:77)
</pre></div></td>
<td>2</td>
<td>com.ugapp.testcases.TC_10_MyASUProgramPageTest@59aa20b3</td></tr>
<tr>
<td title='com.ugapp.testcases.TC_10_MyASUProgramPageTest.clearFilter()'><b>clearFilter</b><br>Test class: com.ugapp.testcases.TC_10_MyASUProgramPageTest</td>
<td><div><pre>java.lang.NullPointerException: Cannot invoke &quot;org.openqa.selenium.WebDriver.findElements(org.openqa.selenium.By)&quot; because &quot;com.ugapp.pages.MyASUProgramPage.driver&quot; is null
	at com.ugapp.pages.MyASUProgramPage.checkSelectedOptions(MyASUProgramPage.java:338)
	at com.ugapp.testcases.TC_10_MyASUProgramPageTest.clearFilter(TC_10_MyASUProgramPageTest.java:46)
... Removed 24 stack frames</pre></div><a href='#' onClick='toggleBox("stack-trace979827599", this, "Click to show all stack frames", "Click to hide stack frames")'>Click to show all stack frames</a>
<div class='stack-trace' id='stack-trace979827599'><pre>java.lang.NullPointerException: Cannot invoke &quot;org.openqa.selenium.WebDriver.findElements(org.openqa.selenium.By)&quot; because &quot;com.ugapp.pages.MyASUProgramPage.driver&quot; is null
	at com.ugapp.pages.MyASUProgramPage.checkSelectedOptions(MyASUProgramPage.java:338)
	at com.ugapp.testcases.TC_10_MyASUProgramPageTest.clearFilter(TC_10_MyASUProgramPageTest.java:46)
	at java.base/jdk.internal.reflect.DirectMethodHandleAccessor.invoke(DirectMethodHandleAccessor.java:104)
	at java.base/java.lang.reflect.Method.invoke(Method.java:578)
	at org.testng.internal.MethodInvocationHelper.invokeMethod(MethodInvocationHelper.java:108)
	at org.testng.internal.Invoker.invokeMethod(Invoker.java:661)
	at org.testng.internal.Invoker.invokeTestMethod(Invoker.java:869)
	at org.testng.internal.Invoker.invokeTestMethods(Invoker.java:1193)
	at org.testng.internal.TestMethodWorker.invokeTestMethods(TestMethodWorker.java:126)
	at org.testng.internal.TestMethodWorker.run(TestMethodWorker.java:109)
	at org.testng.TestRunner.privateRun(TestRunner.java:744)
	at org.testng.TestRunner.run(TestRunner.java:602)
	at org.testng.SuiteRunner.runTest(SuiteRunner.java:380)
	at org.testng.SuiteRunner.runSequentially(SuiteRunner.java:375)
	at org.testng.SuiteRunner.privateRun(SuiteRunner.java:340)
	at org.testng.SuiteRunner.run(SuiteRunner.java:289)
	at org.testng.SuiteRunnerWorker.runSuite(SuiteRunnerWorker.java:52)
	at org.testng.SuiteRunnerWorker.run(SuiteRunnerWorker.java:86)
	at org.testng.TestNG.runSuitesSequentially(TestNG.java:1301)
	at org.testng.TestNG.runSuitesSequentially(TestNG.java:1297)
	at org.testng.TestNG.runSuitesLocally(TestNG.java:1226)
	at org.testng.TestNG.runSuites(TestNG.java:1144)
	at org.testng.TestNG.run(TestNG.java:1115)
	at org.testng.remote.AbstractRemoteTestNG.run(AbstractRemoteTestNG.java:115)
	at org.testng.remote.RemoteTestNG.initAndRun(RemoteTestNG.java:251)
	at org.testng.remote.RemoteTestNG.main(RemoteTestNG.java:77)
</pre></div></td>
<td>1</td>
<td>com.ugapp.testcases.TC_10_MyASUProgramPageTest@59aa20b3</td></tr>
<tr>
<td title='com.ugapp.testcases.TC_10_MyASUProgramPageTest.errorText()'><b>errorText</b><br>Test class: com.ugapp.testcases.TC_10_MyASUProgramPageTest</td>
<td><div><pre>java.lang.IllegalArgumentException: Cannot find elements when the XPath is null.
	at org.openqa.selenium.internal.Require$ArgumentChecker.nonNull(Require.java:207)
	at org.openqa.selenium.By$ByXPath.&lt;init&gt;(By.java:285)
	at org.openqa.selenium.By.xpath(By.java:88)
	at com.ugapp.base.Page.findElement(Page.java:169)
	at com.ugapp.pages.MyASUProgramPage.errorMessage(MyASUProgramPage.java:59)
	at com.ugapp.testcases.TC_10_MyASUProgramPageTest.errorText(TC_10_MyASUProgramPageTest.java:22)
... Removed 24 stack frames</pre></div><a href='#' onClick='toggleBox("stack-trace73877084", this, "Click to show all stack frames", "Click to hide stack frames")'>Click to show all stack frames</a>
<div class='stack-trace' id='stack-trace73877084'><pre>java.lang.IllegalArgumentException: Cannot find elements when the XPath is null.
	at org.openqa.selenium.internal.Require$ArgumentChecker.nonNull(Require.java:207)
	at org.openqa.selenium.By$ByXPath.&lt;init&gt;(By.java:285)
	at org.openqa.selenium.By.xpath(By.java:88)
	at com.ugapp.base.Page.findElement(Page.java:169)
	at com.ugapp.pages.MyASUProgramPage.errorMessage(MyASUProgramPage.java:59)
	at com.ugapp.testcases.TC_10_MyASUProgramPageTest.errorText(TC_10_MyASUProgramPageTest.java:22)
	at java.base/jdk.internal.reflect.DirectMethodHandleAccessor.invoke(DirectMethodHandleAccessor.java:104)
	at java.base/java.lang.reflect.Method.invoke(Method.java:578)
	at org.testng.internal.MethodInvocationHelper.invokeMethod(MethodInvocationHelper.java:108)
	at org.testng.internal.Invoker.invokeMethod(Invoker.java:661)
	at org.testng.internal.Invoker.invokeTestMethod(Invoker.java:869)
	at org.testng.internal.Invoker.invokeTestMethods(Invoker.java:1193)
	at org.testng.internal.TestMethodWorker.invokeTestMethods(TestMethodWorker.java:126)
	at org.testng.internal.TestMethodWorker.run(TestMethodWorker.java:109)
	at org.testng.TestRunner.privateRun(TestRunner.java:744)
	at org.testng.TestRunner.run(TestRunner.java:602)
	at org.testng.SuiteRunner.runTest(SuiteRunner.java:380)
	at org.testng.SuiteRunner.runSequentially(SuiteRunner.java:375)
	at org.testng.SuiteRunner.privateRun(SuiteRunner.java:340)
	at org.testng.SuiteRunner.run(SuiteRunner.java:289)
	at org.testng.SuiteRunnerWorker.runSuite(SuiteRunnerWorker.java:52)
	at org.testng.SuiteRunnerWorker.run(SuiteRunnerWorker.java:86)
	at org.testng.TestNG.runSuitesSequentially(TestNG.java:1301)
	at org.testng.TestNG.runSuitesSequentially(TestNG.java:1297)
	at org.testng.TestNG.runSuitesLocally(TestNG.java:1226)
	at org.testng.TestNG.runSuites(TestNG.java:1144)
	at org.testng.TestNG.run(TestNG.java:1115)
	at org.testng.remote.AbstractRemoteTestNG.run(AbstractRemoteTestNG.java:115)
	at org.testng.remote.RemoteTestNG.initAndRun(RemoteTestNG.java:251)
	at org.testng.remote.RemoteTestNG.main(RemoteTestNG.java:77)
</pre></div></td>
<td>0</td>
<td>com.ugapp.testcases.TC_10_MyASUProgramPageTest@59aa20b3</td></tr>
<tr>
<td title='com.ugapp.testcases.TC_10_MyASUProgramPageTest.validateMyProgramPage()'><b>validateMyProgramPage</b><br>Test class: com.ugapp.testcases.TC_10_MyASUProgramPageTest</td>
<td><div><pre>java.lang.NullPointerException: Cannot invoke &quot;org.openqa.selenium.support.ui.WebDriverWait.until(java.util.function.Function)&quot; because &quot;com.ugapp.base.Page2.wait&quot; is null
	at com.ugapp.base.Page2.waitTillLoaderDisappears(Page2.java:342)
	at com.ugapp.testcases.TC_10_MyASUProgramPageTest.validateMyProgramPage(TC_10_MyASUProgramPageTest.java:12)
... Removed 24 stack frames</pre></div><a href='#' onClick='toggleBox("stack-trace1596910443", this, "Click to show all stack frames", "Click to hide stack frames")'>Click to show all stack frames</a>
<div class='stack-trace' id='stack-trace1596910443'><pre>java.lang.NullPointerException: Cannot invoke &quot;org.openqa.selenium.support.ui.WebDriverWait.until(java.util.function.Function)&quot; because &quot;com.ugapp.base.Page2.wait&quot; is null
	at com.ugapp.base.Page2.waitTillLoaderDisappears(Page2.java:342)
	at com.ugapp.testcases.TC_10_MyASUProgramPageTest.validateMyProgramPage(TC_10_MyASUProgramPageTest.java:12)
	at java.base/jdk.internal.reflect.DirectMethodHandleAccessor.invoke(DirectMethodHandleAccessor.java:104)
	at java.base/java.lang.reflect.Method.invoke(Method.java:578)
	at org.testng.internal.MethodInvocationHelper.invokeMethod(MethodInvocationHelper.java:108)
	at org.testng.internal.Invoker.invokeMethod(Invoker.java:661)
	at org.testng.internal.Invoker.invokeTestMethod(Invoker.java:869)
	at org.testng.internal.Invoker.invokeTestMethods(Invoker.java:1193)
	at org.testng.internal.TestMethodWorker.invokeTestMethods(TestMethodWorker.java:126)
	at org.testng.internal.TestMethodWorker.run(TestMethodWorker.java:109)
	at org.testng.TestRunner.privateRun(TestRunner.java:744)
	at org.testng.TestRunner.run(TestRunner.java:602)
	at org.testng.SuiteRunner.runTest(SuiteRunner.java:380)
	at org.testng.SuiteRunner.runSequentially(SuiteRunner.java:375)
	at org.testng.SuiteRunner.privateRun(SuiteRunner.java:340)
	at org.testng.SuiteRunner.run(SuiteRunner.java:289)
	at org.testng.SuiteRunnerWorker.runSuite(SuiteRunnerWorker.java:52)
	at org.testng.SuiteRunnerWorker.run(SuiteRunnerWorker.java:86)
	at org.testng.TestNG.runSuitesSequentially(TestNG.java:1301)
	at org.testng.TestNG.runSuitesSequentially(TestNG.java:1297)
	at org.testng.TestNG.runSuitesLocally(TestNG.java:1226)
	at org.testng.TestNG.runSuites(TestNG.java:1144)
	at org.testng.TestNG.run(TestNG.java:1115)
	at org.testng.remote.AbstractRemoteTestNG.run(AbstractRemoteTestNG.java:115)
	at org.testng.remote.RemoteTestNG.initAndRun(RemoteTestNG.java:251)
	at org.testng.remote.RemoteTestNG.main(RemoteTestNG.java:77)
</pre></div></td>
<td>0</td>
<td>com.ugapp.testcases.TC_10_MyASUProgramPageTest@59aa20b3</td></tr>
</table><p>
</body>
</html>