<?xml version="1.0" encoding="UTF-8"?>
<!-- Generated by org.testng.reporters.JUnitXMLReporter -->
<testsuite ignored="1" hostname="Admins-MacBook-Pro.local" failures="7" tests="7" name="ASU Programs page Test" time="4.646" errors="0" timestamp="01 Dec 2023 10:48:39 GMT">
  <testcase classname="com.ugapp.testcases.TC_10_MyASUProgramPageTest" name="validateMyProgramPage" time="0.001">
    <failure type="java.lang.NullPointerException" message="Cannot invoke &amp;quot;org.openqa.selenium.support.ui.WebDriverWait.until(java.util.function.Function)&amp;quot; because &amp;quot;com.ugapp.base.Page2.wait&amp;quot; is null">
      <![CDATA[java.lang.NullPointerException: Cannot invoke "org.openqa.selenium.support.ui.WebDriverWait.until(java.util.function.Function)" because "com.ugapp.base.Page2.wait" is null
	at com.ugapp.base.Page2.waitTillLoaderDisappears(Page2.java:342)
	at com.ugapp.testcases.TC_10_MyASUProgramPageTest.validateMyProgramPage(TC_10_MyASUProgramPageTest.java:12)
... Removed 24 stack frames]]>
    </failure>
  </testcase> <!-- validateMyProgramPage -->
  <testcase classname="com.ugapp.testcases.TC_10_MyASUProgramPageTest" name="errorText" time="0.109">
    <failure type="java.lang.IllegalArgumentException" message="Cannot find elements when the XPath is null.">
      <![CDATA[java.lang.IllegalArgumentException: Cannot find elements when the XPath is null.
	at org.openqa.selenium.internal.Require$ArgumentChecker.nonNull(Require.java:207)
	at org.openqa.selenium.By$ByXPath.<init>(By.java:285)
	at org.openqa.selenium.By.xpath(By.java:88)
	at com.ugapp.base.Page.findElement(Page.java:169)
	at com.ugapp.pages.MyASUProgramPage.errorMessage(MyASUProgramPage.java:59)
	at com.ugapp.testcases.TC_10_MyASUProgramPageTest.errorText(TC_10_MyASUProgramPageTest.java:22)
... Removed 24 stack frames]]>
    </failure>
  </testcase> <!-- errorText -->
  <testcase classname="com.ugapp.testcases.TC_10_MyASUProgramPageTest" name="academicCalender" time="0.002">
    <failure type="java.lang.NullPointerException" message="Cannot invoke &amp;quot;org.openqa.selenium.support.ui.WebDriverWait.until(java.util.function.Function)&amp;quot; because &amp;quot;com.ugapp.base.Page2.wait&amp;quot; is null">
      <![CDATA[java.lang.NullPointerException: Cannot invoke "org.openqa.selenium.support.ui.WebDriverWait.until(java.util.function.Function)" because "com.ugapp.base.Page2.wait" is null
	at com.ugapp.base.Page2.waitTillLoaderDisappears(Page2.java:342)
	at com.ugapp.testcases.TC_10_MyASUProgramPageTest.academicCalender(TC_10_MyASUProgramPageTest.java:27)
... Removed 24 stack frames]]>
    </failure>
  </testcase> <!-- academicCalender -->
  <testcase classname="com.ugapp.testcases.TC_10_MyASUProgramPageTest" name="SearchForProgram" time="0.002">
    <failure type="java.lang.IllegalArgumentException" message="Cannot find elements when the XPath is null.">
      <![CDATA[java.lang.IllegalArgumentException: Cannot find elements when the XPath is null.
	at org.openqa.selenium.internal.Require$ArgumentChecker.nonNull(Require.java:207)
	at org.openqa.selenium.By$ByXPath.<init>(By.java:285)
	at org.openqa.selenium.By.xpath(By.java:88)
	at com.ugapp.base.Page.findElement(Page.java:169)
	at com.ugapp.pages.MyASUProgramPage.interestArea(MyASUProgramPage.java:97)
	at com.ugapp.testcases.TC_10_MyASUProgramPageTest.SearchForProgram(TC_10_MyASUProgramPageTest.java:38)
... Removed 24 stack frames]]>
    </failure>
  </testcase> <!-- SearchForProgram -->
  <testcase classname="com.ugapp.testcases.TC_10_MyASUProgramPageTest" name="clearFilter" time="1.502">
    <failure type="java.lang.NullPointerException" message="Cannot invoke &amp;quot;org.openqa.selenium.WebDriver.findElements(org.openqa.selenium.By)&amp;quot; because &amp;quot;com.ugapp.pages.MyASUProgramPage.driver&amp;quot; is null">
      <![CDATA[java.lang.NullPointerException: Cannot invoke "org.openqa.selenium.WebDriver.findElements(org.openqa.selenium.By)" because "com.ugapp.pages.MyASUProgramPage.driver" is null
	at com.ugapp.pages.MyASUProgramPage.checkSelectedOptions(MyASUProgramPage.java:338)
	at com.ugapp.testcases.TC_10_MyASUProgramPageTest.clearFilter(TC_10_MyASUProgramPageTest.java:46)
... Removed 24 stack frames]]>
    </failure>
  </testcase> <!-- clearFilter -->
  <testcase classname="com.ugapp.testcases.TC_10_MyASUProgramPageTest" name="chooseProgram" time="2.009">
    <failure type="java.lang.NullPointerException" message="Cannot invoke &amp;quot;org.openqa.selenium.WebDriver.findElements(org.openqa.selenium.By)&amp;quot; because &amp;quot;com.ugapp.pages.MyASUProgramPage.driver&amp;quot; is null">
      <![CDATA[java.lang.NullPointerException: Cannot invoke "org.openqa.selenium.WebDriver.findElements(org.openqa.selenium.By)" because "com.ugapp.pages.MyASUProgramPage.driver" is null
	at com.ugapp.pages.MyASUProgramPage.chooseThisProgram(MyASUProgramPage.java:383)
	at com.ugapp.testcases.TC_10_MyASUProgramPageTest.chooseProgram(TC_10_MyASUProgramPageTest.java:62)
... Removed 24 stack frames]]>
    </failure>
  </testcase> <!-- chooseProgram -->
  <testcase classname="com.ugapp.testcases.TC_10_MyASUProgramPageTest" name="SaveThePageTest" time="1.007">
    <failure type="java.lang.NullPointerException" message="Cannot invoke &amp;quot;org.openqa.selenium.WebDriver.findElement(org.openqa.selenium.By)&amp;quot; because &amp;quot;com.ugapp.pages.MyASUProgramPage.driver&amp;quot; is null">
      <![CDATA[java.lang.NullPointerException: Cannot invoke "org.openqa.selenium.WebDriver.findElement(org.openqa.selenium.By)" because "com.ugapp.pages.MyASUProgramPage.driver" is null
	at com.ugapp.pages.MyASUProgramPage.SaveThePage(MyASUProgramPage.java:761)
	at com.ugapp.testcases.TC_10_MyASUProgramPageTest.SaveThePageTest(TC_10_MyASUProgramPageTest.java:74)
... Removed 24 stack frames]]>
    </failure>
  </testcase> <!-- SaveThePageTest -->
  <testcase classname="com.ugapp.testcases.TC_10_MyASUProgramPageTest" name="Nursing" time="0.0">
    <ignored/>
  </testcase> <!-- Nursing -->
</testsuite> <!-- ASU Programs page Test -->
