<?xml version="1.0" encoding="UTF-8"?>
<!-- Generated by org.testng.reporters.JUnitXMLReporter -->
<testsuite ignored="15" hostname="Admins-MacBook-Pro.local" failures="10" tests="15" name="AZ Residency page Test" time="3.622" errors="0" timestamp="01 Dec 2023 11:17:41 GMT">
  <testcase classname="com.ugapp.testcases.TC_13_AZresidencyPageTest" name="validateMyInfoPage" time="0.006">
    <failure type="java.lang.NullPointerException" message="Cannot invoke &amp;quot;org.openqa.selenium.support.ui.WebDriverWait.until(java.util.function.Function)&amp;quot; because &amp;quot;com.ugapp.base.Page2.wait&amp;quot; is null">
      <![CDATA[java.lang.NullPointerException: Cannot invoke "org.openqa.selenium.support.ui.WebDriverWait.until(java.util.function.Function)" because "com.ugapp.base.Page2.wait" is null
	at com.ugapp.base.Page2.waitTillLoaderDisappears(Page2.java:342)
	at com.ugapp.testcases.TC_13_AZresidencyPageTest.validateMyInfoPage(TC_13_AZresidencyPageTest.java:21)
... Removed 24 stack frames]]>
    </failure>
  </testcase> <!-- validateMyInfoPage -->
  <testcase classname="com.ugapp.testcases.TC_13_AZresidencyPageTest" name="PermanentHome_OOSTest" time="0.017">
    <failure type="java.lang.NullPointerException" message="Cannot invoke &amp;quot;org.openqa.selenium.WebDriver.findElement(org.openqa.selenium.By)&amp;quot; because &amp;quot;com.ugapp.base.Page2.driver&amp;quot; is null">
      <![CDATA[java.lang.NullPointerException: Cannot invoke "org.openqa.selenium.WebDriver.findElement(org.openqa.selenium.By)" because "com.ugapp.base.Page2.driver" is null
	at com.ugapp.base.Page2.findElement(Page2.java:179)
	at com.ugapp.pages.AZResidencyPage.PermanentHome_OOS(AZResidencyPage.java:62)
	at com.ugapp.testcases.TC_13_AZresidencyPageTest.PermanentHome_OOSTest(TC_13_AZresidencyPageTest.java:31)
... Removed 24 stack frames]]>
    </failure>
  </testcase> <!-- PermanentHome_OOSTest -->
  <testcase classname="com.ugapp.testcases.TC_13_AZresidencyPageTest" name="EnrolledAnotherCollOrUniversityYesTest" time="0.004">
    <failure type="java.lang.NullPointerException" message="Cannot invoke &amp;quot;org.openqa.selenium.WebDriver.findElement(org.openqa.selenium.By)&amp;quot; because &amp;quot;com.ugapp.base.Page2.driver&amp;quot; is null">
      <![CDATA[java.lang.NullPointerException: Cannot invoke "org.openqa.selenium.WebDriver.findElement(org.openqa.selenium.By)" because "com.ugapp.base.Page2.driver" is null
	at com.ugapp.base.Page2.findElement(Page2.java:177)
	at com.ugapp.pages.AZResidencyPage.EnrolledAnotherCollOrUniversityYes(AZResidencyPage.java:146)
	at com.ugapp.testcases.TC_13_AZresidencyPageTest.EnrolledAnotherCollOrUniversityYesTest(TC_13_AZresidencyPageTest.java:54)
... Removed 24 stack frames]]>
    </failure>
  </testcase> <!-- EnrolledAnotherCollOrUniversityYesTest -->
  <testcase classname="com.ugapp.testcases.TC_13_AZresidencyPageTest" name="EnrolledAtASUTest" time="0.002">
    <failure type="java.lang.NullPointerException" message="Cannot invoke &amp;quot;org.openqa.selenium.WebDriver.findElement(org.openqa.selenium.By)&amp;quot; because &amp;quot;com.ugapp.base.Page2.driver&amp;quot; is null">
      <![CDATA[java.lang.NullPointerException: Cannot invoke "org.openqa.selenium.WebDriver.findElement(org.openqa.selenium.By)" because "com.ugapp.base.Page2.driver" is null
	at com.ugapp.base.Page2.findElement(Page2.java:177)
	at com.ugapp.pages.AZResidencyPage.EnrolledAtASU(AZResidencyPage.java:220)
	at com.ugapp.testcases.TC_13_AZresidencyPageTest.EnrolledAtASUTest(TC_13_AZresidencyPageTest.java:69)
... Removed 24 stack frames]]>
    </failure>
  </testcase> <!-- EnrolledAtASUTest -->
  <testcase classname="com.ugapp.testcases.TC_13_AZresidencyPageTest" name="DriverLicense_YesTest" time="0.0">
    <failure type="java.lang.NullPointerException" message="Cannot invoke &amp;quot;org.openqa.selenium.WebDriver.findElement(org.openqa.selenium.By)&amp;quot; because &amp;quot;com.ugapp.base.Page2.driver&amp;quot; is null">
      <![CDATA[java.lang.NullPointerException: Cannot invoke "org.openqa.selenium.WebDriver.findElement(org.openqa.selenium.By)" because "com.ugapp.base.Page2.driver" is null
	at com.ugapp.base.Page2.findElement(Page2.java:177)
	at com.ugapp.pages.AZResidencyPage.DriverLicense_Yes(AZResidencyPage.java:432)
	at com.ugapp.testcases.TC_13_AZresidencyPageTest.DriverLicense_YesTest(TC_13_AZresidencyPageTest.java:91)
... Removed 24 stack frames]]>
    </failure>
  </testcase> <!-- DriverLicense_YesTest -->
  <testcase classname="com.ugapp.testcases.TC_13_AZresidencyPageTest" name="OwnVehicleDetails_YesTest" time="0.008">
    <failure type="java.lang.NullPointerException" message="Cannot invoke &amp;quot;org.openqa.selenium.WebDriver.findElement(org.openqa.selenium.By)&amp;quot; because &amp;quot;com.ugapp.base.Page2.driver&amp;quot; is null">
      <![CDATA[java.lang.NullPointerException: Cannot invoke "org.openqa.selenium.WebDriver.findElement(org.openqa.selenium.By)" because "com.ugapp.base.Page2.driver" is null
	at com.ugapp.base.Page2.findElement(Page2.java:177)
	at com.ugapp.pages.AZResidencyPage.OwnVehicleDetails_Yes(AZResidencyPage.java:539)
	at com.ugapp.testcases.TC_13_AZresidencyPageTest.OwnVehicleDetails_YesTest(TC_13_AZresidencyPageTest.java:99)
... Removed 24 stack frames]]>
    </failure>
  </testcase> <!-- OwnVehicleDetails_YesTest -->
  <testcase classname="com.ugapp.testcases.TC_13_AZresidencyPageTest" name="StateTaxes_YesTest" time="0.004">
    <failure type="java.lang.NullPointerException" message="Cannot invoke &amp;quot;org.openqa.selenium.WebDriver.findElement(org.openqa.selenium.By)&amp;quot; because &amp;quot;com.ugapp.base.Page2.driver&amp;quot; is null">
      <![CDATA[java.lang.NullPointerException: Cannot invoke "org.openqa.selenium.WebDriver.findElement(org.openqa.selenium.By)" because "com.ugapp.base.Page2.driver" is null
	at com.ugapp.base.Page2.findElement(Page2.java:177)
	at com.ugapp.pages.AZResidencyPage.StateTaxes_Yes(AZResidencyPage.java:611)
	at com.ugapp.testcases.TC_13_AZresidencyPageTest.StateTaxes_YesTest(TC_13_AZresidencyPageTest.java:113)
... Removed 24 stack frames]]>
    </failure>
  </testcase> <!-- StateTaxes_YesTest -->
  <testcase classname="com.ugapp.testcases.TC_13_AZresidencyPageTest" name="FinancialSupportTest" time="0.018">
    <failure type="java.lang.NullPointerException" message="Cannot invoke &amp;quot;org.openqa.selenium.WebDriver.findElements(org.openqa.selenium.By)&amp;quot; because &amp;quot;com.ugapp.pages.AZResidencyPage.driver&amp;quot; is null">
      <![CDATA[java.lang.NullPointerException: Cannot invoke "org.openqa.selenium.WebDriver.findElements(org.openqa.selenium.By)" because "com.ugapp.pages.AZResidencyPage.driver" is null
	at com.ugapp.pages.AZResidencyPage.FinancialSupport(AZResidencyPage.java:714)
	at com.ugapp.testcases.TC_13_AZresidencyPageTest.FinancialSupportTest(TC_13_AZresidencyPageTest.java:128)
... Removed 24 stack frames]]>
    </failure>
  </testcase> <!-- FinancialSupportTest -->
  <testcase classname="com.ugapp.testcases.TC_13_AZresidencyPageTest" name="OtherFinancialSupportTest" time="0.007"/>
  <testcase classname="com.ugapp.testcases.TC_13_AZresidencyPageTest" name="EmploymentDetails_YesTest" time="0.001">
    <failure type="java.lang.NullPointerException" message="Cannot invoke &amp;quot;org.openqa.selenium.WebDriver.findElement(org.openqa.selenium.By)&amp;quot; because &amp;quot;com.ugapp.base.Page2.driver&amp;quot; is null">
      <![CDATA[java.lang.NullPointerException: Cannot invoke "org.openqa.selenium.WebDriver.findElement(org.openqa.selenium.By)" because "com.ugapp.base.Page2.driver" is null
	at com.ugapp.base.Page2.findElement(Page2.java:177)
	at com.ugapp.pages.AZResidencyPage.EmploymentDetails_Yes(AZResidencyPage.java:860)
	at com.ugapp.testcases.TC_13_AZresidencyPageTest.EmploymentDetails_YesTest(TC_13_AZresidencyPageTest.java:154)
... Removed 24 stack frames]]>
    </failure>
  </testcase> <!-- EmploymentDetails_YesTest -->
  <testcase classname="com.ugapp.testcases.TC_13_AZresidencyPageTest" name="SpouseOrDependentflowTest" time="0.001">
    <failure type="java.lang.NullPointerException" message="Cannot invoke &amp;quot;org.openqa.selenium.WebDriver.findElement(org.openqa.selenium.By)&amp;quot; because &amp;quot;com.ugapp.base.Page2.driver&amp;quot; is null">
      <![CDATA[java.lang.NullPointerException: Cannot invoke "org.openqa.selenium.WebDriver.findElement(org.openqa.selenium.By)" because "com.ugapp.base.Page2.driver" is null
	at com.ugapp.base.Page2.findElement(Page2.java:177)
	at com.ugapp.pages.AZResidencyPage.SpouseOrDependentflow(AZResidencyPage.java:979)
	at com.ugapp.testcases.TC_13_AZresidencyPageTest.SpouseOrDependentflowTest(TC_13_AZresidencyPageTest.java:169)
... Removed 24 stack frames]]>
    </failure>
  </testcase> <!-- SpouseOrDependentflowTest -->
  <testcase classname="com.ugapp.testcases.TC_13_AZresidencyPageTest" name="AmericanIndianOrAlaskaNAtiveTest" time="0.001"/>
  <testcase classname="com.ugapp.testcases.TC_13_AZresidencyPageTest" name="ParentLegalGuardianDetails_AZTest" time="1.006"/>
  <testcase classname="com.ugapp.testcases.TC_13_AZresidencyPageTest" name="MarriageQuestionTest" time="0.012"/>
  <testcase classname="com.ugapp.testcases.TC_13_AZresidencyPageTest" name="SpouseRelatedDetailsTest" time="0.012"/>
  <testcase classname="com.ugapp.testcases.TC_13_AZresidencyPageTest" name="ActiveDutyflowTest" time="0.0">
    <ignored/>
  </testcase> <!-- ActiveDutyflowTest -->
  <testcase classname="com.ugapp.testcases.TC_13_AZresidencyPageTest" name="RegisteredToVoteTest" time="0.0">
    <ignored/>
  </testcase> <!-- RegisteredToVoteTest -->
  <testcase classname="com.ugapp.testcases.TC_13_AZresidencyPageTest" name="PermanentHome_AZTest" time="0.0">
    <ignored/>
  </testcase> <!-- PermanentHome_AZTest -->
  <testcase classname="com.ugapp.testcases.TC_13_AZresidencyPageTest" name="OwnVehicleDetails_NoTest" time="0.0">
    <ignored/>
  </testcase> <!-- OwnVehicleDetails_NoTest -->
  <testcase classname="com.ugapp.testcases.TC_13_AZresidencyPageTest" name="EnrolledAnotherCollOrUniversityNoTest" time="0.0">
    <ignored/>
  </testcase> <!-- EnrolledAnotherCollOrUniversityNoTest -->
  <testcase classname="com.ugapp.testcases.TC_13_AZresidencyPageTest" name="FiftyPercentOfFinancialSupportForParentTest" time="0.0">
    <ignored/>
  </testcase> <!-- FiftyPercentOfFinancialSupportForParentTest -->
  <testcase classname="com.ugapp.testcases.TC_13_AZresidencyPageTest" name="ParentLegalGuardianDetailsTest" time="0.0">
    <ignored/>
  </testcase> <!-- ParentLegalGuardianDetailsTest -->
  <testcase classname="com.ugapp.testcases.TC_13_AZresidencyPageTest" name="StateTaxes_NoTest" time="0.0">
    <ignored/>
  </testcase> <!-- StateTaxes_NoTest -->
  <testcase classname="com.ugapp.testcases.TC_13_AZresidencyPageTest" name="ArmedForcesReserveOrNationalGuradianflowTest" time="0.0">
    <ignored/>
  </testcase> <!-- ArmedForcesReserveOrNationalGuradianflowTest -->
  <testcase classname="com.ugapp.testcases.TC_13_AZresidencyPageTest" name="LivingInAZForLast12monsTest" time="0.0">
    <ignored/>
  </testcase> <!-- LivingInAZForLast12monsTest -->
  <testcase classname="com.ugapp.testcases.TC_13_AZresidencyPageTest" name="DriverLicense_NoTest" time="0.0">
    <ignored/>
  </testcase> <!-- DriverLicense_NoTest -->
  <testcase classname="com.ugapp.testcases.TC_13_AZresidencyPageTest" name="DependentOnParent_NoTest" time="0.0">
    <ignored/>
  </testcase> <!-- DependentOnParent_NoTest -->
  <testcase classname="com.ugapp.testcases.TC_13_AZresidencyPageTest" name="VeteranflowTest" time="0.0">
    <ignored/>
  </testcase> <!-- VeteranflowTest -->
  <testcase classname="com.ugapp.testcases.TC_13_AZresidencyPageTest" name="DependentOnParent_YesTest" time="0.0">
    <ignored/>
  </testcase> <!-- DependentOnParent_YesTest -->
  <testcase classname="com.ugapp.testcases.TC_13_AZresidencyPageTest" name="EmploymentDetails_NoTest" time="0.0">
    <ignored/>
  </testcase> <!-- EmploymentDetails_NoTest -->
</testsuite> <!-- AZ Residency page Test -->
