<!DOCTYPE html PUBLIC "-//W3C//DTD XHTML 1.1//EN" "http://www.w3.org/TR/xhtml11/DTD/xhtml11.dtd">
<html xmlns="http://www.w3.org/1999/xhtml"><head><title>TestNG Report</title><style type="text/css">table {margin-bottom:10px;border-collapse:collapse;empty-cells:show}th,td {border:1px solid #009;padding:.25em .5em}th {vertical-align:bottom}td {vertical-align:top}table a {font-weight:bold}.stripe td {background-color: #E6EBF9}.num {text-align:right}.passedodd td {background-color: #3F3}.passedeven td {background-color: #0A0}.skippedodd td {background-color: #DDD}.skippedeven td {background-color: #CCC}.failedodd td,.attn {background-color: #F33}.failedeven td,.stripe .attn {background-color: #D00}.stacktrace {white-space:pre;font-family:monospace}.totop {font-size:85%;text-align:center;border-bottom:2px solid #000}</style></head><body><table><tr><th>Test</th><th># Passed</th><th># Skipped</th><th># Failed</th><th>Time (ms)</th><th>Included Groups</th><th>Excluded Groups</th></tr><tr><th colspan="7">Page Object Model</th></tr><tr><td><a href="#t0">Landing Page Test</a></td><td class="num">1</td><td class="num">0</td><td class="num">0</td><td class="num">5,333</td><td></td><td></td></tr><tr class="stripe"><td><a href="#t1">Create account Test</a></td><td class="num">2</td><td class="num">0</td><td class="num attn">5</td><td class="num">52,698</td><td></td><td></td></tr><tr><td><a href="#t2">Email Verification Test</a></td><td class="num">0</td><td class="num">0</td><td class="num attn">1</td><td class="num">561</td><td></td><td></td></tr><tr><th>Total</th><th class="num">3</th><th class="num">0</th><th class="num attn">6</th><th class="num">58,592</th><th colspan="2"></th></tr></table><table id='summary'><thead><tr><th>Class</th><th>Method</th><th>Start</th><th>Time (ms)</th></tr></thead><tbody><tr><th colspan="4">Page Object Model</th></tr></tbody><tbody id="t0"><tr><th colspan="4">Landing Page Test &#8212; passed</th></tr><tr class="passedeven"><td rowspan="1">com.ugapp.testcases.TC_01_LandingPageTest</td><td><a href="#m0">verifyLandingPage</a></td><td rowspan="1">1694691839541</td><td rowspan="1">4894</td></tr></tbody><tbody id="t1"><tr><th colspan="4">Create account Test &#8212; failed</th></tr><tr class="failedeven"><td rowspan="5">com.ugapp.testcases.TC_04_CreateAccountTest</td><td><a href="#m1">checkLinksInCreateAccount</a></td><td rowspan="1">1694691850096</td><td rowspan="1">5423</td></tr><tr class="failedeven"><td><a href="#m2">createAccountTest</a></td><td rowspan="4">1694691855983</td><td rowspan="4">8717</td></tr><tr class="failedeven"><td><a href="#m3">createAccountTest</a></td></tr><tr class="failedeven"><td><a href="#m4">createAccountTest</a></td></tr><tr class="failedeven"><td><a href="#m5">createAccountTest</a></td></tr><tr><th colspan="4">Create account Test &#8212; passed</th></tr><tr class="passedeven"><td rowspan="2">com.ugapp.testcases.TC_04_CreateAccountTest</td><td><a href="#m6">createAccountTest</a></td><td rowspan="1">1694691892202</td><td rowspan="1">10289</td></tr><tr class="passedeven"><td><a href="#m7">verifyCreateAcc</a></td><td rowspan="1">1694691849866</td><td rowspan="1">154</td></tr></tbody><tbody id="t2"><tr><th colspan="4">Email Verification Test &#8212; failed</th></tr><tr class="failedeven"><td rowspan="1">com.ugapp.testcases.TC_05_VerifyEmailTest</td><td><a href="#m8">verifyEmail</a></td><td rowspan="1">1694691907603</td><td rowspan="1">26</td></tr></tbody></table><h2>Landing Page Test</h2><h3 id="m0">com.ugapp.testcases.TC_01_LandingPageTest#verifyLandingPage</h3><table class="result"></table><p class="totop"><a href="#summary">back to summary</a></p><h2>Create account Test</h2><h3 id="m1">com.ugapp.testcases.TC_04_CreateAccountTest#checkLinksInCreateAccount</h3><table class="result"><tr><th>Messages</th></tr><tr><td><div class="messages">Click to see Screenshot<br/><a target="_blank" href=Thu_Sep_14_17_14_15_IST_2023.jpg>Screenshot</a><br/><br><br/><br><br/><a target="_blank" href=Thu_Sep_14_17_14_15_IST_2023.jpg><img src=Thu_Sep_14_17_14_15_IST_2023.jpg height=200 width=200></img></a></div></td></tr><tr><th>Exception</th></tr><tr><td><div class="stacktrace">java.lang.AssertionError: expected [] but found [enrollmentonline@asu.edu]
	at com.ugapp.pages.CreateAccountPage.checkAndValidateEmail(CreateAccountPage.java:74)
	at com.ugapp.testcases.TC_04_CreateAccountTest.checkLinksInCreateAccount(TC_04_CreateAccountTest.java:37)
... Removed 29 stack frames</div></td></tr></table><p class="totop"><a href="#summary">back to summary</a></p><h3 id="m2">com.ugapp.testcases.TC_04_CreateAccountTest#createAccountTest</h3><table class="result"><tr class="param"><th>Parameter #1</th></tr><tr class="param stripe"><td>{password=Test12, email=Testug, Runmode=Y, repassword=Test12, reemail=Testug@asu.edu}</td></tr><tr><th>Messages</th></tr><tr><td><div class="messages">Click to see Screenshot<br/><a target="_blank" href=Thu_Sep_14_17_14_24_IST_2023.jpg>Screenshot</a><br/><br><br/><br><br/><a target="_blank" href=Thu_Sep_14_17_14_24_IST_2023.jpg><img src=Thu_Sep_14_17_14_24_IST_2023.jpg height=200 width=200></img></a></div></td></tr><tr><th>Exception</th></tr><tr><td><div class="stacktrace">java.lang.NullPointerException: Cannot invoke &quot;org.openqa.selenium.WebElement.getText()&quot; because the return value of &quot;com.ugapp.pages.CreateAccountPage.findElement(String)&quot; is null
	at com.ugapp.pages.CreateAccountPage.validateAccount(CreateAccountPage.java:121)
	at com.ugapp.testcases.TC_04_CreateAccountTest.createAccountTest(TC_04_CreateAccountTest.java:51)
... Removed 23 stack frames</div></td></tr></table><p class="totop"><a href="#summary">back to summary</a></p><h3 id="m3">com.ugapp.testcases.TC_04_CreateAccountTest#createAccountTest</h3><table class="result"><tr class="param"><th>Parameter #1</th></tr><tr class="param stripe"><td>{password=Testsadasda, email=Testug@asu.edu, Runmode=Y, repassword=Testsadasda, reemail=Testug@asu.edu}</td></tr><tr><th>Messages</th></tr><tr><td><div class="messages">Click to see Screenshot<br/><a target="_blank" href=Thu_Sep_14_17_14_52_IST_2023.jpg>Screenshot</a><br/><br><br/><br><br/><a target="_blank" href=Thu_Sep_14_17_14_52_IST_2023.jpg><img src=Thu_Sep_14_17_14_52_IST_2023.jpg height=200 width=200></img></a></div></td></tr><tr><th>Exception</th></tr><tr><td><div class="stacktrace">org.openqa.selenium.NoSuchElementException: no such element: Unable to locate element: {&quot;method&quot;:&quot;xpath&quot;,&quot;selector&quot;:&quot;//li[contains(text(),&apos;The password must contain at least 1 number.&apos; )]&quot;}
  (Session info: chrome=117.0.5938.62)
For documentation on this error, please visit: https://www.selenium.dev/documentation/webdriver/troubleshooting/errors#no-such-element-exception
Build info: version: &apos;4.10.0&apos;, revision: &apos;c14d967899&apos;
System info: os.name: &apos;Mac OS X&apos;, os.arch: &apos;x86_64&apos;, os.version: &apos;12.6.8&apos;, java.version: &apos;20.0.2&apos;
Driver info: org.openqa.selenium.chrome.ChromeDriver
Command: [d4c1bae51c10938cb30df5fc80b0798f, findElement {using=xpath, value=//li[contains(text(),&apos;The password must contain at least 1 number.&apos; )]}]
Capabilities {acceptInsecureCerts: false, browserName: chrome, browserVersion: 117.0.5938.62, chrome: {chromedriverVersion: 117.0.5938.62 (25a7172909a4..., userDataDir: /var/folders/5m/4nc0x2kn289...}, fedcm:accounts: true, goog:chromeOptions: {debuggerAddress: localhost:64645}, networkConnectionEnabled: false, pageLoadStrategy: normal, platformName: mac, proxy: Proxy(), se:cdp: ws://localhost:64645/devtoo..., se:cdpVersion: 117.0.5938.62, setWindowRect: true, strictFileInteractability: false, timeouts: {implicit: 0, pageLoad: 300000, script: 30000}, unhandledPromptBehavior: dismiss and notify, webauthn:extension:credBlob: true, webauthn:extension:largeBlob: true, webauthn:extension:minPinLength: true, webauthn:extension:prf: true, webauthn:virtualAuthenticators: true}
Session ID: d4c1bae51c10938cb30df5fc80b0798f
	at org.openqa.selenium.remote.codec.w3c.W3CHttpResponseCodec.createException(W3CHttpResponseCodec.java:199)
	at org.openqa.selenium.remote.codec.w3c.W3CHttpResponseCodec.decode(W3CHttpResponseCodec.java:132)
	at org.openqa.selenium.remote.codec.w3c.W3CHttpResponseCodec.decode(W3CHttpResponseCodec.java:51)
	at org.openqa.selenium.remote.HttpCommandExecutor.execute(HttpCommandExecutor.java:191)
	at org.openqa.selenium.remote.service.DriverCommandExecutor.invokeExecute(DriverCommandExecutor.java:196)
	at org.openqa.selenium.remote.service.DriverCommandExecutor.execute(DriverCommandExecutor.java:171)
	at org.openqa.selenium.remote.RemoteWebDriver.execute(RemoteWebDriver.java:531)
	at org.openqa.selenium.remote.ElementLocation$ElementFinder$2.findElement(ElementLocation.java:165)
	at org.openqa.selenium.remote.ElementLocation.findElement(ElementLocation.java:59)
	at org.openqa.selenium.remote.RemoteWebDriver.findElement(RemoteWebDriver.java:350)
	at org.openqa.selenium.remote.RemoteWebDriver.findElement(RemoteWebDriver.java:344)
	at com.ugapp.base.Page.findElement(Page.java:152)
	at com.ugapp.pages.CreateAccountPage.validateAccount(CreateAccountPage.java:180)
	at com.ugapp.testcases.TC_04_CreateAccountTest.createAccountTest(TC_04_CreateAccountTest.java:51)
... Removed 26 stack frames</div></td></tr></table><p class="totop"><a href="#summary">back to summary</a></p><h3 id="m4">com.ugapp.testcases.TC_04_CreateAccountTest#createAccountTest</h3><table class="result"><tr class="param"><th>Parameter #1</th></tr><tr class="param stripe"><td>{password=test123123123, email=Testug@asu.edu, Runmode=Y, repassword=Test123123123, reemail=Testug@asu.edu}</td></tr><tr><th>Messages</th></tr><tr><td><div class="messages">Click to see Screenshot<br/><a target="_blank" href=Thu_Sep_14_17_14_43_IST_2023.jpg>Screenshot</a><br/><br><br/><br><br/><a target="_blank" href=Thu_Sep_14_17_14_43_IST_2023.jpg><img src=Thu_Sep_14_17_14_43_IST_2023.jpg height=200 width=200></img></a></div></td></tr><tr><th>Exception</th></tr><tr><td><div class="stacktrace">org.openqa.selenium.NoSuchElementException: no such element: Unable to locate element: {&quot;method&quot;:&quot;xpath&quot;,&quot;selector&quot;:&quot;//li[contains(text(),&apos; The password must contain at least 1 uppercase letter. &apos; )]&quot;}
  (Session info: chrome=117.0.5938.62)
For documentation on this error, please visit: https://www.selenium.dev/documentation/webdriver/troubleshooting/errors#no-such-element-exception
Build info: version: &apos;4.10.0&apos;, revision: &apos;c14d967899&apos;
System info: os.name: &apos;Mac OS X&apos;, os.arch: &apos;x86_64&apos;, os.version: &apos;12.6.8&apos;, java.version: &apos;20.0.2&apos;
Driver info: org.openqa.selenium.chrome.ChromeDriver
Command: [d4c1bae51c10938cb30df5fc80b0798f, findElement {using=xpath, value=//li[contains(text(),&apos; The password must contain at least 1 uppercase letter. &apos; )]}]
Capabilities {acceptInsecureCerts: false, browserName: chrome, browserVersion: 117.0.5938.62, chrome: {chromedriverVersion: 117.0.5938.62 (25a7172909a4..., userDataDir: /var/folders/5m/4nc0x2kn289...}, fedcm:accounts: true, goog:chromeOptions: {debuggerAddress: localhost:64645}, networkConnectionEnabled: false, pageLoadStrategy: normal, platformName: mac, proxy: Proxy(), se:cdp: ws://localhost:64645/devtoo..., se:cdpVersion: 117.0.5938.62, setWindowRect: true, strictFileInteractability: false, timeouts: {implicit: 0, pageLoad: 300000, script: 30000}, unhandledPromptBehavior: dismiss and notify, webauthn:extension:credBlob: true, webauthn:extension:largeBlob: true, webauthn:extension:minPinLength: true, webauthn:extension:prf: true, webauthn:virtualAuthenticators: true}
Session ID: d4c1bae51c10938cb30df5fc80b0798f
	at org.openqa.selenium.remote.codec.w3c.W3CHttpResponseCodec.createException(W3CHttpResponseCodec.java:199)
	at org.openqa.selenium.remote.codec.w3c.W3CHttpResponseCodec.decode(W3CHttpResponseCodec.java:132)
	at org.openqa.selenium.remote.codec.w3c.W3CHttpResponseCodec.decode(W3CHttpResponseCodec.java:51)
	at org.openqa.selenium.remote.HttpCommandExecutor.execute(HttpCommandExecutor.java:191)
	at org.openqa.selenium.remote.service.DriverCommandExecutor.invokeExecute(DriverCommandExecutor.java:196)
	at org.openqa.selenium.remote.service.DriverCommandExecutor.execute(DriverCommandExecutor.java:171)
	at org.openqa.selenium.remote.RemoteWebDriver.execute(RemoteWebDriver.java:531)
	at org.openqa.selenium.remote.ElementLocation$ElementFinder$2.findElement(ElementLocation.java:165)
	at org.openqa.selenium.remote.ElementLocation.findElement(ElementLocation.java:59)
	at org.openqa.selenium.remote.RemoteWebDriver.findElement(RemoteWebDriver.java:350)
	at org.openqa.selenium.remote.RemoteWebDriver.findElement(RemoteWebDriver.java:344)
	at com.ugapp.base.Page.findElement(Page.java:152)
	at com.ugapp.pages.CreateAccountPage.validateAccount(CreateAccountPage.java:200)
	at com.ugapp.testcases.TC_04_CreateAccountTest.createAccountTest(TC_04_CreateAccountTest.java:51)
... Removed 26 stack frames</div></td></tr></table><p class="totop"><a href="#summary">back to summary</a></p><h3 id="m5">com.ugapp.testcases.TC_04_CreateAccountTest#createAccountTest</h3><table class="result"><tr class="param"><th>Parameter #1</th></tr><tr class="param stripe"><td>{password=TEST123123123, email=Testug@asu.edu, Runmode=Y, repassword=TEST123123123, reemail=Testug}</td></tr><tr><th>Messages</th></tr><tr><td><div class="messages">Click to see Screenshot<br/><a target="_blank" href=Thu_Sep_14_17_14_33_IST_2023.jpg>Screenshot</a><br/><br><br/><br><br/><a target="_blank" href=Thu_Sep_14_17_14_33_IST_2023.jpg><img src=Thu_Sep_14_17_14_33_IST_2023.jpg height=200 width=200></img></a></div></td></tr><tr><th>Exception</th></tr><tr><td><div class="stacktrace">org.openqa.selenium.NoSuchElementException: no such element: Unable to locate element: {&quot;method&quot;:&quot;xpath&quot;,&quot;selector&quot;:&quot;//li[contains(text(),&apos; The password must contain at least 1 lowercase letter.&apos; )]&quot;}
  (Session info: chrome=117.0.5938.62)
For documentation on this error, please visit: https://www.selenium.dev/documentation/webdriver/troubleshooting/errors#no-such-element-exception
Build info: version: &apos;4.10.0&apos;, revision: &apos;c14d967899&apos;
System info: os.name: &apos;Mac OS X&apos;, os.arch: &apos;x86_64&apos;, os.version: &apos;12.6.8&apos;, java.version: &apos;20.0.2&apos;
Driver info: org.openqa.selenium.chrome.ChromeDriver
Command: [d4c1bae51c10938cb30df5fc80b0798f, findElement {using=xpath, value=//li[contains(text(),&apos; The password must contain at least 1 lowercase letter.&apos; )]}]
Capabilities {acceptInsecureCerts: false, browserName: chrome, browserVersion: 117.0.5938.62, chrome: {chromedriverVersion: 117.0.5938.62 (25a7172909a4..., userDataDir: /var/folders/5m/4nc0x2kn289...}, fedcm:accounts: true, goog:chromeOptions: {debuggerAddress: localhost:64645}, networkConnectionEnabled: false, pageLoadStrategy: normal, platformName: mac, proxy: Proxy(), se:cdp: ws://localhost:64645/devtoo..., se:cdpVersion: 117.0.5938.62, setWindowRect: true, strictFileInteractability: false, timeouts: {implicit: 0, pageLoad: 300000, script: 30000}, unhandledPromptBehavior: dismiss and notify, webauthn:extension:credBlob: true, webauthn:extension:largeBlob: true, webauthn:extension:minPinLength: true, webauthn:extension:prf: true, webauthn:virtualAuthenticators: true}
Session ID: d4c1bae51c10938cb30df5fc80b0798f
	at org.openqa.selenium.remote.codec.w3c.W3CHttpResponseCodec.createException(W3CHttpResponseCodec.java:199)
	at org.openqa.selenium.remote.codec.w3c.W3CHttpResponseCodec.decode(W3CHttpResponseCodec.java:132)
	at org.openqa.selenium.remote.codec.w3c.W3CHttpResponseCodec.decode(W3CHttpResponseCodec.java:51)
	at org.openqa.selenium.remote.HttpCommandExecutor.execute(HttpCommandExecutor.java:191)
	at org.openqa.selenium.remote.service.DriverCommandExecutor.invokeExecute(DriverCommandExecutor.java:196)
	at org.openqa.selenium.remote.service.DriverCommandExecutor.execute(DriverCommandExecutor.java:171)
	at org.openqa.selenium.remote.RemoteWebDriver.execute(RemoteWebDriver.java:531)
	at org.openqa.selenium.remote.ElementLocation$ElementFinder$2.findElement(ElementLocation.java:165)
	at org.openqa.selenium.remote.ElementLocation.findElement(ElementLocation.java:59)
	at org.openqa.selenium.remote.RemoteWebDriver.findElement(RemoteWebDriver.java:350)
	at org.openqa.selenium.remote.RemoteWebDriver.findElement(RemoteWebDriver.java:344)
	at com.ugapp.base.Page.findElement(Page.java:152)
	at com.ugapp.pages.CreateAccountPage.validateAccount(CreateAccountPage.java:220)
	at com.ugapp.testcases.TC_04_CreateAccountTest.createAccountTest(TC_04_CreateAccountTest.java:51)
... Removed 26 stack frames</div></td></tr></table><p class="totop"><a href="#summary">back to summary</a></p><h3 id="m6">com.ugapp.testcases.TC_04_CreateAccountTest#createAccountTest</h3><table class="result"><tr class="param"><th>Parameter #1</th></tr><tr class="param stripe"><td>{password=Test123123123, email=Testug@asu.edu, Runmode=Y, repassword=Test123123123, reemail=Testug@asu.edu}</td></tr></table><p class="totop"><a href="#summary">back to summary</a></p><h3 id="m7">com.ugapp.testcases.TC_04_CreateAccountTest#verifyCreateAcc</h3><table class="result"></table><p class="totop"><a href="#summary">back to summary</a></p><h2>Email Verification Test</h2><h3 id="m8">com.ugapp.testcases.TC_05_VerifyEmailTest#verifyEmail</h3><table class="result"><tr><th>Messages</th></tr><tr><td><div class="messages">Click to see Screenshot<br/><a target="_blank" href=Thu_Sep_14_17_15_08_IST_2023.jpg>Screenshot</a><br/><br><br/><br><br/><a target="_blank" href=Thu_Sep_14_17_15_08_IST_2023.jpg><img src=Thu_Sep_14_17_15_08_IST_2023.jpg height=200 width=200></img></a></div></td></tr><tr><th>Exception</th></tr><tr><td><div class="stacktrace">org.openqa.selenium.NoSuchElementException: no such element: Unable to locate element: {&quot;method&quot;:&quot;xpath&quot;,&quot;selector&quot;:&quot;//h1[text()=&apos;Verify your email&apos;]/following-sibling::p/strong&quot;}
  (Session info: chrome=117.0.5938.62)
For documentation on this error, please visit: https://www.selenium.dev/documentation/webdriver/troubleshooting/errors#no-such-element-exception
Build info: version: &apos;4.10.0&apos;, revision: &apos;c14d967899&apos;
System info: os.name: &apos;Mac OS X&apos;, os.arch: &apos;x86_64&apos;, os.version: &apos;12.6.8&apos;, java.version: &apos;20.0.2&apos;
Driver info: org.openqa.selenium.chrome.ChromeDriver
Command: [d4c1bae51c10938cb30df5fc80b0798f, findElement {using=xpath, value=//h1[text()=&apos;Verify your email&apos;]/following-sibling::p/strong}]
Capabilities {acceptInsecureCerts: false, browserName: chrome, browserVersion: 117.0.5938.62, chrome: {chromedriverVersion: 117.0.5938.62 (25a7172909a4..., userDataDir: /var/folders/5m/4nc0x2kn289...}, fedcm:accounts: true, goog:chromeOptions: {debuggerAddress: localhost:64645}, networkConnectionEnabled: false, pageLoadStrategy: normal, platformName: mac, proxy: Proxy(), se:cdp: ws://localhost:64645/devtoo..., se:cdpVersion: 117.0.5938.62, setWindowRect: true, strictFileInteractability: false, timeouts: {implicit: 0, pageLoad: 300000, script: 30000}, unhandledPromptBehavior: dismiss and notify, webauthn:extension:credBlob: true, webauthn:extension:largeBlob: true, webauthn:extension:minPinLength: true, webauthn:extension:prf: true, webauthn:virtualAuthenticators: true}
Session ID: d4c1bae51c10938cb30df5fc80b0798f
	at org.openqa.selenium.remote.codec.w3c.W3CHttpResponseCodec.createException(W3CHttpResponseCodec.java:199)
	at org.openqa.selenium.remote.codec.w3c.W3CHttpResponseCodec.decode(W3CHttpResponseCodec.java:132)
	at org.openqa.selenium.remote.codec.w3c.W3CHttpResponseCodec.decode(W3CHttpResponseCodec.java:51)
	at org.openqa.selenium.remote.HttpCommandExecutor.execute(HttpCommandExecutor.java:191)
	at org.openqa.selenium.remote.service.DriverCommandExecutor.invokeExecute(DriverCommandExecutor.java:196)
	at org.openqa.selenium.remote.service.DriverCommandExecutor.execute(DriverCommandExecutor.java:171)
	at org.openqa.selenium.remote.RemoteWebDriver.execute(RemoteWebDriver.java:531)
	at org.openqa.selenium.remote.ElementLocation$ElementFinder$2.findElement(ElementLocation.java:165)
	at org.openqa.selenium.remote.ElementLocation.findElement(ElementLocation.java:59)
	at org.openqa.selenium.remote.RemoteWebDriver.findElement(RemoteWebDriver.java:350)
	at org.openqa.selenium.remote.RemoteWebDriver.findElement(RemoteWebDriver.java:344)
	at com.ugapp.base.Page.findElement(Page.java:152)
	at com.ugapp.pages.VerifyEmailPage.verifyEmail(VerifyEmailPage.java:18)
	at com.ugapp.testcases.TC_05_VerifyEmailTest.verifyEmail(TC_05_VerifyEmailTest.java:18)
... Removed 26 stack frames</div></td></tr></table><p class="totop"><a href="#summary">back to summary</a></p></body></html>