<?xml version="1.0" encoding="UTF-8"?>
<testsuite name="TC_09_MyInformationPageTest"
           tests="19"
           failures="1"
           errors="0"
           skipped="0"
           time="140.159">
  <properties />
            <testcase name="EthnicityBackgroundTest" time="17.633" classname="com.ugapp.testcases.TC_09_MyInformationPageTest">
                <failure type="org.openqa.selenium.JavascriptException"
                  message="javascript error: Cannot read properties of null (reading &apos;scrollIntoView&apos;)
  (Session info: chrome=128.0.6613.138)
Build info: version: &apos;4.24.0&apos;, revision: &apos;748ffc9bc3&apos;
System info: os.name: &apos;Mac OS X&apos;, os.arch: &apos;x86_64&apos;, os.version: &apos;12.7.6&apos;, java.version: &apos;17.0.8.1&apos;
Driver info: org.openqa.selenium.chrome.ChromeDriver
Command: [7f358db14823216df6ae244a5e54e610, executeScript {args=[null], script=arguments[0].scrollIntoView({block: &apos;center&apos;});}]
Capabilities {acceptInsecureCerts: false, browserName: chrome, browserVersion: 128.0.6613.138, chrome: {chromedriverVersion: 128.0.6613.137 (fe621c5aa2d...}, fedcm:accounts: true, goog:chromeOptions: {debuggerAddress: localhost:53875}, pageLoadStrategy: normal, platformName: any, proxy: Proxy(), se:cdp: ws://localhost:53875/devtoo..., se:cdpVersion: 128.0.6613.138, setWindowRect: false, strictFileInteractability: false, timeouts: {implicit: 0, pageLoad: 300000, script: 30000}, unhandledPromptBehavior: dismiss and notify, webauthn:extension:credBlob: true, webauthn:extension:largeBlob: true, webauthn:extension:minPinLength: true, webauthn:extension:prf: true, webauthn:virtualAuthenticators: true}
Session ID: 7f358db14823216df6ae244a5e54e610"
              >
<![CDATA[org.openqa.selenium.JavascriptException: javascript error: Cannot read properties of null (reading 'scrollIntoView')
  (Session info: chrome=128.0.6613.138)
Build info: version: '4.24.0', revision: '748ffc9bc3'
System info: os.name: 'Mac OS X', os.arch: 'x86_64', os.version: '12.7.6', java.version: '17.0.8.1'
Driver info: org.openqa.selenium.chrome.ChromeDriver
Command: [7f358db14823216df6ae244a5e54e610, executeScript {args=[null], script=arguments[0].scrollIntoView({block: 'center'});}]
Capabilities {acceptInsecureCerts: false, browserName: chrome, browserVersion: 128.0.6613.138, chrome: {chromedriverVersion: 128.0.6613.137 (fe621c5aa2d...}, fedcm:accounts: true, goog:chromeOptions: {debuggerAddress: localhost:53875}, pageLoadStrategy: normal, platformName: any, proxy: Proxy(), se:cdp: ws://localhost:53875/devtoo..., se:cdpVersion: 128.0.6613.138, setWindowRect: false, strictFileInteractability: false, timeouts: {implicit: 0, pageLoad: 300000, script: 30000}, unhandledPromptBehavior: dismiss and notify, webauthn:extension:credBlob: true, webauthn:extension:largeBlob: true, webauthn:extension:minPinLength: true, webauthn:extension:prf: true, webauthn:virtualAuthenticators: true}
Session ID: 7f358db14823216df6ae244a5e54e610
  java.base/jdk.internal.reflect.NativeConstructorAccessorImpl.newInstance0(Native Method)
  java.base/jdk.internal.reflect.NativeConstructorAccessorImpl.newInstance(NativeConstructorAccessorImpl.java:77)
  java.base/jdk.internal.reflect.DelegatingConstructorAccessorImpl.newInstance(DelegatingConstructorAccessorImpl.java:45)
  java.base/java.lang.reflect.Constructor.newInstanceWithCaller(Constructor.java:499)
  java.base/java.lang.reflect.Constructor.newInstance(Constructor.java:480)
  org.openqa.selenium.remote.ErrorCodec.decode(ErrorCodec.java:167)
  org.openqa.selenium.remote.codec.w3c.W3CHttpResponseCodec.decode(W3CHttpResponseCodec.java:138)
  org.openqa.selenium.remote.codec.w3c.W3CHttpResponseCodec.decode(W3CHttpResponseCodec.java:50)
  org.openqa.selenium.remote.HttpCommandExecutor.execute(HttpCommandExecutor.java:190)
  org.openqa.selenium.remote.service.DriverCommandExecutor.invokeExecute(DriverCommandExecutor.java:216)
  org.openqa.selenium.remote.service.DriverCommandExecutor.execute(DriverCommandExecutor.java:174)
  org.openqa.selenium.remote.RemoteWebDriver.execute(RemoteWebDriver.java:545)
  org.openqa.selenium.remote.RemoteWebDriver.executeScript(RemoteWebDriver.java:476)
  com.ugapp.pages.MyInformationPage.EthnicRacialbackground(MyInformationPage.java:1069)
  com.ugapp.testcases.TC_09_MyInformationPageTest.EthnicityBackgroundTest(TC_09_MyInformationPageTest.java:145)
  java.base/jdk.internal.reflect.NativeMethodAccessorImpl.invoke0(Native Method)
  java.base/jdk.internal.reflect.NativeMethodAccessorImpl.invoke(NativeMethodAccessorImpl.java:77)
  java.base/jdk.internal.reflect.DelegatingMethodAccessorImpl.invoke(DelegatingMethodAccessorImpl.java:43)
  java.base/java.lang.reflect.Method.invoke(Method.java:568)
  org.testng.internal.invokers.MethodInvocationHelper.invokeMethod(MethodInvocationHelper.java:139)
  org.testng.internal.invokers.TestInvoker.invokeMethod(TestInvoker.java:664)
  org.testng.internal.invokers.TestInvoker.invokeTestMethod(TestInvoker.java:227)
  org.testng.internal.invokers.MethodRunner.runInSequence(MethodRunner.java:50)
  org.testng.internal.invokers.TestInvoker$MethodInvocationAgent.invoke(TestInvoker.java:957)
  org.testng.internal.invokers.TestInvoker.invokeTestMethods(TestInvoker.java:200)
  org.testng.internal.invokers.TestMethodWorker.invokeTestMethods(TestMethodWorker.java:148)
  org.testng.internal.invokers.TestMethodWorker.run(TestMethodWorker.java:128)
  java.base/java.util.ArrayList.forEach(ArrayList.java:1511)
  org.testng.TestRunner.privateRun(TestRunner.java:848)
  org.testng.TestRunner.run(TestRunner.java:621)
  org.testng.SuiteRunner.runTest(SuiteRunner.java:443)
  org.testng.SuiteRunner.runSequentially(SuiteRunner.java:437)
  org.testng.SuiteRunner.privateRun(SuiteRunner.java:397)
  org.testng.SuiteRunner.run(SuiteRunner.java:336)
  org.testng.SuiteRunnerWorker.runSuite(SuiteRunnerWorker.java:52)
  org.testng.SuiteRunnerWorker.run(SuiteRunnerWorker.java:95)
  org.testng.TestNG.runSuitesSequentially(TestNG.java:1280)
  org.testng.TestNG.runSuitesLocally(TestNG.java:1200)
  org.testng.TestNG.runSuites(TestNG.java:1114)
  org.testng.TestNG.run(TestNG.java:1082)
  org.testng.remote.AbstractRemoteTestNG.run(AbstractRemoteTestNG.java:115)
  org.testng.remote.RemoteTestNG.initAndRun(RemoteTestNG.java:251)
  org.testng.remote.RemoteTestNG.main(RemoteTestNG.java:77)
]]>
      </failure>

          </testcase>
  
  
            <testcase name="ValidateParentNames" time="3.994" classname="com.ugapp.testcases.TC_09_MyInformationPageTest" />
                <testcase name="HomeAddressTest" time="15.693" classname="com.ugapp.testcases.TC_09_MyInformationPageTest" />
                <testcase name="HomeAddress" time="6.820" classname="com.ugapp.testcases.TC_09_MyInformationPageTest" />
                <testcase name="ParentNameTest" time="9.325" classname="com.ugapp.testcases.TC_09_MyInformationPageTest" />
                <testcase name="US_CitizenshipTest" time="6.239" classname="com.ugapp.testcases.TC_09_MyInformationPageTest" />
                <testcase name="ParentNameTest" time="3.145" classname="com.ugapp.testcases.TC_09_MyInformationPageTest" />
                <testcase name="SavePageTest" time="5.153" classname="com.ugapp.testcases.TC_09_MyInformationPageTest" />
                <testcase name="FloatingNeedHelp" time="5.232" classname="com.ugapp.testcases.TC_09_MyInformationPageTest" />
                <testcase name="Partner_benefitsTest" time="3.984" classname="com.ugapp.testcases.TC_09_MyInformationPageTest" />
                <testcase name="ParentNameTest" time="2.547" classname="com.ugapp.testcases.TC_09_MyInformationPageTest" />
                <testcase name="ParentNameTest" time="9.794" classname="com.ugapp.testcases.TC_09_MyInformationPageTest" />
                <testcase name="chooseLegalsexTest" time="11.140" classname="com.ugapp.testcases.TC_09_MyInformationPageTest" />
                <testcase name="validateMyInfoPage" time="3.637" classname="com.ugapp.testcases.TC_09_MyInformationPageTest" />
                <testcase name="ParentNameTest" time="2.600" classname="com.ugapp.testcases.TC_09_MyInformationPageTest" />
                <testcase name="Abor_Previous_ASU_affiliationTest" time="2.346" classname="com.ugapp.testcases.TC_09_MyInformationPageTest" />
                <testcase name="PrimaryLangTest" time="6.896" classname="com.ugapp.testcases.TC_09_MyInformationPageTest" />
                <testcase name="HomeAddressTest" time="16.816" classname="com.ugapp.testcases.TC_09_MyInformationPageTest" />
                <testcase name="SpouseOrDependent_MilitaryTest" time="7.165" classname="com.ugapp.testcases.TC_09_MyInformationPageTest" />
      
</testsuite>
