<html>
<head>
<title>TestNG:  My Information page Test</title>
<link href="../testng.css" rel="stylesheet" type="text/css" />
<link href="../my-testng.css" rel="stylesheet" type="text/css" />

<style type="text/css">
.log { display: none;} 
.stack-trace { display: none;} 
</style>
<script type="text/javascript">
<!--
function flip(e) {
  current = e.style.display;
  if (current == 'block') {
    e.style.display = 'none';
    return 0;
  }
  else {
    e.style.display = 'block';
    return 1;
  }
}

function toggleBox(szDivId, elem, msg1, msg2)
{
  var res = -1;  if (document.getElementById) {
    res = flip(document.getElementById(szDivId));
  }
  else if (document.all) {
    // this is the way old msie versions work
    res = flip(document.all[szDivId]);
  }
  if(elem) {
    if(res == 0) elem.innerHTML = msg1; else elem.innerHTML = msg2;
  }

}

function toggleAllBoxes() {
  if (document.getElementsByTagName) {
    d = document.getElementsByTagName('div');
    for (i = 0; i < d.length; i++) {
      if (d[i].className == 'log') {
        flip(d[i]);
      }
    }
  }
}

// -->
</script>

</head>
<body>
<h2 align='center'>My Information page Test</h2><table border='1' align="center">
<tr>
<td>Tests passed/Failed/Skipped:</td><td>38/3/0</td>
</tr><tr>
<td>Started on:</td><td>Mon Dec 11 15:18:15 IST 2023</td>
</tr>
<tr><td>Total time:</td><td>306 seconds (306407 ms)</td>
</tr><tr>
<td>Included groups:</td><td></td>
</tr><tr>
<td>Excluded groups:</td><td></td>
</tr>
</table><p/>
<small><i>(Hover the method name to see the test class name)</i></small><p/>
<table width='100%' border='1' class='invocation-failed'>
<tr><td colspan='4' align='center'><b>FAILED TESTS</b></td></tr>
<tr><td><b>Test method</b></td>
<td width="30%"><b>Exception</b></td>
<td width="10%"><b>Time (seconds)</b></td>
<td><b>Instance</b></td>
</tr>
<tr>
<td title='com.ugapp.testcases.TC_09_MyInformationPageTest.EthnicityBackgroundTest()'><b>EthnicityBackgroundTest</b><br>Test class: com.ugapp.testcases.TC_09_MyInformationPageTest<br>Parameters: 0, 1<br/>
<a href="#Output-1509072181" onClick='toggleBox("Output-1509072181", this, "Show output", "Hide output");'>Show output</a>

<a href="#Output-1509072181" onClick="toggleAllBoxes();">Show all outputs</a>
<div class='log' id="Output-1509072181">
Click to see Screenshot<br/>
<a target="_blank" href=Mon_Dec_11_15_22_16_IST_2023.jpg>Screenshot</a><br/>
<br><br/>
<br><br/>
<a target="_blank" href=Mon_Dec_11_15_22_16_IST_2023.jpg><img src=Mon_Dec_11_15_22_16_IST_2023.jpg height=200 width=200></img></a><br/>
</div>
</td>
<td><div><pre>org.openqa.selenium.NoSuchElementException: Unable to locate element: //div[@id=&apos;applicants_race&apos;]//span
For documentation on this error, please visit: https://www.selenium.dev/documentation/webdriver/troubleshooting/errors#no-such-element-exception
Build info: version: &apos;4.10.0&apos;, revision: &apos;c14d967899&apos;
System info: os.name: &apos;Mac OS X&apos;, os.arch: &apos;x86_64&apos;, os.version: &apos;12.7.1&apos;, java.version: &apos;20.0.2&apos;
Driver info: org.openqa.selenium.firefox.FirefoxDriver
Command: [7ce44725-597f-4cd3-a033-4379819acc74, findElement {using=xpath, value=//div[@id=&apos;applicants_race&apos;]//span}]
Capabilities {acceptInsecureCerts: true, browserName: firefox, browserVersion: 120.0.1, moz:accessibilityChecks: false, moz:buildID: 20231129155202, moz:debuggerAddress: 127.0.0.1:27746, moz:geckodriverVersion: 0.33.0, moz:headless: false, moz:platformVersion: 21.6.0, moz:processID: 5790, moz:profile: /var/folders/5m/4nc0x2kn289..., moz:shutdownTimeout: 60000, moz:webdriverClick: true, moz:windowless: false, pageLoadStrategy: normal, platformName: mac, proxy: Proxy(), se:cdp: ws://127.0.0.1:27746/devtoo..., se:cdpVersion: 85.0, setWindowRect: true, strictFileInteractability: false, timeouts: {implicit: 0, pageLoad: 300000, script: 30000}, unhandledPromptBehavior: dismiss and notify}
Session ID: 7ce44725-597f-4cd3-a033-4379819acc74
	at org.openqa.selenium.remote.codec.w3c.W3CHttpResponseCodec.createException(W3CHttpResponseCodec.java:199)
	at org.openqa.selenium.remote.codec.w3c.W3CHttpResponseCodec.decode(W3CHttpResponseCodec.java:132)
	at org.openqa.selenium.remote.codec.w3c.W3CHttpResponseCodec.decode(W3CHttpResponseCodec.java:51)
	at org.openqa.selenium.remote.HttpCommandExecutor.execute(HttpCommandExecutor.java:191)
	at org.openqa.selenium.remote.service.DriverCommandExecutor.invokeExecute(DriverCommandExecutor.java:196)
	at org.openqa.selenium.remote.service.DriverCommandExecutor.execute(DriverCommandExecutor.java:171)
	at org.openqa.selenium.remote.RemoteWebDriver.execute(RemoteWebDriver.java:531)
	at org.openqa.selenium.remote.ElementLocation$ElementFinder$2.findElement(ElementLocation.java:165)
	at org.openqa.selenium.remote.ElementLocation.findElement(ElementLocation.java:59)
	at org.openqa.selenium.remote.RemoteWebDriver.findElement(RemoteWebDriver.java:350)
	at org.openqa.selenium.remote.RemoteWebDriver.findElement(RemoteWebDriver.java:344)
	at com.ugapp.pages.MyInformationPage.EthnicRacialbackground(MyInformationPage.java:971)
	at com.ugapp.testcases.TC_09_MyInformationPageTest.EthnicityBackgroundTest(TC_09_MyInformationPageTest.java:139)
	at java.base/java.util.concurrent.FutureTask.run(FutureTask.java:317)
	at java.base/java.util.concurrent.ThreadPoolExecutor.runWorker(ThreadPoolExecutor.java:1144)
	at java.base/java.util.concurrent.ThreadPoolExecutor$Worker.run(ThreadPoolExecutor.java:642)
	at java.base/java.lang.Thread.run(Thread.java:1623)
... Removed 17 stack frames</pre></div><a href='#' onClick='toggleBox("stack-trace1509072181", this, "Click to show all stack frames", "Click to hide stack frames")'>Click to show all stack frames</a>
<div class='stack-trace' id='stack-trace1509072181'><pre>org.openqa.selenium.NoSuchElementException: Unable to locate element: //div[@id=&apos;applicants_race&apos;]//span
For documentation on this error, please visit: https://www.selenium.dev/documentation/webdriver/troubleshooting/errors#no-such-element-exception
Build info: version: &apos;4.10.0&apos;, revision: &apos;c14d967899&apos;
System info: os.name: &apos;Mac OS X&apos;, os.arch: &apos;x86_64&apos;, os.version: &apos;12.7.1&apos;, java.version: &apos;20.0.2&apos;
Driver info: org.openqa.selenium.firefox.FirefoxDriver
Command: [7ce44725-597f-4cd3-a033-4379819acc74, findElement {using=xpath, value=//div[@id=&apos;applicants_race&apos;]//span}]
Capabilities {acceptInsecureCerts: true, browserName: firefox, browserVersion: 120.0.1, moz:accessibilityChecks: false, moz:buildID: 20231129155202, moz:debuggerAddress: 127.0.0.1:27746, moz:geckodriverVersion: 0.33.0, moz:headless: false, moz:platformVersion: 21.6.0, moz:processID: 5790, moz:profile: /var/folders/5m/4nc0x2kn289..., moz:shutdownTimeout: 60000, moz:webdriverClick: true, moz:windowless: false, pageLoadStrategy: normal, platformName: mac, proxy: Proxy(), se:cdp: ws://127.0.0.1:27746/devtoo..., se:cdpVersion: 85.0, setWindowRect: true, strictFileInteractability: false, timeouts: {implicit: 0, pageLoad: 300000, script: 30000}, unhandledPromptBehavior: dismiss and notify}
Session ID: 7ce44725-597f-4cd3-a033-4379819acc74
	at java.base/jdk.internal.reflect.DirectConstructorHandleAccessor.newInstance(DirectConstructorHandleAccessor.java:67)
	at java.base/java.lang.reflect.Constructor.newInstanceWithCaller(Constructor.java:500)
	at java.base/java.lang.reflect.Constructor.newInstance(Constructor.java:484)
	at org.openqa.selenium.remote.codec.w3c.W3CHttpResponseCodec.createException(W3CHttpResponseCodec.java:199)
	at org.openqa.selenium.remote.codec.w3c.W3CHttpResponseCodec.decode(W3CHttpResponseCodec.java:132)
	at org.openqa.selenium.remote.codec.w3c.W3CHttpResponseCodec.decode(W3CHttpResponseCodec.java:51)
	at org.openqa.selenium.remote.HttpCommandExecutor.execute(HttpCommandExecutor.java:191)
	at org.openqa.selenium.remote.service.DriverCommandExecutor.invokeExecute(DriverCommandExecutor.java:196)
	at org.openqa.selenium.remote.service.DriverCommandExecutor.execute(DriverCommandExecutor.java:171)
	at org.openqa.selenium.remote.RemoteWebDriver.execute(RemoteWebDriver.java:531)
	at org.openqa.selenium.remote.ElementLocation$ElementFinder$2.findElement(ElementLocation.java:165)
	at org.openqa.selenium.remote.ElementLocation.findElement(ElementLocation.java:59)
	at org.openqa.selenium.remote.RemoteWebDriver.findElement(RemoteWebDriver.java:350)
	at org.openqa.selenium.remote.RemoteWebDriver.findElement(RemoteWebDriver.java:344)
	at com.ugapp.pages.MyInformationPage.EthnicRacialbackground(MyInformationPage.java:971)
	at com.ugapp.testcases.TC_09_MyInformationPageTest.EthnicityBackgroundTest(TC_09_MyInformationPageTest.java:139)
	at java.base/jdk.internal.reflect.DirectMethodHandleAccessor.invoke(DirectMethodHandleAccessor.java:104)
	at java.base/java.lang.reflect.Method.invoke(Method.java:578)
	at org.testng.internal.MethodInvocationHelper.invokeMethod(MethodInvocationHelper.java:108)
	at org.testng.internal.Invoker.invokeMethod(Invoker.java:661)
	at org.testng.internal.Invoker.invokeTestMethod(Invoker.java:869)
	at org.testng.internal.Invoker.invokeTestMethods(Invoker.java:1193)
	at org.testng.internal.TestMethodWorker.invokeTestMethods(TestMethodWorker.java:126)
	at org.testng.internal.TestMethodWorker.run(TestMethodWorker.java:109)
	at org.testng.TestRunner.privateRun(TestRunner.java:744)
	at org.testng.TestRunner.run(TestRunner.java:602)
	at org.testng.SuiteRunner.runTest(SuiteRunner.java:380)
	at org.testng.SuiteRunner.access$000(SuiteRunner.java:39)
	at org.testng.SuiteRunner$SuiteWorker.run(SuiteRunner.java:414)
	at org.testng.internal.thread.ThreadUtil$1.call(ThreadUtil.java:52)
	at java.base/java.util.concurrent.FutureTask.run(FutureTask.java:317)
	at java.base/java.util.concurrent.ThreadPoolExecutor.runWorker(ThreadPoolExecutor.java:1144)
	at java.base/java.util.concurrent.ThreadPoolExecutor$Worker.run(ThreadPoolExecutor.java:642)
	at java.base/java.lang.Thread.run(Thread.java:1623)
</pre></div></td>
<td>7</td>
<td>com.ugapp.testcases.TC_09_MyInformationPageTest@67427b69</td></tr>
<tr>
<td title='com.ugapp.testcases.TC_09_MyInformationPageTest.HomeAddressTest()'><b>HomeAddressTest</b><br>Test class: com.ugapp.testcases.TC_09_MyInformationPageTest<br>Parameters: {Zip=1111111111111111, Phone_Number=@, State=TestTestTestTestTestTestTestTest, AddressLine2=TestTestTestTestTestTestTestTestTestTestTest, Runmode=Y, AddressLine1=TestTestTestTestTestTestTestTestTestTestTest, City=TestTestTestTestTestTestTestTest, Mobile_Number=abc}<br/>
<a href="#Output-1302880252" onClick='toggleBox("Output-1302880252", this, "Show output", "Hide output");'>Show output</a>

<a href="#Output-1302880252" onClick="toggleAllBoxes();">Show all outputs</a>
<div class='log' id="Output-1302880252">
Click to see Screenshot<br/>
<a target="_blank" href=Mon_Dec_11_15_22_04_IST_2023.jpg>Screenshot</a><br/>
<br><br/>
<br><br/>
<a target="_blank" href=Mon_Dec_11_15_22_04_IST_2023.jpg><img src=Mon_Dec_11_15_22_04_IST_2023.jpg height=200 width=200></img></a><br/>
</div>
</td>
<td><div><pre>org.openqa.selenium.ElementClickInterceptedException: Element &lt;div id=&quot;address_state&quot; class=&quot;&quot;&gt; is not clickable at point (1254,1078) because another element &lt;div class=&quot;d-flex pt-space-sm pb-space-md py-lg-space-md justify-content-between align-items-center&quot;&gt; obscures it
Build info: version: &apos;4.10.0&apos;, revision: &apos;c14d967899&apos;
System info: os.name: &apos;Mac OS X&apos;, os.arch: &apos;x86_64&apos;, os.version: &apos;12.7.1&apos;, java.version: &apos;20.0.2&apos;
Driver info: org.openqa.selenium.firefox.FirefoxDriver
Command: [7ce44725-597f-4cd3-a033-4379819acc74, clickElement {id=69bf02b0-56e1-4d16-a86f-75b2c3999d09}]
Capabilities {acceptInsecureCerts: true, browserName: firefox, browserVersion: 120.0.1, moz:accessibilityChecks: false, moz:buildID: 20231129155202, moz:debuggerAddress: 127.0.0.1:27746, moz:geckodriverVersion: 0.33.0, moz:headless: false, moz:platformVersion: 21.6.0, moz:processID: 5790, moz:profile: /var/folders/5m/4nc0x2kn289..., moz:shutdownTimeout: 60000, moz:webdriverClick: true, moz:windowless: false, pageLoadStrategy: normal, platformName: mac, proxy: Proxy(), se:cdp: ws://127.0.0.1:27746/devtoo..., se:cdpVersion: 85.0, setWindowRect: true, strictFileInteractability: false, timeouts: {implicit: 0, pageLoad: 300000, script: 30000}, unhandledPromptBehavior: dismiss and notify}
Element: [[FirefoxDriver: firefox on mac (7ce44725-597f-4cd3-a033-4379819acc74)] -&gt; xpath: //div[@id=&apos;address_state&apos;]]
Session ID: 7ce44725-597f-4cd3-a033-4379819acc74
	at org.openqa.selenium.remote.codec.w3c.W3CHttpResponseCodec.createException(W3CHttpResponseCodec.java:199)
	at org.openqa.selenium.remote.codec.w3c.W3CHttpResponseCodec.decode(W3CHttpResponseCodec.java:132)
	at org.openqa.selenium.remote.codec.w3c.W3CHttpResponseCodec.decode(W3CHttpResponseCodec.java:51)
	at org.openqa.selenium.remote.HttpCommandExecutor.execute(HttpCommandExecutor.java:191)
	at org.openqa.selenium.remote.service.DriverCommandExecutor.invokeExecute(DriverCommandExecutor.java:196)
	at org.openqa.selenium.remote.service.DriverCommandExecutor.execute(DriverCommandExecutor.java:171)
	at org.openqa.selenium.remote.RemoteWebDriver.execute(RemoteWebDriver.java:531)
	at org.openqa.selenium.remote.RemoteWebElement.execute(RemoteWebElement.java:242)
	at org.openqa.selenium.remote.RemoteWebElement.click(RemoteWebElement.java:77)
	at com.ugapp.base.Page.click(Page.java:143)
	at com.ugapp.pages.MyInformationPage.address(MyInformationPage.java:651)
	at com.ugapp.testcases.TC_09_MyInformationPageTest.HomeAddressTest(TC_09_MyInformationPageTest.java:126)
	at java.base/java.util.concurrent.FutureTask.run(FutureTask.java:317)
	at java.base/java.util.concurrent.ThreadPoolExecutor.runWorker(ThreadPoolExecutor.java:1144)
	at java.base/java.util.concurrent.ThreadPoolExecutor$Worker.run(ThreadPoolExecutor.java:642)
	at java.base/java.lang.Thread.run(Thread.java:1623)
... Removed 17 stack frames</pre></div><a href='#' onClick='toggleBox("stack-trace1302880252", this, "Click to show all stack frames", "Click to hide stack frames")'>Click to show all stack frames</a>
<div class='stack-trace' id='stack-trace1302880252'><pre>org.openqa.selenium.ElementClickInterceptedException: Element &lt;div id=&quot;address_state&quot; class=&quot;&quot;&gt; is not clickable at point (1254,1078) because another element &lt;div class=&quot;d-flex pt-space-sm pb-space-md py-lg-space-md justify-content-between align-items-center&quot;&gt; obscures it
Build info: version: &apos;4.10.0&apos;, revision: &apos;c14d967899&apos;
System info: os.name: &apos;Mac OS X&apos;, os.arch: &apos;x86_64&apos;, os.version: &apos;12.7.1&apos;, java.version: &apos;20.0.2&apos;
Driver info: org.openqa.selenium.firefox.FirefoxDriver
Command: [7ce44725-597f-4cd3-a033-4379819acc74, clickElement {id=69bf02b0-56e1-4d16-a86f-75b2c3999d09}]
Capabilities {acceptInsecureCerts: true, browserName: firefox, browserVersion: 120.0.1, moz:accessibilityChecks: false, moz:buildID: 20231129155202, moz:debuggerAddress: 127.0.0.1:27746, moz:geckodriverVersion: 0.33.0, moz:headless: false, moz:platformVersion: 21.6.0, moz:processID: 5790, moz:profile: /var/folders/5m/4nc0x2kn289..., moz:shutdownTimeout: 60000, moz:webdriverClick: true, moz:windowless: false, pageLoadStrategy: normal, platformName: mac, proxy: Proxy(), se:cdp: ws://127.0.0.1:27746/devtoo..., se:cdpVersion: 85.0, setWindowRect: true, strictFileInteractability: false, timeouts: {implicit: 0, pageLoad: 300000, script: 30000}, unhandledPromptBehavior: dismiss and notify}
Element: [[FirefoxDriver: firefox on mac (7ce44725-597f-4cd3-a033-4379819acc74)] -&gt; xpath: //div[@id=&apos;address_state&apos;]]
Session ID: 7ce44725-597f-4cd3-a033-4379819acc74
	at java.base/jdk.internal.reflect.DirectConstructorHandleAccessor.newInstance(DirectConstructorHandleAccessor.java:67)
	at java.base/java.lang.reflect.Constructor.newInstanceWithCaller(Constructor.java:500)
	at java.base/java.lang.reflect.Constructor.newInstance(Constructor.java:484)
	at org.openqa.selenium.remote.codec.w3c.W3CHttpResponseCodec.createException(W3CHttpResponseCodec.java:199)
	at org.openqa.selenium.remote.codec.w3c.W3CHttpResponseCodec.decode(W3CHttpResponseCodec.java:132)
	at org.openqa.selenium.remote.codec.w3c.W3CHttpResponseCodec.decode(W3CHttpResponseCodec.java:51)
	at org.openqa.selenium.remote.HttpCommandExecutor.execute(HttpCommandExecutor.java:191)
	at org.openqa.selenium.remote.service.DriverCommandExecutor.invokeExecute(DriverCommandExecutor.java:196)
	at org.openqa.selenium.remote.service.DriverCommandExecutor.execute(DriverCommandExecutor.java:171)
	at org.openqa.selenium.remote.RemoteWebDriver.execute(RemoteWebDriver.java:531)
	at org.openqa.selenium.remote.RemoteWebElement.execute(RemoteWebElement.java:242)
	at org.openqa.selenium.remote.RemoteWebElement.click(RemoteWebElement.java:77)
	at com.ugapp.base.Page.click(Page.java:143)
	at com.ugapp.pages.MyInformationPage.address(MyInformationPage.java:651)
	at com.ugapp.testcases.TC_09_MyInformationPageTest.HomeAddressTest(TC_09_MyInformationPageTest.java:126)
	at java.base/jdk.internal.reflect.DirectMethodHandleAccessor.invoke(DirectMethodHandleAccessor.java:104)
	at java.base/java.lang.reflect.Method.invoke(Method.java:578)
	at org.testng.internal.MethodInvocationHelper.invokeMethod(MethodInvocationHelper.java:108)
	at org.testng.internal.Invoker.invokeMethod(Invoker.java:661)
	at org.testng.internal.Invoker.invokeTestMethod(Invoker.java:869)
	at org.testng.internal.Invoker.invokeTestMethods(Invoker.java:1193)
	at org.testng.internal.TestMethodWorker.invokeTestMethods(TestMethodWorker.java:126)
	at org.testng.internal.TestMethodWorker.run(TestMethodWorker.java:109)
	at org.testng.TestRunner.privateRun(TestRunner.java:744)
	at org.testng.TestRunner.run(TestRunner.java:602)
	at org.testng.SuiteRunner.runTest(SuiteRunner.java:380)
	at org.testng.SuiteRunner.access$000(SuiteRunner.java:39)
	at org.testng.SuiteRunner$SuiteWorker.run(SuiteRunner.java:414)
	at org.testng.internal.thread.ThreadUtil$1.call(ThreadUtil.java:52)
	at java.base/java.util.concurrent.FutureTask.run(FutureTask.java:317)
	at java.base/java.util.concurrent.ThreadPoolExecutor.runWorker(ThreadPoolExecutor.java:1144)
	at java.base/java.util.concurrent.ThreadPoolExecutor$Worker.run(ThreadPoolExecutor.java:642)
	at java.base/java.lang.Thread.run(Thread.java:1623)
</pre></div></td>
<td>4</td>
<td>com.ugapp.testcases.TC_09_MyInformationPageTest@67427b69</td></tr>
<tr>
<td title='com.ugapp.testcases.TC_09_MyInformationPageTest.HomeAddressTest()'><b>HomeAddressTest</b><br>Test class: com.ugapp.testcases.TC_09_MyInformationPageTest<br>Parameters: {Zip=12345-678910, Phone_Number=6363052399, State=Test State, AddressLine2=Test Address line2, Runmode=Y, AddressLine1=Test Address line1, City=Test City, Mobile_Number=8150052399}<br/>
<a href="#Output-1918655776" onClick='toggleBox("Output-1918655776", this, "Show output", "Hide output");'>Show output</a>

<a href="#Output-1918655776" onClick="toggleAllBoxes();">Show all outputs</a>
<div class='log' id="Output-1918655776">
Click to see Screenshot<br/>
<a target="_blank" href=Mon_Dec_11_15_22_08_IST_2023.jpg>Screenshot</a><br/>
<br><br/>
<br><br/>
<a target="_blank" href=Mon_Dec_11_15_22_08_IST_2023.jpg><img src=Mon_Dec_11_15_22_08_IST_2023.jpg height=200 width=200></img></a><br/>
</div>
</td>
<td><div><pre>org.openqa.selenium.ElementClickInterceptedException: Element &lt;div id=&quot;address_state&quot; class=&quot;&quot;&gt; is not clickable at point (1254,1078) because another element &lt;div class=&quot;d-flex pt-space-sm pb-space-md py-lg-space-md justify-content-between align-items-center&quot;&gt; obscures it
Build info: version: &apos;4.10.0&apos;, revision: &apos;c14d967899&apos;
System info: os.name: &apos;Mac OS X&apos;, os.arch: &apos;x86_64&apos;, os.version: &apos;12.7.1&apos;, java.version: &apos;20.0.2&apos;
Driver info: org.openqa.selenium.firefox.FirefoxDriver
Command: [7ce44725-597f-4cd3-a033-4379819acc74, clickElement {id=69bf02b0-56e1-4d16-a86f-75b2c3999d09}]
Capabilities {acceptInsecureCerts: true, browserName: firefox, browserVersion: 120.0.1, moz:accessibilityChecks: false, moz:buildID: 20231129155202, moz:debuggerAddress: 127.0.0.1:27746, moz:geckodriverVersion: 0.33.0, moz:headless: false, moz:platformVersion: 21.6.0, moz:processID: 5790, moz:profile: /var/folders/5m/4nc0x2kn289..., moz:shutdownTimeout: 60000, moz:webdriverClick: true, moz:windowless: false, pageLoadStrategy: normal, platformName: mac, proxy: Proxy(), se:cdp: ws://127.0.0.1:27746/devtoo..., se:cdpVersion: 85.0, setWindowRect: true, strictFileInteractability: false, timeouts: {implicit: 0, pageLoad: 300000, script: 30000}, unhandledPromptBehavior: dismiss and notify}
Element: [[FirefoxDriver: firefox on mac (7ce44725-597f-4cd3-a033-4379819acc74)] -&gt; xpath: //div[@id=&apos;address_state&apos;]]
Session ID: 7ce44725-597f-4cd3-a033-4379819acc74
	at org.openqa.selenium.remote.codec.w3c.W3CHttpResponseCodec.createException(W3CHttpResponseCodec.java:199)
	at org.openqa.selenium.remote.codec.w3c.W3CHttpResponseCodec.decode(W3CHttpResponseCodec.java:132)
	at org.openqa.selenium.remote.codec.w3c.W3CHttpResponseCodec.decode(W3CHttpResponseCodec.java:51)
	at org.openqa.selenium.remote.HttpCommandExecutor.execute(HttpCommandExecutor.java:191)
	at org.openqa.selenium.remote.service.DriverCommandExecutor.invokeExecute(DriverCommandExecutor.java:196)
	at org.openqa.selenium.remote.service.DriverCommandExecutor.execute(DriverCommandExecutor.java:171)
	at org.openqa.selenium.remote.RemoteWebDriver.execute(RemoteWebDriver.java:531)
	at org.openqa.selenium.remote.RemoteWebElement.execute(RemoteWebElement.java:242)
	at org.openqa.selenium.remote.RemoteWebElement.click(RemoteWebElement.java:77)
	at com.ugapp.base.Page.click(Page.java:143)
	at com.ugapp.pages.MyInformationPage.address(MyInformationPage.java:651)
	at com.ugapp.testcases.TC_09_MyInformationPageTest.HomeAddressTest(TC_09_MyInformationPageTest.java:126)
	at java.base/java.util.concurrent.FutureTask.run(FutureTask.java:317)
	at java.base/java.util.concurrent.ThreadPoolExecutor.runWorker(ThreadPoolExecutor.java:1144)
	at java.base/java.util.concurrent.ThreadPoolExecutor$Worker.run(ThreadPoolExecutor.java:642)
	at java.base/java.lang.Thread.run(Thread.java:1623)
... Removed 17 stack frames</pre></div><a href='#' onClick='toggleBox("stack-trace1918655776", this, "Click to show all stack frames", "Click to hide stack frames")'>Click to show all stack frames</a>
<div class='stack-trace' id='stack-trace1918655776'><pre>org.openqa.selenium.ElementClickInterceptedException: Element &lt;div id=&quot;address_state&quot; class=&quot;&quot;&gt; is not clickable at point (1254,1078) because another element &lt;div class=&quot;d-flex pt-space-sm pb-space-md py-lg-space-md justify-content-between align-items-center&quot;&gt; obscures it
Build info: version: &apos;4.10.0&apos;, revision: &apos;c14d967899&apos;
System info: os.name: &apos;Mac OS X&apos;, os.arch: &apos;x86_64&apos;, os.version: &apos;12.7.1&apos;, java.version: &apos;20.0.2&apos;
Driver info: org.openqa.selenium.firefox.FirefoxDriver
Command: [7ce44725-597f-4cd3-a033-4379819acc74, clickElement {id=69bf02b0-56e1-4d16-a86f-75b2c3999d09}]
Capabilities {acceptInsecureCerts: true, browserName: firefox, browserVersion: 120.0.1, moz:accessibilityChecks: false, moz:buildID: 20231129155202, moz:debuggerAddress: 127.0.0.1:27746, moz:geckodriverVersion: 0.33.0, moz:headless: false, moz:platformVersion: 21.6.0, moz:processID: 5790, moz:profile: /var/folders/5m/4nc0x2kn289..., moz:shutdownTimeout: 60000, moz:webdriverClick: true, moz:windowless: false, pageLoadStrategy: normal, platformName: mac, proxy: Proxy(), se:cdp: ws://127.0.0.1:27746/devtoo..., se:cdpVersion: 85.0, setWindowRect: true, strictFileInteractability: false, timeouts: {implicit: 0, pageLoad: 300000, script: 30000}, unhandledPromptBehavior: dismiss and notify}
Element: [[FirefoxDriver: firefox on mac (7ce44725-597f-4cd3-a033-4379819acc74)] -&gt; xpath: //div[@id=&apos;address_state&apos;]]
Session ID: 7ce44725-597f-4cd3-a033-4379819acc74
	at java.base/jdk.internal.reflect.DirectConstructorHandleAccessor.newInstance(DirectConstructorHandleAccessor.java:67)
	at java.base/java.lang.reflect.Constructor.newInstanceWithCaller(Constructor.java:500)
	at java.base/java.lang.reflect.Constructor.newInstance(Constructor.java:484)
	at org.openqa.selenium.remote.codec.w3c.W3CHttpResponseCodec.createException(W3CHttpResponseCodec.java:199)
	at org.openqa.selenium.remote.codec.w3c.W3CHttpResponseCodec.decode(W3CHttpResponseCodec.java:132)
	at org.openqa.selenium.remote.codec.w3c.W3CHttpResponseCodec.decode(W3CHttpResponseCodec.java:51)
	at org.openqa.selenium.remote.HttpCommandExecutor.execute(HttpCommandExecutor.java:191)
	at org.openqa.selenium.remote.service.DriverCommandExecutor.invokeExecute(DriverCommandExecutor.java:196)
	at org.openqa.selenium.remote.service.DriverCommandExecutor.execute(DriverCommandExecutor.java:171)
	at org.openqa.selenium.remote.RemoteWebDriver.execute(RemoteWebDriver.java:531)
	at org.openqa.selenium.remote.RemoteWebElement.execute(RemoteWebElement.java:242)
	at org.openqa.selenium.remote.RemoteWebElement.click(RemoteWebElement.java:77)
	at com.ugapp.base.Page.click(Page.java:143)
	at com.ugapp.pages.MyInformationPage.address(MyInformationPage.java:651)
	at com.ugapp.testcases.TC_09_MyInformationPageTest.HomeAddressTest(TC_09_MyInformationPageTest.java:126)
	at java.base/jdk.internal.reflect.DirectMethodHandleAccessor.invoke(DirectMethodHandleAccessor.java:104)
	at java.base/java.lang.reflect.Method.invoke(Method.java:578)
	at org.testng.internal.MethodInvocationHelper.invokeMethod(MethodInvocationHelper.java:108)
	at org.testng.internal.Invoker.invokeMethod(Invoker.java:661)
	at org.testng.internal.Invoker.invokeTestMethod(Invoker.java:869)
	at org.testng.internal.Invoker.invokeTestMethods(Invoker.java:1193)
	at org.testng.internal.TestMethodWorker.invokeTestMethods(TestMethodWorker.java:126)
	at org.testng.internal.TestMethodWorker.run(TestMethodWorker.java:109)
	at org.testng.TestRunner.privateRun(TestRunner.java:744)
	at org.testng.TestRunner.run(TestRunner.java:602)
	at org.testng.SuiteRunner.runTest(SuiteRunner.java:380)
	at org.testng.SuiteRunner.access$000(SuiteRunner.java:39)
	at org.testng.SuiteRunner$SuiteWorker.run(SuiteRunner.java:414)
	at org.testng.internal.thread.ThreadUtil$1.call(ThreadUtil.java:52)
	at java.base/java.util.concurrent.FutureTask.run(FutureTask.java:317)
	at java.base/java.util.concurrent.ThreadPoolExecutor.runWorker(ThreadPoolExecutor.java:1144)
	at java.base/java.util.concurrent.ThreadPoolExecutor$Worker.run(ThreadPoolExecutor.java:642)
	at java.base/java.lang.Thread.run(Thread.java:1623)
</pre></div></td>
<td>4</td>
<td>com.ugapp.testcases.TC_09_MyInformationPageTest@67427b69</td></tr>
</table><p>
<table width='100%' border='1' class='invocation-passed'>
<tr><td colspan='4' align='center'><b>PASSED TESTS</b></td></tr>
<tr><td><b>Test method</b></td>
<td width="30%"><b>Exception</b></td>
<td width="10%"><b>Time (seconds)</b></td>
<td><b>Instance</b></td>
</tr>
<tr>
<td title='com.ugapp.testcases.TC_09_MyInformationPageTest.ASU_affiliate_IDTest()'><b>ASU_affiliate_IDTest</b><br>Test class: com.ugapp.testcases.TC_09_MyInformationPageTest<br>Parameters: 0, 1</td>
<td></td>
<td>0</td>
<td>com.ugapp.testcases.TC_09_MyInformationPageTest@67427b69</td></tr>
<tr>
<td title='com.ugapp.testcases.TC_09_MyInformationPageTest.DeleteFormerNameTest()'><b>DeleteFormerNameTest</b><br>Test class: com.ugapp.testcases.TC_09_MyInformationPageTest<br>Parameters: 0, 1</td>
<td></td>
<td>10</td>
<td>com.ugapp.testcases.TC_09_MyInformationPageTest@67427b69</td></tr>
<tr>
<td title='com.ugapp.testcases.TC_09_MyInformationPageTest.Edit_CancelFormerNameTest()'><b>Edit_CancelFormerNameTest</b><br>Test class: com.ugapp.testcases.TC_09_MyInformationPageTest</td>
<td></td>
<td>5</td>
<td>com.ugapp.testcases.TC_09_MyInformationPageTest@67427b69</td></tr>
<tr>
<td title='com.ugapp.testcases.TC_09_MyInformationPageTest.Edit_SaveFormerNameTest()'><b>Edit_SaveFormerNameTest</b><br>Test class: com.ugapp.testcases.TC_09_MyInformationPageTest</td>
<td></td>
<td>3</td>
<td>com.ugapp.testcases.TC_09_MyInformationPageTest@67427b69</td></tr>
<tr>
<td title='com.ugapp.testcases.TC_09_MyInformationPageTest.FloatingNeedHelp()'><b>FloatingNeedHelp</b><br>Test class: com.ugapp.testcases.TC_09_MyInformationPageTest</td>
<td></td>
<td>4</td>
<td>com.ugapp.testcases.TC_09_MyInformationPageTest@67427b69</td></tr>
<tr>
<td title='com.ugapp.testcases.TC_09_MyInformationPageTest.FormerNameTest()'><b>FormerNameTest</b><br>Test class: com.ugapp.testcases.TC_09_MyInformationPageTest<br>Parameters: {First_name=Test1, Last_name=Test1, Runmode=Y}</td>
<td></td>
<td>8</td>
<td>com.ugapp.testcases.TC_09_MyInformationPageTest@67427b69</td></tr>
<tr>
<td title='com.ugapp.testcases.TC_09_MyInformationPageTest.FormerNameTest()'><b>FormerNameTest</b><br>Test class: com.ugapp.testcases.TC_09_MyInformationPageTest<br>Parameters: {First_name=Test@, Last_name=Test@, Runmode=Y}</td>
<td></td>
<td>8</td>
<td>com.ugapp.testcases.TC_09_MyInformationPageTest@67427b69</td></tr>
<tr>
<td title='com.ugapp.testcases.TC_09_MyInformationPageTest.FormerNameTest()'><b>FormerNameTest</b><br>Test class: com.ugapp.testcases.TC_09_MyInformationPageTest<br>Parameters: {First_name= Test , Last_name= Test , Runmode=Y}</td>
<td></td>
<td>8</td>
<td>com.ugapp.testcases.TC_09_MyInformationPageTest@67427b69</td></tr>
<tr>
<td title='com.ugapp.testcases.TC_09_MyInformationPageTest.FormerNameTest()'><b>FormerNameTest</b><br>Test class: com.ugapp.testcases.TC_09_MyInformationPageTest<br>Parameters: {First_name=TestTestTestTestTestTestTest, Last_name=TestTestTestTestTestTestTestTest, Runmode=Y}</td>
<td></td>
<td>8</td>
<td>com.ugapp.testcases.TC_09_MyInformationPageTest@67427b69</td></tr>
<tr>
<td title='com.ugapp.testcases.TC_09_MyInformationPageTest.FormerNameTest()'><b>FormerNameTest</b><br>Test class: com.ugapp.testcases.TC_09_MyInformationPageTest<br>Parameters: {First_name=Test, Last_name=A, Runmode=Y}</td>
<td></td>
<td>8</td>
<td>com.ugapp.testcases.TC_09_MyInformationPageTest@67427b69</td></tr>
<tr>
<td title='com.ugapp.testcases.TC_09_MyInformationPageTest.FormerNameTest()'><b>FormerNameTest</b><br>Test class: com.ugapp.testcases.TC_09_MyInformationPageTest<br>Parameters: {First_name=Test, Last_name=B, Runmode=Y}</td>
<td></td>
<td>8</td>
<td>com.ugapp.testcases.TC_09_MyInformationPageTest@67427b69</td></tr>
<tr>
<td title='com.ugapp.testcases.TC_09_MyInformationPageTest.FormerNameTest()'><b>FormerNameTest</b><br>Test class: com.ugapp.testcases.TC_09_MyInformationPageTest<br>Parameters: {First_name=Test, Last_name=C, Runmode=Y}</td>
<td></td>
<td>8</td>
<td>com.ugapp.testcases.TC_09_MyInformationPageTest@67427b69</td></tr>
<tr>
<td title='com.ugapp.testcases.TC_09_MyInformationPageTest.FormerNameTest()'><b>FormerNameTest</b><br>Test class: com.ugapp.testcases.TC_09_MyInformationPageTest<br>Parameters: {First_name=Test, Last_name=D, Runmode=Y}</td>
<td></td>
<td>8</td>
<td>com.ugapp.testcases.TC_09_MyInformationPageTest@67427b69</td></tr>
<tr>
<td title='com.ugapp.testcases.TC_09_MyInformationPageTest.FormerNameTest()'><b>FormerNameTest</b><br>Test class: com.ugapp.testcases.TC_09_MyInformationPageTest<br>Parameters: {First_name=Test, Last_name=E, Runmode=Y}</td>
<td></td>
<td>8</td>
<td>com.ugapp.testcases.TC_09_MyInformationPageTest@67427b69</td></tr>
<tr>
<td title='com.ugapp.testcases.TC_09_MyInformationPageTest.FormerNameTest()'><b>FormerNameTest</b><br>Test class: com.ugapp.testcases.TC_09_MyInformationPageTest<br>Parameters: {First_name=Test, Last_name=F, Runmode=Y}</td>
<td></td>
<td>8</td>
<td>com.ugapp.testcases.TC_09_MyInformationPageTest@67427b69</td></tr>
<tr>
<td title='com.ugapp.testcases.TC_09_MyInformationPageTest.FormerNameTest()'><b>FormerNameTest</b><br>Test class: com.ugapp.testcases.TC_09_MyInformationPageTest<br>Parameters: {First_name=Test, Last_name=G, Runmode=Y}</td>
<td></td>
<td>8</td>
<td>com.ugapp.testcases.TC_09_MyInformationPageTest@67427b69</td></tr>
<tr>
<td title='com.ugapp.testcases.TC_09_MyInformationPageTest.FormerNameTest()'><b>FormerNameTest</b><br>Test class: com.ugapp.testcases.TC_09_MyInformationPageTest<br>Parameters: {First_name=Test, Last_name=H, Runmode=Y}</td>
<td></td>
<td>8</td>
<td>com.ugapp.testcases.TC_09_MyInformationPageTest@67427b69</td></tr>
<tr>
<td title='com.ugapp.testcases.TC_09_MyInformationPageTest.FormerNameTest()'><b>FormerNameTest</b><br>Test class: com.ugapp.testcases.TC_09_MyInformationPageTest<br>Parameters: {First_name=Test, Last_name=I, Runmode=Y}</td>
<td></td>
<td>8</td>
<td>com.ugapp.testcases.TC_09_MyInformationPageTest@67427b69</td></tr>
<tr>
<td title='com.ugapp.testcases.TC_09_MyInformationPageTest.FormerNameTest()'><b>FormerNameTest</b><br>Test class: com.ugapp.testcases.TC_09_MyInformationPageTest<br>Parameters: {First_name=Test First Name, Last_name=Test Last Name, Runmode=Y}</td>
<td></td>
<td>8</td>
<td>com.ugapp.testcases.TC_09_MyInformationPageTest@67427b69</td></tr>
<tr>
<td title='com.ugapp.testcases.TC_09_MyInformationPageTest.HomeAddress()'><b>HomeAddress</b><br>Test class: com.ugapp.testcases.TC_09_MyInformationPageTest</td>
<td></td>
<td>6</td>
<td>com.ugapp.testcases.TC_09_MyInformationPageTest@67427b69</td></tr>
<tr>
<td title='com.ugapp.testcases.TC_09_MyInformationPageTest.ParentNameTest()'><b>ParentNameTest</b><br>Test class: com.ugapp.testcases.TC_09_MyInformationPageTest<br>Parameters: {First_name=Test1, Last_name=Test1, Runmode=Y}</td>
<td></td>
<td>2</td>
<td>com.ugapp.testcases.TC_09_MyInformationPageTest@67427b69</td></tr>
<tr>
<td title='com.ugapp.testcases.TC_09_MyInformationPageTest.ParentNameTest()'><b>ParentNameTest</b><br>Test class: com.ugapp.testcases.TC_09_MyInformationPageTest<br>Parameters: {First_name=Test@, Last_name=Test@, Runmode=Y}</td>
<td></td>
<td>2</td>
<td>com.ugapp.testcases.TC_09_MyInformationPageTest@67427b69</td></tr>
<tr>
<td title='com.ugapp.testcases.TC_09_MyInformationPageTest.ParentNameTest()'><b>ParentNameTest</b><br>Test class: com.ugapp.testcases.TC_09_MyInformationPageTest<br>Parameters: {First_name=TestTestTestTestTestTestTestTestTestTestTestTestTestTestTest, Last_name=TestTestTestTestTestTestTestTestTestTestTestTestTestTestTest, Runmode=Y}</td>
<td></td>
<td>2</td>
<td>com.ugapp.testcases.TC_09_MyInformationPageTest@67427b69</td></tr>
<tr>
<td title='com.ugapp.testcases.TC_09_MyInformationPageTest.ParentNameTest()'><b>ParentNameTest</b><br>Test class: com.ugapp.testcases.TC_09_MyInformationPageTest<br>Parameters: {First_name=Parent FN, Last_name=Parent LN I, Runmode=Y}</td>
<td></td>
<td>9</td>
<td>com.ugapp.testcases.TC_09_MyInformationPageTest@67427b69</td></tr>
<tr>
<td title='com.ugapp.testcases.TC_09_MyInformationPageTest.ParentNameTest()'><b>ParentNameTest</b><br>Test class: com.ugapp.testcases.TC_09_MyInformationPageTest<br>Parameters: {First_name=Parent FN, Last_name=Parent LN II, Runmode=Y}</td>
<td></td>
<td>11</td>
<td>com.ugapp.testcases.TC_09_MyInformationPageTest@67427b69</td></tr>
<tr>
<td title='com.ugapp.testcases.TC_09_MyInformationPageTest.Partner_benefitsTest()'><b>Partner_benefitsTest</b><br>Test class: com.ugapp.testcases.TC_09_MyInformationPageTest<br>Parameters: 0, 1</td>
<td></td>
<td>0</td>
<td>com.ugapp.testcases.TC_09_MyInformationPageTest@67427b69</td></tr>
<tr>
<td title='com.ugapp.testcases.TC_09_MyInformationPageTest.Previous_ASU_affiliationTest()'><b>Previous_ASU_affiliationTest</b><br>Test class: com.ugapp.testcases.TC_09_MyInformationPageTest<br>Parameters: 0, 1</td>
<td></td>
<td>5</td>
<td>com.ugapp.testcases.TC_09_MyInformationPageTest@67427b69</td></tr>
<tr>
<td title='com.ugapp.testcases.TC_09_MyInformationPageTest.PrimaryLangTest()'><b>PrimaryLangTest</b><br>Test class: com.ugapp.testcases.TC_09_MyInformationPageTest<br>Parameters: 0, 1</td>
<td></td>
<td>5</td>
<td>com.ugapp.testcases.TC_09_MyInformationPageTest@67427b69</td></tr>
<tr>
<td title='com.ugapp.testcases.TC_09_MyInformationPageTest.ProfileLinkTest()'><b>ProfileLinkTest</b><br>Test class: com.ugapp.testcases.TC_09_MyInformationPageTest</td>
<td></td>
<td>0</td>
<td>com.ugapp.testcases.TC_09_MyInformationPageTest@67427b69</td></tr>
<tr>
<td title='com.ugapp.testcases.TC_09_MyInformationPageTest.SavePageTest()'><b>SavePageTest</b><br>Test class: com.ugapp.testcases.TC_09_MyInformationPageTest</td>
<td></td>
<td>5</td>
<td>com.ugapp.testcases.TC_09_MyInformationPageTest@67427b69</td></tr>
<tr>
<td title='com.ugapp.testcases.TC_09_MyInformationPageTest.SpouseOrDependent_MilitaryTest()'><b>SpouseOrDependent_MilitaryTest</b><br>Test class: com.ugapp.testcases.TC_09_MyInformationPageTest<br>Parameters: 0, 1</td>
<td></td>
<td>8</td>
<td>com.ugapp.testcases.TC_09_MyInformationPageTest@67427b69</td></tr>
<tr>
<td title='com.ugapp.testcases.TC_09_MyInformationPageTest.US_CitizenshipTest()'><b>US_CitizenshipTest</b><br>Test class: com.ugapp.testcases.TC_09_MyInformationPageTest<br>Parameters: 0, 1</td>
<td></td>
<td>6</td>
<td>com.ugapp.testcases.TC_09_MyInformationPageTest@67427b69</td></tr>
<tr>
<td title='com.ugapp.testcases.TC_09_MyInformationPageTest.ValidateFormerNames()'><b>ValidateFormerNames</b><br>Test class: com.ugapp.testcases.TC_09_MyInformationPageTest</td>
<td></td>
<td>0</td>
<td>com.ugapp.testcases.TC_09_MyInformationPageTest@67427b69</td></tr>
<tr>
<td title='com.ugapp.testcases.TC_09_MyInformationPageTest.ValidateParentNames()'><b>ValidateParentNames</b><br>Test class: com.ugapp.testcases.TC_09_MyInformationPageTest<br>Parameters: 0, 1</td>
<td></td>
<td>4</td>
<td>com.ugapp.testcases.TC_09_MyInformationPageTest@67427b69</td></tr>
<tr>
<td title='com.ugapp.testcases.TC_09_MyInformationPageTest.chooseLegalsexTest()'><b>chooseLegalsexTest</b><br>Test class: com.ugapp.testcases.TC_09_MyInformationPageTest<br>Parameters: 0, 1</td>
<td></td>
<td>4</td>
<td>com.ugapp.testcases.TC_09_MyInformationPageTest@67427b69</td></tr>
<tr>
<td title='com.ugapp.testcases.TC_09_MyInformationPageTest.requiredErrorMesssage()'><b>requiredErrorMesssage</b><br>Test class: com.ugapp.testcases.TC_09_MyInformationPageTest</td>
<td></td>
<td>9</td>
<td>com.ugapp.testcases.TC_09_MyInformationPageTest@67427b69</td></tr>
<tr>
<td title='com.ugapp.testcases.TC_09_MyInformationPageTest.validateMyInfoPage()'><b>validateMyInfoPage</b><br>Test class: com.ugapp.testcases.TC_09_MyInformationPageTest</td>
<td></td>
<td>18</td>
<td>com.ugapp.testcases.TC_09_MyInformationPageTest@67427b69</td></tr>
<tr>
<td title='com.ugapp.testcases.TC_09_MyInformationPageTest.validateNeedhelpform()'><b>validateNeedhelpform</b><br>Test class: com.ugapp.testcases.TC_09_MyInformationPageTest</td>
<td></td>
<td>42</td>
<td>com.ugapp.testcases.TC_09_MyInformationPageTest@67427b69</td></tr>
</table><p>
</body>
</html>