<html>
<head>
<title>TestNG:  TC_17_PreviewTest</title>
<link href="../testng.css" rel="stylesheet" type="text/css" />
<link href="../my-testng.css" rel="stylesheet" type="text/css" />

<style type="text/css">
.log { display: none;} 
.stack-trace { display: none;} 
</style>
<script type="text/javascript">
<!--
function flip(e) {
  current = e.style.display;
  if (current == 'block') {
    e.style.display = 'none';
    return 0;
  }
  else {
    e.style.display = 'block';
    return 1;
  }
}

function toggleBox(szDivId, elem, msg1, msg2)
{
  var res = -1;  if (document.getElementById) {
    res = flip(document.getElementById(szDivId));
  }
  else if (document.all) {
    // this is the way old msie versions work
    res = flip(document.all[szDivId]);
  }
  if(elem) {
    if(res == 0) elem.innerHTML = msg1; else elem.innerHTML = msg2;
  }

}

function toggleAllBoxes() {
  if (document.getElementsByTagName) {
    d = document.getElementsByTagName('div');
    for (i = 0; i < d.length; i++) {
      if (d[i].className == 'log') {
        flip(d[i]);
      }
    }
  }
}

// -->
</script>

</head>
<body>
<h2 align='center'>TC_17_PreviewTest</h2><table border='1' align="center">
<tr>
<td>Tests passed/Failed/Skipped:</td><td>0/5/0</td>
</tr><tr>
<td>Started on:</td><td>Wed Jan 10 19:53:12 IST 2024</td>
</tr>
<tr><td>Total time:</td><td>7 seconds (7575 ms)</td>
</tr><tr>
<td>Included groups:</td><td></td>
</tr><tr>
<td>Excluded groups:</td><td></td>
</tr>
</table><p/>
<small><i>(Hover the method name to see the test class name)</i></small><p/>
<table width='100%' border='1' class='invocation-failed'>
<tr><td colspan='4' align='center'><b>FAILED TESTS</b></td></tr>
<tr><td><b>Test method</b></td>
<td width="30%"><b>Exception</b></td>
<td width="10%"><b>Time (seconds)</b></td>
<td><b>Instance</b></td>
</tr>
<tr>
<td title='com.ugapp.testcases.TC_17_PreviewTest.ApplicationAffidavitCheck()'><b>ApplicationAffidavitCheck</b><br>Test class: com.ugapp.testcases.TC_17_PreviewTest<br/>
<a href="#Output-5092445" onClick='toggleBox("Output-5092445", this, "Show output", "Hide output");'>Show output</a>

<a href="#Output-5092445" onClick="toggleAllBoxes();">Show all outputs</a>
<div class='log' id="Output-5092445">
Click to see Screenshot<br/>
<a target="_blank" href=Wed_Jan_10_19_53_19_IST_2024.jpg>Screenshot</a><br/>
<br><br/>
<br><br/>
<a target="_blank" href=Wed_Jan_10_19_53_19_IST_2024.jpg><img src=Wed_Jan_10_19_53_19_IST_2024.jpg height=200 width=200></img></a><br/>
</div>
</td>
<td><div><pre>org.openqa.selenium.JavascriptException: TypeError: arguments[0] is null
Build info: version: &apos;4.16.1&apos;, revision: &apos;9b4c83354e&apos;
System info: os.name: &apos;Mac OS X&apos;, os.arch: &apos;x86_64&apos;, os.version: &apos;12.7.2&apos;, java.version: &apos;20.0.2&apos;
Driver info: org.openqa.selenium.firefox.FirefoxDriver
Command: [092eeffb-d6a9-47b7-bb2d-cc4cd7424186, executeScript {script=arguments[0].scrollIntoView({block: &apos;center&apos;});, args=[null]}]
Capabilities {acceptInsecureCerts: true, browserName: firefox, browserVersion: 121.0, moz:accessibilityChecks: false, moz:buildID: 20231211174248, moz:debuggerAddress: 127.0.0.1:36480, moz:geckodriverVersion: 0.34.0, moz:headless: false, moz:platformVersion: 21.6.0, moz:processID: 8841, moz:profile: /var/folders/5m/4nc0x2kn289..., moz:shutdownTimeout: 60000, moz:webdriverClick: true, moz:windowless: false, pageLoadStrategy: normal, platformName: mac, proxy: Proxy(), se:cdp: ws://127.0.0.1:36480/devtoo..., se:cdpVersion: 85.0, setWindowRect: true, strictFileInteractability: false, timeouts: {implicit: 0, pageLoad: 300000, script: 30000}, unhandledPromptBehavior: dismiss and notify}
Session ID: 092eeffb-d6a9-47b7-bb2d-cc4cd7424186
	at org.openqa.selenium.remote.codec.w3c.W3CHttpResponseCodec.createException(W3CHttpResponseCodec.java:200)
	at org.openqa.selenium.remote.codec.w3c.W3CHttpResponseCodec.decode(W3CHttpResponseCodec.java:133)
	at org.openqa.selenium.remote.codec.w3c.W3CHttpResponseCodec.decode(W3CHttpResponseCodec.java:52)
	at org.openqa.selenium.remote.HttpCommandExecutor.execute(HttpCommandExecutor.java:191)
	at org.openqa.selenium.remote.service.DriverCommandExecutor.invokeExecute(DriverCommandExecutor.java:200)
	at org.openqa.selenium.remote.service.DriverCommandExecutor.execute(DriverCommandExecutor.java:175)
	at org.openqa.selenium.remote.RemoteWebDriver.execute(RemoteWebDriver.java:523)
	at org.openqa.selenium.remote.RemoteWebDriver.executeScript(RemoteWebDriver.java:468)
	at com.ugapp.pages.PreviewPage.affidavit(PreviewPage.java:258)
	at com.ugapp.testcases.TC_17_PreviewTest.ApplicationAffidavitCheck(TC_17_PreviewTest.java:65)
... Removed 26 stack frames</pre></div><a href='#' onClick='toggleBox("stack-trace5092445", this, "Click to show all stack frames", "Click to hide stack frames")'>Click to show all stack frames</a>
<div class='stack-trace' id='stack-trace5092445'><pre>org.openqa.selenium.JavascriptException: TypeError: arguments[0] is null
Build info: version: &apos;4.16.1&apos;, revision: &apos;9b4c83354e&apos;
System info: os.name: &apos;Mac OS X&apos;, os.arch: &apos;x86_64&apos;, os.version: &apos;12.7.2&apos;, java.version: &apos;20.0.2&apos;
Driver info: org.openqa.selenium.firefox.FirefoxDriver
Command: [092eeffb-d6a9-47b7-bb2d-cc4cd7424186, executeScript {script=arguments[0].scrollIntoView({block: &apos;center&apos;});, args=[null]}]
Capabilities {acceptInsecureCerts: true, browserName: firefox, browserVersion: 121.0, moz:accessibilityChecks: false, moz:buildID: 20231211174248, moz:debuggerAddress: 127.0.0.1:36480, moz:geckodriverVersion: 0.34.0, moz:headless: false, moz:platformVersion: 21.6.0, moz:processID: 8841, moz:profile: /var/folders/5m/4nc0x2kn289..., moz:shutdownTimeout: 60000, moz:webdriverClick: true, moz:windowless: false, pageLoadStrategy: normal, platformName: mac, proxy: Proxy(), se:cdp: ws://127.0.0.1:36480/devtoo..., se:cdpVersion: 85.0, setWindowRect: true, strictFileInteractability: false, timeouts: {implicit: 0, pageLoad: 300000, script: 30000}, unhandledPromptBehavior: dismiss and notify}
Session ID: 092eeffb-d6a9-47b7-bb2d-cc4cd7424186
	at java.base/jdk.internal.reflect.DirectConstructorHandleAccessor.newInstance(DirectConstructorHandleAccessor.java:67)
	at java.base/java.lang.reflect.Constructor.newInstanceWithCaller(Constructor.java:500)
	at java.base/java.lang.reflect.Constructor.newInstance(Constructor.java:484)
	at org.openqa.selenium.remote.codec.w3c.W3CHttpResponseCodec.createException(W3CHttpResponseCodec.java:200)
	at org.openqa.selenium.remote.codec.w3c.W3CHttpResponseCodec.decode(W3CHttpResponseCodec.java:133)
	at org.openqa.selenium.remote.codec.w3c.W3CHttpResponseCodec.decode(W3CHttpResponseCodec.java:52)
	at org.openqa.selenium.remote.HttpCommandExecutor.execute(HttpCommandExecutor.java:191)
	at org.openqa.selenium.remote.service.DriverCommandExecutor.invokeExecute(DriverCommandExecutor.java:200)
	at org.openqa.selenium.remote.service.DriverCommandExecutor.execute(DriverCommandExecutor.java:175)
	at org.openqa.selenium.remote.RemoteWebDriver.execute(RemoteWebDriver.java:523)
	at org.openqa.selenium.remote.RemoteWebDriver.executeScript(RemoteWebDriver.java:468)
	at com.ugapp.pages.PreviewPage.affidavit(PreviewPage.java:258)
	at com.ugapp.testcases.TC_17_PreviewTest.ApplicationAffidavitCheck(TC_17_PreviewTest.java:65)
	at java.base/jdk.internal.reflect.DirectMethodHandleAccessor.invoke(DirectMethodHandleAccessor.java:104)
	at java.base/java.lang.reflect.Method.invoke(Method.java:578)
	at org.testng.internal.MethodInvocationHelper.invokeMethod(MethodInvocationHelper.java:108)
	at org.testng.internal.Invoker.invokeMethod(Invoker.java:661)
	at org.testng.internal.Invoker.invokeTestMethod(Invoker.java:869)
	at org.testng.internal.Invoker.invokeTestMethods(Invoker.java:1193)
	at org.testng.internal.TestMethodWorker.invokeTestMethods(TestMethodWorker.java:126)
	at org.testng.internal.TestMethodWorker.run(TestMethodWorker.java:109)
	at org.testng.TestRunner.privateRun(TestRunner.java:744)
	at org.testng.TestRunner.run(TestRunner.java:602)
	at org.testng.SuiteRunner.runTest(SuiteRunner.java:380)
	at org.testng.SuiteRunner.runSequentially(SuiteRunner.java:375)
	at org.testng.SuiteRunner.privateRun(SuiteRunner.java:340)
	at org.testng.SuiteRunner.run(SuiteRunner.java:289)
	at org.testng.SuiteRunnerWorker.runSuite(SuiteRunnerWorker.java:52)
	at org.testng.SuiteRunnerWorker.run(SuiteRunnerWorker.java:86)
	at org.testng.TestNG.runSuitesSequentially(TestNG.java:1301)
	at org.testng.TestNG.runSuitesLocally(TestNG.java:1226)
	at org.testng.TestNG.runSuites(TestNG.java:1144)
	at org.testng.TestNG.run(TestNG.java:1115)
	at org.testng.remote.AbstractRemoteTestNG.run(AbstractRemoteTestNG.java:115)
	at org.testng.remote.RemoteTestNG.initAndRun(RemoteTestNG.java:251)
	at org.testng.remote.RemoteTestNG.main(RemoteTestNG.java:77)
</pre></div></td>
<td>0</td>
<td>com.ugapp.testcases.TC_17_PreviewTest@7072bc39</td></tr>
<tr>
<td title='com.ugapp.testcases.TC_17_PreviewTest.ComparePreviewWithReview()'><b>ComparePreviewWithReview</b><br>Test class: com.ugapp.testcases.TC_17_PreviewTest<br>Parameters: 6, 7<br/>
<a href="#Output-1117642317" onClick='toggleBox("Output-1117642317", this, "Show output", "Hide output");'>Show output</a>

<a href="#Output-1117642317" onClick="toggleAllBoxes();">Show all outputs</a>
<div class='log' id="Output-1117642317">
Click to see Screenshot<br/>
<a target="_blank" href=Wed_Jan_10_19_53_19_IST_2024.jpg>Screenshot</a><br/>
<br><br/>
<br><br/>
<a target="_blank" href=Wed_Jan_10_19_53_19_IST_2024.jpg><img src=Wed_Jan_10_19_53_19_IST_2024.jpg height=200 width=200></img></a><br/>
</div>
</td>
<td><div><pre>org.apache.poi.openxml4j.exceptions.InvalidOperationException: Can&apos;t open the specified file: &apos;/var/folders/5m/4nc0x2kn2893jbyz0dhq9c440000gp/T/poifiles/poi-ooxml-1017589106.tmp&apos;
	at org.apache.poi.openxml4j.opc.ZipPackage.&lt;init&gt;(ZipPackage.java:102)
	at org.apache.poi.openxml4j.opc.OPCPackage.open(OPCPackage.java:199)
	at org.apache.poi.openxml4j.opc.OPCPackage.open(OPCPackage.java:178)
	at org.apache.poi.util.PackageHelper.open(PackageHelper.java:53)
	at org.apache.poi.xssf.usermodel.XSSFWorkbook.&lt;init&gt;(XSSFWorkbook.java:176)
	at com.ugapp.base.Page.CompareAndWriteMismatches(Page.java:721)
	at com.ugapp.pages.PreviewPage.compareReviewAndPreview(PreviewPage.java:338)
	at com.ugapp.testcases.TC_17_PreviewTest.ComparePreviewWithReview(TC_17_PreviewTest.java:58)
... Removed 23 stack frames</pre></div><a href='#' onClick='toggleBox("stack-trace1117642317", this, "Click to show all stack frames", "Click to hide stack frames")'>Click to show all stack frames</a>
<div class='stack-trace' id='stack-trace1117642317'><pre>org.apache.poi.openxml4j.exceptions.InvalidOperationException: Can&apos;t open the specified file: &apos;/var/folders/5m/4nc0x2kn2893jbyz0dhq9c440000gp/T/poifiles/poi-ooxml-1017589106.tmp&apos;
	at org.apache.poi.openxml4j.opc.ZipPackage.&lt;init&gt;(ZipPackage.java:102)
	at org.apache.poi.openxml4j.opc.OPCPackage.open(OPCPackage.java:199)
	at org.apache.poi.openxml4j.opc.OPCPackage.open(OPCPackage.java:178)
	at org.apache.poi.util.PackageHelper.open(PackageHelper.java:53)
	at org.apache.poi.xssf.usermodel.XSSFWorkbook.&lt;init&gt;(XSSFWorkbook.java:176)
	at com.ugapp.base.Page.CompareAndWriteMismatches(Page.java:721)
	at com.ugapp.pages.PreviewPage.compareReviewAndPreview(PreviewPage.java:338)
	at com.ugapp.testcases.TC_17_PreviewTest.ComparePreviewWithReview(TC_17_PreviewTest.java:58)
	at java.base/jdk.internal.reflect.DirectMethodHandleAccessor.invoke(DirectMethodHandleAccessor.java:104)
	at java.base/java.lang.reflect.Method.invoke(Method.java:578)
	at org.testng.internal.MethodInvocationHelper.invokeMethod(MethodInvocationHelper.java:108)
	at org.testng.internal.Invoker.invokeMethod(Invoker.java:661)
	at org.testng.internal.Invoker.invokeTestMethod(Invoker.java:869)
	at org.testng.internal.Invoker.invokeTestMethods(Invoker.java:1193)
	at org.testng.internal.TestMethodWorker.invokeTestMethods(TestMethodWorker.java:126)
	at org.testng.internal.TestMethodWorker.run(TestMethodWorker.java:109)
	at org.testng.TestRunner.privateRun(TestRunner.java:744)
	at org.testng.TestRunner.run(TestRunner.java:602)
	at org.testng.SuiteRunner.runTest(SuiteRunner.java:380)
	at org.testng.SuiteRunner.runSequentially(SuiteRunner.java:375)
	at org.testng.SuiteRunner.privateRun(SuiteRunner.java:340)
	at org.testng.SuiteRunner.run(SuiteRunner.java:289)
	at org.testng.SuiteRunnerWorker.runSuite(SuiteRunnerWorker.java:52)
	at org.testng.SuiteRunnerWorker.run(SuiteRunnerWorker.java:86)
	at org.testng.TestNG.runSuitesSequentially(TestNG.java:1301)
	at org.testng.TestNG.runSuitesLocally(TestNG.java:1226)
	at org.testng.TestNG.runSuites(TestNG.java:1144)
	at org.testng.TestNG.run(TestNG.java:1115)
	at org.testng.remote.AbstractRemoteTestNG.run(AbstractRemoteTestNG.java:115)
	at org.testng.remote.RemoteTestNG.initAndRun(RemoteTestNG.java:251)
	at org.testng.remote.RemoteTestNG.main(RemoteTestNG.java:77)
</pre></div></td>
<td>0</td>
<td>com.ugapp.testcases.TC_17_PreviewTest@7072bc39</td></tr>
<tr>
<td title='com.ugapp.testcases.TC_17_PreviewTest.postPreview()'><b>postPreview</b><br>Test class: com.ugapp.testcases.TC_17_PreviewTest<br/>
<a href="#Output-1111320106" onClick='toggleBox("Output-1111320106", this, "Show output", "Hide output");'>Show output</a>

<a href="#Output-1111320106" onClick="toggleAllBoxes();">Show all outputs</a>
<div class='log' id="Output-1111320106">
Click to see Screenshot<br/>
<a target="_blank" href=Wed_Jan_10_19_53_19_IST_2024.jpg>Screenshot</a><br/>
<br><br/>
<br><br/>
<a target="_blank" href=Wed_Jan_10_19_53_19_IST_2024.jpg><img src=Wed_Jan_10_19_53_19_IST_2024.jpg height=200 width=200></img></a><br/>
</div>
</td>
<td><div><pre>org.openqa.selenium.ElementClickInterceptedException: Element &lt;button class=&quot;btn b-avatar font-weight-bold profile-menu-button btn-secondary rounded-circle&quot; type=&quot;button&quot;&gt; is not clickable at point (1172,47) because another element &lt;div&gt; obscures it
Build info: version: &apos;4.16.1&apos;, revision: &apos;9b4c83354e&apos;
System info: os.name: &apos;Mac OS X&apos;, os.arch: &apos;x86_64&apos;, os.version: &apos;12.7.2&apos;, java.version: &apos;20.0.2&apos;
Driver info: org.openqa.selenium.firefox.FirefoxDriver
Command: [092eeffb-d6a9-47b7-bb2d-cc4cd7424186, clickElement {id=9a390011-8ab5-48b4-afa4-de042c3027e6}]
Capabilities {acceptInsecureCerts: true, browserName: firefox, browserVersion: 121.0, moz:accessibilityChecks: false, moz:buildID: 20231211174248, moz:debuggerAddress: 127.0.0.1:36480, moz:geckodriverVersion: 0.34.0, moz:headless: false, moz:platformVersion: 21.6.0, moz:processID: 8841, moz:profile: /var/folders/5m/4nc0x2kn289..., moz:shutdownTimeout: 60000, moz:webdriverClick: true, moz:windowless: false, pageLoadStrategy: normal, platformName: mac, proxy: Proxy(), se:cdp: ws://127.0.0.1:36480/devtoo..., se:cdpVersion: 85.0, setWindowRect: true, strictFileInteractability: false, timeouts: {implicit: 0, pageLoad: 300000, script: 30000}, unhandledPromptBehavior: dismiss and notify}
Element: [[FirefoxDriver: firefox on mac (092eeffb-d6a9-47b7-bb2d-cc4cd7424186)] -&gt; xpath: //div[@data-cy=&apos;profile-menu&apos;]//button]
Session ID: 092eeffb-d6a9-47b7-bb2d-cc4cd7424186
	at org.openqa.selenium.remote.codec.w3c.W3CHttpResponseCodec.createException(W3CHttpResponseCodec.java:200)
	at org.openqa.selenium.remote.codec.w3c.W3CHttpResponseCodec.decode(W3CHttpResponseCodec.java:133)
	at org.openqa.selenium.remote.codec.w3c.W3CHttpResponseCodec.decode(W3CHttpResponseCodec.java:52)
	at org.openqa.selenium.remote.HttpCommandExecutor.execute(HttpCommandExecutor.java:191)
	at org.openqa.selenium.remote.service.DriverCommandExecutor.invokeExecute(DriverCommandExecutor.java:200)
	at org.openqa.selenium.remote.service.DriverCommandExecutor.execute(DriverCommandExecutor.java:175)
	at org.openqa.selenium.remote.RemoteWebDriver.execute(RemoteWebDriver.java:523)
	at org.openqa.selenium.remote.RemoteWebElement.execute(RemoteWebElement.java:224)
	at org.openqa.selenium.remote.RemoteWebElement.click(RemoteWebElement.java:77)
	at com.ugapp.pages.PreviewPage.signOut(PreviewPage.java:358)
	at com.ugapp.testcases.TC_17_PreviewTest.postPreview(TC_17_PreviewTest.java:80)
... Removed 26 stack frames</pre></div><a href='#' onClick='toggleBox("stack-trace1111320106", this, "Click to show all stack frames", "Click to hide stack frames")'>Click to show all stack frames</a>
<div class='stack-trace' id='stack-trace1111320106'><pre>org.openqa.selenium.ElementClickInterceptedException: Element &lt;button class=&quot;btn b-avatar font-weight-bold profile-menu-button btn-secondary rounded-circle&quot; type=&quot;button&quot;&gt; is not clickable at point (1172,47) because another element &lt;div&gt; obscures it
Build info: version: &apos;4.16.1&apos;, revision: &apos;9b4c83354e&apos;
System info: os.name: &apos;Mac OS X&apos;, os.arch: &apos;x86_64&apos;, os.version: &apos;12.7.2&apos;, java.version: &apos;20.0.2&apos;
Driver info: org.openqa.selenium.firefox.FirefoxDriver
Command: [092eeffb-d6a9-47b7-bb2d-cc4cd7424186, clickElement {id=9a390011-8ab5-48b4-afa4-de042c3027e6}]
Capabilities {acceptInsecureCerts: true, browserName: firefox, browserVersion: 121.0, moz:accessibilityChecks: false, moz:buildID: 20231211174248, moz:debuggerAddress: 127.0.0.1:36480, moz:geckodriverVersion: 0.34.0, moz:headless: false, moz:platformVersion: 21.6.0, moz:processID: 8841, moz:profile: /var/folders/5m/4nc0x2kn289..., moz:shutdownTimeout: 60000, moz:webdriverClick: true, moz:windowless: false, pageLoadStrategy: normal, platformName: mac, proxy: Proxy(), se:cdp: ws://127.0.0.1:36480/devtoo..., se:cdpVersion: 85.0, setWindowRect: true, strictFileInteractability: false, timeouts: {implicit: 0, pageLoad: 300000, script: 30000}, unhandledPromptBehavior: dismiss and notify}
Element: [[FirefoxDriver: firefox on mac (092eeffb-d6a9-47b7-bb2d-cc4cd7424186)] -&gt; xpath: //div[@data-cy=&apos;profile-menu&apos;]//button]
Session ID: 092eeffb-d6a9-47b7-bb2d-cc4cd7424186
	at java.base/jdk.internal.reflect.DirectConstructorHandleAccessor.newInstance(DirectConstructorHandleAccessor.java:67)
	at java.base/java.lang.reflect.Constructor.newInstanceWithCaller(Constructor.java:500)
	at java.base/java.lang.reflect.Constructor.newInstance(Constructor.java:484)
	at org.openqa.selenium.remote.codec.w3c.W3CHttpResponseCodec.createException(W3CHttpResponseCodec.java:200)
	at org.openqa.selenium.remote.codec.w3c.W3CHttpResponseCodec.decode(W3CHttpResponseCodec.java:133)
	at org.openqa.selenium.remote.codec.w3c.W3CHttpResponseCodec.decode(W3CHttpResponseCodec.java:52)
	at org.openqa.selenium.remote.HttpCommandExecutor.execute(HttpCommandExecutor.java:191)
	at org.openqa.selenium.remote.service.DriverCommandExecutor.invokeExecute(DriverCommandExecutor.java:200)
	at org.openqa.selenium.remote.service.DriverCommandExecutor.execute(DriverCommandExecutor.java:175)
	at org.openqa.selenium.remote.RemoteWebDriver.execute(RemoteWebDriver.java:523)
	at org.openqa.selenium.remote.RemoteWebElement.execute(RemoteWebElement.java:224)
	at org.openqa.selenium.remote.RemoteWebElement.click(RemoteWebElement.java:77)
	at com.ugapp.pages.PreviewPage.signOut(PreviewPage.java:358)
	at com.ugapp.testcases.TC_17_PreviewTest.postPreview(TC_17_PreviewTest.java:80)
	at java.base/jdk.internal.reflect.DirectMethodHandleAccessor.invoke(DirectMethodHandleAccessor.java:104)
	at java.base/java.lang.reflect.Method.invoke(Method.java:578)
	at org.testng.internal.MethodInvocationHelper.invokeMethod(MethodInvocationHelper.java:108)
	at org.testng.internal.Invoker.invokeMethod(Invoker.java:661)
	at org.testng.internal.Invoker.invokeTestMethod(Invoker.java:869)
	at org.testng.internal.Invoker.invokeTestMethods(Invoker.java:1193)
	at org.testng.internal.TestMethodWorker.invokeTestMethods(TestMethodWorker.java:126)
	at org.testng.internal.TestMethodWorker.run(TestMethodWorker.java:109)
	at org.testng.TestRunner.privateRun(TestRunner.java:744)
	at org.testng.TestRunner.run(TestRunner.java:602)
	at org.testng.SuiteRunner.runTest(SuiteRunner.java:380)
	at org.testng.SuiteRunner.runSequentially(SuiteRunner.java:375)
	at org.testng.SuiteRunner.privateRun(SuiteRunner.java:340)
	at org.testng.SuiteRunner.run(SuiteRunner.java:289)
	at org.testng.SuiteRunnerWorker.runSuite(SuiteRunnerWorker.java:52)
	at org.testng.SuiteRunnerWorker.run(SuiteRunnerWorker.java:86)
	at org.testng.TestNG.runSuitesSequentially(TestNG.java:1301)
	at org.testng.TestNG.runSuitesLocally(TestNG.java:1226)
	at org.testng.TestNG.runSuites(TestNG.java:1144)
	at org.testng.TestNG.run(TestNG.java:1115)
	at org.testng.remote.AbstractRemoteTestNG.run(AbstractRemoteTestNG.java:115)
	at org.testng.remote.RemoteTestNG.initAndRun(RemoteTestNG.java:251)
	at org.testng.remote.RemoteTestNG.main(RemoteTestNG.java:77)
</pre></div></td>
<td>0</td>
<td>com.ugapp.testcases.TC_17_PreviewTest@7072bc39</td></tr>
<tr>
<td title='com.ugapp.testcases.TC_17_PreviewTest.preview()'><b>preview</b><br>Test class: com.ugapp.testcases.TC_17_PreviewTest<br/>
<a href="#Output-989251186" onClick='toggleBox("Output-989251186", this, "Show output", "Hide output");'>Show output</a>

<a href="#Output-989251186" onClick="toggleAllBoxes();">Show all outputs</a>
<div class='log' id="Output-989251186">
Click to see Screenshot<br/>
<a target="_blank" href=Wed_Jan_10_19_53_18_IST_2024.jpg>Screenshot</a><br/>
<br><br/>
<br><br/>
<a target="_blank" href=Wed_Jan_10_19_53_18_IST_2024.jpg><img src=Wed_Jan_10_19_53_18_IST_2024.jpg height=200 width=200></img></a><br/>
</div>
</td>
<td><div><pre>java.lang.NullPointerException: Cannot invoke &quot;org.openqa.selenium.WebElement.isEnabled()&quot; because the return value of &quot;com.ugapp.pages.PreviewPage.findElement(String)&quot; is null
	at com.ugapp.pages.PreviewPage.downloadPdf(PreviewPage.java:44)
	at com.ugapp.testcases.TC_17_PreviewTest.preview(TC_17_PreviewTest.java:23)
... Removed 23 stack frames</pre></div><a href='#' onClick='toggleBox("stack-trace989251186", this, "Click to show all stack frames", "Click to hide stack frames")'>Click to show all stack frames</a>
<div class='stack-trace' id='stack-trace989251186'><pre>java.lang.NullPointerException: Cannot invoke &quot;org.openqa.selenium.WebElement.isEnabled()&quot; because the return value of &quot;com.ugapp.pages.PreviewPage.findElement(String)&quot; is null
	at com.ugapp.pages.PreviewPage.downloadPdf(PreviewPage.java:44)
	at com.ugapp.testcases.TC_17_PreviewTest.preview(TC_17_PreviewTest.java:23)
	at java.base/jdk.internal.reflect.DirectMethodHandleAccessor.invoke(DirectMethodHandleAccessor.java:104)
	at java.base/java.lang.reflect.Method.invoke(Method.java:578)
	at org.testng.internal.MethodInvocationHelper.invokeMethod(MethodInvocationHelper.java:108)
	at org.testng.internal.Invoker.invokeMethod(Invoker.java:661)
	at org.testng.internal.Invoker.invokeTestMethod(Invoker.java:869)
	at org.testng.internal.Invoker.invokeTestMethods(Invoker.java:1193)
	at org.testng.internal.TestMethodWorker.invokeTestMethods(TestMethodWorker.java:126)
	at org.testng.internal.TestMethodWorker.run(TestMethodWorker.java:109)
	at org.testng.TestRunner.privateRun(TestRunner.java:744)
	at org.testng.TestRunner.run(TestRunner.java:602)
	at org.testng.SuiteRunner.runTest(SuiteRunner.java:380)
	at org.testng.SuiteRunner.runSequentially(SuiteRunner.java:375)
	at org.testng.SuiteRunner.privateRun(SuiteRunner.java:340)
	at org.testng.SuiteRunner.run(SuiteRunner.java:289)
	at org.testng.SuiteRunnerWorker.runSuite(SuiteRunnerWorker.java:52)
	at org.testng.SuiteRunnerWorker.run(SuiteRunnerWorker.java:86)
	at org.testng.TestNG.runSuitesSequentially(TestNG.java:1301)
	at org.testng.TestNG.runSuitesLocally(TestNG.java:1226)
	at org.testng.TestNG.runSuites(TestNG.java:1144)
	at org.testng.TestNG.run(TestNG.java:1115)
	at org.testng.remote.AbstractRemoteTestNG.run(AbstractRemoteTestNG.java:115)
	at org.testng.remote.RemoteTestNG.initAndRun(RemoteTestNG.java:251)
	at org.testng.remote.RemoteTestNG.main(RemoteTestNG.java:77)
</pre></div></td>
<td>6</td>
<td>com.ugapp.testcases.TC_17_PreviewTest@7072bc39</td></tr>
<tr>
<td title='com.ugapp.testcases.TC_17_PreviewTest.writePreviewToExcel()'><b>writePreviewToExcel</b><br>Test class: com.ugapp.testcases.TC_17_PreviewTest<br>Parameters: 6, 7<br/>
<a href="#Output-2046967348" onClick='toggleBox("Output-2046967348", this, "Show output", "Hide output");'>Show output</a>

<a href="#Output-2046967348" onClick="toggleAllBoxes();">Show all outputs</a>
<div class='log' id="Output-2046967348">
Click to see Screenshot<br/>
<a target="_blank" href=Wed_Jan_10_19_53_19_IST_2024.jpg>Screenshot</a><br/>
<br><br/>
<br><br/>
<a target="_blank" href=Wed_Jan_10_19_53_19_IST_2024.jpg><img src=Wed_Jan_10_19_53_19_IST_2024.jpg height=200 width=200></img></a><br/>
</div>
</td>
<td><div><pre>org.openqa.selenium.JavascriptException: TypeError: arguments[0] is null
Build info: version: &apos;4.16.1&apos;, revision: &apos;9b4c83354e&apos;
System info: os.name: &apos;Mac OS X&apos;, os.arch: &apos;x86_64&apos;, os.version: &apos;12.7.2&apos;, java.version: &apos;20.0.2&apos;
Driver info: org.openqa.selenium.firefox.FirefoxDriver
Command: [092eeffb-d6a9-47b7-bb2d-cc4cd7424186, executeScript {script=arguments[0].scrollIntoView({block: &apos;center&apos;});, args=[null]}]
Capabilities {acceptInsecureCerts: true, browserName: firefox, browserVersion: 121.0, moz:accessibilityChecks: false, moz:buildID: 20231211174248, moz:debuggerAddress: 127.0.0.1:36480, moz:geckodriverVersion: 0.34.0, moz:headless: false, moz:platformVersion: 21.6.0, moz:processID: 8841, moz:profile: /var/folders/5m/4nc0x2kn289..., moz:shutdownTimeout: 60000, moz:webdriverClick: true, moz:windowless: false, pageLoadStrategy: normal, platformName: mac, proxy: Proxy(), se:cdp: ws://127.0.0.1:36480/devtoo..., se:cdpVersion: 85.0, setWindowRect: true, strictFileInteractability: false, timeouts: {implicit: 0, pageLoad: 300000, script: 30000}, unhandledPromptBehavior: dismiss and notify}
Session ID: 092eeffb-d6a9-47b7-bb2d-cc4cd7424186
	at org.openqa.selenium.remote.codec.w3c.W3CHttpResponseCodec.createException(W3CHttpResponseCodec.java:200)
	at org.openqa.selenium.remote.codec.w3c.W3CHttpResponseCodec.decode(W3CHttpResponseCodec.java:133)
	at org.openqa.selenium.remote.codec.w3c.W3CHttpResponseCodec.decode(W3CHttpResponseCodec.java:52)
	at org.openqa.selenium.remote.HttpCommandExecutor.execute(HttpCommandExecutor.java:191)
	at org.openqa.selenium.remote.service.DriverCommandExecutor.invokeExecute(DriverCommandExecutor.java:200)
	at org.openqa.selenium.remote.service.DriverCommandExecutor.execute(DriverCommandExecutor.java:175)
	at org.openqa.selenium.remote.RemoteWebDriver.execute(RemoteWebDriver.java:523)
	at org.openqa.selenium.remote.RemoteWebDriver.executeScript(RemoteWebDriver.java:468)
	at com.ugapp.pages.PreviewPage.previewProfile(PreviewPage.java:80)
	at com.ugapp.testcases.TC_17_PreviewTest.writePreviewToExcel(TC_17_PreviewTest.java:35)
... Removed 26 stack frames</pre></div><a href='#' onClick='toggleBox("stack-trace2046967348", this, "Click to show all stack frames", "Click to hide stack frames")'>Click to show all stack frames</a>
<div class='stack-trace' id='stack-trace2046967348'><pre>org.openqa.selenium.JavascriptException: TypeError: arguments[0] is null
Build info: version: &apos;4.16.1&apos;, revision: &apos;9b4c83354e&apos;
System info: os.name: &apos;Mac OS X&apos;, os.arch: &apos;x86_64&apos;, os.version: &apos;12.7.2&apos;, java.version: &apos;20.0.2&apos;
Driver info: org.openqa.selenium.firefox.FirefoxDriver
Command: [092eeffb-d6a9-47b7-bb2d-cc4cd7424186, executeScript {script=arguments[0].scrollIntoView({block: &apos;center&apos;});, args=[null]}]
Capabilities {acceptInsecureCerts: true, browserName: firefox, browserVersion: 121.0, moz:accessibilityChecks: false, moz:buildID: 20231211174248, moz:debuggerAddress: 127.0.0.1:36480, moz:geckodriverVersion: 0.34.0, moz:headless: false, moz:platformVersion: 21.6.0, moz:processID: 8841, moz:profile: /var/folders/5m/4nc0x2kn289..., moz:shutdownTimeout: 60000, moz:webdriverClick: true, moz:windowless: false, pageLoadStrategy: normal, platformName: mac, proxy: Proxy(), se:cdp: ws://127.0.0.1:36480/devtoo..., se:cdpVersion: 85.0, setWindowRect: true, strictFileInteractability: false, timeouts: {implicit: 0, pageLoad: 300000, script: 30000}, unhandledPromptBehavior: dismiss and notify}
Session ID: 092eeffb-d6a9-47b7-bb2d-cc4cd7424186
	at java.base/jdk.internal.reflect.DirectConstructorHandleAccessor.newInstance(DirectConstructorHandleAccessor.java:67)
	at java.base/java.lang.reflect.Constructor.newInstanceWithCaller(Constructor.java:500)
	at java.base/java.lang.reflect.Constructor.newInstance(Constructor.java:484)
	at org.openqa.selenium.remote.codec.w3c.W3CHttpResponseCodec.createException(W3CHttpResponseCodec.java:200)
	at org.openqa.selenium.remote.codec.w3c.W3CHttpResponseCodec.decode(W3CHttpResponseCodec.java:133)
	at org.openqa.selenium.remote.codec.w3c.W3CHttpResponseCodec.decode(W3CHttpResponseCodec.java:52)
	at org.openqa.selenium.remote.HttpCommandExecutor.execute(HttpCommandExecutor.java:191)
	at org.openqa.selenium.remote.service.DriverCommandExecutor.invokeExecute(DriverCommandExecutor.java:200)
	at org.openqa.selenium.remote.service.DriverCommandExecutor.execute(DriverCommandExecutor.java:175)
	at org.openqa.selenium.remote.RemoteWebDriver.execute(RemoteWebDriver.java:523)
	at org.openqa.selenium.remote.RemoteWebDriver.executeScript(RemoteWebDriver.java:468)
	at com.ugapp.pages.PreviewPage.previewProfile(PreviewPage.java:80)
	at com.ugapp.testcases.TC_17_PreviewTest.writePreviewToExcel(TC_17_PreviewTest.java:35)
	at java.base/jdk.internal.reflect.DirectMethodHandleAccessor.invoke(DirectMethodHandleAccessor.java:104)
	at java.base/java.lang.reflect.Method.invoke(Method.java:578)
	at org.testng.internal.MethodInvocationHelper.invokeMethod(MethodInvocationHelper.java:108)
	at org.testng.internal.Invoker.invokeMethod(Invoker.java:661)
	at org.testng.internal.Invoker.invokeTestMethod(Invoker.java:869)
	at org.testng.internal.Invoker.invokeTestMethods(Invoker.java:1193)
	at org.testng.internal.TestMethodWorker.invokeTestMethods(TestMethodWorker.java:126)
	at org.testng.internal.TestMethodWorker.run(TestMethodWorker.java:109)
	at org.testng.TestRunner.privateRun(TestRunner.java:744)
	at org.testng.TestRunner.run(TestRunner.java:602)
	at org.testng.SuiteRunner.runTest(SuiteRunner.java:380)
	at org.testng.SuiteRunner.runSequentially(SuiteRunner.java:375)
	at org.testng.SuiteRunner.privateRun(SuiteRunner.java:340)
	at org.testng.SuiteRunner.run(SuiteRunner.java:289)
	at org.testng.SuiteRunnerWorker.runSuite(SuiteRunnerWorker.java:52)
	at org.testng.SuiteRunnerWorker.run(SuiteRunnerWorker.java:86)
	at org.testng.TestNG.runSuitesSequentially(TestNG.java:1301)
	at org.testng.TestNG.runSuitesLocally(TestNG.java:1226)
	at org.testng.TestNG.runSuites(TestNG.java:1144)
	at org.testng.TestNG.run(TestNG.java:1115)
	at org.testng.remote.AbstractRemoteTestNG.run(AbstractRemoteTestNG.java:115)
	at org.testng.remote.RemoteTestNG.initAndRun(RemoteTestNG.java:251)
	at org.testng.remote.RemoteTestNG.main(RemoteTestNG.java:77)
</pre></div></td>
<td>0</td>
<td>com.ugapp.testcases.TC_17_PreviewTest@7072bc39</td></tr>
</table><p>
</body>
</html>