<html>
<head>
<title>TestNG:  TC_11_MySchoolsPageTest</title>
<link href="../testng.css" rel="stylesheet" type="text/css" />
<link href="../my-testng.css" rel="stylesheet" type="text/css" />

<style type="text/css">
.log { display: none;} 
.stack-trace { display: none;} 
</style>
<script type="text/javascript">
<!--
function flip(e) {
  current = e.style.display;
  if (current == 'block') {
    e.style.display = 'none';
    return 0;
  }
  else {
    e.style.display = 'block';
    return 1;
  }
}

function toggleBox(szDivId, elem, msg1, msg2)
{
  var res = -1;  if (document.getElementById) {
    res = flip(document.getElementById(szDivId));
  }
  else if (document.all) {
    // this is the way old msie versions work
    res = flip(document.all[szDivId]);
  }
  if(elem) {
    if(res == 0) elem.innerHTML = msg1; else elem.innerHTML = msg2;
  }

}

function toggleAllBoxes() {
  if (document.getElementsByTagName) {
    d = document.getElementsByTagName('div');
    for (i = 0; i < d.length; i++) {
      if (d[i].className == 'log') {
        flip(d[i]);
      }
    }
  }
}

// -->
</script>

</head>
<body>
<h2 align='center'>TC_11_MySchoolsPageTest</h2><table border='1' align="center">
<tr>
<td>Tests passed/Failed/Skipped:</td><td>25/1/0</td>
</tr><tr>
<td>Started on:</td><td>Mon Jan 15 16:19:41 IST 2024</td>
</tr>
<tr><td>Total time:</td><td>408 seconds (408686 ms)</td>
</tr><tr>
<td>Included groups:</td><td></td>
</tr><tr>
<td>Excluded groups:</td><td></td>
</tr>
</table><p/>
<small><i>(Hover the method name to see the test class name)</i></small><p/>
<table width='100%' border='1' class='invocation-failed'>
<tr><td colspan='4' align='center'><b>FAILED TESTS</b></td></tr>
<tr><td><b>Test method</b></td>
<td width="30%"><b>Exception</b></td>
<td width="10%"><b>Time (seconds)</b></td>
<td><b>Instance</b></td>
</tr>
<tr>
<td title='com.ugapp.testcases.TC_11_MySchoolsPageTest.SelectNameOnTranscriptTest()'><b>SelectNameOnTranscriptTest</b><br>Test class: com.ugapp.testcases.TC_11_MySchoolsPageTest</td>
<td><div><pre>org.openqa.selenium.NoSuchElementException: no such element: Unable to locate element: {&quot;method&quot;:&quot;css selector&quot;,&quot;selector&quot;:&quot;#school_transcript_name&quot;}
  (Session info: chrome=120.0.6099.216)
For documentation on this error, please visit: https://www.selenium.dev/documentation/webdriver/troubleshooting/errors#no-such-element-exception
Build info: version: &apos;4.16.1&apos;, revision: &apos;9b4c83354e&apos;
System info: os.name: &apos;Mac OS X&apos;, os.arch: &apos;x86_64&apos;, os.version: &apos;12.7.2&apos;, java.version: &apos;20.0.2&apos;
Driver info: org.openqa.selenium.chrome.ChromeDriver
Command: [9116117432a8c56a362c81578d6a2d36, findElement {using=id, value=school_transcript_name}]
Capabilities {acceptInsecureCerts: false, browserName: chrome, browserVersion: 120.0.6099.216, chrome: {chromedriverVersion: 120.0.6099.109 (3419140ab66...}, fedcm:accounts: true, goog:chromeOptions: {debuggerAddress: localhost:49779}, pageLoadStrategy: normal, platformName: any, proxy: Proxy(), se:cdp: ws://localhost:49779/devtoo..., se:cdpVersion: 120.0.6099.216, setWindowRect: false, strictFileInteractability: false, timeouts: {implicit: 0, pageLoad: 300000, script: 30000}, unhandledPromptBehavior: dismiss and notify, webauthn:extension:credBlob: true, webauthn:extension:largeBlob: true, webauthn:extension:minPinLength: true, webauthn:extension:prf: true, webauthn:virtualAuthenticators: true}
Session ID: 9116117432a8c56a362c81578d6a2d36
	at org.openqa.selenium.remote.codec.w3c.W3CHttpResponseCodec.createException(W3CHttpResponseCodec.java:200)
	at org.openqa.selenium.remote.codec.w3c.W3CHttpResponseCodec.decode(W3CHttpResponseCodec.java:133)
	at org.openqa.selenium.remote.codec.w3c.W3CHttpResponseCodec.decode(W3CHttpResponseCodec.java:52)
	at org.openqa.selenium.remote.HttpCommandExecutor.execute(HttpCommandExecutor.java:191)
	at org.openqa.selenium.remote.service.DriverCommandExecutor.invokeExecute(DriverCommandExecutor.java:200)
	at org.openqa.selenium.remote.service.DriverCommandExecutor.execute(DriverCommandExecutor.java:175)
	at org.openqa.selenium.remote.RemoteWebDriver.execute(RemoteWebDriver.java:523)
	at org.openqa.selenium.remote.ElementLocation$ElementFinder$2.findElement(ElementLocation.java:165)
	at org.openqa.selenium.remote.ElementLocation.findElement(ElementLocation.java:59)
	at org.openqa.selenium.remote.RemoteWebDriver.findElement(RemoteWebDriver.java:360)
	at org.openqa.selenium.remote.RemoteWebDriver.findElement(RemoteWebDriver.java:354)
	at com.ugapp.base.Page.findElement(Page.java:144)
	at com.ugapp.pages.MySchoolsPage.SelectNameOnTranscript(MySchoolsPage.java:432)
	at com.ugapp.testcases.TC_11_MySchoolsPageTest.SelectNameOnTranscriptTest(TC_11_MySchoolsPageTest.java:86)
... Removed 26 stack frames</pre></div><a href='#' onClick='toggleBox("stack-trace501244955", this, "Click to show all stack frames", "Click to hide stack frames")'>Click to show all stack frames</a>
<div class='stack-trace' id='stack-trace501244955'><pre>org.openqa.selenium.NoSuchElementException: no such element: Unable to locate element: {&quot;method&quot;:&quot;css selector&quot;,&quot;selector&quot;:&quot;#school_transcript_name&quot;}
  (Session info: chrome=120.0.6099.216)
For documentation on this error, please visit: https://www.selenium.dev/documentation/webdriver/troubleshooting/errors#no-such-element-exception
Build info: version: &apos;4.16.1&apos;, revision: &apos;9b4c83354e&apos;
System info: os.name: &apos;Mac OS X&apos;, os.arch: &apos;x86_64&apos;, os.version: &apos;12.7.2&apos;, java.version: &apos;20.0.2&apos;
Driver info: org.openqa.selenium.chrome.ChromeDriver
Command: [9116117432a8c56a362c81578d6a2d36, findElement {using=id, value=school_transcript_name}]
Capabilities {acceptInsecureCerts: false, browserName: chrome, browserVersion: 120.0.6099.216, chrome: {chromedriverVersion: 120.0.6099.109 (3419140ab66...}, fedcm:accounts: true, goog:chromeOptions: {debuggerAddress: localhost:49779}, pageLoadStrategy: normal, platformName: any, proxy: Proxy(), se:cdp: ws://localhost:49779/devtoo..., se:cdpVersion: 120.0.6099.216, setWindowRect: false, strictFileInteractability: false, timeouts: {implicit: 0, pageLoad: 300000, script: 30000}, unhandledPromptBehavior: dismiss and notify, webauthn:extension:credBlob: true, webauthn:extension:largeBlob: true, webauthn:extension:minPinLength: true, webauthn:extension:prf: true, webauthn:virtualAuthenticators: true}
Session ID: 9116117432a8c56a362c81578d6a2d36
	at java.base/jdk.internal.reflect.DirectConstructorHandleAccessor.newInstance(DirectConstructorHandleAccessor.java:67)
	at java.base/java.lang.reflect.Constructor.newInstanceWithCaller(Constructor.java:500)
	at java.base/java.lang.reflect.Constructor.newInstance(Constructor.java:484)
	at org.openqa.selenium.remote.codec.w3c.W3CHttpResponseCodec.createException(W3CHttpResponseCodec.java:200)
	at org.openqa.selenium.remote.codec.w3c.W3CHttpResponseCodec.decode(W3CHttpResponseCodec.java:133)
	at org.openqa.selenium.remote.codec.w3c.W3CHttpResponseCodec.decode(W3CHttpResponseCodec.java:52)
	at org.openqa.selenium.remote.HttpCommandExecutor.execute(HttpCommandExecutor.java:191)
	at org.openqa.selenium.remote.service.DriverCommandExecutor.invokeExecute(DriverCommandExecutor.java:200)
	at org.openqa.selenium.remote.service.DriverCommandExecutor.execute(DriverCommandExecutor.java:175)
	at org.openqa.selenium.remote.RemoteWebDriver.execute(RemoteWebDriver.java:523)
	at org.openqa.selenium.remote.ElementLocation$ElementFinder$2.findElement(ElementLocation.java:165)
	at org.openqa.selenium.remote.ElementLocation.findElement(ElementLocation.java:59)
	at org.openqa.selenium.remote.RemoteWebDriver.findElement(RemoteWebDriver.java:360)
	at org.openqa.selenium.remote.RemoteWebDriver.findElement(RemoteWebDriver.java:354)
	at com.ugapp.base.Page.findElement(Page.java:144)
	at com.ugapp.pages.MySchoolsPage.SelectNameOnTranscript(MySchoolsPage.java:432)
	at com.ugapp.testcases.TC_11_MySchoolsPageTest.SelectNameOnTranscriptTest(TC_11_MySchoolsPageTest.java:86)
	at java.base/jdk.internal.reflect.DirectMethodHandleAccessor.invoke(DirectMethodHandleAccessor.java:104)
	at java.base/java.lang.reflect.Method.invoke(Method.java:578)
	at org.testng.internal.MethodInvocationHelper.invokeMethod(MethodInvocationHelper.java:108)
	at org.testng.internal.Invoker.invokeMethod(Invoker.java:661)
	at org.testng.internal.Invoker.invokeTestMethod(Invoker.java:869)
	at org.testng.internal.Invoker.invokeTestMethods(Invoker.java:1193)
	at org.testng.internal.TestMethodWorker.invokeTestMethods(TestMethodWorker.java:126)
	at org.testng.internal.TestMethodWorker.run(TestMethodWorker.java:109)
	at org.testng.TestRunner.privateRun(TestRunner.java:744)
	at org.testng.TestRunner.run(TestRunner.java:602)
	at org.testng.SuiteRunner.runTest(SuiteRunner.java:380)
	at org.testng.SuiteRunner.runSequentially(SuiteRunner.java:375)
	at org.testng.SuiteRunner.privateRun(SuiteRunner.java:340)
	at org.testng.SuiteRunner.run(SuiteRunner.java:289)
	at org.testng.SuiteRunnerWorker.runSuite(SuiteRunnerWorker.java:52)
	at org.testng.SuiteRunnerWorker.run(SuiteRunnerWorker.java:86)
	at org.testng.TestNG.runSuitesSequentially(TestNG.java:1301)
	at org.testng.TestNG.runSuitesLocally(TestNG.java:1226)
	at org.testng.TestNG.runSuites(TestNG.java:1144)
	at org.testng.TestNG.run(TestNG.java:1115)
	at org.testng.remote.AbstractRemoteTestNG.run(AbstractRemoteTestNG.java:115)
	at org.testng.remote.RemoteTestNG.initAndRun(RemoteTestNG.java:251)
	at org.testng.remote.RemoteTestNG.main(RemoteTestNG.java:77)
</pre></div></td>
<td>1</td>
<td>com.ugapp.testcases.TC_11_MySchoolsPageTest@54107f42</td></tr>
</table><p>
<table width='100%' border='1' class='invocation-passed'>
<tr><td colspan='4' align='center'><b>PASSED TESTS</b></td></tr>
<tr><td><b>Test method</b></td>
<td width="30%"><b>Exception</b></td>
<td width="10%"><b>Time (seconds)</b></td>
<td><b>Instance</b></td>
</tr>
<tr>
<td title='com.ugapp.testcases.TC_11_MySchoolsPageTest.AddMaxHighSchoolTest()'><b>AddMaxHighSchoolTest</b><br>Test class: com.ugapp.testcases.TC_11_MySchoolsPageTest<br>Parameters: {School_name=Test School A, State=Test State, Runmode=Y, City=Test City, SAISno=1234567891}</td>
<td></td>
<td>30</td>
<td>com.ugapp.testcases.TC_11_MySchoolsPageTest@54107f42</td></tr>
<tr>
<td title='com.ugapp.testcases.TC_11_MySchoolsPageTest.AddMaxHighSchoolTest()'><b>AddMaxHighSchoolTest</b><br>Test class: com.ugapp.testcases.TC_11_MySchoolsPageTest<br>Parameters: {School_name=Test School B, State=Test State, Runmode=Y, City=Test City, SAISno=1234567891}</td>
<td></td>
<td>30</td>
<td>com.ugapp.testcases.TC_11_MySchoolsPageTest@54107f42</td></tr>
<tr>
<td title='com.ugapp.testcases.TC_11_MySchoolsPageTest.AddMaxHighSchoolTest()'><b>AddMaxHighSchoolTest</b><br>Test class: com.ugapp.testcases.TC_11_MySchoolsPageTest<br>Parameters: {School_name=Test School C, State=Test State, Runmode=Y, City=Test City, SAISno=1234567891}</td>
<td></td>
<td>30</td>
<td>com.ugapp.testcases.TC_11_MySchoolsPageTest@54107f42</td></tr>
<tr>
<td title='com.ugapp.testcases.TC_11_MySchoolsPageTest.AddMaxHighSchoolTest()'><b>AddMaxHighSchoolTest</b><br>Test class: com.ugapp.testcases.TC_11_MySchoolsPageTest<br>Parameters: {School_name=Test School D, State=Test State, Runmode=Y, City=Test City, SAISno=1234567891}</td>
<td></td>
<td>29</td>
<td>com.ugapp.testcases.TC_11_MySchoolsPageTest@54107f42</td></tr>
<tr>
<td title='com.ugapp.testcases.TC_11_MySchoolsPageTest.AddMaxHighSchoolTest()'><b>AddMaxHighSchoolTest</b><br>Test class: com.ugapp.testcases.TC_11_MySchoolsPageTest<br>Parameters: {School_name=Test School E, State=Test State, Runmode=Y, City=Test City, SAISno=1234567891}</td>
<td></td>
<td>27</td>
<td>com.ugapp.testcases.TC_11_MySchoolsPageTest@54107f42</td></tr>
<tr>
<td title='com.ugapp.testcases.TC_11_MySchoolsPageTest.AddMaxHighSchoolTest()'><b>AddMaxHighSchoolTest</b><br>Test class: com.ugapp.testcases.TC_11_MySchoolsPageTest<br>Parameters: {School_name=Test School F, State=Test State, Runmode=Y, City=Test City, SAISno=1234567891}</td>
<td></td>
<td>29</td>
<td>com.ugapp.testcases.TC_11_MySchoolsPageTest@54107f42</td></tr>
<tr>
<td title='com.ugapp.testcases.TC_11_MySchoolsPageTest.AddMaxHighSchoolTest()'><b>AddMaxHighSchoolTest</b><br>Test class: com.ugapp.testcases.TC_11_MySchoolsPageTest<br>Parameters: {School_name=Test School G, State=Test State, Runmode=Y, City=Test City, SAISno=1234567891}</td>
<td></td>
<td>29</td>
<td>com.ugapp.testcases.TC_11_MySchoolsPageTest@54107f42</td></tr>
<tr>
<td title='com.ugapp.testcases.TC_11_MySchoolsPageTest.AddMaxHighSchoolTest()'><b>AddMaxHighSchoolTest</b><br>Test class: com.ugapp.testcases.TC_11_MySchoolsPageTest<br>Parameters: {School_name=Test School H, State=Test State, Runmode=Y, City=Test City, SAISno=1234567891}</td>
<td></td>
<td>29</td>
<td>com.ugapp.testcases.TC_11_MySchoolsPageTest@54107f42</td></tr>
<tr>
<td title='com.ugapp.testcases.TC_11_MySchoolsPageTest.AddMaxHighSchoolTest()'><b>AddMaxHighSchoolTest</b><br>Test class: com.ugapp.testcases.TC_11_MySchoolsPageTest<br>Parameters: {School_name=Test School I, State=Test State, Runmode=Y, City=Test City, SAISno=1234567891}</td>
<td></td>
<td>29</td>
<td>com.ugapp.testcases.TC_11_MySchoolsPageTest@54107f42</td></tr>
<tr>
<td title='com.ugapp.testcases.TC_11_MySchoolsPageTest.CollegeUniversitiesTest()'><b>CollegeUniversitiesTest</b><br>Test class: com.ugapp.testcases.TC_11_MySchoolsPageTest<br>Parameters: {State=testtesttesttesttesttesttesttest, Degree_Concentration=testtesttesttesttesttesttesttest, Institution_name=testtesttesttesttesttesttesttesttesttesttesttesttesttesttest, Runmode=Y, City=testtesttesttesttesttesttesttest}</td>
<td></td>
<td>23</td>
<td>com.ugapp.testcases.TC_11_MySchoolsPageTest@54107f42</td></tr>
<tr>
<td title='com.ugapp.testcases.TC_11_MySchoolsPageTest.CollegeUniversitiesTest()'><b>CollegeUniversitiesTest</b><br>Test class: com.ugapp.testcases.TC_11_MySchoolsPageTest<br>Parameters: {State=Test State, Degree_Concentration=Test Degree, Institution_name=Test Institution, Runmode=Y, City=Test City}</td>
<td></td>
<td>22</td>
<td>com.ugapp.testcases.TC_11_MySchoolsPageTest@54107f42</td></tr>
<tr>
<td title='com.ugapp.testcases.TC_11_MySchoolsPageTest.DeleteAddedSchoolTest()'><b>DeleteAddedSchoolTest</b><br>Test class: com.ugapp.testcases.TC_11_MySchoolsPageTest</td>
<td></td>
<td>2</td>
<td>com.ugapp.testcases.TC_11_MySchoolsPageTest@54107f42</td></tr>
<tr>
<td title='com.ugapp.testcases.TC_11_MySchoolsPageTest.EnterFirstAndLastDateTest()'><b>EnterFirstAndLastDateTest</b><br>Test class: com.ugapp.testcases.TC_11_MySchoolsPageTest<br>Parameters: 6, 7</td>
<td></td>
<td>13</td>
<td>com.ugapp.testcases.TC_11_MySchoolsPageTest@54107f42</td></tr>
<tr>
<td title='com.ugapp.testcases.TC_11_MySchoolsPageTest.GraduatingSchoolTest()'><b>GraduatingSchoolTest</b><br>Test class: com.ugapp.testcases.TC_11_MySchoolsPageTest<br>Parameters: {School_name=testtesttesttesttesttesttesttest, State=testtesttesttesttesttesttesttest, Runmode=Y, City=testtesttesttesttesttesttesttest, SAISno=12345678910}</td>
<td></td>
<td>8</td>
<td>com.ugapp.testcases.TC_11_MySchoolsPageTest@54107f42</td></tr>
<tr>
<td title='com.ugapp.testcases.TC_11_MySchoolsPageTest.GraduatingSchoolTest()'><b>GraduatingSchoolTest</b><br>Test class: com.ugapp.testcases.TC_11_MySchoolsPageTest<br>Parameters: {School_name=Test School, State=Test State, Runmode=Y, City=Test City, SAISno=1234567890}</td>
<td></td>
<td>7</td>
<td>com.ugapp.testcases.TC_11_MySchoolsPageTest@54107f42</td></tr>
<tr>
<td title='com.ugapp.testcases.TC_11_MySchoolsPageTest.HaveAttendedOrAttendingCollegeAndUniversitiesYesTest()'><b>HaveAttendedOrAttendingCollegeAndUniversitiesYesTest</b><br>Test class: com.ugapp.testcases.TC_11_MySchoolsPageTest<br>Parameters: 6, 7</td>
<td></td>
<td>2</td>
<td>com.ugapp.testcases.TC_11_MySchoolsPageTest@54107f42</td></tr>
<tr>
<td title='com.ugapp.testcases.TC_11_MySchoolsPageTest.PastGraduationDateTest()'><b>PastGraduationDateTest</b><br>Test class: com.ugapp.testcases.TC_11_MySchoolsPageTest<br>Parameters: 6, 7</td>
<td></td>
<td>6</td>
<td>com.ugapp.testcases.TC_11_MySchoolsPageTest@54107f42</td></tr>
<tr>
<td title='com.ugapp.testcases.TC_11_MySchoolsPageTest.PreviousCollegeEligibilityTest()'><b>PreviousCollegeEligibilityTest</b><br>Test class: com.ugapp.testcases.TC_11_MySchoolsPageTest<br>Parameters: 6, 7</td>
<td></td>
<td>13</td>
<td>com.ugapp.testcases.TC_11_MySchoolsPageTest@54107f42</td></tr>
<tr>
<td title='com.ugapp.testcases.TC_11_MySchoolsPageTest.RecentHighSchool_CountryTest()'><b>RecentHighSchool_CountryTest</b><br>Test class: com.ugapp.testcases.TC_11_MySchoolsPageTest</td>
<td></td>
<td>4</td>
<td>com.ugapp.testcases.TC_11_MySchoolsPageTest@54107f42</td></tr>
<tr>
<td title='com.ugapp.testcases.TC_11_MySchoolsPageTest.RecentSchoolAZTest()'><b>RecentSchoolAZTest</b><br>Test class: com.ugapp.testcases.TC_11_MySchoolsPageTest<br>Parameters: 6, 7</td>
<td></td>
<td>20</td>
<td>com.ugapp.testcases.TC_11_MySchoolsPageTest@54107f42</td></tr>
<tr>
<td title='com.ugapp.testcases.TC_11_MySchoolsPageTest.SaveThePageTest()'><b>SaveThePageTest</b><br>Test class: com.ugapp.testcases.TC_11_MySchoolsPageTest</td>
<td></td>
<td>4</td>
<td>com.ugapp.testcases.TC_11_MySchoolsPageTest@54107f42</td></tr>
<tr>
<td title='com.ugapp.testcases.TC_11_MySchoolsPageTest.TranscriptPolicyTest()'><b>TranscriptPolicyTest</b><br>Test class: com.ugapp.testcases.TC_11_MySchoolsPageTest</td>
<td></td>
<td>4</td>
<td>com.ugapp.testcases.TC_11_MySchoolsPageTest@54107f42</td></tr>
<tr>
<td title='com.ugapp.testcases.TC_11_MySchoolsPageTest.saveInstitutionTest()'><b>saveInstitutionTest</b><br>Test class: com.ugapp.testcases.TC_11_MySchoolsPageTest</td>
<td></td>
<td>1</td>
<td>com.ugapp.testcases.TC_11_MySchoolsPageTest@54107f42</td></tr>
<tr>
<td title='com.ugapp.testcases.TC_11_MySchoolsPageTest.validateAddSchoolTest()'><b>validateAddSchoolTest</b><br>Test class: com.ugapp.testcases.TC_11_MySchoolsPageTest</td>
<td></td>
<td>0</td>
<td>com.ugapp.testcases.TC_11_MySchoolsPageTest@54107f42</td></tr>
<tr>
<td title='com.ugapp.testcases.TC_11_MySchoolsPageTest.validateMySchoolsPage()'><b>validateMySchoolsPage</b><br>Test class: com.ugapp.testcases.TC_11_MySchoolsPageTest</td>
<td></td>
<td>3</td>
<td>com.ugapp.testcases.TC_11_MySchoolsPageTest@54107f42</td></tr>
</table><p>
</body>
</html>