<?xml version="1.0" encoding="UTF-8"?>
<!-- Generated by org.testng.reporters.JUnitXMLReporter -->
<testsuite ignored="1" hostname="Admins-MacBook-Pro.local" failures="0" tests="1" name="F3_Lessthan18_US_Res_ActiveDuty_AZ" time="0.043" errors="0" timestamp="25 Jan 2024 10:35:43 GMT">
  <testcase classname="com.ugapp.testcases.BaseTest" name="@BeforeSuite colNum" time="0.0">
    <failure type="org.testng.TestNGException" message="
Parameter &amp;apos;colKey&amp;apos; is required by BeforeSuite on method colNum but has not been marked @Optional or defined
in /Users/divyashree/git/undergrad1/src/test/resources/com/ugapp/runner/testng.xml">
      <![CDATA[org.testng.TestNGException: 
Parameter 'colKey' is required by BeforeSuite on method colNum but has not been marked @Optional or defined
in /Users/divyashree/git/undergrad1/src/test/resources/com/ugapp/runner/testng.xml
	at org.testng.internal.Parameters.createParameters(Parameters.java:199)
	at org.testng.internal.Parameters.createParameters(Parameters.java:443)
	at org.testng.internal.Parameters.createConfigurationParameters(Parameters.java:118)
	at org.testng.internal.Invoker.invokeConfigurations(Invoker.java:206)
	at org.testng.internal.Invoker.invokeConfigurations(Invoker.java:146)
	at org.testng.SuiteRunner.privateRun(SuiteRunner.java:326)
	at org.testng.SuiteRunner.run(SuiteRunner.java:289)
	at org.testng.SuiteRunnerWorker.runSuite(SuiteRunnerWorker.java:52)
	at org.testng.SuiteRunnerWorker.run(SuiteRunnerWorker.java:86)
	at org.testng.TestNG.runSuitesSequentially(TestNG.java:1301)
	at org.testng.TestNG.runSuitesLocally(TestNG.java:1226)
	at org.testng.TestNG.runSuites(TestNG.java:1144)
	at org.testng.TestNG.run(TestNG.java:1115)
	at org.testng.remote.AbstractRemoteTestNG.run(AbstractRemoteTestNG.java:115)
	at org.testng.remote.RemoteTestNG.initAndRun(RemoteTestNG.java:251)
	at org.testng.remote.RemoteTestNG.main(RemoteTestNG.java:77)
]]>
    </failure>
  </testcase> <!-- @BeforeSuite colNum -->
  <testcase classname="com.ugapp.testcases.BaseTest" name="@BeforeSuite setup" time="0.0">
    <skipped/>
  </testcase> <!-- @BeforeSuite setup -->
  <testcase classname="com.ugapp.testcases.TC_01_LandingPageTest" name="verifyLandingPage" time="0.0">
    <skipped/>
  </testcase> <!-- verifyLandingPage -->
  <testcase classname="com.ugapp.testcases.TC_01_LandingPageTest" name="CreateNewAcc" time="0.0">
    <ignored/>
  </testcase> <!-- CreateNewAcc -->
</testsuite> <!-- F3_Lessthan18_US_Res_ActiveDuty_AZ -->
