<?xml version="1.0" encoding="UTF-8"?>
<!-- Generated by org.testng.reporters.JUnitXMLReporter -->
<testsuite ignored="1" hostname="Admins-MacBook-Pro.local" failures="3" tests="4" name="Preview page Test" time="6.189" errors="0" timestamp="2024-10-07T17:54:33 IST">
  <testcase classname="com.ugapp.testcases.TC_17_PreviewTest" name="preview" time="4.666">
    <failure type="java.lang.NullPointerException" message="Cannot invoke &amp;quot;org.openqa.selenium.WebElement.isEnabled()&amp;quot; because the return value of &amp;quot;com.ugapp.pages.PreviewPage.findElement(String)&amp;quot; is null">
      <![CDATA[java.lang.NullPointerException: Cannot invoke "org.openqa.selenium.WebElement.isEnabled()" because the return value of "com.ugapp.pages.PreviewPage.findElement(String)" is null
at com.ugapp.pages.PreviewPage.downloadPdf(PreviewPage.java:44)
at com.ugapp.testcases.TC_17_PreviewTest.preview(TC_17_PreviewTest.java:23)
at java.base/java.util.ArrayList.forEach(ArrayList.java:1511)
... Removed 27 stack frames]]>
    </failure>
  </testcase> <!-- preview -->
  <testcase classname="com.ugapp.testcases.TC_17_PreviewTest" name="writePreviewToExcel" time="0.127">
    <failure type="org.openqa.selenium.JavascriptException" message="javascript error: Cannot read properties of null (reading &amp;apos;scrollIntoView&amp;apos;)
  (Session info: chrome=129.0.6668.90)
Build info: version: &amp;apos;4.25.0&amp;apos;, revision: &amp;apos;8a8aea2337&amp;apos;
System info: os.name: &amp;apos;Mac OS X&amp;apos;, os.arch: &amp;apos;x86_64&amp;apos;, os.version: &amp;apos;12.7.6&amp;apos;, java.version: &amp;apos;17.0.8.1&amp;apos;
Driver info: org.openqa.selenium.chrome.ChromeDriver
Command: [f243db30d456fe5d298af8502c67ef83, executeScript {script=arguments[0].scrollIntoView({block: &amp;apos;center&amp;apos;});, args=[null]}]
Capabilities {acceptInsecureCerts: false, browserName: chrome, browserVersion: 129.0.6668.90, chrome: {chromedriverVersion: 129.0.6668.89 (951c0b97221f...}, fedcm:accounts: true, goog:chromeOptions: {debuggerAddress: localhost:51778}, pageLoadStrategy: normal, platformName: any, proxy: Proxy(), se:cdp: ws://localhost:51778/devtoo..., se:cdpVersion: 129.0.6668.90, setWindowRect: false, strictFileInteractability: false, timeouts: {implicit: 0, pageLoad: 300000, script: 30000}, unhandledPromptBehavior: dismiss and notify, webauthn:extension:credBlob: true, webauthn:extension:largeBlob: true, webauthn:extension:minPinLength: true, webauthn:extension:prf: true, webauthn:virtualAuthenticators: true}
Session ID: f243db30d456fe5d298af8502c67ef83">
      <![CDATA[org.openqa.selenium.JavascriptException: javascript error: Cannot read properties of null (reading 'scrollIntoView')
  (Session info: chrome=129.0.6668.90)
Build info: version: '4.25.0', revision: '8a8aea2337'
System info: os.name: 'Mac OS X', os.arch: 'x86_64', os.version: '12.7.6', java.version: '17.0.8.1'
Driver info: org.openqa.selenium.chrome.ChromeDriver
Command: [f243db30d456fe5d298af8502c67ef83, executeScript {script=arguments[0].scrollIntoView({block: 'center'});, args=[null]}]
Capabilities {acceptInsecureCerts: false, browserName: chrome, browserVersion: 129.0.6668.90, chrome: {chromedriverVersion: 129.0.6668.89 (951c0b97221f...}, fedcm:accounts: true, goog:chromeOptions: {debuggerAddress: localhost:51778}, pageLoadStrategy: normal, platformName: any, proxy: Proxy(), se:cdp: ws://localhost:51778/devtoo..., se:cdpVersion: 129.0.6668.90, setWindowRect: false, strictFileInteractability: false, timeouts: {implicit: 0, pageLoad: 300000, script: 30000}, unhandledPromptBehavior: dismiss and notify, webauthn:extension:credBlob: true, webauthn:extension:largeBlob: true, webauthn:extension:minPinLength: true, webauthn:extension:prf: true, webauthn:virtualAuthenticators: true}
Session ID: f243db30d456fe5d298af8502c67ef83
at org.openqa.selenium.remote.ErrorCodec.decode(ErrorCodec.java:167)
at org.openqa.selenium.remote.codec.w3c.W3CHttpResponseCodec.decode(W3CHttpResponseCodec.java:138)
at org.openqa.selenium.remote.codec.w3c.W3CHttpResponseCodec.decode(W3CHttpResponseCodec.java:50)
at org.openqa.selenium.remote.HttpCommandExecutor.execute(HttpCommandExecutor.java:190)
at org.openqa.selenium.remote.service.DriverCommandExecutor.invokeExecute(DriverCommandExecutor.java:216)
at org.openqa.selenium.remote.service.DriverCommandExecutor.execute(DriverCommandExecutor.java:174)
at org.openqa.selenium.remote.RemoteWebDriver.execute(RemoteWebDriver.java:545)
at org.openqa.selenium.remote.RemoteWebDriver.executeScript(RemoteWebDriver.java:476)
at com.ugapp.pages.PreviewPage.previewProfile(PreviewPage.java:82)
at com.ugapp.testcases.TC_17_PreviewTest.writePreviewToExcel(TC_17_PreviewTest.java:34)
at java.base/java.util.ArrayList.forEach(ArrayList.java:1511)
... Removed 32 stack frames]]>
    </failure>
  </testcase> <!-- writePreviewToExcel -->
  <testcase classname="com.ugapp.testcases.TC_17_PreviewTest" name="ComparePreviewWithReview" time="0.268"/>
  <testcase classname="com.ugapp.testcases.TC_17_PreviewTest" name="postPreview" time="0.089">
    <failure type="org.openqa.selenium.ElementNotInteractableException" message="element not interactable
  (Session info: chrome=129.0.6668.90)
Build info: version: &amp;apos;4.25.0&amp;apos;, revision: &amp;apos;8a8aea2337&amp;apos;
System info: os.name: &amp;apos;Mac OS X&amp;apos;, os.arch: &amp;apos;x86_64&amp;apos;, os.version: &amp;apos;12.7.6&amp;apos;, java.version: &amp;apos;17.0.8.1&amp;apos;
Driver info: org.openqa.selenium.chrome.ChromeDriver
Command: [f243db30d456fe5d298af8502c67ef83, clickElement {id=f.07553665346F62B11B292C1DB821A198.d.64EE1A1C94AD723147C051ECC4D8EC01.e.21}]
Capabilities {acceptInsecureCerts: false, browserName: chrome, browserVersion: 129.0.6668.90, chrome: {chromedriverVersion: 129.0.6668.89 (951c0b97221f...}, fedcm:accounts: true, goog:chromeOptions: {debuggerAddress: localhost:51778}, pageLoadStrategy: normal, platformName: any, proxy: Proxy(), se:cdp: ws://localhost:51778/devtoo..., se:cdpVersion: 129.0.6668.90, setWindowRect: false, strictFileInteractability: false, timeouts: {implicit: 0, pageLoad: 300000, script: 30000}, unhandledPromptBehavior: dismiss and notify, webauthn:extension:credBlob: true, webauthn:extension:largeBlob: true, webauthn:extension:minPinLength: true, webauthn:extension:prf: true, webauthn:virtualAuthenticators: true}
Element: [[ChromeDriver: chrome on any (f243db30d456fe5d298af8502c67ef83)] -&amp;gt; xpath: //div[@data-cy=&amp;apos;profile-menu&amp;apos;]//button]
Session ID: f243db30d456fe5d298af8502c67ef83">
      <![CDATA[org.openqa.selenium.ElementNotInteractableException: element not interactable
  (Session info: chrome=129.0.6668.90)
Build info: version: '4.25.0', revision: '8a8aea2337'
System info: os.name: 'Mac OS X', os.arch: 'x86_64', os.version: '12.7.6', java.version: '17.0.8.1'
Driver info: org.openqa.selenium.chrome.ChromeDriver
Command: [f243db30d456fe5d298af8502c67ef83, clickElement {id=f.07553665346F62B11B292C1DB821A198.d.64EE1A1C94AD723147C051ECC4D8EC01.e.21}]
Capabilities {acceptInsecureCerts: false, browserName: chrome, browserVersion: 129.0.6668.90, chrome: {chromedriverVersion: 129.0.6668.89 (951c0b97221f...}, fedcm:accounts: true, goog:chromeOptions: {debuggerAddress: localhost:51778}, pageLoadStrategy: normal, platformName: any, proxy: Proxy(), se:cdp: ws://localhost:51778/devtoo..., se:cdpVersion: 129.0.6668.90, setWindowRect: false, strictFileInteractability: false, timeouts: {implicit: 0, pageLoad: 300000, script: 30000}, unhandledPromptBehavior: dismiss and notify, webauthn:extension:credBlob: true, webauthn:extension:largeBlob: true, webauthn:extension:minPinLength: true, webauthn:extension:prf: true, webauthn:virtualAuthenticators: true}
Element: [[ChromeDriver: chrome on any (f243db30d456fe5d298af8502c67ef83)] -> xpath: //div[@data-cy='profile-menu']//button]
Session ID: f243db30d456fe5d298af8502c67ef83
at org.openqa.selenium.remote.ErrorCodec.decode(ErrorCodec.java:167)
at org.openqa.selenium.remote.codec.w3c.W3CHttpResponseCodec.decode(W3CHttpResponseCodec.java:138)
at org.openqa.selenium.remote.codec.w3c.W3CHttpResponseCodec.decode(W3CHttpResponseCodec.java:50)
at org.openqa.selenium.remote.HttpCommandExecutor.execute(HttpCommandExecutor.java:190)
at org.openqa.selenium.remote.service.DriverCommandExecutor.invokeExecute(DriverCommandExecutor.java:216)
at org.openqa.selenium.remote.service.DriverCommandExecutor.execute(DriverCommandExecutor.java:174)
at org.openqa.selenium.remote.RemoteWebDriver.execute(RemoteWebDriver.java:545)
at org.openqa.selenium.remote.RemoteWebElement.execute(RemoteWebElement.java:223)
at org.openqa.selenium.remote.RemoteWebElement.click(RemoteWebElement.java:76)
at com.ugapp.pages.PreviewPage.signOut(PreviewPage.java:365)
at com.ugapp.testcases.TC_17_PreviewTest.postPreview(TC_17_PreviewTest.java:79)
at java.base/java.util.ArrayList.forEach(ArrayList.java:1511)
... Removed 32 stack frames]]>
    </failure>
  </testcase> <!-- postPreview -->
  <testcase classname="com.ugapp.testcases.TC_17_PreviewTest" name="ApplicationAffidavitCheck" time="0.0">
    <ignored/>
  </testcase> <!-- ApplicationAffidavitCheck -->
</testsuite> <!-- Preview page Test -->
